0.00,0.0
0.00,1241
0.00,4037
0.00,5152
0.00,6664
0.00,7272
0.00,8271
0.00,9516
0.00,10169
0.00,12012
0.00,13803
0.00,15673
0.00,17246
0.00,19430
0.00,20167
0.00,21172
0.00,22077
0.00,23811
0.00,25278
0.00,27183
0.00,28372
0.00,29377
0.00,30385
0.00,31530
0.00,33850
0.00,35220
0.00,36364
0.00,38012
0.00,38877
0.00,40439
0.00,41775
0.00,43088
0.00,44144
0.00,44955
0.00,47291
0.00,48280
0.00,48747
0.00,49178
0.01,49837
0.01,50725
0.01,51664
0.02,51667
0.03,52201
0.03,52252
0.03,52941
0.03,53293
0.03,53492
0.03,53844
0.03,53860
0.03,54743
0.04,55458
0.06,56089
0.06,56347
0.06,56909
0.07,57425
0.07,57835
0.07,58305
0.07,59255
0.07,59906
0.08,60174
0.08,61060
0.08,62015
0.08,62576
0.08,63252
0.08,63279
0.08,63623
0.08,64525
0.08,65152
0.08,66130
0.08,66666
0.08,66717
0.09,66720
0.09,67440
0.09,68134
0.09,68726
0.09,69098
0.09,69294
0.09,70077
0.09,70784
0.09,71609
0.09,71939
0.09,72053
0.09,72701
0.11,73240
0.11,73433
0.12,73909
0.13,74814
0.13,75335
0.14,75553
0.14,76067
0.14,76497
0.15,76771
0.15,77585
0.15,78577
0.15,79160
0.15,79953
0.15,80544
0.15,80595
0.16,81455
0.16,81731
0.16,81784
0.16,82457
0.16,82685
0.16,83063
0.17,83319
0.17,84108
0.17,84632
0.19,84866
0.20,85586
0.20,86149
0.21,86941
0.21,87315
0.21,87361
0.24,87880
0.24,88685
0.24,88760
0.25,88862
0.26,89364
0.26,90094
0.26,90178
0.26,90842
0.27,91518
0.27,91816
0.28,91967
0.28,92193
0.29,92285
0.29,92971
0.30,93622
0.30,93784
0.31,94527
0.32,94532
0.32,94741
0.32,95421
0.32,95587
0.32,95824
0.32,95916
0.33,96452
0.34,96490
0.34,97434
0.34,97491
0.34,98282
0.34,98823
0.34,99295
0.34,99883
0.34,100550
0.34,100936
0.35,101822
0.36,102420
0.36,102936
0.37,103906
0.37,104396
0.37,104426
0.37,104979
0.37,105885
0.38,106586
0.38,107256
0.39,108076
0.39,108417
0.40,108728
0.40,108934
0.40,109008
0.40,110006
0.40,110896
0.41,111286
0.41,111614
0.41,111977
0.41,112630
0.42,113400
0.43,113667
0.43,114157
0.43,114932
0.43,115713
0.44,116710
0.44,117672
0.44,118196
0.44,118676
0.46,119359
0.46,119582
0.46,120046
0.46,120930
0.46,121704
0.46,122264
0.46,123071
0.48,123553
0.48,124313
0.49,124736
0.49,125066
0.49,125637
0.50,126137
0.51,126534
0.51,127233
0.52,127386
0.53,127620
0.53,128227
0.53,128891
0.54,129205
0.54,129563
0.60,129798
0.60,130321
0.60,130829
0.60,131714
0.60,132252
0.60,132328
0.61,132518
0.61,132825
0.61,133696
0.66,134420
0.66,134599
0.66,135567
0.66,135712
0.67,136390
0.68,136622
0.69,137263
0.77,137550
1.14,138326
1.15,139271
1.28,140149
1.28,141071
1.28,141176
4.78,141511
4.78,141857
4.78,142658
4.78,142974
4.78,143181
4.79,143288
4.80,143586
4.80,144418
4.80,144882
4.80,145106
4.80,145890
4.81,146284
4.82,146421
4.83,147297
4.83,147806
4.83,148187
4.83,149174
4.84,149698
4.85,149910
4.85,150007
4.85,150749
4.86,150765
4.86,151230
4.86,151950
4.87,152119
4.87,152643
4.87,152659
4.87,153471
4.87,154072
4.87,154787
4.87,154797
4.88,154816
4.88,154837
4.89,155356
4.89,155567
4.89,156435
4.90,157260
4.90,157945
4.91,157972
4.92,158257
4.93,158386
4.94,158634
4.94,158637
4.94,159347
4.94,159860
4.94,160058
4.94,160705
4.94,161360
4.95,161929
4.95,162472
4.95,163242
4.97,164109
4.97,164267
4.97,164957
4.97,165588
5.00,165988
5.00,166508
5.01,167065
5.04,167182
5.08,167355
5.09,167397
5.10,167583
5.10,168108
5.11,168657
5.11,169226
5.12,169238
5.12,169407
5.13,169915
5.13,170153
5.13,170222
5.13,170306
5.14,170597
5.15,171017
5.16,171552
5.16,171804
5.17,171896
5.21,172306
5.21,172925
5.21,173612
5.22,174107
5.22,174762
5.23,174791
5.24,175389
5.25,175821
5.25,176413
5.25,176639
5.25,177301
5.25,178200
5.27,178468
5.27,179318
5.28,179733
5.28,179771
5.29,180667
5.29,180837
5.31,181748
5.31,181754
5.31,182685
5.31,182869
5.31,183727
5.34,184439
5.35,184570
5.43,185096
5.44,185291
5.45,185565
5.51,186282
5.51,187220
5.53,187458
5.79,187684
5.79,188509
5.79,188856
5.79,189142
5.80,189437
5.81,189488
6.54,189786
9.09,562935
9.10,562982
