0.00,0.0
0.00,2113
0.00,3604
0.00,3937
0.00,4869
0.00,5724
0.00,7402
0.00,9139
0.00,9897
0.00,11653
0.00,13953
0.00,15075
0.00,17160
0.00,18658
0.00,20192
0.00,21354
0.00,23020
0.00,23830
0.00,25574
0.00,27234
0.00,28518
0.00,29836
0.00,31478
0.00,33550
0.00,35103
0.00,36864
0.00,37780
0.00,39064
0.00,39717
0.00,40807
0.00,42712
0.00,44074
0.00,46038
0.00,48255
0.00,49996
0.00,51220
0.00,52147
0.00,53811
0.00,54668
0.00,54860
0.01,55364
0.01,56147
0.01,56300
0.01,56815
0.01,57220
0.01,57703
0.03,57919
0.04,58531
0.04,59138
0.04,59241
0.04,60158
0.04,60786
0.04,61039
0.04,61299
0.04,61535
0.05,62176
0.05,62539
0.05,62824
0.06,63161
0.06,63659
0.06,64416
0.08,64544
0.08,65094
0.08,65896
0.08,66369
0.08,67214
0.08,67497
0.08,67503
0.08,68074
0.08,68804
0.08,68910
0.08,69156
0.09,69430
0.11,69845
0.11,70251
0.11,70816
0.11,71680
0.11,71966
0.11,72872
0.12,73235
0.12,73924
0.13,73958
0.15,74506
0.16,75137
0.16,75511
0.16,75724
0.16,75893
0.17,76495
0.17,77205
0.17,78187
0.17,78292
0.17,78757
0.17,79741
0.17,80348
0.20,80617
0.20,80701
0.20,81632
0.20,82245
0.20,82621
0.21,83420
0.21,84348
0.21,84910
0.21,85328
0.21,85864
0.21,86301
0.21,87173
0.21,87888
0.22,88394
0.22,88641
0.22,89415
0.22,89507
0.22,90007
0.22,90294
0.23,90315
0.23,90993
0.24,91009
0.24,91711
0.24,92129
0.24,92312
0.24,92320
0.24,92781
0.24,93389
0.24,93526
0.24,94162
0.24,94213
0.25,94511
0.25,94593
0.25,94879
0.26,95522
0.26,95804
0.26,96498
0.26,96822
0.26,97217
0.26,98050
0.26,98248
0.27,98950
0.27,99512
0.28,99928
0.28,100296
0.28,100492
0.30,101140
0.30,101143
0.30,101250
0.30,101570
0.31,102013
0.31,102794
0.31,103215
0.32,103898
0.32,104576
0.33,105394
0.33,106046
0.34,106514
0.34,106800
0.34,106821
0.35,106905
0.35,107674
0.35,107955
0.36,108413
0.36,108672
0.36,109560
0.36,110080
0.36,110731
0.36,111382
0.38,111605
0.38,112384
0.38,112521
0.38,112775
0.39,113417
0.39,113960
0.39,114694
0.39,114975
0.39,115816
0.39,116340
0.39,116461
0.39,117076
0.40,117246
0.42,117995
0.42,118114
0.42,118300
0.42,118944
0.43,119388
0.43,119522
0.44,119831
0.44,120646
0.45,121549
0.45,122527
0.45,122975
0.47,123734
0.47,123939
0.47,124050
0.47,125025
0.47,125300
0.47,126298
0.48,126596
0.48,127147
0.48,127701
0.50,128079
0.53,129063
0.53,129618
0.53,129689
0.53,130331
0.53,131074
0.54,131477
0.55,131745
0.56,131837
0.58,132437
0.59,132703
0.59,133322
0.60,133775
0.61,134461
0.61,134466
0.61,134975
0.62,135082
0.64,135197
0.64,135995
0.64,136915
0.64,137706
0.66,137901
0.67,138760
0.67,139052
0.68,139247
0.68,140234
0.76,140954
0.77,141578
0.79,141891
0.85,142615
0.85,142930
0.85,142966
0.92,143584
0.92,143745
0.93,144134
0.93,144143
1.00,144430
1.04,144692
1.06,145030
1.17,145081
1.18,145490
1.18,146195
1.18,146854
1.18,146958
1.18,147857
1.18,148776
1.19,149295
1.98,150265
4.77,150331
4.78,150770
4.78,151233
4.78,151335
4.78,151382
4.78,151466
4.78,152429
4.78,152969
4.78,153290
4.78,154195
4.78,154676
4.79,154914
4.81,154927
4.82,155285
4.82,155709
4.83,155783
4.83,156142
4.84,157103
4.84,157610
4.85,158309
4.85,158487
4.85,159452
4.85,159967
4.85,160396
4.85,160579
4.85,161360
4.85,162025
4.86,162413
4.86,163087
4.87,163582
4.87,163601
4.87,163725
4.87,164639
4.87,165618
4.87,165871
4.87,166156
4.87,167004
4.87,167051
4.87,167278
4.87,167927
4.87,168741
4.87,169459
4.89,169477
4.90,169976
4.90,170447
4.90,171322
4.91,171556
4.91,171947
4.91,172855
4.91,173403
4.92,173961
4.92,174689
4.92,174705
4.92,175444
4.92,175981
4.92,176306
4.92,177231
4.95,177289
4.95,177649
4.95,177777
4.95,178631
4.96,178956
4.96,179260
4.96,179614
4.96,180083
4.96,180993
4.96,181608
4.97,182013
4.97,182603
4.97,182852
4.98,183373
4.98,183957
5.01,184040
5.02,184247
5.02,184475
5.02,184595
5.04,185007
5.04,185772
5.05,185839
5.06,185850
5.06,185886
5.07,186639
5.07,186679
5.07,187651
5.08,188501
5.09,189308
5.09,189763
5.09,189819
5.09,190499
5.09,191236
5.09,192220
5.24,192805
5.24,193004
5.25,193594
5.26,194221
5.27,194852
5.28,195509
5.29,196143
5.30,196178
5.37,196476
5.39,196672
5.40,196795
5.40,196909
5.40,197785
5.41,198497
5.41,198759
5.42,198762
5.42,198791
5.43,199115
5.43,200012
5.44,200559
5.44,201174
5.45,202060
5.45,202759
5.50,202871
5.50,203424
5.52,203445
5.52,203450
5.59,203717
5.74,203768
6.44,204004
7.19,204342
9.11,562962
9.11,563251
