0.00,0.0
0.00,915
0.00,2665
0.00,4170
0.00,6010
0.00,7960
0.00,9029
0.00,11136
0.00,13009
0.00,14988
0.00,16452
0.00,18055
0.00,19360
0.00,22019
0.00,23068
0.00,24099
0.00,24895
0.00,26685
0.00,27731
0.00,28409
0.00,30470
0.00,31094
0.00,33517
0.00,35527
0.00,36587
0.00,38356
0.00,39364
0.00,40755
0.00,41701
0.00,42123
0.00,43695
0.00,45164
0.00,45407
0.01,46085
0.01,46628
0.01,46808
0.01,47585
0.01,48432
0.01,48945
0.01,49737
0.01,50626
0.01,51599
0.01,52261
0.01,53258
0.02,53442
0.03,53611
0.04,53991
0.04,54186
0.05,54439
0.05,54930
0.05,54965
0.07,55178
0.07,55793
0.07,56391
0.07,56910
0.08,57760
0.10,57768
0.10,58536
0.10,58777
0.10,59681
0.10,59834
0.11,60030
0.15,60128
0.15,60509
0.15,60848
0.15,61417
0.15,61438
0.18,61579
0.18,61778
0.18,61885
0.18,62577
0.18,62909
0.18,63690
0.18,64586
0.18,65329
0.18,65603
0.18,66581
0.19,66948
0.19,67434
0.19,68023
0.19,68476
0.21,68552
0.21,68769
0.21,69698
0.21,70318
0.21,71268
0.21,71909
0.22,72108
0.22,72696
0.22,73461
0.22,73893
0.22,74119
0.23,74805
0.24,75079
0.26,75427
0.26,75468
0.26,75581
0.27,76329
0.28,76557
0.33,76746
0.34,76991
0.35,77372
0.35,77814
0.36,78207
0.36,78720
0.42,79079
0.42,79497
0.42,79533
0.42,80245
0.43,81225
0.43,81622
0.43,81904
0.43,82479
0.45,83148
0.45,84091
0.46,84817
0.46,85013
0.47,85747
0.48,86291
0.48,86527
0.48,86740
0.48,87251
0.48,87282
0.48,87516
0.48,87778
0.49,87812
0.49,88321
0.49,89240
0.49,89988
0.49,90217
0.50,90569
0.51,90811
0.51,91438
0.51,92140
0.51,92695
0.52,93318
0.52,93980
0.52,94199
0.52,94385
0.53,94677
0.53,95098
0.53,95340
0.53,95374
0.54,95924
0.54,96085
0.54,97021
0.54,97629
0.54,97992
0.54,98084
0.54,98505
0.55,99059
0.56,99563
0.56,100533
0.58,100590
0.58,101221
0.58,101672
0.58,101959
0.64,102158
0.64,103097
0.64,103365
0.69,104062
0.69,104174
0.69,104302
0.69,105261
0.69,105518
0.69,106462
0.72,106922
0.74,107127
0.74,107594
0.74,108178
0.75,108315
0.75,109075
0.75,109594
0.76,110391
0.76,111033
0.76,111807
0.77,112403
0.78,113187
0.83,113838
0.88,114469
0.88,115294
0.89,116240
0.89,116764
0.89,117541
0.89,117721
0.89,117891
0.89,118439
0.89,118783
0.89,119111
0.89,119239
0.89,119365
0.90,119901
0.98,120501
0.98,120686
0.98,121416
0.98,121952
1.00,122234
1.01,122285
1.05,122623
1.15,123336
1.16,124207
1.17,124555
1.17,125041
1.32,125104
1.34,125155
4.45,125161
4.45,125706
4.45,126196
4.45,126288
4.46,126880
4.47,126930
4.48,127016
4.49,127650
4.50,127967
4.50,128601
4.50,128621
4.50,129029
4.50,129154
4.51,129525
4.51,129860
4.52,130630
4.52,130951
4.52,131191
4.52,131948
4.52,132023
4.52,132308
4.53,132671
4.53,132887
4.53,133234
4.53,133912
4.54,134284
4.54,134567
4.55,134936
4.56,135255
4.57,135895
4.57,136082
4.57,136610
4.58,137175
4.58,137387
4.58,137994
4.58,138331
4.60,138691
4.60,139212
4.62,139764
4.62,140206
4.62,140789
4.62,141591
4.62,141713
4.62,141739
4.62,142624
4.62,143619
4.62,143905
4.62,144328
4.63,144596
4.63,144649
4.63,145468
4.63,145677
4.63,146350
4.64,146769
4.64,147711
4.65,148040
4.68,148422
4.70,148965
4.70,149839
4.70,150222
4.70,151106
4.71,151288
4.71,151411
4.71,151590
4.72,151595
4.72,152244
4.73,153048
4.73,153529
4.73,153814
4.73,154688
4.73,155517
4.74,156235
4.75,156611
4.75,157427
4.75,158187
4.75,158804
4.76,158826
4.76,159362
4.76,159645
4.77,160152
4.81,160460
4.82,160494
4.82,160497
4.82,160565
4.83,160946
4.83,161933
4.84,161975
4.84,162450
4.84,162950
4.85,163720
4.88,163884
4.90,164151
4.91,164826
4.91,165314
4.92,165493
4.92,165616
4.92,166257
4.92,166383
4.93,167346
4.93,167483
4.94,168197
4.94,168477
4.94,168866
4.95,169072
4.95,169409
4.95,170277
4.97,171202
4.97,171476
4.97,172069
4.98,172573
5.04,173173
5.06,173556
5.10,174276
5.10,174306
5.11,174991
5.11,175277
5.11,175428
5.11,176070
5.11,176734
5.11,177423
5.11,178338
5.19,178910
5.20,179211
5.20,179808
5.20,180235
5.21,180913
5.27,180964
5.31,181684
5.33,181922
5.60,182289
5.63,182324
5.64,182860
5.65,183719
5.67,184006
8.76,563153
