0.00,0.0
0.00,1383
0.00,3468
0.00,5751
0.00,6321
0.00,7041
0.00,8336
0.00,9840
0.00,10898
0.00,12656
0.00,13860
0.00,15780
0.00,17461
0.00,19042
0.00,19926
0.00,20752
0.00,22016
0.00,24208
0.00,24795
0.00,26409
0.00,28091
0.00,29548
0.00,31604
0.00,33493
0.00,35163
0.00,36064
0.00,37488
0.00,39026
0.00,41364
0.00,42243
0.00,44533
0.00,46150
0.00,48642
0.00,49277
0.01,49593
0.01,49974
0.01,50550
0.02,50584
0.02,51244
0.02,52173
0.02,52872
0.03,53393
0.03,53942
0.03,54012
0.03,54652
0.03,55152
0.03,55925
0.04,56131
0.04,56640
0.05,57137
0.05,57956
0.05,58390
0.05,59068
0.05,59363
0.07,60068
0.07,60541
0.07,61329
0.07,61959
0.07,62155
0.07,62747
0.07,63251
0.08,64110
0.08,64293
0.09,64994
0.09,65776
0.09,65790
0.09,66501
0.09,66777
0.09,67318
0.09,67456
0.09,67554
0.09,68101
0.09,68203
0.09,68291
0.09,68656
0.09,69632
0.09,70576
0.09,70959
0.09,71178
0.10,72014
0.12,72592
0.12,72631
0.13,73262
0.13,73778
0.13,73865
0.13,74151
0.13,74342
0.14,74480
0.14,74689
0.14,75383
0.14,76242
0.14,76244
0.16,77174
0.16,77402
0.17,77531
0.18,78093
0.19,78314
0.20,78519
0.20,78993
0.20,79667
0.20,79912
0.21,80563
0.21,80791
0.21,81358
0.22,81485
0.22,81714
0.22,82132
0.22,82153
0.23,82934
0.23,83759
0.24,84097
0.29,84230
0.29,84790
0.29,85214
0.30,85411
0.30,85462
0.30,86019
0.30,86779
0.31,87001
0.31,87834
0.31,88325
0.31,89128
0.31,89212
0.33,89316
0.33,89853
0.33,90502
0.34,91135
0.34,91865
0.34,92694
0.34,93163
0.35,93496
0.35,93625
0.35,93746
0.36,94387
0.36,94569
0.37,94691
0.37,94965
0.38,95183
0.38,95232
0.38,95667
0.39,95996
0.39,96598
0.40,97382
0.42,98046
0.42,98390
0.42,98787
0.43,99045
0.45,99471
0.45,99595
0.45,100365
0.45,100672
0.47,101042
0.47,101530
0.47,102157
0.50,102805
0.51,103035
0.51,103779
0.51,104294
0.51,105271
0.51,105980
0.51,106019
0.51,106180
0.52,106563
0.52,106985
0.52,107032
0.52,107809
0.53,108697
0.53,109346
0.56,109939
0.56,110411
0.56,111379
0.57,112012
0.57,112997
0.57,113375
0.57,113923
0.60,114581
0.65,115267
0.66,115535
0.68,116134
0.68,116877
0.68,117086
0.69,118033
0.69,118935
0.69,119806
0.69,119809
0.69,120526
0.70,121432
0.70,121730
0.71,122284
0.72,122803
0.73,123177
0.73,123212
0.75,123378
0.80,124296
0.80,124656
0.80,125472
0.80,126434
0.80,126537
0.81,126888
0.81,127430
0.81,127505
0.81,127555
0.82,128329
0.82,129234
0.82,129360
0.83,129860
0.83,130228
0.83,130350
0.84,130356
0.84,130661
0.84,130695
0.84,131199
0.85,131398
0.85,131893
0.88,131977
0.90,131979
0.90,132762
0.90,133208
0.92,133495
0.93,133729
0.94,134559
0.94,135027
0.94,135665
0.94,135757
0.96,136435
0.96,136631
1.04,136777
1.06,137517
1.16,137790
1.19,137918
1.31,138488
1.31,139313
1.32,139478
1.40,140098
1.53,140101
1.57,140535
1.57,141145
1.57,141691
1.57,142610
1.58,142877
1.59,143460
4.33,143967
4.34,144737
4.34,145485
4.34,145506
4.35,146368
4.35,147288
4.35,147407
4.35,147715
4.35,148222
4.35,148862
4.35,149627
4.35,150367
4.35,151265
4.35,151507
4.36,151721
4.36,152558
4.36,152824
4.36,153281
4.36,154131
4.36,155115
4.36,155751
4.36,156232
4.36,156727
4.40,157097
4.41,157742
4.43,157858
4.43,158145
4.43,158209
4.43,158545
4.46,159028
4.47,159637
4.47,159782
4.47,160236
4.48,160296
4.49,160884
4.49,161599
4.49,162042
4.51,162078
4.57,162083
4.57,162197
4.61,162479
4.61,162504
4.61,163447
4.62,163756
4.62,163885
4.62,164042
4.62,164186
4.62,164674
4.62,165334
4.62,165693
4.63,166604
4.63,167324
4.63,168007
4.64,168378
4.65,169090
4.66,169098
4.67,169653
4.67,170162
4.68,170218
4.68,170592
4.68,171013
4.68,171016
4.68,171986
4.68,172664
4.68,172926
4.69,173825
4.69,174020
4.70,174911
4.71,175600
4.71,175800
4.71,176068
4.75,176179
4.75,176445
4.79,176605
4.80,176672
4.83,177244
4.83,178018
4.83,178544
4.84,179379
4.84,179896
4.84,179947
4.84,180671
4.86,181076
4.86,181990
4.93,182518
4.93,182724
4.96,183295
4.96,183838
4.97,184449
5.00,184790
5.01,184811
5.63,185149
6.03,185682
8.98,563136
8.98,563276
