0.00,0.0
0.00,1381
0.00,2603
0.00,4707
0.00,5957
0.00,7526
0.00,8473
0.00,9779
0.00,11147
0.00,12942
0.00,14402
0.00,15639
0.00,17293
0.00,19740
0.00,21174
0.00,23130
0.00,23680
0.00,26398
0.00,27955
0.00,28345
0.00,29258
0.00,30449
0.00,32236
0.00,33877
0.00,34673
0.00,36777
0.00,38721
0.00,39937
0.00,40819
0.00,42267
0.00,44160
0.00,45485
0.00,46896
0.01,46976
0.01,47696
0.01,47873
0.01,48388
0.01,49013
0.01,49722
0.01,50352
0.01,50922
0.01,51076
0.01,51265
0.01,52249
0.01,52311
0.02,53009
0.02,53398
0.02,54039
0.02,54055
0.02,54200
0.02,54834
0.02,55594
0.02,55852
0.03,56040
0.04,56424
0.05,56931
0.05,57285
0.06,58019
0.06,58158
0.06,58344
0.06,58839
0.06,59492
0.06,60406
0.07,60535
0.07,60722
0.07,61517
0.07,61547
0.07,62329
0.07,62700
0.07,63477
0.07,64095
0.08,64380
0.08,64964
0.09,64988
0.09,65470
0.09,65784
0.09,66483
0.09,67397
0.10,67593
0.10,67793
0.10,68266
0.11,68787
0.12,69203
0.12,69672
0.12,69866
0.12,70242
0.12,70290
0.12,70688
0.13,70914
0.13,71762
0.14,72180
0.16,72620
0.16,72906
0.16,73151
0.16,73258
0.16,73841
0.17,74108
0.18,75031
0.18,75514
0.18,75932
0.19,76138
0.19,76436
0.19,76960
0.20,77061
0.20,78031
0.21,78585
0.21,78590
0.22,79310
0.23,79610
0.23,80096
0.24,80352
0.24,81211
0.25,81262
0.25,81763
0.25,81828
0.25,82175
0.25,82196
0.27,82938
0.27,83249
0.27,83401
0.27,83436
0.28,84137
0.30,84211
0.30,84523
0.30,85059
0.30,85657
0.30,85854
0.30,86024
0.30,86193
0.32,86567
0.33,86887
0.33,87291
0.33,87609
0.33,88362
0.33,89092
0.34,89211
0.35,89387
0.35,89836
0.35,90814
0.35,91260
0.35,91498
0.36,92083
0.36,92380
0.36,92926
0.37,93466
0.37,94128
0.38,94523
0.39,95521
0.40,95613
0.41,95944
0.41,96744
0.41,97335
0.41,97839
0.42,98225
0.42,98911
0.42,99746
0.42,99945
0.43,100252
0.44,100604
0.44,101266
0.44,101780
0.45,101959
0.47,102231
0.47,102357
0.49,102441
0.52,102881
0.53,103856
0.53,103977
0.54,104496
0.56,104628
0.57,104765
0.63,105430
0.63,105442
0.63,105445
0.63,105641
0.64,105869
0.64,106126
0.64,106639
0.64,106680
0.68,107530
0.71,107801
0.73,108452
0.79,108798
0.79,109261
0.80,110248
0.80,110251
0.81,110538
0.82,110916
0.84,111086
0.87,111841
0.87,112611
0.87,112940
0.87,113548
0.87,113610
0.87,113661
0.87,113695
0.88,114336
0.88,114928
0.89,115347
0.90,115352
0.91,115849
0.91,116476
0.92,116552
0.92,117534
0.92,118183
0.92,118613
0.92,118875
0.92,118946
0.93,119115
0.95,119793
0.98,120268
0.98,120976
0.98,121463
0.98,121682
1.00,121750
1.04,122270
1.07,123054
1.08,123802
1.23,124009
1.23,124134
1.24,124423
1.24,125193
1.27,125882
1.40,126813
1.40,127730
1.48,127751
1.75,127800
1.88,128068
2.60,128572
2.60,128910
2.77,128945
4.52,129259
4.52,129426
4.53,130345
4.53,130554
4.53,130769
4.53,131700
4.53,132171
4.54,132397
4.54,133294
4.54,133957
4.54,134014
4.54,134489
4.54,134556
4.54,135396
4.55,136121
4.56,136745
4.56,136975
4.56,137461
4.56,138300
4.56,138801
4.56,139088
4.56,139571
4.56,140048
4.56,140681
4.57,141569
4.58,142291
4.59,142338
4.60,142462
4.60,143208
4.61,143476
4.61,143958
4.62,144712
4.62,145417
4.63,145698
4.63,145846
4.64,145921
4.65,146651
4.66,146871
4.66,147411
4.66,148026
4.67,148124
4.67,148277
4.67,148910
4.67,149801
4.67,150516
4.67,151121
4.68,151216
4.68,151674
4.68,152299
4.69,152893
4.69,153052
4.70,153136
4.70,153462
4.70,153768
4.70,153842
4.70,154748
4.70,155284
4.71,155558
4.71,156518
4.71,157162
4.71,157774
4.71,158169
4.71,159110
4.72,159766
4.72,159985
4.75,160316
4.76,160476
4.76,160538
4.76,161463
4.76,161498
4.76,161716
4.77,161750
4.78,162027
4.80,162686
4.80,162717
4.81,162787
4.82,162899
4.82,163257
4.82,163757
4.83,164520
4.83,165056
4.83,165491
4.83,165569
4.83,166281
4.84,166336
4.85,166868
4.86,167401
4.87,168362
4.87,168907
4.87,169792
4.88,170566
4.89,171008
4.89,171291
4.89,171612
4.90,171742
4.90,172628
4.90,173041
4.90,173907
4.91,173917
4.91,174855
4.91,175228
4.96,175413
4.96,175655
4.96,176002
4.96,176907
4.97,177265
4.98,177786
5.02,177885
5.05,178022
5.07,178654
5.08,179051
5.11,179267
5.11,179748
5.16,180246
5.16,181177
5.16,182059
5.16,182610
5.16,182709
5.16,183526
5.16,184485
5.16,184983
5.16,185194
5.19,185884
5.21,185905
5.22,186485
5.23,186609
5.26,187222
5.28,187443
5.30,187711
5.41,188264
5.42,188459
5.50,188697
5.50,189300
5.50,190136
5.51,190556
5.51,191288
5.55,191516
5.61,191802
5.96,192453
9.19,563259
