0.00,0.0
0.00,2431
0.00,3925
0.00,5967
0.00,7932
0.00,9722
0.00,10713
0.00,12739
0.00,14255
0.00,15254
0.00,17143
0.00,18412
0.00,20941
0.00,22347
0.00,23479
0.00,24794
0.00,26145
0.00,27835
0.00,29092
0.00,30468
0.00,31169
0.00,33495
0.00,35309
0.00,37593
0.00,38549
0.00,40439
0.00,42178
0.00,43224
0.00,44483
0.00,45811
0.00,47126
0.00,48518
0.00,50135
0.00,50757
0.00,52279
0.01,53107
0.01,53653
0.01,53772
0.01,53991
0.01,54640
0.01,55018
0.02,55069
0.02,55720
0.02,56036
0.02,56623
0.02,57147
0.02,57460
0.02,58336
0.03,58826
0.03,59164
0.04,59555
0.04,59750
0.04,60589
0.04,60664
0.04,61024
0.04,61794
0.05,62089
0.05,62720
0.06,63224
0.06,63570
0.06,64443
0.06,65250
0.06,65435
0.06,66155
0.06,66995
0.07,67490
0.07,67758
0.08,68134
0.08,68161
0.08,68826
0.08,68991
0.08,69500
0.08,69916
0.08,70564
0.08,71395
0.08,72233
0.08,73152
0.08,74107
0.08,74276
0.08,74527
0.08,75337
0.09,75508
0.09,76451
0.09,77380
0.09,77546
0.09,77833
0.10,78553
0.10,78845
0.10,79342
0.10,79398
0.10,80194
0.11,80713
0.11,80901
0.11,81663
0.11,81687
0.11,82641
0.12,83387
0.12,83613
0.13,84236
0.13,84270
0.13,84823
0.13,84915
0.18,85617
0.20,85905
0.21,86250
0.21,86704
0.21,87398
0.22,88135
0.22,88319
0.22,89102
0.22,90070
0.22,91001
0.22,91516
0.22,91717
0.23,92403
0.23,92703
0.24,92751
0.25,93165
0.25,93219
0.25,94203
0.26,94724
0.26,95439
0.27,95939
0.27,96917
0.27,97590
0.28,98478
0.28,98975
0.28,99609
0.28,100441
0.29,101184
0.31,101349
0.31,102263
0.31,102897
0.31,103114
0.32,103400
0.36,104323
0.36,105197
0.36,105477
0.36,105561
0.37,105566
0.37,106247
0.37,107208
0.37,107483
0.37,108330
0.37,109103
0.37,109503
0.37,109522
0.38,110510
0.38,110803
0.38,111535
0.38,112236
0.38,112801
0.39,113516
0.39,113574
0.39,113972
0.39,114658
0.39,115581
0.39,116424
0.39,117120
0.39,117880
0.39,118669
0.39,118880
0.41,118961
0.41,119003
0.41,119597
0.41,119648
0.42,120184
0.42,120861
0.42,121528
0.42,122378
0.42,122799
0.42,123180
0.43,124080
0.43,124249
0.44,124386
0.45,124805
0.46,125420
0.47,126305
0.50,126988
0.52,127639
0.52,127835
0.54,128191
0.54,128576
0.56,129225
0.57,129537
0.57,130354
0.57,130682
0.59,131093
0.59,131541
0.59,132084
0.60,132566
0.65,133018
0.66,133929
0.67,134663
0.68,135304
0.68,136274
0.69,137177
0.69,137895
0.69,137930
0.70,138557
0.84,139200
0.85,139396
0.87,139447
1.08,139786
1.08,140518
1.09,140770
1.13,140939
1.14,141171
1.15,142087
1.15,142329
1.15,142703
1.21,143001
4.31,143142
4.31,143537
4.31,143971
4.46,144586
4.48,145095
4.49,145126
4.49,145382
4.49,146304
4.49,146902
4.50,147888
4.50,148851
4.50,149430
4.50,150048
4.52,150374
4.52,150547
4.53,151016
4.54,151290
4.54,152020
4.55,152188
4.55,152862
4.55,152988
4.55,153978
4.55,154426
4.56,154710
4.57,155649
4.57,155873
4.58,156504
4.58,157287
4.58,157692
4.58,158282
4.60,158472
4.61,158614
4.61,158756
4.61,158926
4.61,159020
4.61,159762
4.62,159894
4.62,160368
4.62,160382
4.62,160569
4.62,160932
4.62,160966
4.63,161456
4.63,161542
4.63,161893
4.63,162540
4.63,163101
4.64,163561
4.65,163879
4.65,164506
4.66,164955
4.66,164999
4.66,165370
4.66,165556
4.66,165669
4.66,166290
4.66,166826
4.67,166950
4.67,167551
4.67,168493
4.67,169005
4.67,169447
4.68,169681
4.68,170083
4.68,170920
4.68,171281
4.69,171846
4.69,172490
4.72,172881
4.73,173064
4.73,173347
4.73,173469
4.73,174455
4.73,175109
4.77,175754
4.77,176227
4.78,176453
4.79,176688
4.79,176955
4.80,177274
4.80,177492
4.81,177884
4.82,178092
4.82,178648
4.82,179101
4.82,179143
4.83,179658
4.84,179706
4.85,179978
4.85,180877
4.87,181625
4.93,182210
4.96,182532
4.96,182827
4.96,182988
5.01,183642
5.01,183860
5.02,184235
5.02,185209
5.02,185514
5.02,186330
5.11,186534
5.11,186769
5.11,187752
5.19,188430
5.23,188980
8.77,563176
