0.00,0.0
0.00,1776
0.00,3489
0.00,5240
0.00,6865
0.00,8848
0.00,9709
0.00,11324
0.00,12557
0.00,14126
0.00,16139
0.00,17091
0.00,18773
0.00,20055
0.00,21586
0.00,23454
0.00,24572
0.00,26344
0.00,28505
0.00,29491
0.00,31920
0.00,32683
0.00,33335
0.00,35043
0.00,36406
0.00,37904
0.00,39303
0.00,40966
0.00,41956
0.00,43927
0.00,45677
0.00,46912
0.00,48224
0.00,49136
0.01,49893
0.01,50891
0.01,50980
0.01,51761
0.01,52256
0.01,52291
0.02,52635
0.02,53205
0.02,53975
0.02,54892
0.02,55534
0.03,55832
0.05,56139
0.05,56569
0.05,57212
0.05,57221
0.05,57390
0.06,57516
0.06,57686
0.06,57826
0.06,57862
0.06,58703
0.06,58868
0.06,59370
0.06,60059
0.06,60143
0.08,60503
0.08,60901
0.09,61552
0.09,61930
0.11,62405
0.11,63053
0.11,64038
0.12,64274
0.14,64393
0.14,64718
0.14,64937
0.16,65151
0.16,65798
0.16,66664
0.17,66965
0.17,67629
0.17,68047
0.17,68721
0.17,69415
0.17,70041
0.17,70624
0.17,71143
0.18,71679
0.19,71932
0.19,72124
0.19,72406
0.19,73004
0.21,73513
0.21,74427
0.22,74735
0.22,75419
0.23,76304
0.24,76309
0.24,76930
0.25,77483
0.25,77636
0.25,77695
0.26,78490
0.26,79011
0.27,79045
0.27,79723
0.28,79847
0.29,80697
0.29,80861
0.29,81407
0.29,81943
0.31,82027
0.31,82401
0.33,82943
0.36,82985
0.37,83559
0.37,83803
0.37,83940
0.37,83941
0.37,84223
0.37,84449
0.37,84683
0.39,84875
0.39,85161
0.39,85576
0.39,86347
0.39,86629
0.39,87570
0.40,88327
0.40,88996
0.40,89695
0.40,90185
0.40,90453
0.40,90578
0.40,91298
0.45,91444
0.46,91980
0.50,92042
0.50,92490
0.51,92728
0.54,93501
0.54,94116
0.55,94393
0.55,95160
0.56,95295
0.57,95387
0.58,95908
0.58,96868
0.58,97821
0.58,97905
0.58,97980
0.59,98400
0.62,98436
0.63,98664
0.64,98669
0.67,99639
0.69,100400
0.73,100884
0.73,101718
0.77,102338
0.77,102650
0.77,103150
0.77,103356
0.78,104005
0.78,104864
0.79,105655
0.80,106341
0.87,106362
0.97,107191
0.97,107975
0.98,108441
0.99,108883
0.99,108936
0.99,109156
0.99,109739
0.99,110597
0.99,111036
0.99,111070
1.01,111213
1.01,111667
1.01,111858
1.01,112339
1.01,113324
1.02,113383
1.02,114017
1.03,114700
1.04,115365
1.04,116213
1.07,116461
1.07,116974
1.08,117536
1.12,117933
1.13,118485
1.19,118514
1.19,119358
1.19,119900
1.21,119931
1.21,119999
1.21,120072
1.22,120455
1.22,120742
1.25,121420
1.26,121616
1.35,121955
1.36,122934
1.37,123853
1.47,123904
4.61,124407
4.61,124497
4.62,124528
4.62,125453
4.62,125671
4.63,126097
4.64,126150
4.64,126158
4.64,126542
4.64,127362
4.64,128274
4.64,128443
4.65,129404
4.65,129433
4.66,129442
4.66,129949
4.66,130906
4.66,131419
4.66,131550
4.66,132457
4.66,133410
4.66,133704
4.69,133739
4.70,133864
4.70,134044
4.70,134286
4.71,135249
4.72,135779
4.72,136723
4.72,136828
4.73,137588
4.73,137746
4.74,138093
4.74,138276
4.74,139235
4.74,139453
4.75,139718
4.76,140032
4.76,140037
4.77,140298
4.77,141018
4.77,141088
4.77,141691
4.78,142215
4.78,142786
4.78,143308
4.81,144026
4.81,144725
4.82,144801
4.82,144956
4.83,145005
4.84,145224
4.84,145587
4.84,146299
4.85,146704
4.86,147076
4.87,147633
4.88,147726
4.88,147728
4.88,148282
4.88,148906
4.88,149882
4.88,150103
4.89,150128
4.89,150809
4.89,151699
4.90,152037
4.90,152408
4.90,152868
4.90,153094
4.91,153329
4.92,153622
4.93,153889
4.93,154479
4.93,155390
4.93,155643
4.95,156350
4.95,156953
4.95,157335
4.96,157860
4.96,158672
4.96,159443
4.97,160341
4.98,160651
5.00,160863
5.00,161095
5.01,161754
5.01,162434
5.01,162804
5.03,162888
5.04,163083
5.04,163666
5.05,164593
5.06,164771
5.06,164906
5.06,165027
5.06,165859
5.06,166648
5.08,166651
5.08,167550
5.08,168191
5.13,168697
5.14,169071
5.14,169401
5.15,169705
5.15,170643
5.18,170832
5.18,171759
5.19,172239
5.21,173217
5.22,173453
5.22,174208
5.23,174868
5.23,175812
5.24,176347
5.31,177163
5.31,177560
5.31,177708
5.36,178394
5.42,178888
5.43,179550
5.43,179975
5.43,180804
5.43,181466
5.43,182121
5.43,183009
5.46,183043
5.48,183281
5.54,184018
5.54,184178
5.54,185071
5.56,185200
5.58,185344
5.60,185975
5.67,186313
5.68,186334
5.69,186653
5.69,187129
5.71,187713
5.72,188008
5.73,188914
6.19,189627
9.10,562731
9.10,562787
