0.00,0.0
0.00,1661
0.00,2713
0.00,3664
0.00,5858
0.00,7736
0.00,9029
0.00,11267
0.00,12406
0.00,14004
0.00,16261
0.00,17666
0.00,18603
0.00,19894
0.00,21249
0.00,21998
0.00,22957
0.00,24480
0.00,26390
0.00,26890
0.00,28539
0.00,29686
0.00,31631
0.00,33570
0.00,36278
0.00,38051
0.00,39118
0.00,40102
0.00,40287
0.00,41890
0.00,44278
0.00,45395
0.00,46197
0.00,47535
0.00,49771
0.01,50604
0.01,50771
0.01,50936
0.01,51333
0.02,51689
0.03,52378
0.03,53098
0.03,53739
0.04,54080
0.05,54530
0.05,54867
0.05,55066
0.07,55295
0.07,55903
0.07,56190
0.09,56789
0.09,57140
0.09,57224
0.09,57839
0.10,57931
0.10,58352
0.10,58626
0.10,58795
0.11,58858
0.11,59802
0.13,59822
0.13,59932
0.13,60847
0.14,61546
0.14,62139
0.14,63082
0.14,63968
0.14,64020
0.14,64315
0.15,64869
0.16,64927
0.18,65221
0.18,65488
0.18,65567
0.18,65573
0.18,66275
0.18,66849
0.18,67088
0.19,67307
0.19,68285
0.21,68765
0.21,68925
0.21,69311
0.21,69631
0.21,70324
0.22,70860
0.22,71384
0.22,71896
0.22,72888
0.22,73218
0.22,73452
0.22,74086
0.23,74190
0.23,75010
0.23,75198
0.23,76097
0.23,76212
0.23,77003
0.23,77222
0.23,77574
0.24,78122
0.25,78605
0.25,79575
0.26,80001
0.26,80548
0.26,81236
0.27,81709
0.27,82388
0.27,83177
0.28,83767
0.31,84418
0.31,84918
0.31,85879
0.31,86595
0.31,87150
0.31,87791
0.32,87916
0.35,88085
0.35,88194
0.35,88721
0.36,89230
0.36,90089
0.38,90245
0.39,91217
0.39,91343
0.40,91601
0.42,91788
0.43,92066
0.43,92977
0.43,93729
0.43,94391
0.43,95190
0.43,96151
0.43,97130
0.44,97901
0.44,98398
0.44,98581
0.46,98977
0.46,99501
0.46,100360
0.46,100370
0.50,101128
0.50,101730
0.50,102530
0.50,102798
0.51,103302
0.51,104190
0.52,104913
0.52,105429
0.52,106392
0.52,106599
0.53,106817
0.53,106941
0.54,107359
0.54,107880
0.55,108019
0.55,108417
0.55,109033
0.56,109068
0.58,109795
0.58,110565
0.60,111074
0.61,111297
0.61,112012
0.61,112086
0.62,112314
0.62,112385
0.64,112628
0.64,113123
0.65,113340
0.65,113692
0.69,114375
0.76,114530
0.76,114541
0.76,115029
0.82,115778
0.88,115933
0.90,116225
0.91,116945
0.91,117140
0.91,117789
0.91,118372
0.99,118426
0.99,118500
0.99,118993
0.99,119618
0.99,120113
1.00,121032
1.02,121067
1.03,121753
1.11,121954
1.11,122166
1.11,123005
1.19,123026
1.21,123105
1.22,123443
1.23,124217
1.24,124828
1.24,125775
1.24,125961
1.24,125964
1.27,126127
1.27,126265
1.27,126577
1.27,127462
1.27,127887
1.27,128312
1.27,128565
1.27,129522
1.28,129900
1.65,130423
1.65,130482
1.65,130488
1.65,130726
1.65,131115
1.65,131357
1.66,132207
1.79,132761
4.56,133365
4.57,133945
4.57,134115
4.57,134285
4.58,134790
4.58,135547
4.59,135693
4.64,136345
4.64,137188
4.64,137931
4.64,138714
4.64,138744
4.64,138903
4.65,139809
4.65,140187
4.65,140543
4.65,141379
4.66,141898
4.68,142202
4.71,142435
4.71,142594
4.71,142693
4.71,143541
4.72,144172
4.72,144458
4.72,144893
4.72,144929
4.72,145217
4.72,145509
4.73,146093
4.73,146777
4.73,147206
4.75,147468
4.76,147955
4.79,148170
4.79,148477
4.79,148990
4.80,149797
4.80,149906
4.80,150103
4.81,150261
4.81,150846
4.81,150950
4.81,151574
4.81,152025
4.82,152241
4.82,152285
4.83,152585
4.83,152843
4.83,153458
4.84,153503
4.85,153886
4.85,154160
4.85,155022
4.87,155136
4.87,155819
4.89,156289
4.90,156458
4.93,157032
4.95,157079
4.95,157223
4.95,157831
4.96,158481
4.96,159145
4.96,159268
4.98,159857
4.99,159957
4.99,160386
5.00,160859
5.00,161773
5.01,161896
5.01,162290
5.01,162403
5.01,162457
5.01,163136
5.01,163328
5.01,164093
5.02,164311
5.03,164370
5.03,164977
5.03,165069
5.04,165443
5.04,166076
5.05,166132
5.06,166656
5.06,167372
5.06,168367
5.06,169026
5.07,169118
5.07,170004
5.07,170206
5.08,170504
5.11,170535
5.14,170704
5.15,171239
5.16,171687
5.16,171824
5.22,172467
5.22,172551
5.22,172721
5.22,173708
5.22,173901
5.29,173988
5.32,174619
5.34,175246
5.35,175452
5.36,175648
5.39,175903
5.41,176765
5.41,177406
5.42,177942
5.42,178331
5.45,178868
5.62,179055
5.63,179880
5.66,179901
5.74,179904
5.77,179955
5.82,180226
5.93,180735
6.48,181268
9.34,562766
