0.00,0.0
0.00,1223
0.00,3072
0.00,4974
0.00,5653
0.00,7293
0.00,7939
0.00,9770
0.00,12492
0.00,14131
0.00,15312
0.00,16141
0.00,16886
0.00,18133
0.00,20087
0.00,21031
0.00,21507
0.00,23082
0.00,24356
0.00,26341
0.00,27984
0.00,30343
0.00,32181
0.00,33357
0.00,34026
0.00,35574
0.00,37358
0.00,38532
0.00,38557
0.00,39859
0.00,40379
0.00,41168
0.00,42448
0.00,44137
0.00,45166
0.00,45236
0.01,46036
0.01,46408
0.01,46486
0.01,46682
0.01,47042
0.01,47947
0.02,48285
0.02,48933
0.02,49228
0.02,49869
0.03,50062
0.04,50349
0.04,50376
0.04,50849
0.04,51010
0.04,51012
0.04,51749
0.05,51902
0.05,52581
0.05,52744
0.05,52884
0.06,53194
0.06,53743
0.06,54481
0.06,54897
0.07,55542
0.07,56479
0.07,56910
0.07,57336
0.07,57595
0.07,58145
0.07,58531
0.07,59172
0.07,59280
0.07,59431
0.07,60031
0.07,60627
0.07,60711
0.09,61053
0.09,61495
0.10,62173
0.10,63092
0.10,63176
0.11,63374
0.11,64007
0.11,64563
0.11,64723
0.11,64825
0.11,64978
0.11,65768
0.12,66066
0.12,66285
0.12,66836
0.12,67243
0.12,67902
0.13,68317
0.13,68476
0.13,68673
0.13,69156
0.13,69394
0.13,69428
0.13,69598
0.14,70134
0.15,70626
0.15,71149
0.15,71481
0.15,71608
0.15,71735
0.15,72010
0.15,72147
0.15,72924
0.16,73465
0.17,73512
0.17,73756
0.17,74742
0.17,75571
0.17,75939
0.17,76609
0.17,77245
0.18,77292
0.18,78083
0.19,78360
0.19,78657
0.19,79600
0.19,79856
0.19,79860
0.19,80577
0.19,81160
0.21,81880
0.22,82229
0.22,82603
0.22,83038
0.23,83266
0.23,83461
0.23,84197
0.24,84706
0.24,85223
0.24,85935
0.24,85955
0.24,86694
0.25,87292
0.25,87375
0.25,87789
0.25,88420
0.26,88939
0.28,89215
0.28,89868
0.28,90231
0.29,90495
0.30,91257
0.30,91278
0.30,91956
0.31,92459
0.32,92824
0.32,92916
0.32,93433
0.32,94081
0.32,94602
0.33,95453
0.33,96339
0.33,96862
0.33,97548
0.33,97831
0.38,98526
0.38,99300
0.42,99469
0.43,99964
0.45,100377
0.47,100855
0.47,101173
0.47,101793
0.47,102141
0.47,103093
0.49,103367
0.49,103872
0.49,103969
0.49,104231
0.49,104265
0.50,105124
0.52,105726
0.52,106376
0.53,107287
0.53,107521
0.53,107584
0.53,108304
0.54,108457
0.57,108492
0.60,109333
0.61,110224
0.61,110819
0.61,111664
0.61,111882
0.61,112630
0.61,113520
0.61,113946
0.62,114141
0.66,114698
0.68,115331
0.69,116020
0.71,116398
0.72,116545
0.72,116883
0.73,117782
0.76,118080
0.76,118729
0.77,118780
0.79,118972
0.84,119564
0.84,120112
0.84,121084
0.84,122039
0.89,122666
0.90,123163
0.92,123305
0.92,123387
0.93,123891
0.95,124634
0.99,125274
0.99,125752
1.00,125803
1.01,125887
1.02,126519
1.02,127289
1.03,127310
1.03,128099
1.07,128582
1.13,129136
1.26,129344
1.26,129386
1.28,129956
1.28,130944
1.28,130971
1.29,131063
1.33,131982
1.40,132952
4.50,133168
4.50,133545
4.50,133580
4.50,133848
4.50,134282
4.50,134411
4.51,134559
4.53,134814
4.53,135602
4.53,136215
4.53,137103
4.53,137948
4.54,138833
4.54,139152
4.54,139992
4.58,140198
4.59,141123
4.59,141233
4.59,141600
4.60,141715
4.60,141877
4.61,142706
4.61,142790
4.63,143100
4.63,143322
4.63,143747
4.64,143850
4.64,144136
4.65,144780
4.66,144923
4.66,145190
4.66,146037
4.67,146258
4.67,146416
4.68,146522
4.68,146894
4.68,147340
4.69,148018
4.71,148942
4.71,149359
4.71,149546
4.71,149741
4.71,149744
4.72,150228
4.72,150763
4.72,151147
4.72,151684
4.72,152613
4.73,152786
4.73,153231
4.73,154105
4.73,154258
4.73,154514
4.73,155367
4.74,156021
4.74,156139
4.74,156348
4.76,156565
4.76,156835
4.76,157129
4.76,157698
4.79,157748
4.79,157789
4.79,158237
4.79,158273
4.79,158583
4.80,158588
4.82,158984
4.82,159052
4.82,159066
4.83,159938
4.83,160763
4.83,160997
4.83,161095
4.83,162074
4.83,162783
4.83,163453
4.84,164234
4.84,164316
4.84,164603
4.84,165450
4.84,165452
4.85,165799
4.87,166443
4.87,166649
4.87,166944
4.88,167233
4.89,167772
4.90,168316
4.90,168949
4.90,169774
4.90,170046
4.90,170680
4.91,170817
4.91,170972
4.91,171858
4.91,172580
4.91,172749
4.92,173507
4.92,174493
4.92,175377
4.92,175579
4.93,176566
4.93,176592
4.93,177160
4.93,177462
4.95,177713
4.95,177774
4.97,178345
4.97,178861
4.97,179214
5.02,179378
5.05,179924
5.07,180104
5.07,180390
5.12,181120
5.16,181155
5.16,182099
5.16,183062
5.17,183096
5.17,183884
5.17,184247
5.17,185012
5.18,185602
5.34,186472
5.35,186846
5.35,186881
5.39,187577
5.42,188082
5.46,188733
5.47,188862
5.56,188985
5.57,189740
5.68,190524
5.68,191060
5.72,191065
5.96,191068
6.23,191116
6.52,191742
9.51,562989
