0.00,0.0
0.00,1458
0.00,2714
0.00,3941
0.00,5953
0.00,8124
0.00,9424
0.00,12036
0.00,14040
0.00,15700
0.00,16606
0.00,18284
0.00,18860
0.00,21231
0.00,22385
0.00,24790
0.00,26370
0.00,28319
0.00,30539
0.00,31862
0.00,33314
0.00,35148
0.00,37009
0.00,38816
0.00,39114
0.00,41064
0.00,41550
0.00,42975
0.00,43966
0.00,45376
0.00,47362
0.00,48333
0.00,50031
0.00,52639
0.00,53528
0.00,54304
0.00,54960
0.01,55601
0.01,56208
0.02,56961
0.02,57603
0.02,57888
0.02,58412
0.02,58486
0.02,58763
0.02,59489
0.03,60172
0.04,60341
0.08,60447
0.08,61268
0.08,62104
0.08,62391
0.08,62584
0.08,62617
0.08,62729
0.08,63334
0.08,64256
0.09,65175
0.10,66138
0.11,66374
0.11,67025
0.11,67676
0.12,67779
0.12,68031
0.12,68779
0.12,68800
0.13,68904
0.13,69546
0.14,70122
0.14,71097
0.14,71746
0.15,71838
0.15,72437
0.16,72902
0.16,73588
0.16,74318
0.16,74837
0.16,75204
0.17,75610
0.17,75612
0.17,75626
0.17,76304
0.17,77024
0.18,77718
0.18,78359
0.19,79023
0.19,79276
0.19,79639
0.20,79813
0.24,80450
0.24,80963
0.24,81882
0.25,82100
0.26,82141
0.26,82161
0.26,82957
0.26,83936
0.27,84285
0.27,84773
0.27,85001
0.27,85153
0.27,85363
0.28,85892
0.28,86111
0.30,86112
0.30,86441
0.30,87223
0.31,87780
0.31,88047
0.31,88060
0.31,88849
0.31,89115
0.31,89121
0.31,90046
0.31,90601
0.31,91545
0.31,92043
0.31,92893
0.32,93031
0.32,93257
0.32,94240
0.32,94868
0.32,95838
0.33,96325
0.33,97095
0.33,98006
0.34,98506
0.35,99002
0.35,99014
0.35,99256
0.35,100037
0.35,100534
0.35,101165
0.35,101669
0.35,102043
0.36,102127
0.38,102532
0.38,102906
0.38,103696
0.38,104179
0.39,104857
0.40,105061
0.41,106039
0.42,106542
0.42,106577
0.42,106955
0.42,107173
0.42,107344
0.42,107466
0.43,107843
0.43,108291
0.44,108525
0.50,108686
0.52,109314
0.52,109878
0.53,110598
0.53,110623
0.53,111535
0.56,112305
0.56,112743
0.56,113326
0.56,113547
0.56,114164
0.56,114510
0.56,114992
0.56,115002
0.57,115654
0.57,115705
0.62,116004
0.62,116359
0.62,116873
0.65,116907
0.69,116991
0.71,117751
0.71,118313
0.71,119087
0.72,119705
0.72,120214
0.74,120735
0.74,121009
0.75,121347
0.90,121723
0.95,122350
1.02,122759
1.02,123267
1.03,123874
1.07,124070
1.11,124653
1.30,124734
1.31,125433
1.34,125602
1.37,125870
1.83,126222
1.85,126900
1.89,127185
4.65,127416
4.65,127809
4.65,128549
4.65,129523
4.66,129650
4.66,130026
4.66,130514
4.71,130909
4.71,131237
4.71,131909
4.71,132286
4.71,132602
4.71,133145
4.71,133542
4.72,133666
4.73,134580
4.75,134886
4.75,135467
4.75,136027
4.75,136167
4.75,136585
4.75,137419
4.76,138003
4.76,138618
4.76,138770
4.76,139638
4.76,140351
4.76,140785
4.77,141405
4.77,142286
4.77,142869
4.77,143586
4.80,143601
4.80,144149
4.80,144822
4.80,144950
4.80,145099
4.80,145709
4.80,146324
4.80,146817
4.80,147716
4.82,148076
4.82,148717
4.83,148855
4.83,149505
4.83,149632
4.84,149887
4.84,150238
4.85,150334
4.85,150775
4.86,151016
4.86,151740
4.86,152574
4.87,153260
4.87,153294
4.87,154026
4.88,154133
4.88,155103
4.88,155811
4.92,155976
4.92,155979
4.93,156174
4.93,156558
4.94,157258
4.99,157750
5.00,158123
5.00,158308
5.00,158411
5.00,158581
5.00,159418
5.00,160006
5.01,160762
5.01,161466
5.01,162236
5.06,162595
5.06,163182
5.06,163628
5.06,163690
5.06,164121
5.06,164647
5.07,165281
5.10,165701
5.10,166515
5.10,167508
5.10,167815
5.10,168102
5.13,168808
5.14,169196
5.22,169323
5.22,169954
5.24,169975
5.26,170505
5.26,171390
5.27,171474
5.28,171525
5.28,171946
5.31,172055
5.35,172452
5.44,172619
5.50,172703
5.54,173102
5.54,173544
5.54,174017
5.54,174770
5.54,175553
5.54,175706
5.67,176633
5.68,177563
5.68,177598
5.74,177649
5.93,177917
5.95,178556
5.96,178850
6.07,179386
6.09,179881
6.67,180532
7.03,180733
9.32,562832
