0.00,0.0
0.00,1276
0.00,2456
0.00,4581
0.00,6378
0.00,7165
0.00,7905
0.00,9388
0.00,10004
0.00,11632
0.00,12546
0.00,13631
0.00,14348
0.00,14750
0.00,16144
0.00,17512
0.00,18715
0.00,19693
0.00,21796
0.00,23384
0.00,24511
0.00,25656
0.00,27761
0.00,28919
0.00,31024
0.00,32478
0.00,33680
0.00,35587
0.00,37268
0.00,39078
0.00,40944
0.00,42900
0.00,43982
0.00,44633
0.00,45128
0.00,46908
0.01,47901
0.01,48508
0.01,48583
0.01,49494
0.01,49668
0.01,50019
0.01,50056
0.01,50978
0.01,51491
0.02,51533
0.03,52246
0.03,52734
0.03,53550
0.03,54165
0.03,54876
0.03,55398
0.03,56295
0.03,56887
0.03,56929
0.03,57618
0.03,58493
0.03,58946
0.03,59580
0.03,60163
0.04,60425
0.04,60930
0.04,61037
0.04,61315
0.04,61565
0.04,61859
0.04,62363
0.05,62445
0.05,62836
0.05,63783
0.06,64188
0.07,64379
0.07,65057
0.07,65398
0.07,65981
0.07,66529
0.08,66926
0.08,66957
0.08,67929
0.09,68465
0.09,68604
0.09,69146
0.09,69238
0.09,70091
0.09,70632
0.09,70825
0.09,70842
0.09,71728
0.09,72414
0.10,73328
0.10,74117
0.11,74168
0.12,74232
0.13,74997
0.13,75505
0.13,76464
0.13,77320
0.14,77390
0.14,77904
0.14,78569
0.15,78795
0.16,78900
0.16,79490
0.17,79581
0.17,80565
0.17,80574
0.17,80680
0.17,81422
0.17,81469
0.17,82381
0.18,83067
0.19,83604
0.20,84148
0.20,84882
0.20,85161
0.20,85993
0.20,86904
0.20,87345
0.20,88148
0.20,88803
0.20,88899
0.20,89861
0.20,90457
0.20,90756
0.20,91028
0.21,91996
0.21,92510
0.21,93342
0.22,93467
0.22,93604
0.22,94128
0.22,94827
0.22,95387
0.22,95577
0.23,95967
0.23,96076
0.23,96634
0.23,97049
0.24,97255
0.24,97618
0.25,98476
0.25,99195
0.25,99516
0.25,99950
0.25,100225
0.25,100287
0.25,100800
0.26,101575
0.26,102099
0.26,102407
0.27,102788
0.27,102848
0.27,103596
0.28,104050
0.28,104337
0.28,105042
0.29,105714
0.29,106148
0.29,106650
0.29,107361
0.29,108257
0.29,108481
0.30,108878
0.30,109564
0.32,109782
0.32,109987
0.33,110477
0.35,110745
0.37,110766
0.38,111104
0.40,111687
0.41,112224
0.41,112992
0.41,113944
0.41,114102
0.41,114260
0.41,114309
0.42,115228
0.42,115870
0.44,116570
0.44,117218
0.45,117436
0.45,117670
0.48,118140
0.49,118865
0.49,119545
0.49,120046
0.49,120433
0.49,121135
0.50,122090
0.50,122134
0.50,122702
0.52,123464
0.52,123682
0.54,124208
0.54,124978
0.55,125803
0.55,126430
0.55,126611
0.55,127084
0.55,127627
0.55,128192
0.55,128487
0.56,129204
0.56,129705
0.56,129735
0.58,130580
0.58,131221
0.59,131442
0.59,131884
0.59,132214
0.62,132594
0.62,133233
0.62,133300
0.63,133528
0.63,133714
0.65,134233
0.69,134531
0.71,135112
0.71,135137
0.71,136048
0.72,136699
0.72,137598
0.86,137784
0.86,138358
0.86,139027
0.86,139736
0.86,140466
0.86,141423
0.90,141986
0.98,142364
1.02,143144
1.36,143738
1.36,143896
1.36,144075
1.36,145062
1.38,146025
1.39,146522
1.42,146718
4.50,147219
4.50,147764
4.51,148038
4.52,148156
4.52,148747
4.52,148983
4.52,149922
4.53,150082
4.53,150349
4.53,151146
4.53,151736
4.53,152353
4.55,152938
4.55,153506
4.55,153667
4.55,154143
4.55,154909
4.55,155510
4.55,155558
4.55,155687
4.56,156371
4.56,156986
4.56,157037
4.56,157546
4.56,157834
4.56,157886
4.56,158813
4.56,159517
4.56,160054
4.57,160163
4.58,160560
4.58,161306
4.58,161559
4.59,161931
4.59,162307
4.60,163305
4.61,163373
4.61,164135
4.61,164926
4.61,165294
4.61,165420
4.61,165902
4.64,166454
4.64,166607
4.64,166975
4.64,167334
4.64,167916
4.64,168437
4.64,169086
4.69,169826
4.69,170500
4.69,171226
4.69,171690
4.70,172481
4.71,172989
4.71,173561
4.71,174118
4.71,175003
4.71,175351
4.71,176123
4.72,176900
4.72,177863
4.72,177988
4.72,178588
4.72,178863
4.72,178986
4.73,179072
4.74,179077
4.74,179695
4.75,180320
4.75,181041
4.78,181097
4.79,181881
4.79,182660
4.79,182744
4.83,182927
4.84,182935
4.84,183324
4.85,183789
4.85,183827
4.85,184672
4.85,185658
4.86,186341
4.89,186421
4.89,187181
4.89,187608
4.90,187897
4.90,188019
4.90,188201
4.93,188831
4.94,189113
4.95,189621
4.95,190520
4.95,190566
4.96,190702
4.96,191258
5.00,191435
5.00,191651
5.00,192153
5.03,192536
5.03,193519
5.03,193788
5.03,193953
5.03,194342
5.06,194669
5.06,195544
5.06,196326
5.07,196418
5.08,196915
5.09,197124
5.09,197533
5.10,197580
5.10,198117
5.10,198382
5.10,198392
5.12,198638
5.14,198819
5.14,199319
5.16,199682
5.16,200660
5.17,200887
5.17,201074
5.18,201369
5.19,201534
5.25,201820
5.32,201841
9.08,562581
9.08,563189
