0.00,0.0
0.00,1470
0.00,2095
0.00,3475
0.00,4140
0.00,5136
0.00,7232
0.00,9334
0.00,11026
0.00,12149
0.00,13876
0.00,16648
0.00,17416
0.00,19452
0.00,21394
0.00,22268
0.00,23825
0.00,25982
0.00,27538
0.00,29490
0.00,31074
0.00,32264
0.00,33073
0.00,34472
0.00,35138
0.00,36794
0.00,37807
0.00,38581
0.00,39774
0.00,41160
0.00,42287
0.00,43605
0.01,44087
0.01,44728
0.01,45712
0.01,46007
0.01,46775
0.01,46966
0.01,47795
0.01,48742
0.02,49431
0.02,49547
0.03,50167
0.03,50669
0.03,50955
0.04,50989
0.04,51268
0.04,51888
0.04,52613
0.04,52841
0.04,52943
0.05,53523
0.05,54038
0.05,54427
0.05,55313
0.05,56232
0.05,56570
0.05,57204
0.11,57265
0.11,57906
0.11,58102
0.11,58364
0.11,59018
0.12,59259
0.12,59843
0.12,60042
0.12,60045
0.12,60844
0.12,61321
0.12,61502
0.12,62414
0.12,63021
0.12,63307
0.13,63417
0.13,63684
0.13,63853
0.13,64502
0.13,65077
0.13,65528
0.13,65965
0.13,66603
0.13,67086
0.14,67360
0.14,67459
0.14,67966
0.14,68629
0.15,69178
0.15,69967
0.16,70383
0.16,70497
0.16,70626
0.16,71135
0.17,71368
0.17,72027
0.17,73025
0.17,73724
0.18,74407
0.18,75154
0.18,75667
0.18,76573
0.19,77214
0.20,77265
0.20,78122
0.20,78978
0.20,79062
0.20,80052
0.21,80378
0.21,80875
0.21,81396
0.22,82281
0.22,82945
0.22,83166
0.22,83619
0.22,84597
0.22,84745
0.22,84791
0.22,85121
0.22,86009
0.23,86068
0.23,86821
0.23,87791
0.24,88525
0.24,88875
0.24,89395
0.24,90271
0.25,91121
0.26,91286
0.27,91822
0.27,92534
0.28,92662
0.28,93296
0.28,94180
0.28,94848
0.30,95517
0.30,95799
0.31,96037
0.31,96545
0.31,96865
0.31,96956
0.32,97020
0.33,97476
0.34,97600
0.35,98150
0.35,98623
0.35,99147
0.35,99542
0.36,100157
0.36,100515
0.36,101336
0.36,101983
0.37,102283
0.37,102747
0.37,102876
0.37,102985
0.37,103913
0.37,104322
0.37,104826
0.37,104951
0.38,105306
0.38,105775
0.38,106542
0.38,106943
0.39,107239
0.39,108098
0.39,109061
0.41,109193
0.41,110177
0.41,110965
0.41,111251
0.41,111745
0.41,111840
0.43,112383
0.43,113103
0.43,113625
0.43,114044
0.45,114065
0.46,114778
0.46,114933
0.46,115184
0.49,115633
0.49,116313
0.49,116407
0.50,116705
0.52,117459
0.52,118302
0.52,119058
0.52,119129
0.54,119163
0.54,119430
0.56,119710
0.56,120609
0.56,121592
0.57,122362
0.59,122733
0.59,122930
0.62,123492
0.62,124047
0.62,124730
0.63,124733
0.64,125294
0.67,126060
0.70,126711
0.71,126985
0.71,127164
0.73,127451
0.76,127828
0.76,128033
0.78,128422
0.82,128960
0.84,129557
0.84,129752
1.07,129836
1.20,130485
1.24,130753
1.35,130815
1.35,131398
1.35,131718
1.37,131753
2.06,131871
2.06,131913
2.06,132320
2.06,132423
2.06,133125
2.12,133522
2.58,134173
4.59,134315
4.59,135223
4.59,135322
4.60,135619
4.60,136393
4.60,136440
4.60,137164
4.60,137401
4.60,137858
4.60,138153
4.60,138183
4.61,138366
4.62,138686
4.63,138859
4.63,139463
4.63,140358
4.65,140797
4.65,141278
4.65,142008
4.65,142220
4.65,142994
4.65,143653
4.66,143710
4.67,143957
4.67,144037
4.68,144643
4.68,144676
4.69,145365
4.69,145689
4.69,145756
4.69,145919
4.69,146296
4.69,146972
4.69,147363
4.70,147423
4.70,147497
4.70,147860
4.70,148141
4.70,148810
4.70,149328
4.70,149816
4.70,150059
4.70,150238
4.71,150444
4.71,151122
4.73,152024
4.74,152563
4.74,152687
4.74,153301
4.74,153906
4.74,154111
4.75,154363
4.75,155100
4.75,155456
4.75,155665
4.75,156620
4.76,156943
4.76,157522
4.76,158197
4.76,158975
4.76,159600
4.76,160588
4.77,161041
4.78,161352
4.79,162138
4.80,162560
4.81,163334
4.81,163852
4.81,164206
4.81,164654
4.81,165171
4.81,166082
4.84,166605
4.85,166663
4.85,166871
4.86,166944
4.86,167552
4.86,167674
4.87,168226
4.87,168464
4.87,169128
4.88,169433
4.88,169881
4.90,170341
4.95,170432
4.97,170551
4.98,171193
4.99,171588
5.02,171744
5.08,171746
5.08,172109
5.10,172541
5.11,173049
5.11,173929
5.11,174320
5.11,175025
5.11,175913
5.13,176339
5.13,177164
5.13,177382
5.18,178153
5.20,179089
5.20,179482
5.20,180187
5.20,180494
5.22,181123
5.25,181450
5.25,181728
5.26,182143
5.26,182432
5.29,183103
5.29,183833
5.33,184581
5.35,185473
5.35,185565
5.38,186009
5.48,186101
5.53,186561
5.71,186583
5.99,186881
6.26,187219
9.19,562822
