0.00,0.0
0.00,935
0.00,2817
0.00,3893
0.00,6008
0.00,7253
0.00,9115
0.00,10291
0.00,10921
0.00,12412
0.00,13178
0.00,14725
0.00,15691
0.00,16839
0.00,18443
0.00,19840
0.00,21947
0.00,23307
0.00,24964
0.00,26482
0.00,28459
0.00,30855
0.00,31212
0.00,32783
0.00,33882
0.00,35051
0.00,36527
0.00,38197
0.00,39947
0.00,41894
0.00,43604
0.00,44730
0.00,45871
0.00,47402
0.00,48617
0.01,49578
0.01,49759
0.01,49993
0.01,50826
0.01,50831
0.02,51756
0.02,52166
0.02,52387
0.02,53295
0.02,53379
0.02,53960
0.02,54898
0.03,55289
0.03,55482
0.03,56171
0.03,56409
0.03,56525
0.03,57033
0.04,57300
0.04,58219
0.05,58557
0.05,58706
0.05,58924
0.05,59304
0.05,59818
0.05,60588
0.05,61130
0.05,61269
0.05,61846
0.05,62263
0.05,62640
0.05,63349
0.06,63536
0.06,64036
0.06,64381
0.06,65128
0.07,65615
0.07,66374
0.07,66588
0.07,67252
0.07,67986
0.07,68984
0.08,69384
0.08,69899
0.09,70072
0.09,70254
0.09,70407
0.09,71242
0.09,71920
0.09,72192
0.10,72870
0.10,73263
0.10,73509
0.10,74091
0.10,74634
0.11,74768
0.12,75679
0.12,75986
0.12,76769
0.13,76966
0.13,77573
0.13,77842
0.13,78116
0.13,78599
0.14,78817
0.14,79195
0.15,79540
0.15,80178
0.15,81148
0.16,81615
0.18,82168
0.18,82935
0.18,82937
0.18,83720
0.18,84273
0.18,84671
0.18,85383
0.18,86031
0.19,86791
0.19,87077
0.19,87639
0.20,87699
0.20,88210
0.20,88800
0.20,89306
0.20,89614
0.21,89882
0.21,90815
0.21,91456
0.21,92160
0.21,92409
0.21,92944
0.21,93212
0.21,93231
0.22,93315
0.24,93514
0.24,94453
0.24,94773
0.24,95684
0.24,95965
0.24,96431
0.24,96504
0.24,96714
0.24,97267
0.24,97482
0.25,97485
0.26,97924
0.27,98741
0.27,99115
0.29,99764
0.32,100175
0.36,100968
0.36,101451
0.38,101861
0.38,102544
0.39,102559
0.39,102728
0.40,103321
0.40,103653
0.40,104306
0.40,104340
0.40,104765
0.41,105508
0.41,106170
0.42,106567
0.45,106661
0.45,107350
0.46,108256
0.47,108381
0.48,108900
0.50,109095
0.50,109473
0.51,109669
0.55,109782
0.55,110079
0.55,110695
0.55,110949
0.55,111580
0.57,111845
0.57,112399
0.60,112851
0.60,113566
0.60,114318
0.61,114536
0.61,114557
0.65,114806
0.65,115224
0.65,116183
0.65,117033
0.65,117533
0.69,118127
0.72,118698
0.72,119345
0.72,119904
0.72,120032
0.72,120834
0.72,121571
0.72,121866
0.74,122046
0.74,122751
0.74,123473
0.74,124009
0.83,124327
0.83,124863
0.83,125353
0.85,125404
0.87,125488
0.96,126180
0.96,126820
0.96,127044
0.96,127173
0.96,127689
0.96,127963
0.96,128375
0.97,129145
1.00,129781
1.01,130759
1.08,131069
1.08,131466
1.10,131764
4.40,131902
4.40,132154
4.40,132402
4.40,132915
4.40,133424
4.40,134066
4.41,134201
4.41,135081
4.41,135760
4.41,136022
4.42,136717
4.43,136785
4.44,137110
4.44,138009
4.44,138757
4.44,139381
4.44,139688
4.45,140258
4.45,140944
4.45,141555
4.45,141768
4.45,142468
4.45,142566
4.45,143340
4.45,143897
4.47,143999
4.47,144434
4.47,144768
4.47,145010
4.47,145630
4.47,146514
4.47,147051
4.48,147572
4.48,148085
4.48,148121
4.48,148736
4.49,149387
4.49,149890
4.49,150813
4.49,150964
4.50,151606
4.51,151640
4.52,151721
4.52,152553
4.55,153255
4.55,153364
4.55,153450
4.55,153995
4.55,154936
4.55,155504
4.56,156194
4.56,156864
4.57,157356
4.57,158196
4.57,158559
4.57,158909
4.57,159310
4.57,159936
4.71,160277
4.71,160321
4.71,160948
4.75,161911
4.76,162735
4.77,163421
4.80,164087
4.80,164492
4.81,165082
4.83,165700
4.84,165967
4.84,166163
4.86,166349
4.86,166376
4.87,166560
4.87,167259
4.87,167293
4.88,167298
4.89,167817
4.92,168317
4.93,168753
4.93,168937
4.93,169684
4.93,169936
4.93,170060
4.93,170851
4.93,171661
4.94,172546
4.97,172657
4.97,173505
4.97,174406
4.97,175134
5.00,175352
5.01,175435
5.01,176342
5.01,177022
5.01,177365
5.01,177640
5.02,178452
5.03,178559
5.05,179173
5.05,179320
5.05,179490
5.08,179565
5.10,180074
5.17,181014
5.20,181441
5.21,182426
5.24,182489
5.25,182774
5.25,183555
5.36,183590
5.37,183871
5.38,184145
5.39,184640
5.56,184724
5.90,185184
9.17,562992
