0.00,0.0
0.00,1776
0.00,3804
0.00,5090
0.00,6533
0.00,8511
0.00,8862
0.00,9711
0.00,12103
0.00,13163
0.00,15597
0.00,16614
0.00,17797
0.00,19903
0.00,20938
0.00,22419
0.00,23422
0.00,25083
0.00,27467
0.00,28528
0.00,30692
0.00,31845
0.00,33550
0.00,35654
0.00,38038
0.00,38924
0.00,39690
0.00,40463
0.00,42467
0.00,43557
0.00,45022
0.00,46520
0.01,47168
0.01,47649
0.01,47658
0.01,47782
0.01,48433
0.01,48928
0.03,48975
0.03,49237
0.03,49588
0.03,49598
0.04,50395
0.05,50763
0.05,51260
0.05,51724
0.05,52695
0.05,53539
0.05,54157
0.06,55028
0.06,55610
0.07,55816
0.09,56027
0.09,56546
0.10,56671
0.10,57260
0.10,57815
0.15,57853
0.15,58718
0.15,59488
0.15,59514
0.15,59929
0.15,60828
0.15,61735
0.16,61801
0.16,61923
0.17,62229
0.19,62689
0.20,62769
0.21,62869
0.21,63073
0.21,63360
0.22,63487
0.23,63615
0.23,63867
0.23,64113
0.23,64160
0.23,64750
0.24,65439
0.24,66048
0.24,66459
0.24,66617
0.25,67102
0.25,67919
0.25,68689
0.26,69012
0.26,69545
0.27,70140
0.27,70538
0.27,70543
0.32,71107
0.32,72091
0.32,72220
0.34,72567
0.34,73230
0.34,73689
0.34,74113
0.34,74721
0.34,75605
0.35,76068
0.35,76098
0.35,76708
0.35,77015
0.36,77985
0.36,78577
0.36,79004
0.36,79549
0.36,80183
0.36,81181
0.38,81232
0.38,81522
0.38,81851
0.38,82119
0.38,82782
0.39,83334
0.39,83759
0.39,84275
0.39,84746
0.42,85552
0.42,85786
0.43,86159
0.43,86706
0.43,87453
0.43,88001
0.44,88131
0.44,88248
0.44,88516
0.44,88985
0.45,89651
0.45,90173
0.45,90181
0.45,90965
0.46,91354
0.48,91653
0.48,92373
0.48,93247
0.48,93256
0.50,93746
0.50,93768
0.50,94276
0.53,94630
0.54,95354
0.56,95547
0.56,95766
0.56,95801
0.57,96087
0.57,96595
0.57,97567
0.64,98103
0.67,98263
0.67,98746
0.69,98923
0.69,99700
0.71,100623
0.72,101262
0.72,101913
0.74,102544
0.75,102977
0.76,103516
0.76,103695
0.77,104446
0.78,105393
0.78,105910
0.78,106301
0.79,106352
0.79,106749
0.79,107332
0.80,107894
0.81,108136
0.81,108448
0.82,109240
0.85,109835
0.85,110076
0.85,110234
0.85,110939
0.94,111917
0.94,111937
0.94,112123
0.94,112230
0.95,112673
0.96,113102
0.96,113952
0.96,114190
0.97,114699
0.98,115220
1.01,115494
1.05,115926
1.08,116726
1.08,116777
1.08,117166
1.08,118138
1.08,119037
1.09,119994
1.13,120228
1.17,120771
1.17,120833
1.17,121646
1.17,122254
1.17,122881
1.17,123596
1.22,123671
1.22,123750
1.23,124531
1.25,124829
1.25,125512
1.36,126163
1.49,127009
1.55,127509
1.56,127704
1.81,127735
4.67,128214
4.67,128856
4.68,129583
4.69,130357
4.70,131036
4.70,131365
4.70,131609
4.70,132149
4.71,132692
4.71,132837
4.71,133088
4.71,133729
4.71,134025
4.71,134466
4.72,134687
4.72,135258
4.72,135327
4.72,136105
4.72,136660
4.73,137480
4.73,137526
4.73,137728
4.73,138543
4.73,138825
4.74,139616
4.74,140359
4.74,141082
4.75,141602
4.75,141750
4.75,142711
4.76,143037
4.76,143243
4.76,144071
4.76,144982
4.77,145200
4.77,145205
4.77,145866
4.77,146599
4.77,146620
4.78,146774
4.78,147247
4.78,148146
4.78,148341
4.78,148580
4.78,148987
4.79,149958
4.79,150816
4.79,151318
4.79,151656
4.79,151953
4.79,152353
4.79,152400
4.80,152488
4.80,152918
4.80,153787
4.80,154372
4.80,155132
4.80,156063
4.80,156734
4.80,157388
4.81,157683
4.81,158266
4.82,158827
4.83,159042
4.84,159106
4.85,159168
4.85,159274
4.85,160148
4.85,160893
4.87,160922
4.87,161564
4.87,161774
4.87,162506
4.87,163268
4.88,163783
4.88,164746
4.88,164780
4.91,164979
4.91,165591
4.91,166197
4.91,166957
4.91,167917
4.91,168321
4.92,168641
4.92,168873
4.92,169211
4.92,169889
4.93,169995
4.95,170176
4.95,170603
4.95,170844
4.95,170926
4.96,171407
4.97,172273
5.00,172679
5.00,173225
5.00,173412
5.01,173577
5.01,174545
5.01,175108
5.02,175786
5.05,175957
5.05,176407
5.05,177196
5.05,177753
5.05,178069
5.05,178195
5.07,178287
5.09,178395
5.09,178422
5.10,179404
5.11,179629
5.11,179713
5.15,180167
5.16,180246
5.17,180620
5.30,180841
5.30,181059
5.30,181230
5.31,182220
5.37,182744
5.37,183314
5.37,184273
5.37,184685
5.37,185032
5.37,185814
5.37,186033
5.38,186259
5.66,186862
5.67,186896
5.68,186899
5.74,187775
9.10,562591
9.10,562593
