0.00,0.0
0.00,1539
0.00,2709
0.00,3898
0.00,5392
0.00,6104
0.00,7842
0.00,10017
0.00,11674
0.00,13866
0.00,14931
0.00,16332
0.00,17635
0.00,19152
0.00,21139
0.00,22490
0.00,23780
0.00,26261
0.00,27659
0.00,28017
0.00,30401
0.00,32200
0.00,34846
0.00,35693
0.00,36812
0.00,38503
0.00,39850
0.00,41575
0.00,43962
0.00,45153
0.00,46329
0.00,48690
0.00,50144
0.00,52907
0.00,54042
0.00,55742
0.01,56538
0.01,56730
0.01,57615
0.01,57849
0.01,57864
0.01,57960
0.01,58638
0.01,59474
0.02,60157
0.02,61097
0.02,61731
0.02,61984
0.02,62362
0.03,63332
0.04,63993
0.04,64971
0.04,65100
0.05,65691
0.05,66493
0.05,67134
0.05,67147
0.05,67879
0.05,68327
0.06,68378
0.06,68504
0.07,68791
0.07,68997
0.07,69732
0.07,70482
0.07,71101
0.07,72087
0.07,72222
0.07,72611
0.08,73025
0.08,73924
0.08,74316
0.08,74723
0.08,75428
0.08,76035
0.09,76725
0.09,77404
0.09,78387
0.09,78437
0.09,78954
0.09,78985
0.09,79691
0.09,79957
0.10,80602
0.10,81565
0.10,82108
0.10,82797
0.11,83023
0.11,83192
0.11,83680
0.11,83734
0.11,83915
0.12,84340
0.13,84518
0.13,85252
0.13,85421
0.14,85601
0.14,86375
0.14,86647
0.14,87014
0.14,87377
0.14,88097
0.15,88601
0.15,88771
0.16,88968
0.17,89058
0.17,90048
0.18,90450
0.18,90784
0.18,91032
0.18,91663
0.18,91788
0.19,92287
0.19,92320
0.19,92535
0.19,93371
0.20,94038
0.20,94726
0.21,94984
0.22,95918
0.24,96213
0.24,96498
0.24,96689
0.24,96910
0.24,97653
0.25,98430
0.25,98850
0.25,99064
0.26,99742
0.26,99895
0.26,100615
0.26,101305
0.27,102230
0.27,102669
0.27,103104
0.27,103961
0.27,104199
0.28,105073
0.28,105341
0.28,105679
0.29,105909
0.29,106729
0.29,107541
0.29,107916
0.31,108164
0.31,108795
0.31,109013
0.31,109833
0.31,110285
0.32,110383
0.34,111283
0.34,111704
0.34,112025
0.34,112279
0.34,112378
0.34,113202
0.34,113969
0.34,114386
0.35,115202
0.37,115238
0.37,115872
0.38,116408
0.38,117313
0.39,118035
0.39,118775
0.39,119687
0.39,120477
0.40,120511
0.44,121196
0.44,121442
0.44,121775
0.44,122633
0.44,122851
0.45,122886
0.45,123095
0.46,123737
0.46,124458
0.46,124613
0.46,125042
0.46,125736
0.46,126054
0.46,126870
0.51,127199
0.51,127543
0.51,127906
0.51,128010
0.51,128742
0.51,129088
0.51,129383
0.54,130328
0.54,130911
0.54,131795
0.56,132093
0.59,132960
0.59,133722
0.59,134572
0.63,135223
0.64,135538
0.64,136495
0.64,136579
0.65,136716
0.66,137167
0.67,138061
0.67,138402
0.68,139101
0.69,139185
0.70,139337
0.70,139590
0.71,140276
0.73,140472
0.78,140632
0.79,141128
0.80,141725
0.85,142246
0.99,142508
0.99,142828
0.99,143757
0.99,144131
0.99,144198
1.00,144526
1.02,144531
1.04,145085
1.45,145589
1.47,145640
1.48,145661
1.54,146058
1.75,146227
4.61,146570
4.61,146859
4.61,147071
4.62,147362
4.62,147601
4.62,148059
4.62,148540
4.62,149334
4.62,149815
4.63,150347
4.64,150707
4.64,151490
4.64,151798
4.64,151845
4.64,152010
4.65,152548
4.65,153520
4.65,153840
4.65,154123
4.65,154970
4.65,155617
4.65,155827
4.67,155924
4.67,156082
4.67,156662
4.67,156886
4.68,157003
4.68,157572
4.68,157836
4.68,158360
4.69,158749
4.69,158987
4.69,159181
4.69,160034
4.69,160363
4.69,161261
4.70,162225
4.70,162647
4.70,163023
4.71,163226
4.71,163333
4.71,163534
4.71,163886
4.71,164667
4.73,165033
4.73,165826
4.73,166093
4.73,166876
4.73,166980
4.73,167140
4.73,167421
4.73,167602
4.73,168411
4.73,168847
4.73,169270
4.73,169884
4.73,170158
4.73,171006
4.74,171065
4.74,171357
4.74,171431
4.74,171627
4.76,172117
4.77,172310
4.77,172847
4.77,173068
4.77,173613
4.77,174450
4.78,174504
4.78,175004
4.78,175594
4.78,175876
4.79,176613
4.80,176791
4.81,176863
4.81,177474
4.83,177903
4.84,177951
4.84,178448
4.84,178938
4.86,179576
4.86,179656
4.87,180385
4.87,181092
4.88,181767
4.92,182107
4.92,182610
4.93,183524
4.94,183898
4.94,184688
4.94,185237
4.94,185805
4.96,185819
4.97,186323
4.97,186967
5.00,187611
5.02,187669
5.02,188272
5.02,189106
5.03,189324
5.04,190184
5.04,190837
5.04,190940
5.05,191066
5.06,191320
5.06,192080
5.07,192083
5.09,192496
5.17,193379
5.17,193762
5.23,194316
5.26,194628
5.27,194870
5.28,194992
5.39,195009
5.39,195386
5.41,195922
5.52,196160
6.08,196557
8.97,562560
8.97,562977
