0.00,0.0
0.00,1081
0.00,3357
0.00,4342
0.00,5764
0.00,7611
0.00,8537
0.00,9653
0.00,11522
0.00,13546
0.00,14759
0.00,16236
0.00,17693
0.00,19626
0.00,21054
0.00,22306
0.00,24191
0.00,24898
0.00,26366
0.00,27576
0.00,28452
0.00,29693
0.00,31055
0.00,32883
0.00,33998
0.00,35580
0.00,36925
0.00,38377
0.00,38924
0.00,41103
0.00,41685
0.00,43394
0.00,43654
0.00,44878
0.00,46538
0.00,48795
0.00,50687
0.00,50774
0.01,51489
0.01,52067
0.01,52916
0.01,53412
0.01,53714
0.01,54251
0.01,55227
0.01,56065
0.01,56534
0.01,56615
0.01,56650
0.02,56756
0.02,57277
0.02,57547
0.02,57723
0.02,58081
0.02,58730
0.02,59234
0.02,59358
0.04,59674
0.04,60550
0.05,60628
0.05,61057
0.05,61108
0.06,61484
0.06,62105
0.06,62304
0.06,62388
0.06,62922
0.06,63051
0.07,63326
0.07,63816
0.07,64721
0.07,64891
0.07,65076
0.07,65472
0.07,65668
0.07,65995
0.08,66369
0.08,66547
0.08,67367
0.08,68002
0.08,68031
0.08,69018
0.08,69436
0.08,69919
0.08,70891
0.08,71333
0.09,71967
0.09,72039
0.10,72924
0.12,73510
0.13,73531
0.14,74133
0.14,75119
0.14,75757
0.15,76037
0.15,76411
0.16,77186
0.16,78176
0.17,78343
0.17,79055
0.18,79141
0.18,79789
0.18,79926
0.19,80137
0.19,80434
0.20,80977
0.20,81751
0.22,81974
0.22,82664
0.22,83177
0.23,83804
0.25,83882
0.25,84295
0.25,84894
0.25,85039
0.26,85114
0.26,85346
0.26,85647
0.26,86148
0.26,86433
0.27,86610
0.27,87192
0.29,87209
0.29,87918
0.30,88817
0.31,89468
0.31,90119
0.31,90362
0.31,91019
0.31,91049
0.32,91326
0.32,92214
0.34,92495
0.34,92977
0.34,93815
0.34,94614
0.34,95060
0.34,95537
0.34,95935
0.35,96153
0.37,96925
0.37,97638
0.37,98369
0.38,98556
0.38,99048
0.38,99747
0.38,99965
0.38,100441
0.38,100666
0.38,100725
0.38,101043
0.38,101625
0.38,101699
0.38,101992
0.38,102500
0.38,103178
0.39,103912
0.40,104335
0.40,104804
0.40,105487
0.41,106118
0.41,106385
0.41,107107
0.41,107773
0.41,108065
0.42,108586
0.42,108796
0.42,109293
0.43,110074
0.44,110394
0.44,110552
0.45,111061
0.46,112039
0.49,112518
0.51,113368
0.52,114054
0.55,114590
0.55,115279
0.57,115547
0.60,116120
0.62,116703
0.63,117248
0.63,118077
0.67,118802
0.67,119749
0.67,120347
0.67,120954
0.68,121299
0.68,121620
0.68,121654
0.68,122640
0.68,122861
0.70,123001
0.70,123287
0.71,123808
0.78,124391
0.79,124696
0.81,125074
0.81,125077
0.82,125237
0.83,125634
0.85,125960
0.86,126506
0.86,126590
0.86,126877
0.89,126928
0.89,127482
0.95,127766
0.95,128154
0.95,129096
0.95,129126
0.95,129451
0.95,130001
0.96,130785
0.97,130991
0.98,131152
0.98,131846
0.98,132830
0.98,133395
0.98,134314
0.99,135067
0.99,135236
1.00,136147
1.05,136385
1.06,136418
1.06,136653
1.06,136935
1.06,137667
1.06,138212
1.06,138647
1.07,139289
1.07,139509
1.08,139705
1.09,140057
1.18,140549
1.18,140783
1.18,141498
1.18,141680
1.18,141753
1.19,142116
1.35,142263
1.35,142652
1.35,143422
1.35,143581
1.35,144351
1.41,145029
1.55,145667
1.55,145741
1.55,146219
1.56,146719
1.58,146803
1.71,147141
1.73,148111
3.99,148509
4.00,149153
4.00,149952
4.00,150911
4.00,151801
4.00,152227
4.00,152336
4.01,152625
4.01,152770
4.01,153472
4.02,154141
4.02,154694
4.02,155059
4.03,155265
4.05,155440
4.05,155475
4.05,155686
4.05,156094
4.05,156096
4.06,156099
4.06,157041
4.07,157358
4.07,157486
4.13,158046
4.13,158049
4.13,158511
4.15,158643
4.15,159453
4.15,159801
4.15,160547
4.15,161131
4.15,161721
4.16,162160
4.16,162773
4.16,163162
4.17,164000
4.17,164938
4.17,165644
4.17,165676
4.17,166456
4.17,167342
4.17,167876
4.18,167905
4.18,168084
4.18,168841
4.19,168953
4.19,169492
4.19,169676
4.20,170266
4.20,170742
4.20,171190
4.20,171232
4.21,171345
4.22,171542
4.22,172227
4.23,172474
4.23,172895
4.23,173615
4.24,174517
4.25,175010
4.25,175967
4.29,176226
4.29,176904
4.29,176972
4.29,177495
4.29,178065
4.30,178848
4.30,178858
4.32,178894
4.33,179276
4.36,179284
4.36,179305
4.37,180098
4.40,180666
4.41,180669
4.41,181193
4.42,181776
4.43,182074
4.43,182794
4.47,182958
4.47,183329
4.47,184094
4.50,184805
4.50,185760
4.52,186021
4.52,186701
4.56,186736
4.58,187206
4.59,187298
4.59,187301
4.64,187610
4.65,187882
4.69,188028
4.70,188614
4.72,188784
4.80,189303
4.80,189457
4.80,190001
4.80,190170
4.90,190191
5.09,190242
5.25,190284
5.26,190320
5.27,190325
5.37,190409
8.05,562723
8.05,562888
8.05,562939
8.05,562989
