0.00,0.0
0.00,2378
0.00,3744
0.00,6414
0.00,7538
0.00,9292
0.00,10865
0.00,11888
0.00,13059
0.00,14496
0.00,15589
0.00,16866
0.00,18492
0.00,20160
0.00,21622
0.00,23120
0.00,25180
0.00,27221
0.00,28750
0.00,30293
0.00,31805
0.00,33470
0.00,34326
0.00,35673
0.00,37381
0.00,38925
0.00,40508
0.00,41361
0.00,42983
0.00,44458
0.00,45852
0.00,47922
0.00,48068
0.00,50562
0.01,51353
0.01,51749
0.01,52496
0.02,53334
0.02,53968
0.02,54683
0.02,54911
0.03,55443
0.03,56302
0.05,56810
0.05,57540
0.06,57629
0.06,58445
0.06,58926
0.06,59857
0.07,59953
0.07,60065
0.07,60586
0.07,61462
0.08,61689
0.08,62164
0.08,63151
0.08,63688
0.08,64009
0.08,64698
0.08,65047
0.08,65053
0.08,65557
0.09,65591
0.09,65934
0.09,66093
0.10,66411
0.13,66867
0.13,67606
0.13,68244
0.13,68354
0.14,68476
0.14,68848
0.14,69498
0.14,69649
0.15,70274
0.15,71048
0.15,71790
0.15,72753
0.15,73188
0.15,73223
0.15,73788
0.16,74557
0.16,74954
0.16,75463
0.16,76222
0.16,76504
0.16,77306
0.17,78276
0.17,79019
0.18,79206
0.18,79386
0.19,80035
0.19,80303
0.21,80486
0.22,81164
0.22,82063
0.23,82676
0.23,83510
0.23,83729
0.23,83799
0.23,84050
0.23,84762
0.23,85679
0.23,85932
0.23,86091
0.23,86759
0.23,87159
0.24,88127
0.25,88709
0.26,88997
0.26,89388
0.27,89907
0.27,90490
0.27,90569
0.27,91027
0.27,91372
0.27,91897
0.27,92172
0.27,92999
0.27,93883
0.28,94121
0.28,94459
0.28,95137
0.29,95355
0.29,95385
0.31,95934
0.31,96744
0.31,97510
0.31,97938
0.32,98544
0.32,98978
0.33,99568
0.35,99709
0.35,100392
0.35,100395
0.36,101220
0.36,101977
0.36,102377
0.36,102547
0.39,102573
0.39,102825
0.39,103043
0.39,103591
0.40,103935
0.42,104355
0.42,105202
0.43,105901
0.43,106110
0.44,106149
0.44,106271
0.44,106507
0.47,107381
0.48,108029
0.49,108707
0.49,109182
0.50,109663
0.53,110119
0.53,110387
0.53,110536
0.53,111153
0.54,111618
0.54,112504
0.54,112772
0.54,113456
0.55,113830
0.58,114310
0.58,114874
0.58,115107
0.58,115677
0.58,116260
0.58,116980
0.58,117263
0.58,117790
0.59,118148
0.59,118183
0.60,118457
0.61,119130
0.61,119759
0.61,119844
0.61,119861
0.61,120356
0.62,120677
0.62,120761
0.66,120932
0.66,121540
0.66,122414
0.66,123021
0.66,123984
0.66,124373
0.66,124930
0.69,125425
0.71,125793
0.72,126142
0.72,126213
0.72,126666
0.72,127650
0.72,128210
0.73,128294
0.73,129182
0.76,129676
0.76,130307
0.77,131286
0.78,131901
0.78,131960
0.79,132141
0.79,133096
0.81,133137
0.82,133871
0.82,133985
0.83,134069
0.85,134566
0.89,134825
0.89,135580
0.94,135776
0.96,136459
0.98,136526
0.98,137002
0.98,137739
0.98,138294
0.99,138683
0.99,139533
1.01,140195
1.01,140427
1.01,141187
1.01,141976
1.02,142274
1.03,142548
1.03,143199
1.03,143368
1.04,144346
1.06,145102
1.08,146027
1.14,146048
4.78,146200
4.79,146641
4.80,146847
4.80,147410
4.81,147493
4.82,147698
4.82,148514
4.82,148633
4.82,148830
4.83,149465
4.84,149777
4.84,150203
4.85,150892
4.88,150980
4.88,151133
4.89,151428
4.95,151701
4.95,151752
4.95,152039
4.95,152874
4.96,153332
4.96,154165
4.96,154949
4.96,155894
4.96,156607
4.99,156940
4.99,157440
5.00,157617
5.00,158528
5.00,158902
5.00,159844
5.00,160519
5.06,160558
5.07,161191
5.07,161411
5.07,161662
5.08,161951
5.08,162624
5.08,163534
5.11,163640
5.11,164272
5.11,164369
5.11,164814
5.11,165229
5.11,165953
5.12,166037
5.13,166379
5.13,166864
5.14,166894
5.17,167090
5.18,167717
5.19,167826
5.19,167853
5.20,168190
5.20,168579
5.21,168792
5.22,169361
5.22,169756
5.22,170219
5.22,171016
5.23,171390
5.23,171582
5.23,172286
5.23,172516
5.24,172641
5.26,173338
5.26,173855
5.31,173999
5.31,174635
5.32,175633
5.33,176284
5.36,176481
5.38,176751
5.46,177203
5.48,177784
5.49,178043
5.52,178135
5.53,178580
5.54,179158
5.55,179679
5.56,180653
5.56,181567
5.56,181601
5.64,182242
5.67,182401
5.67,183185
5.69,183276
5.70,183279
5.79,183330
5.88,183668
5.90,184452
5.90,185424
5.90,186363
5.90,186437
5.91,187064
5.92,187649
6.05,188623
6.06,189206
6.19,189224
6.22,189439
6.22,189562
6.22,189732
6.25,190247
9.40,562595
9.40,563048
