0.00,0.0
0.00,1810
0.00,2699
0.00,4288
0.00,5893
0.00,6682
0.00,8863
0.00,10857
0.00,13042
0.00,14034
0.00,15864
0.00,18369
0.00,20516
0.00,20909
0.00,22486
0.00,23846
0.00,25435
0.00,27132
0.00,28724
0.00,29598
0.00,31041
0.00,31403
0.00,33209
0.00,34552
0.00,35839
0.00,36891
0.00,37689
0.00,39990
0.00,40985
0.00,43143
0.00,44927
0.00,46774
0.00,48910
0.00,50207
0.00,50490
0.00,51376
0.01,52022
0.01,52594
0.01,53243
0.01,54027
0.01,54180
0.01,54847
0.01,55450
0.01,55945
0.02,56923
0.02,57423
0.03,57809
0.03,58417
0.03,59080
0.03,59504
0.03,59878
0.04,60598
0.04,61301
0.04,61431
0.04,62353
0.04,62602
0.05,63521
0.05,64383
0.05,64515
0.05,64619
0.05,65026
0.05,65908
0.06,66336
0.06,66966
0.06,67557
0.06,68109
0.06,68665
0.06,68753
0.06,68962
0.06,69166
0.06,69237
0.08,69751
0.08,69889
0.08,70267
0.09,70420
0.09,70616
0.09,71056
0.09,71193
0.09,71820
0.09,72468
0.10,72889
0.10,73437
0.10,73961
0.10,74097
0.11,74787
0.13,75126
0.13,75974
0.13,76522
0.13,77284
0.13,77582
0.14,77646
0.14,78386
0.14,78947
0.14,79074
0.14,79412
0.14,80193
0.15,80868
0.15,81003
0.15,81681
0.15,82279
0.18,82317
0.18,83228
0.19,83617
0.20,84407
0.23,85148
0.24,85730
0.24,86324
0.24,86958
0.25,87009
0.26,87334
0.26,87898
0.26,88401
0.27,88894
0.27,89391
0.27,89700
0.27,90271
0.27,90785
0.27,90948
0.27,91273
0.27,91445
0.27,91969
0.28,92212
0.28,93059
0.28,93125
0.28,93715
0.28,94282
0.29,94915
0.29,95209
0.29,95867
0.29,96134
0.29,96813
0.29,97604
0.29,97713
0.30,98134
0.30,98890
0.30,99278
0.30,99705
0.30,100184
0.30,100310
0.30,100951
0.33,100978
0.34,101485
0.35,101988
0.35,102346
0.35,103303
0.36,103865
0.38,104225
0.38,105021
0.38,105701
0.38,105785
0.39,106710
0.39,107170
0.41,107535
0.41,108119
0.41,109018
0.41,109131
0.42,109369
0.44,109677
0.44,110451
0.45,111421
0.47,112035
0.47,112096
0.47,112551
0.47,113334
0.47,113369
0.47,113999
0.47,114255
0.47,114481
0.48,114931
0.48,115747
0.48,116089
0.48,116814
0.48,117495
0.50,117689
0.51,118333
0.51,119192
0.52,119584
0.59,120334
0.59,120416
0.60,120643
0.60,120835
0.60,121187
0.61,121818
0.67,122580
0.67,123221
0.68,123226
0.68,123488
0.68,123775
0.68,123999
0.73,124650
0.76,125047
0.79,125217
0.80,125721
0.80,126275
0.82,127009
0.82,127243
0.93,127525
0.96,127944
0.96,128736
0.96,128772
0.97,129455
0.98,129463
1.00,130218
1.00,130645
1.00,131028
1.00,131296
1.01,131422
1.02,131471
1.16,131474
1.22,131651
1.22,132268
1.22,132888
1.22,133670
1.22,133855
1.23,134076
1.36,134350
1.55,134618
2.34,135301
4.33,135719
4.33,136450
4.34,136602
4.34,136750
4.34,137133
4.34,137458
4.36,138078
4.36,138105
4.37,138471
4.38,139415
4.38,139792
4.38,140234
4.38,141001
4.38,141085
4.38,141639
4.38,141768
4.38,142355
4.38,142858
4.39,143409
4.39,144399
4.39,144527
4.40,145111
4.40,145338
4.41,145941
4.41,146309
4.41,147176
4.42,147743
4.42,148143
4.42,148426
4.42,148533
4.43,148922
4.43,149530
4.43,150010
4.43,150593
4.43,150923
4.43,150948
4.44,151147
4.44,151432
4.45,151806
4.45,151832
4.45,152201
4.45,152991
4.46,153660
4.46,154282
4.46,154303
4.46,154405
4.47,154895
4.47,155574
4.47,156205
4.47,157104
4.47,157623
4.48,157804
4.48,158710
4.48,159289
4.48,159796
4.48,159852
4.49,159860
4.50,160154
4.53,160328
4.54,160368
4.54,160983
4.55,161162
4.55,161899
4.56,162128
4.56,162752
4.56,162859
4.56,162938
4.56,163197
4.56,163508
4.57,164278
4.57,164505
4.58,164723
4.67,164761
4.67,165636
4.68,166079
4.68,166311
4.68,166663
4.68,167058
4.69,167908
4.70,168324
4.70,168873
4.70,169608
4.70,170006
4.70,170705
4.73,171372
4.73,171999
4.73,172230
4.74,173116
4.74,173900
4.75,173951
4.76,174739
4.76,175046
4.78,175119
4.79,175741
4.80,176258
4.86,176288
4.86,176324
4.88,176572
4.89,177214
4.89,177643
4.90,177869
4.93,178590
4.93,178609
4.93,179337
4.94,179999
4.94,180050
4.96,180219
5.00,181094
5.00,181474
5.00,182418
5.00,183186
5.00,184131
5.00,184658
5.01,185360
5.01,185698
5.02,186214
5.03,187182
5.05,187579
5.08,188212
5.08,188337
5.16,189023
5.16,189218
5.26,189221
5.71,189414
8.50,563499
