0.00,0.0
0.00,1787
0.00,2537
0.00,4416
0.00,4966
0.00,7011
0.00,8041
0.00,9317
0.00,10915
0.00,12577
0.00,13927
0.00,15063
0.00,16935
0.00,19119
0.00,20609
0.00,22028
0.00,23531
0.00,25643
0.00,25868
0.00,27436
0.00,28417
0.00,29634
0.00,30742
0.00,32206
0.00,33949
0.00,34510
0.00,35268
0.00,35780
0.00,38099
0.00,39831
0.00,41989
0.00,43110
0.00,43715
0.00,44091
0.00,44898
0.01,45797
0.01,46366
0.01,46401
0.02,46934
0.02,47552
0.02,48296
0.02,48617
0.02,49443
0.03,50050
0.03,50739
0.03,51046
0.03,51687
0.03,52665
0.04,53314
0.04,53700
0.04,54348
0.04,54884
0.04,55325
0.04,55853
0.04,56220
0.04,56595
0.05,56702
0.05,57308
0.05,57342
0.06,57739
0.06,58318
0.06,58868
0.06,59272
0.06,59782
0.06,60383
0.06,61130
0.06,61695
0.06,61877
0.06,62096
0.07,63070
0.07,63558
0.07,64399
0.07,64411
0.07,64564
0.07,64615
0.07,65142
0.07,66116
0.07,66240
0.07,66658
0.07,66708
0.07,67225
0.08,67734
0.09,68528
0.09,68908
0.09,69433
0.09,70084
0.09,70970
0.10,71218
0.10,72054
0.10,73015
0.10,73505
0.10,73775
0.10,74221
0.10,75083
0.10,75150
0.11,75272
0.11,75623
0.11,76121
0.11,76912
0.11,77827
0.11,78165
0.11,78486
0.11,78800
0.11,79286
0.12,79669
0.12,80349
0.12,80998
0.12,81942
0.15,82628
0.17,82881
0.17,82955
0.17,83263
0.18,83662
0.18,84240
0.18,84467
0.18,85326
0.18,86066
0.18,86112
0.18,86176
0.18,87133
0.20,87698
0.20,88139
0.20,88607
0.21,88665
0.21,89113
0.22,89922
0.22,90482
0.22,91074
0.22,91658
0.24,92336
0.26,92439
0.26,92696
0.26,93527
0.26,93909
0.26,94456
0.26,94788
0.26,95270
0.26,95839
0.26,96429
0.26,97056
0.26,97853
0.27,98475
0.27,99154
0.27,99448
0.27,99545
0.28,99622
0.28,100237
0.29,100990
0.30,101621
0.32,101937
0.32,102195
0.34,102877
0.34,103098
0.34,103919
0.34,104561
0.34,104740
0.34,104754
0.34,105679
0.34,106254
0.34,106476
0.34,106753
0.34,107001
0.35,107085
0.36,107458
0.37,108326
0.37,109323
0.37,110190
0.37,110760
0.37,111257
0.37,111638
0.37,112526
0.37,113376
0.38,113754
0.39,114128
0.39,114682
0.44,114950
0.48,115148
0.48,115495
0.49,115772
0.49,116008
0.49,116122
0.49,116348
0.57,117109
0.61,117870
0.61,117932
0.61,118466
0.65,119380
0.65,120108
0.66,120629
0.71,120644
0.72,121117
0.74,121735
0.74,121872
0.76,122068
0.81,122732
0.82,122938
0.83,123318
0.83,123676
0.83,124370
0.84,124718
0.84,125450
0.84,125645
0.89,126542
0.90,126827
0.90,126832
0.93,126887
0.93,127182
0.94,127865
0.97,128784
1.01,128978
1.03,129276
1.03,129859
1.03,130097
1.12,130592
1.12,131170
1.12,132138
1.23,132784
1.27,133754
1.70,134605
1.85,135057
1.85,135515
1.88,135733
1.90,135754
1.98,136488
2.14,136834
2.14,137452
2.22,137988
4.49,138387
4.49,139003
4.49,139944
4.50,140355
4.50,140622
4.50,141149
4.50,141482
4.50,142335
4.56,142522
4.56,142620
4.56,143312
4.56,144184
4.56,145082
4.56,145122
4.56,145994
4.57,146043
4.57,146428
4.57,147358
4.57,147779
4.58,147949
4.59,148346
4.59,148363
4.59,148470
4.60,148730
4.60,148926
4.60,148949
4.60,149513
4.61,149849
4.61,150533
4.61,150691
4.61,151529
4.61,152491
4.61,152882
4.61,153750
4.61,154020
4.61,154852
4.61,155599
4.61,156521
4.61,156555
4.63,156623
4.63,156990
4.63,157081
4.63,157618
4.63,158189
4.63,158455
4.68,158773
4.68,159736
4.69,160011
4.69,160389
4.70,161037
4.71,161052
4.72,161788
4.73,161805
4.73,161992
4.73,162200
4.74,162697
4.76,162886
4.76,163123
4.76,163798
4.76,164782
4.77,164877
4.77,165427
4.77,166157
4.77,167063
4.77,167873
4.78,168419
4.78,168589
4.80,168772
4.80,168856
4.80,169626
4.81,170104
4.81,170196
4.86,170942
4.86,171500
4.87,171886
4.87,172669
4.87,173208
4.87,173886
4.88,174543
4.88,174740
4.89,174983
4.89,174993
4.89,175403
4.89,176165
4.90,177070
4.90,177954
4.90,178913
4.92,179882
4.92,180316
4.93,181202
4.93,181749
4.94,182645
4.94,183462
4.95,184333
4.95,184860
4.95,185728
4.95,186275
4.95,186726
4.96,186787
4.96,187071
4.96,187555
4.96,187736
5.06,188161
5.12,188427
5.20,188946
5.33,189263
5.38,189266
5.39,189287
5.86,189780
5.89,190500
6.28,190551
6.33,191084
8.79,562821
