0.00,0.0
0.00,1500
0.00,2392
0.00,3592
0.00,4699
0.00,6222
0.00,6906
0.00,9140
0.00,10542
0.00,12045
0.00,13066
0.00,13970
0.00,14997
0.00,16984
0.00,18620
0.00,20322
0.00,22685
0.00,24408
0.00,26474
0.00,28235
0.00,29642
0.00,31271
0.00,31937
0.00,34430
0.00,35748
0.00,37249
0.00,38856
0.00,40823
0.00,42804
0.00,44142
0.00,46004
0.00,47853
0.00,49869
0.00,51803
0.00,52419
0.00,53520
0.00,55882
0.01,56301
0.01,56599
0.01,57289
0.01,57317
0.01,57746
0.01,58248
0.01,58710
0.01,59212
0.01,59381
0.02,60059
0.04,60166
0.04,60934
0.04,61634
0.05,61920
0.05,62203
0.05,62331
0.05,62728
0.05,63515
0.05,63733
0.05,64286
0.05,64763
0.05,65220
0.08,65232
0.08,65565
0.08,66415
0.08,66919
0.11,67734
0.11,67888
0.11,68271
0.11,69205
0.11,70110
0.11,70578
0.11,70687
0.12,70995
0.12,71195
0.12,71842
0.12,71853
0.12,72494
0.12,72908
0.12,73183
0.13,73929
0.13,74155
0.13,74652
0.14,75063
0.14,76026
0.14,76707
0.14,76965
0.15,77543
0.16,77596
0.17,77852
0.17,77944
0.18,78004
0.18,78965
0.18,79772
0.18,79901
0.18,80000
0.18,80686
0.18,80732
0.19,81028
0.19,81588
0.19,82171
0.19,83083
0.19,83248
0.19,83766
0.19,84071
0.20,84489
0.20,85375
0.20,85459
0.22,85798
0.24,86776
0.25,87373
0.26,87457
0.26,87954
0.26,88275
0.26,88499
0.28,88548
0.28,89017
0.28,89600
0.28,90231
0.31,91070
0.31,91834
0.31,92380
0.32,92869
0.32,93495
0.36,94360
0.36,94601
0.36,94869
0.37,95502
0.37,95644
0.37,96198
0.38,96678
0.38,97320
0.38,97951
0.39,98620
0.39,99577
0.39,100175
0.39,100747
0.39,101310
0.40,101526
0.40,101549
0.40,102494
0.40,102499
0.40,103288
0.40,103358
0.41,103606
0.41,104250
0.41,104758
0.41,105444
0.42,105963
0.42,106470
0.42,106895
0.44,107193
0.44,107729
0.45,108244
0.45,108964
0.45,109919
0.46,110137
0.49,110511
0.51,111157
0.51,111487
0.51,112477
0.51,112715
0.51,113593
0.51,114212
0.51,114980
0.52,115418
0.52,115599
0.52,116446
0.57,117107
0.57,117532
0.57,118275
0.58,118926
0.59,119213
0.60,119264
0.61,119516
0.61,119790
0.62,119977
0.65,120347
0.67,120606
0.67,120624
0.67,120856
0.67,121118
0.67,121652
0.67,121984
0.68,122591
0.69,122778
0.69,123156
0.78,123346
0.78,123743
0.81,123781
0.81,124469
0.82,124969
0.93,125017
0.94,125355
0.94,125480
0.98,125935
0.99,126905
0.99,127836
1.00,128149
1.01,128152
1.13,128287
1.13,129271
1.14,129886
1.14,130771
1.23,131417
1.24,131613
1.70,131630
1.72,132364
2.51,132367
4.46,132540
4.46,133426
4.47,134052
4.47,134055
4.47,134130
4.49,134499
4.49,135164
4.49,135610
4.49,135618
4.49,136163
4.51,136365
4.51,136502
4.51,136946
4.51,137317
4.52,137600
4.53,137741
4.53,138600
4.53,138636
4.56,138737
4.58,138765
4.58,138942
4.58,139646
4.59,139883
4.59,140261
4.59,140677
4.60,141005
4.60,141019
4.60,141592
4.61,142052
4.61,142189
4.61,142208
4.61,142319
4.61,142573
4.61,142607
4.64,143025
4.64,143659
4.64,143818
4.64,144017
4.64,144408
4.65,144808
4.65,145095
4.68,145439
4.71,145520
4.72,146182
4.72,146814
4.72,147605
4.72,148275
4.76,148320
4.76,149077
4.78,149922
4.78,150405
4.80,150597
4.82,150654
4.83,150761
4.83,151129
4.83,151384
4.84,152001
4.84,152474
4.84,153170
4.87,153643
4.90,153840
4.90,154457
4.90,155117
4.90,155765
4.92,156288
4.92,157102
4.93,157673
4.93,158108
4.93,158187
4.94,158726
4.94,159481
4.94,160182
4.96,160185
4.96,160851
4.96,161262
4.96,161781
4.96,162232
4.96,162357
4.96,163268
5.00,163969
5.02,164564
5.02,164734
5.04,165235
5.04,165488
5.04,165769
5.04,166631
5.04,167467
5.05,167935
5.05,168218
5.05,168400
5.06,168789
5.06,169229
5.06,170215
5.07,171194
5.07,171877
5.09,172730
5.09,173017
5.14,173302
5.15,173837
5.15,174577
5.18,175337
5.19,176064
5.19,176261
5.21,176528
5.22,177023
5.31,177577
5.32,178476
5.37,178759
5.46,179133
5.72,179308
5.91,179356
5.94,179359
9.42,562547
9.43,562944
