0.00,0.0
0.00,1540
0.00,1980
0.00,2633
0.00,3311
0.00,3730
0.00,4232
0.00,4884
0.00,5065
0.01,5954
0.01,6496
0.01,7355
0.01,7944
0.01,8046
0.01,8977
0.01,9094
0.02,9220
0.02,9496
0.02,10133
0.02,11021
0.02,11975
0.03,12070
0.03,13022
0.03,13500
0.03,13505
0.03,13608
0.03,13690
0.03,13885
0.04,13997
0.04,14105
0.04,14187
0.04,15113
0.04,15477
0.04,16042
0.04,16076
0.05,16922
0.05,17697
0.05,17773
0.06,18255
0.06,18302
0.07,19072
0.07,19766
0.11,19826
0.12,20021
0.13,20124
0.14,20300
0.14,20743
0.16,20929
0.16,21220
0.16,21309
0.18,21371
0.23,21434
0.26,21436
2.89,21461
2.89,21587
2.90,21824
2.99,21931
5.44,28552
