0.00,0.0
0.00,1574
0.00,3799
0.00,4002
0.00,4861
0.01,5094
0.01,6005
0.01,6550
0.01,6573
0.01,6582
0.01,7536
0.01,8193
0.01,8321
0.01,9252
0.01,9543
0.02,9894
0.02,10685
0.02,10752
0.02,11071
0.02,11396
0.03,12166
0.04,12796
0.04,12908
0.04,13905
0.04,14007
0.06,14571
0.06,14965
0.06,15917
0.06,15935
0.07,16412
0.07,16415
0.12,16595
0.12,16886
0.12,16970
0.12,17100
0.12,17199
0.12,17389
0.13,18069
0.13,18074
0.13,18518
0.13,19115
0.13,19521
0.14,20229
0.14,20706
0.14,20976
0.14,21104
0.14,21702
0.16,21870
0.16,21990
0.17,22118
0.19,22151
0.19,22156
0.21,22689
0.21,22817
0.21,23294
2.48,23395
2.61,23629
2.69,23642
2.69,24596
5.01,28357
