0.00,0.0
0.00,1721
0.00,2511
0.00,4963
0.00,5089
0.01,5284
0.01,5890
0.01,6525
0.02,7049
0.02,7479
0.02,8244
0.02,8650
0.02,8653
0.02,9251
0.02,9677
0.02,10343
0.02,10382
0.03,10472
0.03,10670
0.03,11055
0.03,11059
0.03,11937
0.03,12728
0.04,13499
0.04,14358
0.04,15113
0.04,15570
0.04,15658
0.04,15710
0.05,16260
0.05,16737
0.05,17183
0.05,17450
0.05,17855
0.05,18581
0.05,18707
0.05,19076
0.05,20019
0.11,20101
0.12,20247
0.12,20458
0.12,21000
0.12,21388
0.13,21583
0.17,21673
0.18,21775
0.22,21903
2.59,22270
2.59,22372
2.60,23326
2.63,23350
4.84,28043
