0.00,0.0
0.00,266
0.00,2445
0.00,2859
0.00,3073
0.00,3170
0.00,3961
0.00,4594
0.01,4722
0.01,5611
0.01,6088
0.01,6467
0.01,6728
0.01,7428
0.01,7958
0.02,7990
0.02,8067
0.02,8524
0.02,8806
0.03,9209
0.03,10068
0.03,10956
0.04,10957
0.04,11131
0.04,11233
0.04,11505
0.04,12165
0.05,12805
0.05,13076
0.05,13540
0.05,14264
0.05,14806
0.05,15285
0.05,16137
0.05,16390
0.07,16610
0.07,17179
0.07,17281
0.07,17461
0.08,17524
0.09,18177
0.09,18279
0.10,18588
0.10,18846
0.12,19266
0.12,19712
0.13,20084
0.13,20186
0.14,20281
0.14,20577
0.14,20868
0.14,20994
0.15,21345
0.15,21407
0.16,21733
0.23,21741
2.59,21832
2.67,22157
2.67,22285
2.68,22716
2.68,23055
2.69,23454
2.69,23649
2.70,23678
2.70,23929
2.72,23996
2.74,24041
2.75,24236
5.28,28043
