0.00,0.0
0.00,2471
0.00,3401
0.00,5520
0.00,6347
0.00,6945
0.00,7833
0.01,8206
0.01,8997
0.01,9441
0.01,9669
0.01,9797
0.01,10558
0.02,11098
0.03,11120
0.03,11979
0.04,12376
0.04,12704
0.04,12914
0.04,13638
0.04,13737
0.05,13925
0.05,14732
0.05,15067
0.06,15283
0.06,15409
0.06,16168
0.06,16292
0.06,16487
0.08,16571
0.08,16819
0.08,17308
0.08,17425
0.08,18284
0.08,18386
0.11,18671
0.11,18739
0.13,18885
0.17,19027
0.18,19222
0.19,19358
0.19,20000
0.20,20195
0.24,20221
0.25,20766
0.25,21308
0.25,22140
0.26,23071
0.30,23184
0.31,23286
0.34,23310
2.84,23380
2.98,23582
2.99,23913
3.00,24041
3.02,24806
3.03,24908
3.04,25034
5.41,28292
5.41,28389
