0.00,0.0
0.00,1040
0.00,2891
0.00,3679
0.00,4271
0.00,4951
0.00,5646
0.00,5799
0.01,6679
0.01,6860
0.01,7306
0.01,7323
0.01,8013
0.01,8737
0.01,9593
0.01,9884
0.01,10792
0.01,10920
0.01,11681
0.01,12167
0.01,12449
0.01,13032
0.01,13285
0.02,13745
0.03,13870
0.03,13998
0.03,14768
0.03,15074
0.03,15611
0.05,15641
0.06,16087
0.06,16135
0.06,16416
0.06,17258
0.06,17540
0.09,17724
0.09,17919
0.14,18581
0.15,19270
0.17,19341
0.25,19824
0.25,19926
0.28,19950
2.89,20151
2.95,20411
2.95,20888
2.96,21016
2.97,21118
2.98,21313
3.01,21999
5.54,28292
5.54,28404
