0.00,0.0
0.00,1893
0.00,2358
0.00,3104
0.00,3745
0.00,3940
0.00,4606
0.00,4614
0.01,5443
0.01,5609
0.01,6520
0.01,6977
0.01,7089
0.01,7282
0.01,8225
0.02,8640
0.02,9410
0.02,9605
0.03,9904
0.03,10017
0.03,10777
0.03,10854
0.03,11064
0.04,11166
0.04,11292
0.04,11493
0.04,12159
0.04,12449
0.04,13240
0.04,13417
0.04,14015
0.04,14210
0.04,14653
0.04,14948
0.04,15143
0.07,15253
0.07,15314
0.08,15699
0.08,16469
0.08,16862
0.08,17195
0.08,17502
0.09,17725
0.09,17824
0.09,17874
0.11,18445
0.11,18712
0.11,18739
0.11,19141
0.11,19740
0.12,19866
0.19,19928
2.49,19960
2.50,20088
2.50,20630
2.51,20912
2.52,21462
2.53,21590
2.54,21785
2.55,22193
2.55,22477
2.59,22603
4.72,27873
4.73,27907
