0.00,0.0
0.00,2054
0.00,4093
0.00,4173
0.00,5047
0.00,5410
0.01,6180
0.02,6676
0.02,6879
0.02,7046
0.02,7816
0.02,8011
0.02,8327
0.02,8544
0.02,8990
0.03,9163
0.03,10019
0.03,10973
0.03,11101
0.03,11150
0.03,12061
0.04,12121
0.04,12567
0.05,12813
0.05,13030
0.05,13487
0.07,13709
0.07,13711
0.07,14185
0.07,14337
0.08,14783
0.08,14962
0.08,15064
0.08,15476
0.08,15602
0.08,16326
0.08,16454
0.08,16931
0.09,17842
0.09,17968
0.09,18857
0.09,19108
0.17,19151
0.17,19793
0.17,19919
0.17,20047
0.20,20392
0.26,20395
0.26,20739
0.32,20741
3.11,21154
3.12,21657
3.15,21870
3.15,22152
3.18,22419
3.20,22770
3.21,22872
3.22,23783
3.24,23829
3.38,23835
6.17,28706
