0.00,0.0
0.00,1915
0.00,3524
0.00,3777
0.00,3903
0.00,3908
0.01,4103
0.01,4867
0.01,5658
0.01,6610
0.01,6662
0.03,7084
0.03,7237
0.03,7713
0.03,8537
0.03,8994
0.03,9654
0.03,9883
0.03,10814
0.03,11673
0.03,11801
0.03,12212
0.04,12309
0.04,12923
0.04,13042
0.04,13316
0.04,13497
0.07,14029
0.07,14341
0.07,14536
0.08,15395
0.08,16084
0.08,16092
0.08,16220
0.09,17120
0.09,17890
0.11,18099
0.11,18278
0.11,18432
0.12,18505
0.12,18633
0.12,19198
0.12,19303
0.12,20181
0.12,20307
0.12,20517
0.13,21089
0.16,21779
0.16,21846
0.16,22128
0.17,22652
0.17,23129
0.18,23137
0.19,23746
0.21,23848
0.28,24551
2.53,24560
2.67,25157
2.69,25314
5.00,27923
5.01,27961
