0.00,0.0
0.00,1777
0.00,3023
0.00,4270
0.00,5022
0.00,5479
0.00,6270
0.01,6357
0.01,6899
0.01,7044
0.01,7613
0.01,7651
0.01,8007
0.01,8160
0.02,8233
0.02,8557
0.02,8839
0.02,8904
0.02,9026
0.02,9046
0.02,9148
0.02,9324
0.02,9376
0.02,9571
0.03,9938
0.03,10729
0.03,10744
0.03,11655
0.03,12112
0.04,12471
0.04,12625
0.04,12773
0.04,13174
0.04,13840
0.04,14238
0.04,14348
0.05,14583
0.05,14695
0.05,15013
0.05,15342
0.05,16294
0.05,16748
0.05,17208
0.06,17292
0.06,18235
0.07,18682
0.07,19128
0.07,19468
0.08,19675
0.09,19816
0.10,19904
0.10,20674
0.10,21403
0.10,21708
0.10,22127
0.10,22253
0.12,22826
0.12,23671
0.12,24377
0.13,24479
2.72,24811
2.84,25043
2.88,25449
5.17,28225
5.17,28527
