0.00,0.0
0.00,1072
0.00,3118
0.00,3328
0.01,4184
0.01,4310
0.01,5080
0.01,5969
0.01,6412
0.01,6850
0.01,7245
0.01,7814
0.01,7889
0.02,8263
0.02,8483
0.02,8678
0.02,8769
0.03,9406
0.03,9948
0.03,10807
0.03,11275
0.04,11331
0.04,11504
0.04,12082
0.04,12277
0.04,12282
0.05,12647
0.06,12885
0.06,13175
0.06,13287
0.06,13850
0.08,14110
0.08,14531
0.08,15295
0.08,15336
0.08,15878
0.08,16556
0.08,16838
0.08,17792
0.09,18055
0.09,18346
0.10,18506
0.11,18654
0.11,18968
0.11,19094
0.11,19255
0.14,19269
0.14,19391
0.14,19824
0.15,20281
0.16,20557
0.16,20752
0.17,20754
0.19,21347
0.20,21438
0.22,21589
0.22,21691
0.22,22074
0.23,22176
0.26,22211
0.26,22617
2.58,22905
2.59,23276
2.59,23743
2.60,23907
2.60,24004
2.61,24009
2.61,24709
2.61,24778
2.62,25255
2.62,25381
4.87,28225
