0.00,0.0
0.00,1748
0.00,3150
0.00,3267
0.01,3395
0.01,4170
0.01,4457
0.01,5026
0.02,5446
0.02,6334
0.02,6876
0.02,7285
0.02,7994
0.02,8764
0.02,9672
0.02,9985
0.02,10180
0.02,10950
0.02,11342
0.02,12042
0.02,12678
0.03,12742
0.03,12868
0.03,13135
0.03,13554
0.04,13734
0.04,14191
0.05,14467
0.05,15191
0.05,15982
0.06,16470
0.06,16559
0.06,16672
0.07,17583
0.07,18351
0.09,18577
0.09,19240
0.09,19686
0.10,20018
0.10,20023
0.10,20305
0.11,20563
0.13,20822
0.15,20952
0.16,21203
0.16,21331
0.17,21843
0.18,22038
2.61,22423
2.62,22799
5.21,27945
