0.00,0.0
0.00,614
0.00,2280
0.00,2568
0.00,3570
0.00,3971
0.00,4925
0.00,5120
0.01,5297
0.01,5403
0.01,5961
0.01,6186
0.01,6850
0.01,7574
0.01,8020
0.01,8794
0.01,9076
0.02,9143
0.03,9488
0.03,10486
0.03,10667
0.03,11132
0.03,11639
0.03,12582
0.03,13273
0.03,13994
0.03,14226
0.03,14468
0.03,15106
0.04,15897
0.04,16343
0.05,16347
0.05,16464
0.05,16473
0.05,16944
0.05,17619
0.05,17788
0.06,18106
0.06,18148
0.06,18789
0.06,19393
0.06,19486
0.06,19716
0.06,20007
0.07,20399
0.08,20562
0.08,21238
0.12,21793
0.12,21914
0.12,22026
0.13,22144
0.13,22713
0.13,23170
0.14,23842
0.16,24093
0.16,24195
0.19,24221
2.73,24950
2.90,25265
2.90,25547
2.93,25958
2.95,25972
2.96,26449
5.54,28064
