0.00,0.0
0.00,2069
0.00,3419
0.00,3697
0.00,4605
0.00,5172
0.00,5456
0.00,6247
0.00,6816
0.01,6944
0.01,7111
0.01,7336
0.01,8247
0.02,8476
0.02,8602
0.02,9458
0.02,9904
0.02,10631
0.03,11210
0.04,11258
0.05,12024
0.05,12430
0.05,13361
0.05,14220
0.06,14643
0.06,15089
0.08,15178
0.08,15373
0.08,15470
0.09,15482
0.09,16148
0.09,16591
0.09,16719
0.10,16902
0.10,16945
0.10,17071
0.10,17795
0.13,17946
0.13,18141
0.13,18269
0.13,19158
0.13,20017
0.15,20058
0.16,20946
0.17,21239
0.18,21521
0.18,22330
0.20,22494
0.20,22747
0.23,22853
0.25,23074
0.25,23327
0.26,23453
2.77,23537
2.79,23566
2.80,23761
2.82,24592
5.45,27978
