0.00,0.0
0.00,1357
0.00,2579
0.00,3181
0.00,4089
0.00,4596
0.00,5527
0.00,5788
0.00,6558
0.01,6686
0.01,7076
0.02,7935
0.02,8130
0.02,8830
0.02,9399
0.02,10169
0.02,10709
0.03,11454
0.03,12180
0.04,12503
0.04,12980
0.05,13123
0.05,13687
0.05,14143
0.07,14384
0.08,14459
0.08,14462
0.08,14881
0.08,14994
0.08,15563
0.08,16116
0.08,16136
0.09,16361
0.09,17308
0.09,18118
0.09,18453
0.09,18501
0.09,18958
0.10,19057
0.10,19169
0.12,19741
0.13,20363
0.13,20574
0.13,20807
0.13,21284
0.14,21376
0.14,21478
0.14,22144
0.17,22208
0.18,22403
0.20,23037
0.22,23889
0.22,24659
5.40,28706
