0.00,0.0
0.00,538
0.00,2471
0.00,3272
0.00,4260
0.00,4413
0.00,4422
0.00,5186
0.00,5592
0.00,5718
0.00,5830
0.01,6493
0.01,7153
0.01,8009
0.01,8017
0.01,8518
0.01,8713
0.01,8896
0.01,9577
0.01,10436
0.02,11101
0.02,11137
0.02,12048
0.02,12494
0.02,12747
0.02,12942
0.02,13522
0.02,13846
0.03,13956
0.03,14082
0.03,14449
0.03,14515
0.03,14939
0.03,15318
0.03,15409
0.03,15537
0.04,15953
0.04,16723
0.04,17332
0.04,17413
0.06,17721
0.07,17815
0.07,17968
0.07,18516
0.07,19427
0.11,20102
0.11,20829
0.27,20905
2.72,20927
2.84,21178
2.85,21373
2.86,21866
2.86,21918
2.91,22201
5.23,27891
