0.00,0.0
0.00,885
0.00,1978
0.00,2421
0.00,3373
0.00,4164
0.00,4455
0.01,4756
0.01,5233
0.01,5788
0.01,5890
0.01,6427
0.01,6430
0.02,7010
0.02,7552
0.02,7623
0.02,7649
0.02,8489
0.02,8721
0.02,9508
0.03,10132
0.03,10260
0.03,10984
0.03,11663
0.03,12232
0.03,12898
0.03,12962
0.03,12986
0.03,13679
0.03,13781
0.03,13846
0.04,13892
0.04,14362
0.04,15250
0.04,16161
0.05,17020
0.05,17066
0.05,17419
0.05,17532
0.05,17658
0.06,18164
0.10,18301
0.11,18419
0.13,18596
0.13,18924
0.14,19206
0.14,19552
0.14,20150
0.14,20563
0.17,20827
0.17,20955
0.17,21057
0.18,21094
0.18,21803
0.19,22249
0.20,22444
0.22,23146
0.25,23332
0.26,23386
0.26,23512
3.43,23791
3.43,23947
3.43,24806
3.48,24831
3.50,24836
3.50,24934
3.50,25062
3.50,25164
6.54,28043
