0.00,0.0
0.00,1767
0.00,4040
0.01,4510
0.01,4956
0.01,5053
0.01,5179
0.01,5374
0.01,5379
0.01,5972
0.01,6051
0.01,6103
0.01,6106
0.01,6494
0.02,7313
0.02,8125
0.02,8276
0.02,8277
0.02,8438
0.02,8685
0.02,9544
0.02,10455
0.02,10730
0.02,11207
0.03,11300
0.03,12091
0.03,12239
0.03,12685
0.04,13544
0.04,13709
0.04,14166
0.04,14936
0.04,15018
0.04,15824
0.04,16366
0.05,16402
0.05,16411
0.05,16446
0.05,16994
0.08,17374
0.09,17482
0.13,17591
0.14,17675
0.14,17907
0.14,18268
0.14,18370
0.15,18664
0.15,19030
0.15,19283
0.17,19350
0.17,20105
0.17,20674
0.19,20959
0.21,21170
0.22,21272
2.70,21561
2.79,21978
2.81,22163
2.82,22297
2.82,22550
2.84,22832
2.84,23026
2.88,23115
2.94,23258
2.94,23370
2.95,23498
5.28,27903
5.28,28175
