0.00,0.0
0.00,1154
0.00,2275
0.00,3262
0.00,3358
0.00,4217
0.00,5128
0.00,5935
0.00,6363
0.00,6439
0.01,6551
0.01,7223
0.01,7640
0.01,7835
0.01,8833
0.01,9126
0.01,9298
0.01,9415
0.02,9569
0.02,10218
0.02,10851
0.02,10860
0.02,11749
0.02,12459
0.03,12887
0.03,12911
0.04,13770
0.04,14207
0.07,14284
0.07,14838
0.07,15120
0.08,15290
0.08,15781
0.08,15850
0.11,16178
0.15,16784
0.20,17376
0.20,17774
0.20,18226
0.20,19085
0.20,19246
0.21,19482
0.21,19594
0.21,19696
0.24,19754
0.25,20405
0.25,21036
0.25,21283
0.25,21949
0.26,22075
0.27,22840
0.31,22979
0.32,23261
0.32,23389
3.28,23749
3.28,23875
3.28,24070
3.32,24448
3.33,24560
3.33,24763
3.34,24835
3.34,25126
5.76,28225
5.76,28446
