0.00,0.0
0.00,1665
0.00,3414
0.00,3540
0.00,3822
0.00,4075
0.00,4344
0.00,5298
0.01,5977
0.03,5999
0.03,6206
0.03,6317
0.03,6763
0.03,7332
0.04,7652
0.04,7752
0.04,8290
0.04,9201
0.05,9926
0.06,10837
0.06,11432
0.06,11909
0.07,12749
0.07,13107
0.07,13209
0.07,13420
0.10,13445
0.11,13846
0.11,13989
0.11,14324
0.11,14421
0.11,14595
0.11,15319
0.11,16083
0.11,16743
0.11,16968
0.11,17096
0.11,17396
0.11,17401
0.11,18127
0.12,18912
0.12,19293
0.12,19391
0.13,19533
0.13,19939
0.13,20041
0.14,20192
0.14,20320
0.15,20573
0.15,20893
0.16,21578
0.16,22147
0.16,22175
0.18,22392
0.18,22587
0.18,23029
0.20,23326
0.21,23960
0.21,24251
0.22,24507
0.24,24992
0.24,25900
0.25,26028
0.26,26223
0.27,26228
0.28,26354
2.61,26386
2.79,26459
5.08,27960
5.08,28529
