0.00,0.0
0.00,266
0.00,2445
0.00,2859
0.00,3073
0.00,3170
0.00,3961
0.01,4594
0.01,4722
0.01,5611
0.01,6088
0.02,6467
0.02,6728
0.02,7428
0.02,7958
0.02,7990
0.02,8067
0.02,8524
0.02,8806
0.03,9209
0.03,10068
0.03,10956
0.05,10957
0.05,11131
0.05,11233
0.05,11505
0.05,12165
0.05,12805
0.05,13076
0.06,13540
0.06,14264
0.06,14806
0.06,15285
0.06,16137
0.06,16390
0.08,16610
0.09,17179
0.09,17281
0.09,17461
0.10,17524
0.11,18177
0.11,18279
0.12,18588
0.12,18846
0.14,19266
0.14,19712
0.15,20084
0.15,20186
0.16,20281
0.17,20577
0.17,20868
0.17,20994
0.18,21345
0.18,21407
0.20,21733
0.28,21741
2.98,21832
3.08,22157
3.08,22285
3.09,22716
3.10,23055
3.11,23454
3.11,23649
3.11,23678
3.12,23929
3.15,23996
3.17,24041
3.17,24236
5.91,28043
