0.00,0.0
0.00,1668
0.00,2761
0.00,4437
0.00,5815
0.00,8180
0.00,9899
0.00,11832
0.00,13989
0.00,15334
0.00,17699
0.00,18517
0.00,20631
0.00,23154
0.00,24864
0.00,26397
0.00,28027
0.00,30315
0.00,32353
0.00,33458
0.00,35117
0.00,36620
0.00,37404
0.00,39398
0.00,41336
0.00,43436
0.00,45446
0.00,47122
0.00,49194
0.00,51097
0.00,53111
0.00,54833
0.00,55739
0.00,56987
0.00,58626
0.00,59530
0.00,60217
0.01,60266
0.01,60420
0.01,60710
0.02,60819
0.04,60901
0.04,60997
0.04,61192
0.05,61294
0.05,61408
0.06,61451
0.07,61560
0.07,61758
0.07,61837
0.07,61954
0.07,62068
0.07,62190
0.07,62293
0.07,62408
0.08,62445
0.08,62564
0.08,62665
0.08,62784
0.08,62903
0.08,63009
0.09,63118
0.13,63196
0.13,63302
0.13,63441
0.13,63561
0.13,63716
0.14,63819
0.14,63889
0.14,63998
0.15,64112
0.16,64147
0.16,64268
0.16,64380
0.16,64483
0.17,64507
0.18,64619
0.18,64691
0.18,64794
0.19,64903
0.19,65010
0.19,65115
0.20,65216
0.21,65274
0.21,65328
0.21,65461
0.21,65590
0.22,65714
0.22,65817
0.24,65859
0.24,66015
0.27,66116
0.27,66240
0.27,66341
0.27,66511
0.29,66613
0.30,66706
0.31,66810
0.33,66985
0.33,67104
0.34,67185
0.34,67301
0.35,67403
0.35,67511
0.36,67617
0.36,67719
0.37,67795
0.37,67909
0.38,67997
0.39,68107
0.40,68209
0.40,68313
0.41,68397
0.41,68512
0.41,68617
0.43,68712
0.43,68813
0.44,69015
0.44,69116
0.46,69117
0.48,69217
0.50,69308
0.51,69417
0.52,69519
0.53,69596
0.54,69719
0.58,69815
0.59,69916
0.61,70014
0.62,70116
0.66,70118
0.66,70209
0.70,70318
0.72,70413
0.73,70416
0.74,70503
0.75,70516
0.81,70606
0.82,70717
0.86,70745
0.86,70877
0.86,71007
0.89,71016
0.89,71117
0.91,71213
0.93,71309
0.96,71413
0.98,71418
1.04,71514
1.04,71618
1.14,71717
1.19,71807
1.20,71917
1.23,72018
1.23,72081
1.24,72208
1.24,72315
1.27,72395
1.28,72500
1.29,72607
1.30,72708
1.31,72819
1.61,72917
1.76,73012
1.82,73111
1.84,73216
1.99,73319
8.01,73358
8.02,73456
8.02,73603
8.02,73719
8.16,73811
8.16,73996
8.16,74079
8.17,74094
8.17,74217
8.20,74286
8.20,74425
8.20,74594
8.21,74600
8.21,74715
8.22,74761
8.23,74917
8.24,75003
8.26,75019
8.28,75191
8.29,75292
8.29,75344
8.30,75514
8.31,75593
8.32,75607
8.34,75691
8.35,75712
8.43,75719
8.54,75800
8.55,75918
8.66,75919
8.68,76017
8.71,76090
8.71,76198
8.71,76207
8.73,76211
8.76,76316
8.78,76377
8.78,76496
8.82,76518
8.90,76609
8.91,76719
8.98,76783
8.98,76883
8.98,76991
9.00,77017
9.10,77114
9.12,77219
9.48,77315
9.48,77416
9.52,77417
9.52,77518
9.93,77619
10.08,77704
10.09,77716
10.44,77816
10.76,77819
11.04,77919
19.47,146738
19.48,146780
