0.00,0.0
0.00,2113
0.00,3604
0.00,3937
0.00,4869
0.00,5724
0.00,7402
0.00,9139
0.00,9897
0.00,11653
0.00,13953
0.00,15075
0.00,17160
0.00,18658
0.00,20192
0.00,21354
0.00,23020
0.00,23830
0.00,25574
0.00,27234
0.00,28518
0.00,29836
0.00,31478
0.00,33550
0.00,35103
0.00,36864
0.00,37780
0.00,39064
0.00,39717
0.00,40807
0.00,42712
0.00,44074
0.00,46038
0.00,48255
0.00,49996
0.00,51220
0.00,52147
0.00,53811
0.00,54668
0.01,54860
0.01,55364
0.01,56147
0.01,56300
0.01,56815
0.01,57220
0.01,57703
0.04,57919
0.05,58531
0.05,59138
0.05,59241
0.05,60158
0.05,60786
0.05,61039
0.05,61299
0.05,61535
0.05,62176
0.05,62539
0.05,62824
0.06,63161
0.06,63659
0.06,64416
0.08,64544
0.08,65094
0.08,65896
0.08,66369
0.08,67214
0.09,67497
0.09,67503
0.09,68074
0.09,68804
0.09,68910
0.09,69156
0.09,69430
0.11,69845
0.11,70251
0.11,70816
0.12,71680
0.12,71966
0.12,72872
0.13,73235
0.13,73924
0.14,73958
0.16,74506
0.17,75137
0.17,75511
0.17,75724
0.17,75893
0.18,76495
0.18,77205
0.18,78187
0.18,78292
0.18,78757
0.18,79741
0.18,80348
0.21,80617
0.21,80701
0.21,81632
0.21,82245
0.22,82621
0.22,83420
0.22,84348
0.22,84910
0.22,85328
0.23,85864
0.23,86301
0.23,87173
0.23,87888
0.23,88394
0.23,88641
0.23,89415
0.23,89507
0.23,90007
0.24,90294
0.25,90315
0.25,90993
0.25,91009
0.25,91711
0.25,92129
0.25,92312
0.25,92320
0.25,92781
0.25,93389
0.25,93526
0.26,94162
0.26,94213
0.27,94511
0.27,94593
0.27,94879
0.28,95522
0.28,95804
0.28,96498
0.28,96822
0.28,97217
0.28,98050
0.28,98248
0.28,98950
0.29,99512
0.30,99928
0.30,100296
0.30,100492
0.32,101140
0.33,101143
0.33,101250
0.33,101570
0.34,102013
0.34,102794
0.34,103215
0.34,103898
0.34,104576
0.36,105394
0.36,106046
0.37,106514
0.37,106800
0.37,106821
0.39,106905
0.39,107674
0.39,107955
0.39,108413
0.39,108672
0.39,109560
0.40,110080
0.40,110731
0.40,111382
0.43,111605
0.43,112384
0.43,112521
0.43,112775
0.43,113417
0.43,113960
0.43,114694
0.43,114975
0.43,115816
0.43,116340
0.43,116461
0.43,117076
0.44,117246
0.45,117995
0.45,118114
0.45,118300
0.46,118944
0.47,119388
0.47,119522
0.48,119831
0.49,120646
0.49,121549
0.50,122527
0.50,122975
0.52,123734
0.52,123939
0.52,124050
0.52,125025
0.52,125300
0.53,126298
0.54,126596
0.54,127147
0.54,127701
0.56,128079
0.59,129063
0.59,129618
0.59,129689
0.59,130331
0.60,131074
0.61,131477
0.62,131745
0.64,131837
0.67,132437
0.68,132703
0.68,133322
0.69,133775
0.71,134461
0.71,134466
0.71,134975
0.71,135082
0.74,135197
0.74,135995
0.74,136915
0.74,137706
0.77,137901
0.79,138760
0.79,139052
0.79,139247
0.79,140234
0.87,140954
0.88,141578
0.90,141891
0.96,142615
0.96,142930
0.96,142966
1.04,143584
1.04,143745
1.04,144134
1.04,144143
1.14,144430
1.17,144692
1.19,145030
1.31,145081
1.32,145490
1.32,146195
1.32,146854
1.32,146958
1.32,147857
1.32,148776
1.33,149295
2.17,150265
5.46,150331
5.46,150770
5.46,151233
5.46,151335
5.46,151382
5.46,151466
5.46,152429
5.47,152969
5.47,153290
5.47,154195
5.47,154676
5.48,154914
5.51,154927
5.51,155285
5.51,155709
5.52,155783
5.53,156142
5.53,157103
5.54,157610
5.55,158309
5.55,158487
5.55,159452
5.55,159967
5.55,160396
5.55,160579
5.55,161360
5.55,162025
5.56,162413
5.56,163087
5.57,163582
5.57,163601
5.57,163725
5.57,164639
5.57,165618
5.57,165871
5.57,166156
5.57,167004
5.57,167051
5.57,167278
5.57,167927
5.57,168741
5.58,169459
5.60,169477
5.60,169976
5.61,170447
5.61,171322
5.62,171556
5.62,171947
5.62,172855
5.62,173403
5.63,173961
5.63,174689
5.63,174705
5.63,175444
5.63,175981
5.63,176306
5.63,177231
5.66,177289
5.66,177649
5.66,177777
5.66,178631
5.68,178956
5.68,179260
5.68,179614
5.68,180083
5.68,180993
5.68,181608
5.69,182013
5.70,182603
5.70,182852
5.70,183373
5.70,183957
5.74,184040
5.75,184247
5.75,184475
5.76,184595
5.77,185007
5.78,185772
5.79,185839
5.80,185850
5.80,185886
5.81,186639
5.82,186679
5.82,187651
5.82,188501
5.84,189308
5.84,189763
5.84,189819
5.84,190499
5.84,191236
5.84,192220
6.01,192805
6.02,193004
6.03,193594
6.04,194221
6.06,194852
6.07,195509
6.08,196143
6.09,196178
6.17,196476
6.20,196672
6.21,196795
6.21,196909
6.21,197785
6.22,198497
6.22,198759
6.23,198762
6.24,198791
6.24,199115
6.25,200012
6.26,200559
6.26,201174
6.27,202060
6.27,202759
6.33,202871
6.33,203424
6.35,203445
6.36,203450
6.43,203717
6.62,203768
7.42,204004
8.34,204342
10.68,562962
10.68,563251
