0.00,0.0
0.00,1625
0.00,2632
0.00,4301
0.00,6117
0.00,6232
0.00,6339
0.01,6469
0.01,6586
0.01,6669
0.01,6685
0.01,6792
0.01,6942
0.02,7061
0.02,7090
0.03,7185
0.03,7234
0.03,7450
0.03,7492
0.03,7655
0.03,7763
0.03,7910
0.03,7989
0.04,8074
0.04,8179
0.04,8286
0.04,8289
0.04,8382
0.05,8551
0.05,8653
0.05,8772
0.05,8875
0.06,8944
0.06,9063
0.06,9172
0.07,9274
0.07,9384
0.11,9390
0.15,9433
0.15,9448
0.15,9465
0.16,9486
0.19,9582
0.21,9586
0.21,9690
0.22,9758
0.22,9865
0.22,9968
0.23,9989
0.23,10052
0.23,10166
0.23,10271
0.27,10272
0.29,10281
0.31,10377
0.32,10487
3.75,10582
3.78,10685
3.79,10788
3.79,10881
3.83,10882
3.83,10987
3.90,11058
3.91,11184
6.78,14197
