0.00,0.0
0.00,2327
0.00,4716
0.00,5979
0.00,8202
0.00,9834
0.00,11332
0.00,12559
0.00,14112
0.00,15821
0.00,17340
0.00,18063
0.00,19620
0.00,22178
0.00,23457
0.00,25051
0.00,26534
0.00,27775
0.00,29562
0.00,30488
0.01,30598
0.01,30702
0.01,30846
0.01,30997
0.02,31098
0.03,31174
0.03,31302
0.03,31379
0.04,31391
0.04,31540
0.04,31689
0.04,31773
0.05,31798
0.05,31903
0.05,32005
0.06,32046
0.07,32080
0.07,32192
0.07,32295
0.07,32400
0.07,32501
0.07,32605
0.07,32699
0.07,32899
0.08,33026
0.08,33162
0.08,33266
0.08,33383
0.08,33503
0.08,33582
0.09,33704
0.09,33870
0.09,33998
0.09,34157
0.09,34281
0.09,34290
0.09,34399
0.09,34481
0.09,34585
0.09,34704
0.10,34801
0.10,34886
0.10,34904
0.12,35001
0.12,35102
0.13,35203
0.14,35269
0.14,35274
0.14,35328
0.14,35444
0.14,35603
0.15,35701
0.17,35781
0.17,35888
0.17,35936
0.17,36083
0.17,36181
0.17,36289
0.18,36392
0.18,36405
0.19,36480
0.20,36590
0.20,36705
0.22,36781
0.22,36898
0.24,36999
0.25,37099
0.26,37189
0.27,37196
0.27,37304
0.28,37387
0.28,37503
0.29,37505
0.33,37581
0.33,37704
0.34,37798
0.34,37814
0.34,37861
0.34,37968
0.35,38082
0.35,38192
0.36,38300
0.36,38363
0.36,38385
0.36,38502
0.41,38594
0.42,38685
0.43,38801
0.43,38805
0.64,38903
0.67,38998
0.68,39099
0.79,39204
3.24,39299
3.28,39392
3.31,39504
3.32,39660
3.32,39748
3.32,39867
3.32,39890
3.32,39904
3.38,39965
3.38,40092
3.38,40258
3.38,40391
3.39,40481
3.40,40502
3.40,40603
3.41,40702
3.43,40797
3.43,40801
3.49,40894
3.49,40903
3.52,41003
3.59,41004
3.61,41081
3.61,41195
3.63,41198
3.64,41205
3.78,41298
3.79,41391
3.80,41402
3.83,41504
4.01,41605
6.61,72307
