0.00,0.0
0.00,410
0.00,1670
0.00,2856
0.00,4204
0.00,4515
0.01,4615
0.01,4629
0.01,4669
0.01,4745
0.01,4786
0.01,4881
0.01,4927
0.01,5123
0.01,5192
0.02,5203
0.02,5320
0.12,5367
0.13,5369
0.13,5413
0.13,5510
0.14,5550
0.14,5624
0.14,5630
0.21,5649
0.22,5789
0.22,5790
0.27,5853
0.28,5856
0.28,5932
0.34,5951
0.34,5982
0.35,6025
0.36,6137
0.36,6173
0.36,6174
0.37,6179
0.37,6204
0.38,6205
0.38,6259
0.45,6346
0.46,6347
0.46,6382
0.56,6432
0.56,6486
0.56,6487
0.56,6551
0.65,6584
0.72,6639
0.72,6640
0.74,6663
1.24,6673
1.28,6674
3.68,6675
3.70,6688
3.71,6729
3.73,6751
3.74,6851
3.76,6862
3.78,6928
3.83,6929
3.87,6951
3.89,6952
6.35,9006
