0.00,0.0
0.00,1334
0.00,3060
0.00,3993
0.00,6538
0.00,8312
0.00,10828
0.00,11615
0.01,11891
0.01,11999
0.01,12116
0.01,12364
0.01,12516
0.02,12578
0.02,12646
0.02,12771
0.02,12887
0.02,13010
0.02,13118
0.03,13215
0.03,13281
0.03,13390
0.03,13493
0.03,13607
0.04,13655
0.04,13787
0.04,13913
0.04,13993
0.05,13996
0.05,14062
0.05,14178
0.05,14288
0.05,14313
0.06,14507
0.06,14702
0.06,14819
0.08,14868
0.08,14988
0.08,14995
0.08,15136
0.08,15278
0.08,15412
0.09,15515
0.10,15553
0.10,15679
0.10,15708
0.11,15733
0.11,15915
0.12,16011
0.12,16110
0.13,16207
0.13,16208
0.14,16309
0.14,16414
0.16,16418
0.21,16419
0.23,16518
0.24,16680
0.24,16712
0.25,16716
0.27,16717
0.28,16811
0.28,16819
0.34,16912
0.34,16919
0.57,17002
0.58,17119
4.56,17198
4.57,17209
4.57,17250
4.57,17395
4.58,17454
4.58,17590
4.58,17712
4.58,17860
4.58,18001
4.63,18010
4.63,18086
4.64,18111
4.64,18313
4.64,18379
4.64,18505
4.64,18516
4.66,18618
4.67,18716
4.67,18770
4.68,18876
4.69,18918
4.70,19015
4.72,19019
4.75,19118
4.78,19184
4.78,19301
4.80,19313
4.82,19318
4.97,19417
5.04,19513
8.42,28669
