0.00,0.0
0.00,1198
0.00,3184
0.00,4743
0.00,7160
0.00,9390
0.00,11045
0.00,12281
0.00,13621
0.00,16348
0.00,18164
0.00,19597
0.00,20517
0.00,22121
0.00,22660
0.00,24248
0.00,25747
0.00,26727
0.00,28339
0.00,29650
0.01,30173
0.01,30277
0.01,30960
0.02,31819
0.02,32011
0.03,32375
0.03,32861
0.05,33737
0.05,34120
0.07,34268
0.07,34909
0.07,35104
0.08,35155
0.08,36005
0.09,36610
0.09,37340
0.09,37909
0.10,38038
0.10,38528
0.10,38603
0.10,39508
0.10,39678
0.11,39904
0.11,40488
0.11,41042
0.11,41372
0.13,42257
0.15,42370
0.15,42422
0.15,43406
0.15,44277
0.15,44417
0.15,44683
0.15,44699
0.15,45031
0.16,45198
0.17,45874
0.18,46421
0.18,47178
0.18,47702
0.18,48364
0.18,48745
0.20,48950
0.22,49126
0.22,50066
0.22,50681
0.22,50712
0.22,50798
0.22,51303
0.22,52007
0.22,52162
0.22,52418
0.22,52637
0.23,53475
0.24,53897
0.24,54723
0.25,54904
0.25,55421
0.26,55773
0.26,56246
0.26,56793
0.27,57706
0.27,58125
0.27,58491
0.27,59094
0.27,59377
0.28,60026
0.28,60461
0.28,60691
0.28,61483
0.28,61567
0.28,62521
0.29,63004
0.30,63386
0.30,63763
0.30,64284
0.30,64479
0.30,64538
0.31,64992
0.32,65079
0.33,65181
0.34,65691
0.35,65848
0.35,66083
0.35,66765
0.36,67575
0.37,68149
0.37,68698
0.37,69387
0.39,69778
0.44,70518
0.44,71259
0.44,72118
0.45,72823
0.45,73276
0.45,73368
0.46,73922
0.48,74633
0.48,74851
0.48,75435
0.50,75890
0.50,76462
0.50,76548
0.50,77478
0.50,77903
0.50,78172
0.50,78414
0.51,78504
0.51,78509
0.52,78753
0.52,79183
0.52,79348
0.52,80323
0.52,80880
0.53,81098
0.58,81668
0.58,82504
0.59,82710
0.59,83361
0.59,83382
0.59,83840
0.66,84108
0.81,84832
0.81,85387
0.88,85685
0.88,86371
0.95,86974
0.96,87558
0.96,87727
0.96,88688
0.97,89178
0.99,89248
0.99,89371
1.00,89814
1.00,90455
1.02,91167
1.12,92125
5.45,92341
5.50,92450
5.50,92452
5.50,93128
5.50,93910
5.50,94244
5.50,94560
5.51,94897
5.51,95528
5.51,96416
5.51,97025
5.51,97408
5.51,98056
5.54,98515
5.54,99198
5.55,99362
5.57,100019
5.59,100229
5.60,100668
5.60,100674
5.60,100857
5.60,101115
5.61,101519
5.61,102214
5.62,103090
5.64,103406
5.65,103516
5.65,103550
5.68,103880
5.68,104222
5.69,105136
5.70,105418
5.70,105448
5.71,106331
5.71,107294
5.72,107515
5.72,108427
5.72,108526
5.72,108791
5.72,108950
5.72,109358
5.72,110189
5.73,110273
5.74,110927
5.76,111228
5.77,111533
5.77,112324
5.77,112657
5.80,112902
5.80,113161
5.80,113273
5.80,113816
5.80,114392
5.81,114755
5.82,115125
5.82,115446
5.89,116000
5.89,116381
5.91,117030
5.96,117614
6.02,117992
6.12,118010
6.17,118043
6.51,118061
6.86,118274
6.92,119231
6.94,119236
6.95,120006
10.01,275477
10.01,275660
