0.00,0.0
0.00,1522
0.00,3416
0.00,3768
0.00,5236
0.00,7829
0.00,9261
0.00,9962
0.00,10003
0.00,10004
0.01,10040
0.01,10181
0.01,10255
0.01,10284
0.01,10409
0.02,10513
0.02,10580
0.02,10628
0.02,10629
0.31,10690
0.37,10756
0.38,10843
0.40,10846
0.40,10913
0.42,10956
0.42,10957
0.42,10960
0.43,11016
0.44,11043
0.45,11050
0.45,11051
0.45,11099
0.45,11100
0.45,11160
0.45,11161
0.46,11185
0.46,11223
0.47,11277
0.47,11310
0.49,11468
0.49,11611
0.49,11630
0.49,11730
0.50,11750
0.52,11790
0.52,11791
0.55,11820
0.58,11886
0.62,11947
0.64,11954
0.65,11958
0.65,11975
0.65,12084
0.65,12085
0.65,12086
0.67,12154
0.68,12207
0.69,12222
0.72,12315
0.73,12406
0.73,12418
0.82,12420
0.83,12421
0.83,12521
0.91,12551
0.92,12675
0.93,12676
1.09,12716
1.18,12717
1.21,12720
3.73,12750
7.61,17956
