0.00,0.0
0.00,1794
0.00,2682
0.00,3456
0.00,4647
0.00,4648
0.00,4694
0.01,4726
0.01,4767
0.03,4783
0.04,4828
0.04,4882
0.05,4897
0.05,4966
0.08,5060
0.13,5096
0.14,5122
0.15,5210
0.15,5220
0.16,5274
0.16,5277
0.16,5332
0.16,5399
0.17,5456
0.18,5467
0.19,5474
0.19,5602
0.20,5680
0.20,5681
0.24,5762
0.25,5763
0.25,5882
0.28,5919
0.32,5952
0.33,5955
0.33,6018
0.33,6042
0.33,6043
0.33,6044
0.34,6121
0.34,6128
0.34,6129
0.36,6169
0.37,6192
0.41,6215
0.45,6243
0.45,6297
0.45,6298
0.45,6310
0.45,6391
0.47,6415
0.47,6416
0.48,6501
0.72,6568
0.75,6626
0.75,6627
0.79,6638
0.80,6650
0.80,6651
7.09,8818
7.09,8837
