0.00,0.0
0.00,1780
0.00,2802
0.00,4793
0.00,5211
0.00,5245
0.00,5262
0.08,5265
0.08,5316
0.09,5324
0.09,5391
0.10,5437
0.10,5497
0.10,5578
0.10,5649
0.11,5661
0.11,5717
0.11,5718
0.25,5803
0.25,5948
0.26,5949
0.31,6064
0.31,6181
0.33,6182
0.41,6211
0.42,6251
0.42,6280
0.43,6281
0.61,6358
0.61,6359
0.61,6360
0.61,6361
0.65,6415
0.69,6442
0.72,6443
0.72,6444
0.74,6467
0.74,6605
0.74,6606
0.75,6607
0.78,6650
3.64,6673
3.65,6725
3.65,6726
3.66,6727
3.68,6794
3.68,6795
3.68,6796
3.77,6941
3.98,6950
3.98,6951
3.98,6952
3.99,7004
4.03,7008
4.04,7009
6.63,8816
