0.00,0.0
0.00,1767
0.00,4040
0.01,4510
0.01,4956
0.01,5053
0.01,5179
0.01,5374
0.02,5379
0.02,5972
0.02,6051
0.02,6103
0.02,6106
0.02,6494
0.02,7313
0.02,8125
0.02,8276
0.02,8277
0.02,8438
0.03,8685
0.03,9544
0.03,10455
0.03,10730
0.03,11207
0.03,11300
0.03,12091
0.04,12239
0.04,12685
0.04,13544
0.05,13709
0.05,14166
0.05,14936
0.05,15018
0.05,15824
0.05,16366
0.05,16402
0.06,16411
0.06,16446
0.06,16994
0.09,17374
0.11,17482
0.16,17591
0.16,17675
0.16,17907
0.16,18268
0.17,18370
0.17,18664
0.18,19030
0.18,19283
0.19,19350
0.20,20105
0.20,20674
0.22,20959
0.24,21170
0.26,21272
2.92,21561
3.02,21978
3.04,22163
3.05,22297
3.05,22550
3.07,22832
3.08,23026
3.12,23115
3.19,23258
3.19,23370
3.20,23498
5.77,27903
5.77,28175
