0.00,0.0
0.00,2437
0.00,4672
0.00,5631
0.00,5963
0.00,6068
0.00,6187
0.01,6253
0.01,6367
0.01,6476
0.01,6581
0.01,6682
0.01,6843
0.02,6963
0.02,6980
0.02,7055
0.03,7157
0.03,7265
0.03,7373
0.04,7456
0.04,7571
0.05,7580
0.05,7585
0.05,7586
0.06,7687
0.06,7786
0.07,7876
0.07,7883
0.07,7988
0.07,8085
0.08,8235
0.08,8359
0.09,8374
0.09,8421
0.09,8433
0.09,8491
0.09,8671
0.09,8688
0.10,8770
0.17,8779
0.18,8788
0.19,8789
0.27,8878
0.27,8883
0.27,8988
0.28,8989
0.28,9084
0.30,9170
0.31,9182
0.32,9274
0.32,9390
0.42,9482
0.43,9488
0.56,9590
3.32,9787
3.32,9845
3.32,9949
3.33,10075
3.33,10083
3.33,10094
3.33,10233
3.33,10375
3.53,10389
3.68,10475
3.69,10477
3.75,10479
3.75,10584
3.89,10687
6.74,14181
