0.00,0.0
0.00,659
0.00,1808
0.00,3257
0.00,5063
0.00,5214
0.01,5333
0.01,5334
0.01,5462
0.02,5469
0.02,5487
0.03,5521
0.03,5522
0.03,5651
0.03,5779
0.04,5780
0.04,5811
0.04,5813
0.04,5814
0.05,5830
0.05,5831
0.07,5854
0.08,5879
0.08,5912
0.08,5913
0.14,5946
0.15,5949
0.16,5959
0.16,5960
0.17,5972
0.17,5973
0.17,5996
0.18,6048
0.18,6145
0.19,6249
0.19,6287
0.19,6415
0.20,6442
0.21,6489
0.22,6554
0.22,6630
0.23,6655
0.24,6760
0.28,6803
0.28,6870
0.51,6924
0.51,7014
0.52,7094
0.52,7095
0.58,7169
0.59,7170
0.72,7180
0.73,7181
3.84,7230
3.84,7271
3.88,7309
3.99,7310
3.99,7321
4.23,7322
7.11,8815
7.11,8889
