0.00,0.0
0.00,2104
0.00,2795
0.00,4492
0.00,4623
0.00,5121
0.00,5827
0.00,7288
0.01,7788
0.01,8005
0.01,8603
0.01,9060
0.01,9204
0.01,9446
0.02,10051
0.02,10962
0.02,11687
0.02,12000
0.02,12248
0.02,12813
0.02,13604
0.03,13799
0.03,14165
0.03,14707
0.03,15020
0.03,15136
0.03,15995
0.04,16536
0.05,16558
0.05,17192
0.05,17382
0.05,17585
0.05,18176
0.06,18242
0.08,18433
0.08,18512
0.08,18539
0.09,18839
0.10,19535
0.11,19864
0.11,19976
0.11,20195
0.11,20602
0.12,20798
0.12,21172
0.12,21613
0.12,22308
0.13,22686
0.13,23228
0.13,24226
0.13,24418
0.14,24908
0.14,25696
0.14,25724
0.15,25819
0.15,25945
0.16,26086
0.16,26305
0.17,26383
0.18,27033
0.18,27249
0.18,27551
0.18,28494
0.20,28700
0.21,29158
0.21,29355
0.22,29637
0.23,30167
0.25,30197
0.27,30258
0.27,30384
0.33,30583
0.33,30827
0.33,31284
0.33,31842
0.34,32063
0.42,32328
0.44,32420
3.41,32436
3.41,32679
3.41,33328
3.44,33818
3.44,34372
3.44,34685
3.44,35494
3.44,35940
3.44,36188
3.44,36620
3.44,36695
3.44,37598
3.44,37625
3.44,38337
3.68,38414
3.77,38532
3.77,38777
3.77,39396
3.77,39774
3.78,40274
3.78,40869
3.78,41757
6.74,53561
