0.00,0.0
0.00,2298
0.00,3143
0.00,4059
0.00,5018
0.00,5913
0.00,7972
0.00,9485
0.00,10889
0.00,12315
0.00,13843
0.00,14752
0.00,15926
0.00,17962
0.00,19346
0.00,20511
0.00,21663
0.00,23623
0.00,23802
0.00,23880
0.01,23881
0.03,23883
0.03,23884
0.03,23897
0.03,23898
0.03,23942
0.04,24060
0.04,24066
0.04,24177
0.09,24310
0.09,24330
0.09,24337
0.10,24427
0.10,24567
0.11,24581
0.15,24653
0.15,24663
0.15,24697
0.16,24819
0.16,24939
0.16,25008
0.16,25103
0.16,25104
0.16,25105
0.17,25138
0.17,25162
0.17,25163
0.22,25201
0.23,25236
0.25,25320
0.25,25360
0.27,25381
0.28,25406
0.28,25526
0.29,25617
0.30,25631
0.30,25690
0.31,25735
0.31,25799
0.32,25829
0.32,25896
0.34,25983
0.35,25986
0.35,26071
0.35,26191
0.36,26201
0.37,26250
0.39,26251
0.39,26252
0.39,26364
0.41,26410
0.41,26501
0.42,26517
0.42,26521
0.42,26528
0.42,26681
0.50,26730
0.50,26799
0.81,26801
0.81,26802
0.82,26889
0.83,26980
0.85,27027
0.85,27065
0.86,27091
0.88,27092
0.94,27137
0.94,27141
0.97,27142
0.98,27143
1.00,27206
1.00,27207
1.01,27256
1.01,27267
1.01,27286
1.02,27368
1.02,27369
1.04,27426
1.05,27447
1.06,27454
1.09,27497
1.10,27498
1.11,27575
1.13,27633
1.22,27644
1.24,27645
1.27,27646
1.27,27647
1.31,27648
1.33,27714
1.34,27715
1.35,27716
1.38,27724
1.41,27725
1.41,27726
1.47,27727
1.66,27766
1.72,27767
1.73,27768
1.73,27769
1.87,27784
1.90,27785
1.91,27786
3.96,27799
3.97,27850
4.25,27947
4.26,28015
4.26,28016
4.26,28099
4.26,28101
4.26,28140
4.28,28226
4.29,28233
4.30,28260
4.37,28275
4.37,28328
4.39,28360
4.40,28410
4.40,28411
4.41,28445
4.45,28556
4.45,28642
4.49,28681
4.49,28698
4.49,28699
4.50,28749
4.50,28750
4.50,28751
4.51,28810
4.52,28819
4.53,28820
4.54,28821
4.55,28822
4.56,28832
4.56,28929
4.58,28970
4.59,29096
4.60,29097
4.62,29102
4.63,29103
4.63,29157
4.64,29158
4.64,29159
4.66,29160
4.66,29269
4.68,29274
4.70,29415
4.70,29463
4.74,29468
4.74,29469
4.74,29509
4.76,29589
4.80,29601
4.80,29630
4.80,29631
4.80,29799
4.80,29800
4.80,29801
4.82,29802
4.95,29933
5.00,30009
5.10,30096
5.10,30097
5.10,30105
5.14,30207
5.15,30208
5.27,30209
5.31,30210
7.65,44247
7.65,44248
