0.00,0.0
0.00,1537
0.00,3185
0.00,3878
0.00,5511
0.00,6557
0.00,8359
0.00,9477
0.00,9659
0.00,9923
0.00,9951
0.01,10079
0.01,10720
0.01,10722
0.01,11690
0.01,11980
0.01,12692
0.01,13436
0.01,14209
0.01,14406
0.01,15176
0.01,16160
0.02,16823
0.02,17407
0.02,17570
0.02,18073
0.02,18889
0.02,18986
0.03,19352
0.03,20041
0.03,20286
0.03,20479
0.03,21227
0.03,21485
0.03,22267
0.04,22821
0.04,23016
0.04,23665
0.05,24029
0.05,24289
0.07,24309
0.07,24786
0.07,25574
0.07,26462
0.08,26772
0.09,27753
0.09,27772
0.09,28364
0.09,28990
0.10,29775
0.10,29963
0.10,30604
0.10,30609
0.10,30740
0.10,31195
0.11,31502
0.11,31661
0.11,31952
0.11,32700
0.13,32705
0.13,32709
0.13,32930
0.14,33411
0.16,33955
0.16,34916
0.16,35875
0.17,36490
0.18,36627
0.18,37127
0.19,37772
0.19,37856
0.19,38188
0.20,38551
0.20,39115
0.20,39171
0.24,39923
0.25,40422
0.26,40447
0.26,40526
0.26,41175
0.27,42022
0.27,42217
0.28,42332
0.29,42950
0.29,43599
0.29,44510
0.29,44594
0.31,45187
0.32,45315
0.33,45979
0.33,46200
0.33,46653
0.33,47388
0.33,47633
0.37,48030
0.38,48555
0.38,49072
0.38,49330
0.39,49551
0.40,49771
0.43,49776
0.43,50092
0.45,50883
0.48,51440
0.51,51524
4.22,51990
4.22,52390
4.27,52643
4.28,52686
4.29,52753
4.29,53485
4.30,53733
4.33,53852
4.34,54121
4.37,54698
4.38,54916
4.38,55506
4.39,55976
4.39,56315
4.40,56469
4.40,57305
4.41,57918
4.41,58724
4.43,58944
4.43,58950
4.44,59232
4.44,59400
4.44,60239
4.46,60380
4.46,60575
4.47,61067
4.47,61401
4.49,61955
4.50,62609
4.51,63235
4.51,63453
4.51,63899
4.55,64676
4.56,65430
4.56,65439
4.56,66279
4.56,66713
4.56,67354
4.60,67575
4.68,67766
4.68,68335
4.68,68419
4.74,68494
4.74,69206
4.76,69706
8.40,109399
8.40,109717
