0.00,0.0
0.00,1973
0.00,4623
0.00,6654
0.00,8366
0.00,9576
0.00,11535
0.00,11577
0.01,11748
0.01,11866
0.01,12003
0.01,12113
0.01,12132
0.01,12284
0.01,12408
0.02,12416
0.02,12517
0.02,12523
0.02,12675
0.02,12782
0.02,12900
0.03,12914
0.03,13017
0.03,13055
0.03,13255
0.03,13388
0.03,13504
0.03,13719
0.04,13799
0.04,13916
0.04,13918
0.05,14005
0.05,14012
0.06,14130
0.06,14240
0.06,14392
0.06,14497
0.06,14617
0.06,14713
0.07,14811
0.07,14918
0.08,15011
0.08,15112
0.08,15181
0.09,15305
0.10,15307
0.11,15365
0.11,15517
0.12,15618
0.12,15822
0.12,15982
0.12,15988
0.13,16116
0.14,16208
0.14,16261
0.14,16410
0.15,16511
0.17,16518
0.18,16616
0.18,16705
0.18,16812
0.18,16915
0.19,16919
0.19,16979
0.19,17109
0.19,17111
0.22,17136
0.22,17292
0.22,17396
0.23,17397
0.23,17517
0.23,17518
0.27,17595
0.27,17700
0.27,17710
0.28,17817
0.29,17904
0.29,17908
0.30,17918
3.41,17995
3.42,18019
3.42,18059
3.42,18219
3.49,18319
3.55,18393
3.55,18402
3.56,18507
3.59,18604
3.59,18709
3.60,18739
3.60,18889
3.60,18915
3.72,18954
3.72,19118
3.76,19219
3.76,19316
3.79,19409
3.79,19410
3.86,19418
4.00,19518
6.93,28633
6.93,28706
6.93,28790
