0.00,0.0
0.00,382
0.00,713
0.00,2772
0.00,4190
0.00,5171
0.00,6829
0.00,7746
0.00,9641
0.00,10616
0.00,11555
0.00,13639
0.00,14589
0.00,14857
0.00,16888
0.00,17890
0.00,18483
0.00,19205
0.00,19872
0.00,21645
0.01,22175
0.01,22614
0.01,23224
0.01,23802
0.01,24572
0.01,24893
0.02,25738
0.02,25956
0.02,26668
0.02,27228
0.02,28148
0.02,28892
0.02,29718
0.03,30415
0.03,31056
0.03,31472
0.03,31993
0.03,32708
0.04,33534
0.04,34207
0.04,34855
0.04,35504
0.04,36415
0.04,36678
0.04,36920
0.04,37361
0.04,37889
0.04,38171
0.05,38811
0.05,38891
0.06,38985
0.06,39119
0.07,39740
0.07,39787
0.07,39869
0.07,40518
0.07,40801
0.07,40852
0.08,40991
0.08,41257
0.08,41863
0.08,42281
0.09,42912
0.09,43224
0.09,43549
0.09,44212
0.09,44863
0.10,45619
0.10,45798
0.11,46068
0.11,46930
0.11,47775
0.11,48729
0.11,49283
0.12,49730
0.12,49931
0.12,49959
0.12,50212
0.12,50886
0.12,51462
0.12,51620
0.12,51650
0.13,52216
0.13,52541
0.13,52930
0.13,53909
0.13,54342
0.13,54480
0.13,55480
0.14,56172
0.14,56406
0.14,56786
0.14,57512
0.15,58243
0.15,58295
0.15,58462
0.15,58973
0.15,59456
0.15,59881
0.16,60567
0.17,60788
0.19,61233
0.19,61957
0.19,62428
0.19,62589
0.19,63339
0.19,63641
0.20,64598
0.21,64726
0.21,64874
0.21,65512
0.21,65953
0.21,66510
0.21,66513
0.21,66597
0.23,67121
0.24,67562
0.24,68346
0.24,68911
0.25,69336
0.26,69634
0.26,70484
0.27,71447
0.27,72069
0.27,72710
0.29,72819
0.30,73040
0.30,73045
0.30,73303
0.30,73525
0.30,74225
0.30,74417
0.30,74842
0.30,75110
0.32,75241
0.33,75892
0.33,76150
0.33,76844
0.33,77342
0.33,77842
0.34,78332
0.34,78874
0.34,79301
0.34,79796
0.35,79880
0.36,80263
0.36,80448
0.37,81336
0.37,81714
0.38,82204
0.38,82703
0.40,83327
0.40,84017
0.41,84079
0.42,84323
0.42,84908
0.42,85194
0.43,85476
0.43,86000
0.44,86349
0.44,87208
0.45,87361
0.46,87398
0.46,87524
0.47,88446
0.49,89216
0.49,89420
0.49,89818
0.50,90269
0.50,90812
0.50,91558
0.50,92354
0.51,92889
0.51,93108
0.51,93377
0.51,93546
0.51,93551
0.51,93872
0.52,94037
0.52,94173
0.52,94783
0.52,95178
0.52,95463
0.53,95884
0.53,96655
0.54,97428
0.54,98053
0.55,98921
0.56,98991
0.56,99910
0.56,100024
0.56,100342
0.56,100705
0.61,101318
0.62,102150
0.63,102934
0.66,103848
0.70,103899
0.82,104061
0.86,104093
0.86,104288
0.91,104335
0.91,104693
0.92,104696
0.94,104920
0.98,104955
0.98,105049
1.12,105133
1.34,105181
4.43,105626
4.43,105835
4.43,105912
4.43,106897
4.43,107296
4.43,107477
4.44,108243
4.45,108830
4.45,109666
4.45,110123
4.45,110825
4.46,111324
4.46,111401
4.47,112318
4.47,112772
4.48,113645
4.48,114197
4.52,114548
4.52,114666
4.52,114990
4.52,115295
4.52,115986
4.53,116087
4.53,116470
4.53,117445
4.53,118140
4.53,118472
4.54,118591
4.54,118674
4.54,119007
4.54,119099
4.55,119672
4.56,119843
4.56,120286
4.57,120529
4.57,121011
4.57,121485
4.57,121611
4.57,122017
4.57,122489
4.57,122816
4.58,123056
4.58,123485
4.60,123598
4.60,124034
4.60,124652
4.60,124660
4.60,125346
4.62,125418
4.62,126329
4.63,127294
4.63,127321
4.63,127800
4.64,128260
4.66,128798
4.66,129293
4.66,129620
4.66,130073
4.66,130074
4.66,130941
4.66,131166
4.67,131672
4.67,131699
4.69,131979
4.70,132181
4.70,132711
4.71,133008
4.71,133397
4.71,134305
4.71,135137
4.75,135500
4.79,135950
4.79,136819
4.79,137216
4.79,138170
4.80,138660
4.84,138711
4.85,139318
4.86,140232
4.86,141121
4.86,142073
4.87,142157
4.90,142281
4.97,142811
4.97,143029
5.13,143050
5.21,143085
5.22,143736
5.45,144013
8.65,275711
