0.00,0.0
0.00,1383
0.00,3468
0.00,5751
0.00,6321
0.00,7041
0.00,8336
0.00,9840
0.00,10898
0.00,12656
0.00,13860
0.00,15780
0.00,17461
0.00,19042
0.00,19926
0.00,20752
0.00,22016
0.00,24208
0.00,24795
0.00,26409
0.00,28091
0.00,29548
0.00,31604
0.00,33493
0.00,35163
0.00,36064
0.00,37488
0.00,39026
0.00,41364
0.00,42243
0.00,44533
0.00,46150
0.00,48642
0.01,49277
0.01,49593
0.01,49974
0.02,50550
0.02,50584
0.03,51244
0.03,52173
0.03,52872
0.03,53393
0.03,53942
0.03,54012
0.03,54652
0.04,55152
0.04,55925
0.05,56131
0.05,56640
0.06,57137
0.07,57956
0.07,58390
0.07,59068
0.07,59363
0.09,60068
0.09,60541
0.09,61329
0.09,61959
0.09,62155
0.09,62747
0.09,63251
0.10,64110
0.11,64293
0.11,64994
0.11,65776
0.11,65790
0.11,66501
0.11,66777
0.11,67318
0.11,67456
0.11,67554
0.11,68101
0.11,68203
0.12,68291
0.12,68656
0.12,69632
0.12,70576
0.12,70959
0.12,71178
0.12,72014
0.15,72592
0.15,72631
0.16,73262
0.17,73778
0.17,73865
0.17,74151
0.17,74342
0.18,74480
0.18,74689
0.18,75383
0.18,76242
0.19,76244
0.21,77174
0.21,77402
0.22,77531
0.23,78093
0.24,78314
0.26,78519
0.26,78993
0.26,79667
0.26,79912
0.27,80563
0.27,80791
0.27,81358
0.28,81485
0.28,81714
0.28,82132
0.29,82153
0.30,82934
0.30,83759
0.31,84097
0.37,84230
0.37,84790
0.37,85214
0.38,85411
0.38,85462
0.38,86019
0.38,86779
0.40,87001
0.40,87834
0.40,88325
0.40,89128
0.40,89212
0.42,89316
0.42,89853
0.43,90502
0.43,91135
0.43,91865
0.43,92694
0.44,93163
0.44,93496
0.44,93625
0.44,93746
0.45,94387
0.46,94569
0.46,94691
0.47,94965
0.47,95183
0.48,95232
0.48,95667
0.48,95996
0.49,96598
0.49,97382
0.51,98046
0.51,98390
0.51,98787
0.51,99045
0.53,99471
0.53,99595
0.54,100365
0.54,100672
0.55,101042
0.55,101530
0.55,102157
0.59,102805
0.60,103035
0.60,103779
0.60,104294
0.60,105271
0.60,105980
0.60,106019
0.60,106180
0.60,106563
0.61,106985
0.61,107032
0.61,107809
0.62,108697
0.62,109346
0.65,109939
0.65,110411
0.65,111379
0.66,112012
0.66,112997
0.66,113375
0.66,113923
0.70,114581
0.74,115267
0.75,115535
0.77,116134
0.77,116877
0.78,117086
0.79,118033
0.79,118935
0.79,119806
0.79,119809
0.80,120526
0.80,121432
0.80,121730
0.81,122284
0.82,122803
0.83,123177
0.83,123212
0.86,123378
0.91,124296
0.91,124656
0.91,125472
0.91,126434
0.91,126537
0.94,126888
0.94,127430
0.94,127505
0.94,127555
0.94,128329
0.94,129234
0.95,129360
0.95,129860
0.95,130228
0.95,130350
0.97,130356
0.97,130661
0.97,130695
0.97,131199
0.97,131398
0.98,131893
1.01,131977
1.04,131979
1.04,132762
1.04,133208
1.07,133495
1.08,133729
1.08,134559
1.08,135027
1.08,135665
1.08,135757
1.10,136435
1.10,136631
1.21,136777
1.23,137517
1.32,137790
1.35,137918
1.48,138488
1.48,139313
1.48,139478
1.58,140098
1.72,140101
1.76,140535
1.76,141145
1.77,141691
1.77,142610
1.78,142877
1.79,143460
5.10,143967
5.11,144737
5.11,145485
5.12,145506
5.12,146368
5.12,147288
5.12,147407
5.12,147715
5.12,148222
5.12,148862
5.13,149627
5.13,150367
5.13,151265
5.13,151507
5.13,151721
5.14,152558
5.14,152824
5.14,153281
5.14,154131
5.14,155115
5.14,155751
5.14,156232
5.14,156727
5.18,157097
5.20,157742
5.22,157858
5.22,158145
5.22,158209
5.23,158545
5.27,159028
5.27,159637
5.27,159782
5.27,160236
5.28,160296
5.30,160884
5.30,161599
5.30,162042
5.32,162078
5.40,162083
5.40,162197
5.45,162479
5.45,162504
5.45,163447
5.46,163756
5.46,163885
5.46,164042
5.46,164186
5.46,164674
5.47,165334
5.47,165693
5.47,166604
5.47,167324
5.48,168007
5.49,168378
5.51,169090
5.52,169098
5.52,169653
5.52,170162
5.54,170218
5.54,170592
5.54,171013
5.54,171016
5.54,171986
5.54,172664
5.54,172926
5.55,173825
5.55,174020
5.57,174911
5.57,175600
5.58,175800
5.58,176068
5.62,176179
5.62,176445
5.68,176605
5.69,176672
5.75,177244
5.75,178018
5.75,178544
5.76,179379
5.76,179896
5.76,179947
5.76,180671
5.79,181076
5.79,181990
5.88,182518
5.89,182724
5.92,183295
5.92,183838
5.93,184449
5.96,184790
5.97,184811
6.67,185149
7.07,185682
10.27,563136
10.27,563276
