0.00,0.0
0.00,2159
0.00,2667
0.00,3810
0.00,4721
0.00,6259
0.00,7733
0.00,9315
0.00,10840
0.00,11019
0.00,11818
0.00,14235
0.00,15951
0.00,16289
0.00,18036
0.00,19090
0.00,20307
0.00,22945
0.00,23684
0.00,24861
0.01,24987
0.01,25087
0.01,25095
0.03,25163
0.03,25164
0.03,25165
0.03,25256
0.03,25269
0.04,25338
0.11,25427
0.11,25432
0.12,25470
0.12,25527
0.13,25528
0.13,25768
0.13,25769
0.13,25850
0.13,25890
0.17,25898
0.17,25977
0.17,25978
0.25,25998
0.25,26167
0.25,26323
0.25,26376
0.26,26433
0.26,26586
0.26,26637
0.28,26655
0.30,26747
0.31,26772
0.34,26781
0.35,26847
0.35,26918
0.36,26958
0.40,26967
0.45,26972
0.52,27029
0.60,27040
0.61,27041
0.61,27076
0.61,27077
0.61,27104
0.62,27231
0.62,27232
0.62,27290
0.63,27294
0.63,27305
0.63,27306
0.72,27353
0.72,27354
0.73,27390
0.73,27509
0.74,27555
0.76,27611
0.77,27737
0.78,27754
0.81,27809
0.82,27842
0.83,27843
0.86,27855
0.86,27856
0.87,27910
0.88,27911
0.89,27912
0.89,27964
0.91,28020
0.92,28026
0.95,28042
0.96,28110
0.99,28111
1.10,28142
1.11,28149
1.14,28163
1.14,28197
1.15,28198
1.16,28199
1.17,28254
1.20,28267
1.23,28307
1.24,28363
1.28,28365
1.31,28381
1.41,28488
1.43,28576
1.43,28577
1.45,28586
1.46,28626
1.49,28691
1.50,28766
1.51,28767
1.52,28772
1.52,28773
1.61,28859
1.63,28860
1.69,28861
1.73,28922
1.75,28929
1.78,28950
1.80,29014
1.81,29041
1.84,29151
1.98,29170
2.11,29171
2.36,29172
2.76,29199
2.94,29200
6.29,29236
6.31,29237
6.31,29238
6.35,29293
6.36,29308
6.38,29353
6.39,29440
6.40,29531
6.44,29550
6.44,29551
6.45,29552
6.45,29553
6.46,29652
6.49,29656
6.51,29696
6.53,29697
6.58,29758
6.60,29875
6.61,29876
6.61,29912
6.68,29994
6.69,30049
6.70,30050
6.71,30060
6.73,30068
6.73,30069
6.74,30070
6.75,30071
6.88,30072
6.89,30140
6.97,30180
7.05,30192
7.06,30193
7.31,30194
7.34,30254
7.63,30255
7.96,30272
10.45,44169
