0.00,0.0
0.00,230
0.00,2184
0.00,3886
0.00,4513
0.00,6548
0.00,6954
0.01,7603
0.01,8103
0.01,8760
0.01,9667
0.01,9909
0.01,10750
0.01,10968
0.03,11787
0.03,12557
0.03,12986
0.03,13837
0.03,14314
0.03,14845
0.03,15446
0.05,15836
0.05,16536
0.05,17534
0.05,17787
0.05,18511
0.05,18874
0.06,19553
0.06,19880
0.06,20628
0.06,20823
0.07,21361
0.07,22313
0.07,23046
0.09,23321
0.10,23610
0.10,24179
0.10,24613
0.10,24810
0.11,25808
0.13,26141
0.13,26935
0.14,27104
0.14,27112
0.18,27471
0.18,28259
0.18,28455
0.19,29207
0.19,29402
0.20,29573
0.20,30404
0.22,30471
0.22,30587
0.23,30869
0.28,31285
0.29,31387
0.29,31861
0.29,32617
0.30,33236
0.31,34098
0.34,34744
3.33,34971
3.33,35073
3.38,35128
3.38,35959
3.38,36250
3.44,36560
3.44,36778
3.44,37488
3.44,38030
3.44,38057
3.44,38480
3.44,38782
3.48,39020
3.49,39119
3.51,39221
6.48,53920
