0.00,0.0
0.00,1319
0.00,2896
0.00,3994
0.00,4984
0.00,6970
0.00,9022
0.00,9600
0.01,10277
0.01,10777
0.01,11761
0.01,12450
0.02,12671
0.03,12747
0.03,13268
0.03,13521
0.03,13826
0.03,14007
0.03,14777
0.03,15628
0.03,16105
0.03,16974
0.03,17615
0.03,17624
0.04,18132
0.04,18309
0.04,19041
0.05,19767
0.05,20497
0.05,20625
0.05,21531
0.05,21642
0.05,22320
0.05,22564
0.05,22643
0.05,23237
0.05,23454
0.05,23575
0.06,24099
0.06,24653
0.06,24967
0.06,25366
0.06,25421
0.06,26205
0.06,27005
0.06,27299
0.06,27948
0.06,28611
0.07,29487
0.07,29566
0.07,30314
0.07,30511
0.07,30679
0.07,31095
0.07,31490
0.11,31919
0.11,31937
0.11,32516
0.11,32598
0.11,33167
0.11,33715
0.11,34161
0.14,34438
0.14,34641
0.14,34860
0.14,35405
0.14,36336
0.15,36363
0.15,37033
0.16,37788
0.19,37823
0.19,38388
0.20,39092
0.20,39710
0.20,39917
0.20,40776
0.20,41443
0.20,42329
0.21,42724
0.21,43499
0.21,44446
0.22,44822
0.23,44948
0.23,45718
0.24,45790
0.24,45985
0.25,46230
0.25,47132
0.25,47696
0.25,48607
0.26,49171
0.26,49346
0.26,50070
0.26,50253
0.26,50335
0.27,51052
0.27,51609
0.27,51746
0.27,52458
0.27,52560
0.27,53330
0.28,53586
0.28,54112
0.28,54333
0.28,55067
0.28,55720
0.29,55959
0.32,56425
0.34,56452
0.36,56507
0.37,56658
0.39,57241
0.40,57942
0.41,58380
0.41,58407
0.41,59155
0.42,59297
0.45,59860
0.45,60081
0.75,60109
3.63,60248
3.77,60705
3.77,61148
3.78,61160
3.88,61302
3.93,61490
3.93,62278
3.94,62550
4.01,62860
4.07,62959
4.11,63533
4.11,63654
4.15,64221
4.16,65120
4.16,65315
4.16,65872
4.28,65956
7.84,109759
7.84,109934
