0.00,0.0
0.00,1355
0.00,3277
0.00,5430
0.00,6597
0.00,8001
0.00,9279
0.00,10147
0.00,10725
0.00,11290
0.01,11992
0.01,12076
0.01,12630
0.02,12667
0.02,13299
0.02,13396
0.02,13873
0.02,14603
0.02,14726
0.02,14878
0.02,14887
0.03,15417
0.03,15780
0.04,16515
0.04,16570
0.04,17330
0.04,17789
0.04,18678
0.05,19117
0.05,20048
0.05,20282
0.05,20477
0.06,20735
0.06,21496
0.06,22355
0.08,23174
0.08,23792
0.08,23797
0.08,24668
0.08,24889
0.08,25601
0.08,26330
0.08,26833
0.08,27177
0.09,27677
0.12,27746
0.12,28300
0.13,28333
0.13,28614
0.13,29018
0.13,29297
0.13,29629
0.13,30212
0.14,31210
0.14,31656
0.14,32482
0.15,32973
0.15,33150
0.16,33659
0.17,33686
0.17,34143
0.17,34792
0.17,35746
0.18,36201
0.18,36467
0.18,37366
0.18,37458
0.18,37599
0.18,38390
0.19,38614
0.19,38847
0.19,39536
0.19,39922
0.19,40133
0.20,40354
0.20,40372
0.20,40941
0.21,41537
0.23,41608
0.23,42039
0.24,42503
0.24,42631
0.24,42667
0.25,43074
0.25,43638
0.25,43764
0.27,43873
0.27,44759
0.27,44932
0.28,45648
0.28,45930
0.28,46151
0.30,46851
0.31,47220
0.32,47441
0.32,47594
0.32,48260
0.33,48287
0.34,48880
0.34,49075
0.35,49461
0.35,49732
0.35,50691
0.36,51640
0.36,52551
0.37,53101
0.38,53137
0.38,53221
0.40,53908
0.40,54428
0.40,54905
0.40,55401
0.40,56153
0.40,57075
0.43,57895
0.44,58160
0.51,58351
0.91,58633
4.63,58662
4.63,59256
4.63,60053
4.63,60598
4.63,61071
4.64,61194
4.66,61336
4.67,61496
4.68,61579
4.68,61705
4.69,61987
4.70,62176
4.70,62569
4.72,62598
4.75,62764
4.79,62802
4.81,63074
4.84,63269
4.87,63790
4.87,63918
4.91,64129
5.07,64289
9.08,109922
