0.00,0.0
0.00,1819
0.00,4248
0.00,6053
0.00,7321
0.00,8269
0.00,9044
0.00,10614
0.13,10630
0.13,10631
0.16,10637
0.16,10698
0.17,10771
0.25,10795
0.25,10928
0.25,10930
0.25,10979
0.25,10980
0.25,10997
0.30,11006
0.30,11068
0.31,11140
0.31,11181
0.32,11236
0.33,11267
0.36,11311
0.36,11312
0.36,11382
0.61,11402
0.61,11442
0.62,11445
0.63,11635
0.64,11775
0.64,11799
0.65,11831
0.66,11898
0.68,11940
0.69,11958
0.89,11959
0.90,11960
0.92,12000
0.95,12052
0.98,12194
1.05,12251
1.07,12252
1.07,12398
1.13,12567
1.21,12568
1.21,12569
1.23,12571
1.24,12583
1.32,12602
1.33,12625
1.36,12626
1.51,12627
1.51,12628
1.66,12629
8.67,17856
