0.00,0.0
0.00,2101
0.00,4845
0.00,5953
0.00,8210
0.00,10580
0.00,13280
0.00,14680
0.00,16540
0.00,18258
0.00,19672
0.00,21170
0.00,22053
0.00,23718
0.00,25177
0.00,26721
0.00,28918
0.00,30863
0.00,33594
0.00,35488
0.00,36522
0.00,37994
0.00,40150
0.00,41825
0.00,42889
0.01,45003
0.01,48035
0.01,49607
0.01,51672
0.01,53913
0.01,55883
0.01,57664
0.01,58730
0.02,59006
0.02,59127
0.02,59241
0.02,59470
0.02,59580
0.03,59708
0.03,59913
0.06,59977
0.06,60095
0.06,60205
0.07,60255
0.07,60413
0.10,60589
0.10,60808
0.11,60911
0.13,61013
0.14,61119
0.24,61176
0.24,61282
0.24,61388
0.24,61536
0.25,61685
0.26,61714
0.26,61815
0.28,62114
0.29,62278
0.30,62402
0.30,62517
0.33,62522
0.33,62682
0.34,62816
0.35,62917
0.36,63019
0.42,63099
0.43,63204
0.45,63307
0.46,63310
0.48,63416
0.49,63417
0.54,63509
0.54,63703
0.54,63807
0.55,63913
0.56,64017
0.56,64029
0.57,64138
0.57,64273
0.57,64296
0.58,64417
0.61,64518
0.71,64619
0.72,64689
0.73,64794
0.73,64895
0.73,65015
0.74,65017
0.75,65055
0.75,65200
0.75,65319
0.76,65617
0.78,65663
0.79,65817
0.88,65909
0.88,65916
0.94,65919
0.96,66017
0.97,66019
0.99,66106
1.00,66207
1.01,66208
1.04,66260
1.05,66296
1.05,66412
1.06,66463
1.06,66616
1.06,66638
1.06,66777
1.07,66904
1.07,67013
1.09,67101
1.09,67207
1.10,67241
1.11,67286
1.11,67409
1.11,67417
1.17,67518
1.18,67613
1.19,67718
1.22,67819
1.26,67878
1.27,67994
1.27,68109
1.27,68209
1.28,68310
1.28,68414
1.29,68515
1.29,68527
1.30,68683
1.30,68808
1.32,68917
1.33,69019
1.35,69103
1.36,69214
1.39,69216
1.50,69317
1.54,69412
1.57,69419
1.78,69495
1.78,69605
1.79,69707
1.80,69812
1.81,69895
1.82,70018
1.89,70119
2.00,70215
2.02,70299
2.07,70414
2.11,70518
2.21,70607
2.26,70702
2.33,70809
2.34,70915
2.35,71019
2.50,71116
2.95,71119
3.03,71217
3.10,71319
9.59,71331
9.59,71510
9.59,71611
9.61,71635
9.61,71806
9.66,71908
9.67,71910
9.69,72015
9.78,72108
9.78,72184
9.78,72201
9.79,72262
9.79,72374
9.79,72389
9.80,72395
9.81,72401
9.82,72489
9.82,72606
9.83,72717
9.90,72817
9.91,72831
9.91,72974
9.91,73083
9.92,73118
9.93,73177
9.93,73279
9.93,73407
9.95,73416
9.96,73503
9.97,73511
9.97,73612
9.98,73713
9.99,73818
10.02,73917
10.03,73919
10.03,74004
10.04,74113
10.04,74188
10.04,74193
10.04,74313
10.05,74388
10.06,74469
10.06,74616
10.07,74698
10.08,74806
10.50,74808
10.60,74912
10.60,75011
10.60,75116
10.63,75218
10.65,75316
10.68,75377
10.68,75505
10.70,75616
10.77,75715
10.83,75817
10.83,75918
10.84,76014
10.86,76019
11.08,76113
11.09,76215
11.21,76319
11.36,76416
11.50,76418
11.69,76518
11.97,76619
18.07,146752
18.07,146806
