0.00,0.0
0.00,1327
0.00,3458
0.00,5427
0.00,6770
0.00,7799
0.00,9063
0.00,10927
0.00,11970
0.00,14494
0.00,15150
0.00,17100
0.00,18036
0.00,19189
0.00,19762
0.00,20727
0.00,22848
0.00,24547
0.00,26311
0.00,27269
0.00,28920
0.00,30175
0.00,31115
0.00,32545
0.00,33945
0.00,34836
0.00,37237
0.00,37907
0.00,39485
0.00,40825
0.00,41570
0.00,42671
0.00,43613
0.00,45046
0.00,46283
0.00,47559
0.00,48966
0.00,49646
0.01,49764
0.01,49814
0.01,49911
0.04,49924
0.04,49932
0.04,49972
0.04,49973
0.06,49987
0.08,50016
0.08,50026
0.08,50093
0.10,50159
0.10,50275
0.12,50345
0.13,50433
0.13,50508
0.13,50607
0.13,50716
0.14,50727
0.14,50839
0.15,50969
0.15,51068
0.15,51121
0.15,51229
0.16,51230
0.16,51268
0.16,51359
0.16,51584
0.29,51593
0.29,51662
0.33,51681
0.33,51850
0.34,51851
0.46,51866
0.46,51867
0.46,51953
0.47,51955
0.74,51963
0.74,51964
0.75,52004
0.76,52114
0.76,52142
0.77,52239
0.77,52288
0.78,52397
0.78,52428
0.79,52429
0.83,52464
0.84,52521
0.92,52562
0.92,52618
0.93,52653
0.99,52721
1.05,52723
1.33,52809
1.33,52952
1.40,52991
1.40,52992
1.41,52997
1.41,53045
1.42,53106
1.42,53178
1.42,53179
1.49,53197
1.49,53337
1.52,53399
1.64,53457
1.64,53511
1.65,53582
1.65,53667
1.66,53749
1.67,53799
1.67,53828
1.67,53889
1.68,53978
1.68,54088
1.69,54089
1.70,54135
1.70,54136
1.70,54169
1.74,54171
1.75,54172
1.76,54218
1.77,54248
1.79,54307
1.79,54335
1.80,54369
1.81,54370
1.85,54446
1.85,54447
1.86,54553
1.86,54639
1.86,54640
1.87,54708
1.90,54714
1.90,54793
1.91,54809
1.92,54821
1.96,54900
2.02,54901
2.02,54993
2.06,55018
2.11,55043
2.13,55044
2.17,55142
2.23,55214
2.26,55237
2.27,55255
2.27,55324
2.33,55367
2.33,55368
2.42,55399
2.43,55468
2.44,55469
2.45,55470
2.48,55609
2.51,55689
2.55,55753
2.55,55801
2.55,55802
2.58,55894
2.61,55932
2.65,55994
2.66,55995
2.66,55996
2.67,55997
2.67,55998
2.67,56100
2.72,56122
2.72,56195
2.73,56196
2.78,56217
2.78,56299
2.91,56300
3.13,56376
3.13,56384
3.17,56388
3.17,56556
3.17,56613
3.21,56646
3.23,56712
3.29,56741
3.56,56742
3.58,56743
3.63,56747
3.71,56748
3.71,56749
3.73,56750
3.96,56770
3.97,56771
3.99,56772
7.01,56794
8.85,56815
8.86,56828
8.86,56829
8.87,56965
8.88,57064
8.89,57169
8.91,57234
8.92,57266
8.92,57352
8.93,57353
8.96,57354
8.99,57379
9.00,57380
9.01,57381
9.04,57399
9.13,57432
9.18,57459
9.22,57460
9.30,57478
9.35,57540
9.37,57651
9.41,57660
9.46,57661
9.59,57709
9.60,57710
9.60,57711
9.64,57712
9.70,57729
9.99,57730
10.06,57731
12.24,90145
12.24,90146
12.24,90147
