0.00,0.0
0.00,2034
0.00,3952
0.00,6309
0.00,8726
0.00,11257
0.00,11390
0.00,11442
0.00,11575
0.00,11694
0.01,11810
0.01,11818
0.01,11826
0.01,12004
0.01,12114
0.02,12171
0.02,12278
0.02,12414
0.02,12534
0.02,12609
0.02,12719
0.04,12807
0.04,12906
0.04,13017
0.06,13118
0.06,13119
0.06,13226
0.06,13377
0.06,13494
0.07,13599
0.07,13707
0.07,13817
0.09,13907
0.10,14011
0.11,14088
0.12,14219
0.13,14307
0.14,14316
0.23,14415
0.27,14475
0.28,14576
0.28,14692
0.28,14806
0.28,14816
0.28,14817
0.31,14889
0.31,15011
0.33,15107
0.33,15108
0.34,15206
0.35,15314
0.35,15319
0.45,15413
0.48,15419
0.48,15500
0.49,15610
0.49,15717
0.54,15814
0.55,15911
0.58,16014
0.58,16117
3.42,16119
3.44,16188
3.44,16303
3.45,16314
3.45,16386
3.45,16516
3.45,16563
3.46,16686
3.46,16819
3.46,16837
3.46,17003
3.47,17013
3.47,17018
3.64,17115
3.67,17119
3.69,17207
3.70,17302
3.71,17315
3.71,17418
3.71,17509
3.72,17513
3.81,17516
3.83,17609
3.84,17718
3.89,17817
3.90,17908
3.92,17977
3.92,18106
3.94,18213
3.94,18319
3.99,18412
6.98,28719
