0.00,0.0
0.00,1776
0.00,3804
0.00,5090
0.00,6533
0.00,8511
0.00,8862
0.00,9711
0.00,12103
0.00,13163
0.00,15597
0.00,16614
0.00,17797
0.00,19903
0.00,20938
0.00,22419
0.00,23422
0.00,25083
0.00,27467
0.00,28528
0.00,30692
0.00,31845
0.00,33550
0.00,35654
0.00,38038
0.00,38924
0.00,39690
0.00,40463
0.00,42467
0.00,43557
0.00,45022
0.00,46520
0.01,47168
0.01,47649
0.01,47658
0.02,47782
0.02,48433
0.02,48928
0.03,48975
0.03,49237
0.04,49588
0.04,49598
0.05,50395
0.05,50763
0.05,51260
0.06,51724
0.06,52695
0.06,53539
0.06,54157
0.06,55028
0.06,55610
0.07,55816
0.09,56027
0.09,56546
0.10,56671
0.10,57260
0.10,57815
0.15,57853
0.15,58718
0.15,59488
0.15,59514
0.15,59929
0.15,60828
0.15,61735
0.16,61801
0.16,61923
0.17,62229
0.18,62689
0.20,62769
0.21,62869
0.21,63073
0.21,63360
0.22,63487
0.22,63615
0.22,63867
0.22,64113
0.23,64160
0.23,64750
0.23,65439
0.24,66048
0.24,66459
0.24,66617
0.25,67102
0.25,67919
0.25,68689
0.26,69012
0.26,69545
0.27,70140
0.27,70538
0.27,70543
0.32,71107
0.33,72091
0.33,72220
0.35,72567
0.35,73230
0.35,73689
0.35,74113
0.35,74721
0.36,75605
0.36,76068
0.36,76098
0.36,76708
0.36,77015
0.37,77985
0.37,78577
0.37,79004
0.37,79549
0.38,80183
0.38,81181
0.40,81232
0.40,81522
0.40,81851
0.40,82119
0.40,82782
0.41,83334
0.41,83759
0.41,84275
0.41,84746
0.44,85552
0.44,85786
0.46,86159
0.46,86706
0.46,87453
0.46,88001
0.47,88131
0.47,88248
0.47,88516
0.47,88985
0.48,89651
0.49,90173
0.49,90181
0.49,90965
0.50,91354
0.52,91653
0.52,92373
0.53,93247
0.53,93256
0.55,93746
0.55,93768
0.55,94276
0.59,94630
0.59,95354
0.62,95547
0.63,95766
0.63,95801
0.63,96087
0.63,96595
0.64,97567
0.72,98103
0.75,98263
0.76,98746
0.77,98923
0.77,99700
0.80,100623
0.80,101262
0.81,101913
0.83,102544
0.85,102977
0.85,103516
0.85,103695
0.87,104446
0.87,105393
0.87,105910
0.87,106301
0.88,106352
0.89,106749
0.89,107332
0.90,107894
0.92,108136
0.92,108448
0.92,109240
0.96,109835
0.96,110076
0.96,110234
0.96,110939
1.06,111917
1.06,111937
1.06,112123
1.06,112230
1.08,112673
1.08,113102
1.09,113952
1.09,114190
1.10,114699
1.11,115220
1.14,115494
1.21,115926
1.25,116726
1.25,116777
1.25,117166
1.25,118138
1.25,119037
1.25,119994
1.29,120228
1.33,120771
1.33,120833
1.33,121646
1.33,122254
1.33,122881
1.33,123596
1.37,123671
1.37,123750
1.37,124531
1.40,124829
1.40,125512
1.52,126163
1.68,127009
1.73,127509
1.74,127704
2.03,127735
5.20,128214
5.20,128856
5.21,129583
5.22,130357
5.23,131036
5.23,131365
5.23,131609
5.23,132149
5.24,132692
5.24,132837
5.24,133088
5.24,133729
5.25,134025
5.25,134466
5.25,134687
5.25,135258
5.25,135327
5.25,136105
5.25,136660
5.26,137480
5.26,137526
5.27,137728
5.27,138543
5.27,138825
5.27,139616
5.28,140359
5.28,141082
5.29,141602
5.29,141750
5.29,142711
5.30,143037
5.31,143243
5.31,144071
5.31,144982
5.31,145200
5.31,145205
5.32,145866
5.32,146599
5.32,146620
5.33,146774
5.33,147247
5.33,148146
5.33,148341
5.34,148580
5.34,148987
5.34,149958
5.34,150816
5.34,151318
5.34,151656
5.34,151953
5.35,152353
5.35,152400
5.36,152488
5.36,152918
5.36,153787
5.36,154372
5.36,155132
5.36,156063
5.36,156734
5.37,157388
5.38,157683
5.38,158266
5.38,158827
5.40,159042
5.41,159106
5.42,159168
5.42,159274
5.42,160148
5.42,160893
5.44,160922
5.44,161564
5.44,161774
5.44,162506
5.44,163268
5.45,163783
5.45,164746
5.46,164780
5.48,164979
5.48,165591
5.48,166197
5.48,166957
5.48,167917
5.49,168321
5.49,168641
5.49,168873
5.50,169211
5.50,169889
5.51,169995
5.52,170176
5.52,170603
5.53,170844
5.53,170926
5.54,171407
5.54,172273
5.58,172679
5.58,173225
5.59,173412
5.59,173577
5.59,174545
5.59,175108
5.60,175786
5.64,175957
5.64,176407
5.64,177196
5.64,177753
5.64,178069
5.65,178195
5.67,178287
5.70,178395
5.70,178422
5.70,179404
5.72,179629
5.72,179713
5.77,180167
5.78,180246
5.79,180620
5.94,180841
5.94,181059
5.94,181230
5.95,182220
6.02,182744
6.02,183314
6.02,184273
6.03,184685
6.03,185032
6.03,185814
6.03,186033
6.04,186259
6.40,186862
6.41,186896
6.43,186899
6.50,187775
10.31,562591
10.31,562593
