0.00,0.0
0.00,1566
0.00,3130
0.00,5160
0.00,7593
0.00,9193
0.00,10767
0.00,13218
0.00,15122
0.00,16420
0.00,18481
0.00,20000
0.00,20430
0.00,22206
0.00,24398
0.00,26088
0.00,27451
0.00,29164
0.00,30181
0.00,31853
0.00,33922
0.00,35453
0.00,37176
0.00,38831
0.00,40017
0.00,41877
0.00,43977
0.00,45706
0.00,47207
0.00,47886
0.00,49822
0.00,52025
0.00,53632
0.00,54747
0.00,56591
0.00,59048
0.00,60141
0.01,60243
0.01,60503
0.01,60593
0.02,60703
0.02,60807
0.02,60908
0.02,60969
0.02,61104
0.03,61219
0.03,61292
0.04,61412
0.04,61505
0.05,61606
0.05,61718
0.05,61812
0.06,61912
0.06,62014
0.07,62116
0.07,62167
0.07,62297
0.07,62318
0.09,62412
0.09,62516
0.10,62602
0.10,62767
0.10,62793
0.10,62913
0.11,63014
0.12,63102
0.12,63207
0.13,63312
0.13,63417
0.13,63478
0.13,63587
0.13,63698
0.14,63803
0.14,63906
0.14,64009
0.15,64105
0.15,64217
0.16,64312
0.18,64409
0.18,64510
0.19,64583
0.19,64694
0.21,64698
0.21,64805
0.22,64917
0.23,65018
0.23,65160
0.24,65309
0.25,65419
0.28,65428
0.28,65578
0.28,65694
0.28,65803
0.28,65906
0.28,66019
0.29,66065
0.29,66197
0.29,66303
0.29,66419
0.30,66492
0.31,66516
0.32,66560
0.32,66709
0.33,66813
0.34,66906
0.36,67009
0.36,67012
0.36,67118
0.37,67214
0.38,67218
0.38,67251
0.38,67377
0.38,67382
0.39,67519
0.39,67612
0.40,67704
0.40,67806
0.40,67914
0.41,67915
0.42,68019
0.43,68095
0.43,68199
0.44,68306
0.45,68413
0.45,68519
0.49,68616
0.52,68716
0.52,68818
0.55,68915
0.56,68976
0.57,69092
0.58,69110
0.58,69219
0.63,69318
0.73,69418
0.75,69515
0.80,69614
0.81,69714
0.83,69809
0.84,69912
0.86,70003
0.87,70110
0.87,70117
0.99,70217
1.08,70319
1.20,70347
1.20,70474
1.20,70601
1.20,70708
1.21,70811
1.22,70817
1.24,70818
1.33,70819
1.68,70887
1.68,70996
1.69,71119
5.25,71207
5.25,71316
5.25,71371
5.25,71472
5.25,71596
5.26,71698
5.26,71703
5.26,71823
5.26,71969
5.26,72090
5.26,72205
5.26,72306
5.27,72333
5.27,72605
5.28,72759
5.28,72906
5.29,73018
5.31,73098
5.31,73193
5.31,73199
5.31,73312
5.35,73417
5.37,73448
5.37,73615
5.37,73617
5.38,73715
5.44,73719
5.44,73804
5.45,73809
5.46,73880
5.46,73997
5.46,73998
5.46,74131
5.46,74285
5.46,74386
5.46,74516
5.46,74606
5.48,74687
5.48,74716
5.51,74798
5.51,74913
5.55,74917
5.63,75013
5.65,75112
6.06,75117
6.09,75119
6.19,75211
6.20,75314
6.29,75418
6.33,75513
6.33,75619
9.46,146727
