0.00,0.0
0.00,1182
0.00,2475
0.00,5053
0.00,6869
0.00,8364
0.00,10172
0.00,11406
0.00,11485
0.00,12252
0.00,12361
0.01,12555
0.01,12670
0.01,12777
0.01,12917
0.01,12980
0.01,13088
0.02,13198
0.02,13308
0.02,13374
0.02,13493
0.02,13515
0.03,13618
0.03,13795
0.03,13909
0.04,13958
0.04,14113
0.04,14276
0.04,14413
0.04,14510
0.06,14659
0.06,14691
0.06,14810
0.06,14877
0.06,15002
0.07,15014
0.08,15118
0.09,15250
0.09,15411
0.10,15497
0.10,15617
0.11,15698
0.11,15818
0.12,15900
0.12,16003
0.12,16119
0.19,16187
0.21,16314
0.21,16393
0.21,16410
0.21,16515
0.22,16616
0.25,16687
0.25,16815
0.25,16893
0.26,16908
0.27,17009
0.28,17119
0.30,17165
0.30,17285
0.30,17314
0.31,17399
0.32,17416
0.33,17470
0.33,17603
0.33,17690
0.34,17789
0.34,17798
0.36,17813
0.36,17918
0.37,17974
0.37,18001
0.37,18110
0.38,18206
0.38,18208
0.40,18319
4.66,18405
4.66,18419
4.67,18516
4.68,18579
4.68,18618
4.68,18702
4.68,18806
4.69,18899
4.69,19014
4.69,19019
4.71,19108
4.71,19115
4.72,19211
4.74,19310
4.75,19318
4.78,19419
4.87,19505
4.89,19619
4.90,19699
4.91,19802
4.94,19903
4.96,19914
5.14,20016
8.61,28669
8.61,28909
