0.00,0.0
0.00,1748
0.00,3150
0.00,3267
0.01,3395
0.02,4170
0.02,4457
0.02,5026
0.02,5446
0.02,6334
0.02,6876
0.02,7285
0.02,7994
0.02,8764
0.02,9672
0.02,9985
0.02,10180
0.03,10950
0.03,11342
0.03,12042
0.03,12678
0.03,12742
0.03,12868
0.04,13135
0.04,13554
0.05,13734
0.05,14191
0.06,14467
0.06,15191
0.07,15982
0.09,16470
0.10,16559
0.10,16672
0.10,17583
0.10,18351
0.14,18577
0.14,19240
0.14,19686
0.16,20018
0.16,20023
0.16,20305
0.18,20563
0.22,20822
0.23,20952
0.25,21203
0.25,21331
0.26,21843
0.27,22038
3.03,22423
3.04,22799
5.97,27945
