0.00,0.0
0.00,932
0.00,1481
0.00,3333
0.00,4922
0.00,6586
0.00,8229
0.00,9796
0.00,10802
0.00,10928
0.00,11043
0.01,11449
0.01,12090
0.01,12769
0.01,13568
0.01,14213
0.01,14862
0.01,15819
0.02,16178
0.02,16373
0.02,16772
0.02,17461
0.03,17548
0.03,17815
0.03,18210
0.03,19132
0.03,19933
0.03,20154
0.05,20239
0.05,20484
0.05,20711
0.05,21360
0.05,21623
0.06,21631
0.06,22297
0.06,23088
0.06,23645
0.06,23689
0.07,24188
0.07,24408
0.07,25054
0.07,25199
0.07,25443
0.07,26109
0.07,27015
0.07,27077
0.07,27295
0.07,27423
0.07,27960
0.07,27987
0.07,28182
0.07,28519
0.08,29064
0.08,29296
0.08,29524
0.09,29859
0.09,30191
0.09,30473
0.10,30493
0.10,31312
0.10,31399
0.11,31623
0.11,31838
0.11,31940
0.11,32798
0.11,33439
0.12,33869
0.12,34433
0.12,35165
0.12,35618
0.12,36215
0.13,36321
0.13,37045
0.14,37599
0.14,37683
0.15,37716
0.15,37995
0.16,38288
0.16,38770
0.16,39465
0.16,39640
0.16,40062
0.16,40491
0.17,40946
0.17,41510
0.18,42177
0.18,42578
0.19,43466
0.19,44464
0.19,44981
0.19,45751
0.21,46208
0.22,46298
0.23,46762
0.23,47208
0.25,47485
0.25,48215
0.25,48433
0.25,49392
0.25,50206
0.28,50488
0.30,50525
0.33,50760
0.35,51413
0.36,51904
0.38,52784
0.38,53241
0.39,53369
0.40,53453
0.51,53849
0.51,54833
0.51,55115
0.55,55364
2.99,55483
2.99,56207
2.99,57167
2.99,57776
3.03,58188
3.03,58395
3.04,58409
3.04,58610
3.05,58828
3.07,59379
3.10,59910
3.10,60561
3.10,60938
3.12,60963
3.12,61127
3.12,62070
3.12,62754
3.12,63274
3.13,64065
3.13,64085
3.14,64673
3.14,64891
3.15,65182
3.15,65611
3.21,66313
3.21,66405
3.24,66530
3.24,67318
3.29,67344
3.32,67735
3.32,68165
5.78,109344
