0.00,0.0
0.00,2174
0.00,3640
0.00,6393
0.00,8496
0.00,9619
0.00,10698
0.00,12580
0.00,13943
0.00,16438
0.00,18552
0.00,20251
0.00,22335
0.00,24590
0.00,26672
0.00,29134
0.00,31431
0.00,33221
0.00,35033
0.00,35689
0.00,37693
0.00,39996
0.00,42092
0.00,43702
0.00,46252
0.00,48499
0.00,49322
0.00,50837
0.00,52650
0.00,54076
0.01,56049
0.01,58671
0.01,58807
0.01,59002
0.03,59108
0.05,59217
0.06,59254
0.06,59413
0.07,59518
0.08,59542
0.08,59666
0.09,59756
0.09,59859
0.09,59920
0.09,60070
0.10,60198
0.10,60207
0.11,60351
0.11,60506
0.11,60607
0.13,60715
0.15,60792
0.15,60915
0.16,61018
0.18,61089
0.18,61170
0.18,61307
0.19,61414
0.20,61517
0.24,61618
0.26,61714
0.26,61736
0.26,61845
0.26,62004
0.26,62155
0.27,62277
0.27,62303
0.27,62417
0.28,62617
0.29,62711
0.30,62816
0.30,62917
0.30,62919
0.35,63019
0.35,63042
0.36,63165
0.36,63301
0.37,63359
0.37,63517
0.40,63618
0.40,63699
0.40,63891
0.40,64011
0.40,64172
0.41,64311
0.41,64415
0.42,64514
0.44,64615
0.46,64715
0.50,64802
0.51,64917
0.54,65056
0.55,65202
0.55,65318
0.65,65378
0.65,65492
0.65,65508
0.65,65615
0.65,65796
0.65,65919
0.67,66016
0.70,66060
0.72,66115
0.72,66212
0.73,66305
0.73,66308
0.74,66412
0.77,66508
0.78,66617
0.79,66719
0.84,66814
0.85,66917
0.85,66950
0.85,67000
0.86,67069
0.86,67179
0.86,67291
0.86,67418
0.88,67497
0.89,67609
0.92,67618
0.95,67719
0.96,67798
0.96,67902
0.97,68008
0.97,68013
0.97,68128
0.98,68193
0.98,68316
1.00,68412
1.01,68516
1.01,68618
1.04,68719
1.16,68813
1.17,68907
1.17,68917
1.19,69087
1.19,69188
1.19,69292
1.19,69406
1.20,69508
1.20,69613
1.21,69716
1.22,69718
1.23,69813
1.25,69919
1.29,70019
1.32,70090
1.32,70199
1.32,70306
1.36,70415
1.37,70516
1.44,70518
1.45,70619
1.47,70709
1.49,70814
1.52,70917
1.54,70993
1.55,71105
1.55,71210
1.56,71298
1.57,71418
1.64,71518
1.85,71604
1.85,71709
1.86,71811
1.86,71914
1.88,72018
1.96,72119
2.02,72219
2.13,72317
2.17,72419
2.29,72518
2.38,72619
7.56,72719
7.59,72800
7.59,72888
7.59,72909
7.63,72918
7.65,73018
7.66,73117
7.68,73215
7.71,73216
7.72,73217
7.74,73307
7.75,73411
7.79,73506
7.80,73616
7.89,73619
7.91,73714
7.92,73718
7.96,73807
7.97,73813
7.98,73919
8.02,73979
8.03,74116
8.14,74118
8.19,74217
8.21,74273
8.21,74404
8.22,74497
8.24,74598
8.26,74712
8.27,74796
8.28,74915
8.28,75017
8.29,75118
8.39,75214
8.46,75319
8.48,75419
8.49,75509
8.50,75614
8.50,75719
8.61,75807
8.65,75908
8.66,75913
8.69,76017
9.08,76119
14.36,146697
14.37,146812
