0.00,0.0
0.00,1282
0.00,3091
0.00,4049
0.00,5568
0.00,6395
0.01,6506
0.01,6603
0.01,7394
0.01,8392
0.02,8642
0.02,9283
0.02,9324
0.02,9415
0.02,9865
0.02,10041
0.03,10241
0.03,10853
0.03,11806
0.03,11934
0.03,11938
0.03,12529
0.03,13178
0.03,13283
0.03,13348
0.04,13639
0.04,14387
0.04,14482
0.04,14677
0.04,14959
0.06,15033
0.06,15479
0.07,16040
0.08,16342
0.08,16957
0.08,16962
0.08,17093
0.08,17805
0.08,18058
0.09,18281
0.09,18758
0.09,18840
0.09,19766
0.09,20536
0.09,20579
0.09,20979
0.10,21047
0.10,21054
0.10,21156
0.10,22052
0.10,22442
0.11,23144
0.11,23202
0.13,23233
0.13,23733
0.13,23975
0.14,24247
0.14,24250
0.14,25070
0.14,25124
0.14,25983
0.15,26356
0.16,26627
0.16,27534
0.18,27553
0.18,27611
0.18,28381
0.19,29298
0.19,30274
0.20,30425
0.20,30902
0.20,31332
0.20,32212
0.21,32948
0.21,33180
0.21,33185
0.22,33282
0.22,33410
0.22,33501
0.23,33930
0.23,34241
0.23,34494
0.23,35383
0.23,35992
0.23,36291
0.24,36886
0.25,37187
0.26,37217
0.28,37250
0.34,37274
0.34,37376
0.39,37571
0.39,37598
3.41,37696
3.42,38179
3.42,38664
3.42,38792
3.42,38829
3.42,39002
3.42,39099
3.42,39211
3.45,39574
3.49,40236
3.49,40877
3.50,41322
3.50,41887
3.52,41911
7.35,53339
7.35,53734
