0.00,0.0
0.00,1721
0.00,2511
0.00,4963
0.00,5089
0.01,5284
0.01,5890
0.02,6525
0.02,7049
0.02,7479
0.02,8244
0.02,8650
0.02,8653
0.02,9251
0.02,9677
0.02,10343
0.03,10382
0.03,10472
0.03,10670
0.04,11055
0.04,11059
0.04,11937
0.04,12728
0.05,13499
0.05,14358
0.05,15113
0.05,15570
0.05,15658
0.05,15710
0.06,16260
0.06,16737
0.06,17183
0.06,17450
0.06,17855
0.06,18581
0.06,18707
0.07,19076
0.07,20019
0.14,20101
0.15,20247
0.15,20458
0.15,21000
0.15,21388
0.17,21583
0.21,21673
0.22,21775
0.27,21903
3.13,22270
3.13,22372
3.14,23326
3.18,23350
5.98,28043
