0.00,0.0
0.00,1546
0.00,2824
0.00,4939
0.00,5967
0.00,8058
0.00,8716
0.00,10058
0.00,11869
0.00,11977
0.00,12471
0.00,12576
0.00,12713
0.00,12831
0.01,12978
0.01,13095
0.01,13110
0.01,13220
0.01,13339
0.01,13474
0.01,13609
0.01,13641
0.01,13773
0.01,13779
0.01,13903
0.02,14017
0.02,14118
0.03,14206
0.03,14218
0.03,14289
0.04,14320
0.04,14435
0.04,14572
0.05,14692
0.05,14719
0.07,14736
0.07,14856
0.07,14963
0.07,15101
0.07,15111
0.08,15197
0.09,15318
0.10,15329
0.10,15335
0.10,15454
0.10,15587
0.10,15703
0.10,15811
0.10,15889
0.10,15990
0.11,16081
0.11,16112
0.17,16173
0.18,16282
0.18,16399
0.18,16480
0.19,16615
0.19,16706
0.19,16777
0.19,16910
0.20,17011
0.20,17019
0.29,17118
0.31,17209
0.31,17248
0.31,17370
0.31,17401
0.32,17508
0.32,17627
0.32,17753
0.32,17884
0.32,18004
0.33,18019
0.50,18087
0.50,18217
0.64,18313
0.69,18418
3.57,18507
3.57,18583
3.57,18606
3.57,18715
3.58,18718
3.77,18719
3.78,18784
3.78,18892
3.78,19001
3.80,19005
3.98,19015
4.00,19018
4.07,19118
7.29,28711
