0.00,0.0
0.00,2342
0.00,3235
0.00,4590
0.00,5772
0.00,7140
0.00,9230
0.00,10940
0.00,12032
0.00,12277
0.01,12409
0.01,12519
0.01,12553
0.01,12609
0.01,12800
0.02,12910
0.02,13012
0.03,13119
0.04,13217
0.05,13260
0.05,13418
0.05,13463
0.05,13606
0.05,13616
0.06,13652
0.06,13765
0.06,13881
0.06,13982
0.06,14112
0.06,14217
0.07,14314
0.11,14409
0.11,14410
0.12,14518
0.12,14618
0.12,14641
0.12,14786
0.13,14795
0.13,14916
0.15,14974
0.15,15102
0.15,15203
0.15,15310
0.16,15319
0.17,15419
0.18,15489
0.18,15611
0.18,15613
0.19,15676
0.19,15803
0.19,15918
0.21,16006
0.21,16107
0.22,16112
0.22,16118
0.22,16194
0.23,16311
0.25,16410
0.25,16413
0.25,16426
0.25,16561
0.25,16680
0.25,16805
0.26,16911
0.26,17012
0.27,17018
0.31,17019
0.32,17115
0.32,17117
0.32,17219
0.39,17318
0.40,17419
0.41,17493
0.41,17617
0.47,17717
0.50,17718
0.61,17818
0.69,17919
4.01,18018
4.03,18116
4.04,18199
4.18,18298
4.18,18414
4.19,18416
4.28,18515
4.34,18600
4.35,18709
4.36,18716
4.36,18798
4.36,18913
4.38,19008
4.57,19014
4.58,19118
4.68,19119
8.56,28653
8.56,28860
