0.00,0.0
0.00,1032
0.00,2324
0.00,3642
0.00,5422
0.00,7716
0.00,8275
0.00,9023
0.00,10696
0.00,12031
0.01,12461
0.02,12682
0.03,13020
0.03,13069
0.03,13228
0.03,13908
0.03,14190
0.03,14435
0.03,14685
0.03,15616
0.04,16018
0.04,16422
0.04,16640
0.04,16717
0.04,17487
0.05,18324
0.05,19160
0.05,19617
0.05,20312
0.05,20391
0.06,21181
0.08,21706
0.08,22556
0.09,22973
0.09,23690
0.09,24621
0.10,25605
0.10,26105
0.10,26746
0.12,27300
0.13,27530
0.15,28009
0.15,28444
0.15,29403
0.17,29404
0.18,29598
0.19,29860
0.19,30424
0.19,30583
0.19,30978
0.20,31570
0.21,32388
0.25,32810
0.25,33601
0.26,33826
0.27,34684
0.27,34824
0.29,35583
0.30,36100
0.31,36594
0.32,36668
0.32,37399
0.32,37470
0.32,37512
0.32,38207
0.32,38425
0.32,39149
0.36,39725
0.37,40597
0.37,40808
0.38,41150
0.38,41166
0.38,41184
0.38,41286
0.41,41869
0.41,42724
0.44,43044
0.44,43601
0.44,43639
0.44,44387
0.45,45036
0.45,45120
0.45,45692
0.54,46398
0.61,47113
0.62,47176
0.62,47778
0.62,48346
0.62,48974
0.62,49447
0.62,49575
0.63,50305
0.66,50398
0.68,51137
0.68,51334
0.69,52240
0.81,52448
0.81,53248
0.82,53677
0.82,54306
0.82,55210
0.83,55468
0.86,55686
0.92,56237
0.93,56432
0.97,56456
1.00,56691
1.34,57190
8.59,57360
8.59,57385
8.60,58221
8.61,58316
8.61,58565
8.64,59123
8.66,59273
8.67,60232
8.69,60378
8.69,60598
8.71,60948
8.72,61291
8.72,61862
8.72,62480
8.73,62691
8.77,63122
8.77,63250
8.77,63770
8.78,63907
8.84,63991
8.88,64194
8.90,64221
8.91,64416
8.99,64705
8.99,65371
9.01,65592
9.18,65783
12.32,109490
