0.00,0.0
0.00,2243
0.00,3099
0.00,4429
0.00,6762
0.00,8218
0.00,9795
0.00,11574
0.00,13320
0.00,15600
0.00,17749
0.00,20065
0.00,21029
0.00,23107
0.00,25029
0.00,26772
0.00,28712
0.00,29538
0.00,30000
0.01,30105
0.04,30113
0.04,30291
0.04,30392
0.05,30404
0.05,30586
0.05,30693
0.07,30797
0.07,30898
0.08,31039
0.08,31174
0.08,31295
0.08,31577
0.08,31689
0.08,31790
0.09,31904
0.11,32004
0.11,32095
0.11,32205
0.14,32294
0.15,32361
0.15,32470
0.15,32600
0.19,32601
0.21,32715
0.21,33000
0.22,33002
0.24,33092
0.24,33199
0.26,33239
0.26,33392
0.26,33403
0.27,33440
0.27,33599
0.28,33704
0.28,33709
0.28,34101
0.29,34132
0.29,34308
0.29,34482
0.29,34575
0.29,34679
0.30,34787
0.30,34902
0.35,35002
0.41,35063
0.42,35099
0.43,35103
0.43,35204
0.43,35278
0.44,35288
0.44,35390
0.44,35498
0.45,35570
0.46,35580
0.46,35692
0.47,35780
0.47,35899
0.48,36000
0.52,36042
0.52,36195
0.52,36304
0.53,36366
0.53,36503
0.58,36604
0.61,36697
0.62,36803
0.63,36890
0.64,37001
0.66,37002
0.67,37094
0.67,37183
0.68,37201
0.69,37203
0.71,37263
0.71,37394
0.73,37395
0.74,37503
0.78,37575
0.79,37591
0.80,37596
0.80,37649
0.80,37776
0.81,37879
0.81,37894
0.81,37996
0.83,38003
0.84,38004
0.87,38101
0.87,38205
0.91,38303
1.02,38305
1.04,38404
1.06,38505
1.39,38605
5.07,38697
5.07,38698
5.07,38705
5.11,38805
5.12,38890
5.14,38983
5.14,39095
5.15,39098
5.15,39099
5.17,39143
5.17,39346
5.17,39463
5.17,39579
5.17,39682
5.17,39797
5.18,39798
5.23,39905
5.23,40000
5.24,40131
5.24,40234
5.24,40359
5.24,40372
5.24,40501
5.25,40594
5.25,40603
5.25,40789
5.25,40797
5.26,40904
5.27,40971
5.28,41075
5.29,41203
5.29,41256
5.29,41262
5.30,41369
5.30,41505
5.33,41559
5.34,41700
5.35,41746
5.35,41856
5.36,42001
5.38,42058
5.38,42190
5.40,42280
5.41,42366
5.41,42404
5.42,42479
5.43,42571
5.43,42674
5.43,42785
5.43,42892
5.44,42943
5.44,42984
5.45,43098
5.45,43102
5.48,43199
5.69,43300
5.72,43304
5.76,43305
5.95,43396
5.99,43504
6.01,43586
6.01,43704
9.89,72344
