0.00,0.0
0.00,471
0.00,2096
0.00,3472
0.00,5809
0.00,7327
0.00,7990
0.00,8862
0.00,9503
0.00,11476
0.00,13124
0.00,14305
0.00,15333
0.00,15626
0.00,17402
0.00,19594
0.00,21192
0.00,22858
0.00,23515
0.00,24289
0.00,24365
0.00,24478
0.00,24536
0.00,24537
0.01,24577
0.01,24578
0.01,24579
0.01,24580
0.01,24581
0.01,24672
0.03,24710
0.03,24719
0.03,24720
0.04,24721
0.05,24765
0.05,24845
0.06,24846
0.06,24968
0.06,25009
0.06,25025
0.06,25040
0.06,25041
0.06,25125
0.06,25216
0.07,25403
0.07,25452
0.07,25546
0.07,25547
0.08,25582
0.08,25626
0.08,25627
0.08,25628
0.08,25634
0.10,25643
0.11,25731
0.11,25822
0.11,25839
0.12,25938
0.12,26009
0.12,26178
0.13,26195
0.17,26256
0.17,26303
0.17,26349
0.17,26351
0.17,26362
0.17,26407
0.17,26408
0.17,26528
0.17,26529
0.17,26530
0.18,26630
0.18,26665
0.22,26680
0.27,26757
0.27,26781
0.27,26804
0.28,26837
0.28,26875
0.28,26876
0.28,26935
0.28,27004
0.30,27036
0.30,27061
0.31,27192
0.31,27224
0.31,27299
0.32,27314
0.35,27382
0.35,27416
0.35,27424
0.35,27514
0.36,27557
0.36,27558
0.37,27573
0.66,27586
0.69,27592
0.70,27601
0.70,27602
0.71,27693
0.73,27807
0.74,27808
0.75,27816
0.76,27826
0.78,27859
0.80,27885
0.83,27908
0.84,27973
0.84,27974
0.84,27975
0.85,28044
0.87,28059
0.87,28179
0.88,28180
0.89,28181
0.93,28182
0.95,28189
1.00,28239
1.00,28311
1.00,28312
1.00,28313
1.00,28314
1.03,28416
1.03,28507
1.05,28508
1.09,28561
1.10,28562
1.11,28567
1.12,28589
1.13,28590
1.15,28592
1.20,28605
1.24,28694
1.24,28695
1.25,28768
1.35,28784
1.36,28789
1.36,28816
1.42,28817
1.62,28922
3.26,28972
3.26,29030
3.26,29077
3.26,29078
3.27,29155
3.27,29266
3.84,29267
3.85,29286
3.85,29312
3.85,29327
3.86,29356
3.86,29363
3.86,29364
3.86,29365
3.87,29377
3.89,29386
3.89,29410
3.89,29427
3.89,29572
3.91,29705
3.94,29800
3.95,29801
3.95,29802
3.95,29803
3.96,29864
3.97,29885
3.97,30042
3.97,30043
4.03,30130
4.04,30153
4.06,30193
4.06,30316
4.06,30317
4.28,30326
4.29,30327
4.37,30383
4.37,30384
4.40,30393
4.41,30462
4.44,30463
6.84,44202
6.84,44203
