0.00,0.0
0.00,1978
0.00,3283
0.00,5196
0.00,6788
0.00,8614
0.00,10972
0.00,13674
0.00,15117
0.00,17026
0.00,17806
0.00,19535
0.00,21603
0.00,23539
0.00,25416
0.00,27103
0.00,28743
0.00,29645
0.01,29902
0.01,30081
0.01,30201
0.01,30374
0.01,30478
0.01,30582
0.01,30689
0.03,30790
0.03,30900
0.03,31086
0.03,31186
0.04,31327
0.04,31494
0.04,31596
0.04,31683
0.05,31792
0.05,31901
0.06,31952
0.06,32052
0.06,32194
0.06,32292
0.07,32393
0.08,32500
0.08,32605
0.09,32651
0.09,32775
0.09,32865
0.09,32871
0.09,32988
0.10,33098
0.11,33233
0.11,33347
0.11,33478
0.11,33488
0.13,33601
0.14,33703
0.14,33804
0.14,33905
0.16,33990
0.16,34042
0.16,34104
0.16,34210
0.16,34376
0.16,34490
0.17,34597
0.17,34603
0.17,34714
0.17,34888
0.18,34991
0.18,35057
0.18,35194
0.19,35244
0.19,35346
0.20,35498
0.20,35602
0.21,35704
0.23,35725
0.23,35946
0.24,36070
0.25,36187
0.25,36195
0.27,36204
0.31,36288
0.31,36387
0.32,36403
0.33,36505
0.34,36588
0.34,36603
0.35,36605
0.42,36701
0.51,36732
0.51,36891
0.51,36904
0.54,36979
0.54,37004
0.64,37069
0.64,37203
0.66,37265
0.66,37405
0.69,37505
0.72,37560
0.72,37690
0.73,37767
0.73,37876
0.74,38000
0.75,38069
0.76,38184
0.76,38188
0.77,38269
0.78,38364
0.78,38500
0.80,38503
0.91,38603
1.00,38699
1.00,38800
1.07,38898
1.26,39005
1.41,39103
1.42,39204
6.18,39304
6.19,39405
6.33,39508
6.33,39683
6.33,39790
6.34,39887
6.34,39984
6.39,39999
6.41,40102
6.42,40171
6.42,40287
6.42,40290
6.57,40369
6.58,40477
6.59,40593
6.61,40699
6.65,40723
6.65,40881
6.65,40979
6.66,41018
6.66,41187
6.69,41193
6.70,41202
6.75,41204
6.76,41302
6.77,41363
6.77,41503
6.81,41591
6.82,41593
6.83,41603
6.96,41697
6.97,41798
7.02,41888
7.04,41982
7.05,42099
7.07,42205
7.10,42289
7.12,42302
7.14,42390
7.15,42497
7.17,42592
7.20,42598
7.24,42699
7.27,42703
7.66,42803
8.19,42904
12.56,72261
