0.00,0.0
0.00,2051
0.00,3174
0.00,4992
0.00,5850
0.00,6151
0.00,6254
0.00,6389
0.01,6626
0.01,6767
0.01,6861
0.02,6964
0.02,7084
0.02,7174
0.02,7362
0.03,7383
0.03,7482
0.03,7586
0.05,7662
0.05,7767
0.05,7883
0.06,7885
0.06,7983
0.06,8090
0.08,8186
0.09,8204
0.09,8385
0.10,8482
0.10,8554
0.10,8687
0.11,8737
0.11,8832
0.11,8993
0.11,9082
0.11,9083
0.19,9090
0.19,9187
0.20,9280
0.20,9389
0.20,9475
0.20,9486
0.21,9585
0.22,9664
0.22,9762
0.22,9872
0.22,9909
0.22,10026
0.22,10133
0.22,10254
0.24,10264
0.25,10268
0.25,10275
0.27,10377
0.27,10483
0.31,10490
0.35,10584
0.41,10675
0.56,10782
3.60,10865
3.60,10968
3.61,10969
3.62,11087
3.63,11089
3.72,11166
3.72,11183
3.73,11286
7.00,14244
