0.00,0.0
0.00,1276
0.00,2456
0.00,4581
0.00,6378
0.00,7165
0.00,7905
0.00,9388
0.00,10004
0.00,11632
0.00,12546
0.00,13631
0.00,14348
0.00,14750
0.00,16144
0.00,17512
0.00,18715
0.00,19693
0.00,21796
0.00,23384
0.00,24511
0.00,25656
0.00,27761
0.00,28919
0.00,31024
0.00,32478
0.00,33680
0.00,35587
0.00,37268
0.00,39078
0.00,40944
0.00,42900
0.00,43982
0.00,44633
0.00,45128
0.00,46908
0.01,47901
0.01,48508
0.01,48583
0.01,49494
0.01,49668
0.01,50019
0.01,50056
0.01,50978
0.01,51491
0.02,51533
0.03,52246
0.03,52734
0.03,53550
0.03,54165
0.03,54876
0.03,55398
0.03,56295
0.03,56887
0.04,56929
0.04,57618
0.04,58493
0.04,58946
0.04,59580
0.04,60163
0.04,60425
0.04,60930
0.04,61037
0.04,61315
0.05,61565
0.05,61859
0.05,62363
0.06,62445
0.06,62836
0.06,63783
0.06,64188
0.07,64379
0.07,65057
0.07,65398
0.08,65981
0.08,66529
0.09,66926
0.09,66957
0.09,67929
0.09,68465
0.09,68604
0.09,69146
0.10,69238
0.10,70091
0.10,70632
0.10,70825
0.10,70842
0.10,71728
0.10,72414
0.11,73328
0.11,74117
0.12,74168
0.14,74232
0.14,74997
0.15,75505
0.15,76464
0.15,77320
0.16,77390
0.16,77904
0.16,78569
0.17,78795
0.18,78900
0.19,79490
0.19,79581
0.19,80565
0.19,80574
0.19,80680
0.19,81422
0.19,81469
0.19,82381
0.21,83067
0.21,83604
0.22,84148
0.22,84882
0.22,85161
0.22,85993
0.22,86904
0.22,87345
0.22,88148
0.23,88803
0.23,88899
0.23,89861
0.23,90457
0.23,90756
0.23,91028
0.23,91996
0.23,92510
0.24,93342
0.24,93467
0.24,93604
0.25,94128
0.25,94827
0.25,95387
0.25,95577
0.26,95967
0.26,96076
0.26,96634
0.26,97049
0.26,97255
0.27,97618
0.27,98476
0.27,99195
0.27,99516
0.27,99950
0.27,100225
0.27,100287
0.27,100800
0.28,101575
0.29,102099
0.29,102407
0.29,102788
0.30,102848
0.30,103596
0.30,104050
0.31,104337
0.31,105042
0.32,105714
0.32,106148
0.32,106650
0.32,107361
0.32,108257
0.32,108481
0.33,108878
0.33,109564
0.35,109782
0.35,109987
0.36,110477
0.39,110745
0.41,110766
0.42,111104
0.43,111687
0.45,112224
0.45,112992
0.45,113944
0.45,114102
0.45,114260
0.45,114309
0.46,115228
0.47,115870
0.49,116570
0.49,117218
0.49,117436
0.50,117670
0.54,118140
0.55,118865
0.55,119545
0.55,120046
0.56,120433
0.56,121135
0.56,122090
0.56,122134
0.56,122702
0.59,123464
0.59,123682
0.61,124208
0.61,124978
0.62,125803
0.63,126430
0.63,126611
0.63,127084
0.63,127627
0.63,128192
0.63,128487
0.64,129204
0.64,129705
0.64,129735
0.66,130580
0.67,131221
0.68,131442
0.68,131884
0.68,132214
0.72,132594
0.72,133233
0.73,133300
0.73,133528
0.74,133714
0.77,134233
0.81,134531
0.83,135112
0.83,135137
0.83,136048
0.85,136699
0.85,137598
1.03,137784
1.03,138358
1.03,139027
1.03,139736
1.03,140466
1.03,141423
1.07,141986
1.19,142364
1.24,143144
1.68,143738
1.68,143896
1.68,144075
1.69,145062
1.71,146025
1.72,146522
1.75,146718
5.50,147219
5.50,147764
5.51,148038
5.52,148156
5.52,148747
5.52,148983
5.52,149922
5.53,150082
5.53,150349
5.53,151146
5.54,151736
5.54,152353
5.55,152938
5.55,153506
5.55,153667
5.55,154143
5.55,154909
5.55,155510
5.55,155558
5.55,155687
5.56,156371
5.56,156986
5.56,157037
5.56,157546
5.56,157834
5.56,157886
5.56,158813
5.56,159517
5.56,160054
5.57,160163
5.58,160560
5.58,161306
5.59,161559
5.59,161931
5.59,162307
5.60,163305
5.61,163373
5.61,164135
5.61,164926
5.61,165294
5.61,165420
5.61,165902
5.63,166454
5.63,166607
5.63,166975
5.63,167334
5.63,167916
5.64,168437
5.64,169086
5.69,169826
5.69,170500
5.70,171226
5.70,171690
5.71,172481
5.71,172989
5.72,173561
5.72,174118
5.72,175003
5.72,175351
5.72,176123
5.72,176900
5.73,177863
5.73,177988
5.73,178588
5.73,178863
5.73,178986
5.74,179072
5.74,179077
5.75,179695
5.76,180320
5.76,181041
5.80,181097
5.80,181881
5.81,182660
5.81,182744
5.84,182927
5.86,182935
5.86,183324
5.86,183789
5.87,183827
5.87,184672
5.87,185658
5.87,186341
5.91,186421
5.91,187181
5.92,187608
5.92,187897
5.92,188019
5.92,188201
5.95,188831
5.96,189113
5.97,189621
5.97,190520
5.97,190566
5.98,190702
5.99,191258
6.03,191435
6.03,191651
6.03,192153
6.06,192536
6.06,193519
6.06,193788
6.06,193953
6.06,194342
6.09,194669
6.09,195544
6.09,196326
6.10,196418
6.11,196915
6.12,197124
6.13,197533
6.13,197580
6.13,198117
6.13,198382
6.13,198392
6.16,198638
6.17,198819
6.17,199319
6.19,199682
6.19,200660
6.21,200887
6.21,201074
6.21,201369
6.22,201534
6.28,201820
6.36,201841
10.73,562581
10.73,563189
