0.00,0.0
0.00,1978
0.00,3896
0.00,4828
0.00,6896
0.00,9242
0.00,11629
0.00,13881
0.00,15093
0.00,17111
0.00,18147
0.00,20229
0.00,22003
0.00,23637
0.00,25910
0.00,28114
0.00,30410
0.00,31857
0.00,33390
0.00,34606
0.00,36727
0.00,38406
0.00,40011
0.00,42367
0.00,44226
0.00,46179
0.00,49329
0.00,51258
0.00,52687
0.00,54928
0.00,57337
0.00,58197
0.01,58715
0.01,58817
0.01,58990
0.01,59094
0.02,59200
0.02,59304
0.02,59414
0.04,59515
0.04,59603
0.05,59713
0.06,59815
0.06,59951
0.06,60065
0.06,60215
0.07,60278
0.07,60393
0.07,60495
0.08,60610
0.08,60667
0.08,60804
0.08,60914
0.09,60987
0.09,61088
0.09,61202
0.10,61259
0.10,61404
0.11,61510
0.11,61511
0.12,61581
0.12,61769
0.12,61892
0.12,62009
0.14,62202
0.14,62310
0.17,62418
0.18,62519
0.21,62619
0.23,62683
0.23,62819
0.24,62866
0.24,63001
0.24,63115
0.24,63267
0.24,63381
0.24,63504
0.25,63596
0.25,63698
0.25,63819
0.28,63902
0.28,64019
0.29,64112
0.29,64144
0.29,64255
0.29,64399
0.30,64513
0.30,64677
0.30,64782
0.30,64915
0.31,65052
0.31,65199
0.31,65306
0.31,65409
0.32,65489
0.32,65595
0.34,65716
0.35,65799
0.37,65910
0.37,66016
0.41,66101
0.41,66106
0.42,66215
0.43,66317
0.46,66407
0.46,66512
0.47,66673
0.47,66789
0.47,66908
0.49,67016
0.49,67119
0.51,67213
0.52,67312
0.52,67418
0.55,67466
0.57,67503
0.57,67610
0.58,67714
0.60,67793
0.60,67914
0.62,68017
0.65,68116
0.68,68216
0.70,68317
0.70,68362
0.70,68409
0.71,68510
0.72,68585
0.72,68715
0.73,68812
0.77,68814
0.78,68914
0.78,68915
0.79,68917
0.81,69018
0.89,69117
0.91,69218
0.94,69317
0.97,69318
0.98,69319
1.02,69390
1.02,69511
1.05,69618
1.07,69714
1.08,69814
1.08,69816
1.10,69917
1.11,69918
1.14,70002
1.17,70114
1.23,70214
1.27,70219
1.30,70300
1.30,70410
1.33,70512
1.37,70610
1.38,70712
1.40,70815
1.41,70818
1.42,70904
1.43,71018
1.44,71119
1.59,71213
1.60,71314
1.60,71418
1.64,71519
2.16,71618
2.18,71719
6.57,71901
6.57,72154
6.57,72250
6.57,72365
6.57,72470
6.57,72617
6.59,72708
6.59,72719
6.61,72787
6.61,72916
6.61,73096
6.61,73309
6.62,73310
6.64,73311
6.65,73392
6.65,73503
6.66,73608
6.66,73712
6.66,73735
6.67,73807
6.67,73917
6.67,74177
6.67,74205
6.67,74215
6.67,74318
6.70,74388
6.71,74393
6.71,74419
6.78,74513
6.80,74617
6.82,74714
6.84,74730
6.84,74862
6.84,74984
6.84,75099
6.84,75218
6.86,75300
6.86,75303
6.86,75419
6.91,75509
6.92,75551
6.92,75663
6.92,75787
6.93,75865
6.93,75997
6.93,76008
6.96,76113
6.96,76119
7.16,76218
7.17,76319
7.20,76415
7.20,76417
7.46,76511
7.50,76587
7.50,76698
7.50,76802
7.50,76904
7.52,77019
7.74,77119
7.97,77211
8.00,77317
8.05,77418
8.49,77519
12.91,146706
