0.00,0.0
0.00,1442
0.00,3070
0.00,4626
0.00,4747
0.00,4828
0.00,4835
0.00,4836
0.00,4880
0.01,4881
0.01,4882
0.01,5055
0.01,5059
0.01,5060
0.01,5206
0.01,5233
0.01,5234
0.01,5250
0.04,5261
0.06,5320
0.06,5395
0.06,5396
0.06,5464
0.06,5583
0.06,5616
0.06,5617
0.08,5746
0.10,5768
0.11,5824
0.11,5900
0.12,5922
0.44,5924
0.44,6042
0.45,6094
0.45,6175
0.53,6228
0.70,6294
0.70,6295
0.75,6340
0.81,6365
0.93,6366
3.79,6498
3.95,6501
3.96,6554
3.97,6608
3.98,6669
3.99,6670
4.03,6673
4.06,6687
4.12,6757
4.14,6758
4.19,6798
4.21,6808
4.23,6848
4.28,6849
6.73,8934
