0.00,0.0
0.00,1810
0.00,2699
0.00,4288
0.00,5893
0.00,6682
0.00,8863
0.00,10857
0.00,13042
0.00,14034
0.00,15864
0.00,18369
0.00,20516
0.00,20909
0.00,22486
0.00,23846
0.00,25435
0.00,27132
0.00,28724
0.00,29598
0.00,31041
0.00,31403
0.00,33209
0.00,34552
0.00,35839
0.00,36891
0.00,37689
0.00,39990
0.00,40985
0.00,43143
0.00,44927
0.00,46774
0.00,48910
0.00,50207
0.01,50490
0.01,51376
0.01,52022
0.01,52594
0.01,53243
0.01,54027
0.02,54180
0.02,54847
0.02,55450
0.02,55945
0.02,56923
0.02,57423
0.04,57809
0.04,58417
0.04,59080
0.04,59504
0.04,59878
0.05,60598
0.06,61301
0.06,61431
0.06,62353
0.06,62602
0.06,63521
0.06,64383
0.07,64515
0.07,64619
0.07,65026
0.07,65908
0.07,66336
0.07,66966
0.07,67557
0.08,68109
0.08,68665
0.08,68753
0.08,68962
0.08,69166
0.08,69237
0.10,69751
0.11,69889
0.11,70267
0.11,70420
0.11,70616
0.12,71056
0.12,71193
0.12,71820
0.12,72468
0.12,72889
0.13,73437
0.13,73961
0.13,74097
0.14,74787
0.16,75126
0.17,75974
0.17,76522
0.17,77284
0.17,77582
0.18,77646
0.18,78386
0.18,78947
0.18,79074
0.18,79412
0.18,80193
0.18,80868
0.19,81003
0.19,81681
0.19,82279
0.22,82317
0.23,83228
0.23,83617
0.24,84407
0.27,85148
0.29,85730
0.29,86324
0.29,86958
0.29,87009
0.31,87334
0.32,87898
0.32,88401
0.32,88894
0.33,89391
0.33,89700
0.33,90271
0.33,90785
0.33,90948
0.33,91273
0.33,91445
0.33,91969
0.34,92212
0.34,93059
0.34,93125
0.34,93715
0.34,94282
0.34,94915
0.34,95209
0.35,95867
0.35,96134
0.35,96813
0.35,97604
0.35,97713
0.36,98134
0.36,98890
0.36,99278
0.36,99705
0.36,100184
0.36,100310
0.36,100951
0.39,100978
0.41,101485
0.41,101988
0.42,102346
0.42,103303
0.43,103865
0.45,104225
0.45,105021
0.45,105701
0.45,105785
0.46,106710
0.46,107170
0.49,107535
0.49,108119
0.49,109018
0.49,109131
0.50,109369
0.53,109677
0.54,110451
0.54,111421
0.57,112035
0.57,112096
0.57,112551
0.57,113334
0.57,113369
0.57,113999
0.57,114255
0.57,114481
0.58,114931
0.58,115747
0.58,116089
0.58,116814
0.58,117495
0.61,117689
0.62,118333
0.63,119192
0.64,119584
0.73,120334
0.73,120416
0.73,120643
0.73,120835
0.73,121187
0.75,121818
0.82,122580
0.82,123221
0.83,123226
0.83,123488
0.83,123775
0.83,123999
0.88,124650
0.92,125047
0.96,125217
0.96,125721
0.97,126275
0.98,127009
0.99,127243
1.12,127525
1.17,127944
1.17,128736
1.17,128772
1.17,129455
1.19,129463
1.21,130218
1.21,130645
1.21,131028
1.22,131296
1.22,131422
1.24,131471
1.40,131474
1.48,131651
1.48,132268
1.48,132888
1.48,133670
1.48,133855
1.50,134076
1.65,134350
1.87,134618
2.80,135301
5.13,135719
5.13,136450
5.14,136602
5.14,136750
5.14,137133
5.14,137458
5.17,138078
5.17,138105
5.18,138471
5.19,139415
5.19,139792
5.19,140234
5.19,141001
5.19,141085
5.19,141639
5.19,141768
5.19,142355
5.19,142858
5.19,143409
5.20,144399
5.20,144527
5.21,145111
5.21,145338
5.22,145941
5.22,146309
5.23,147176
5.23,147743
5.23,148143
5.23,148426
5.24,148533
5.24,148922
5.24,149530
5.24,150010
5.24,150593
5.24,150923
5.25,150948
5.25,151147
5.26,151432
5.27,151806
5.27,151832
5.27,152201
5.27,152991
5.28,153660
5.28,154282
5.28,154303
5.28,154405
5.29,154895
5.29,155574
5.29,156205
5.30,157104
5.30,157623
5.30,157804
5.30,158710
5.30,159289
5.30,159796
5.31,159852
5.32,159860
5.33,160154
5.36,160328
5.37,160368
5.38,160983
5.39,161162
5.39,161899
5.40,162128
5.40,162752
5.41,162859
5.41,162938
5.41,163197
5.41,163508
5.42,164278
5.42,164505
5.43,164723
5.55,164761
5.55,165636
5.55,166079
5.56,166311
5.56,166663
5.56,167058
5.57,167908
5.58,168324
5.58,168873
5.58,169608
5.58,170006
5.58,170705
5.62,171372
5.63,171999
5.63,172230
5.63,173116
5.63,173900
5.65,173951
5.66,174739
5.66,175046
5.69,175119
5.69,175741
5.71,176258
5.79,176288
5.79,176324
5.81,176572
5.82,177214
5.82,177643
5.83,177869
5.88,178590
5.88,178609
5.88,179337
5.89,179999
5.89,180050
5.91,180219
5.96,181094
5.97,181474
5.97,182418
5.97,183186
5.97,184131
5.97,184658
5.97,185360
5.98,185698
5.99,186214
6.00,187182
6.03,187579
6.06,188212
6.07,188337
6.15,189023
6.16,189218
6.28,189221
6.85,189414
10.27,563499
