0.00,0.0
0.00,905
0.00,2885
0.00,4618
0.00,5764
0.00,6749
0.00,7840
0.00,8986
0.00,10887
0.00,12456
0.00,13717
0.00,14903
0.00,16445
0.00,17674
0.00,19507
0.00,20500
0.00,22421
0.00,24044
0.00,25076
0.00,25099
0.01,25261
0.01,25316
0.01,25327
0.01,25383
0.06,25436
0.06,25535
0.06,25663
0.09,25724
0.09,25725
0.09,25757
0.20,25769
0.23,25771
0.23,25833
0.23,25909
0.24,25921
0.24,25922
0.24,26018
0.54,26041
0.54,26042
0.54,26043
0.54,26198
0.55,26289
0.55,26409
0.57,26410
0.59,26475
0.59,26488
0.60,26505
0.77,26515
0.78,26568
0.79,26653
0.80,26787
0.80,26793
0.81,26794
0.81,26795
0.84,26832
0.84,26929
0.84,27051
0.85,27062
0.86,27063
0.86,27090
0.88,27109
0.89,27110
0.90,27177
0.94,27283
0.97,27284
1.00,27290
1.02,27294
1.02,27347
1.02,27348
1.09,27374
1.10,27486
1.11,27487
1.14,27572
1.16,27642
1.17,27658
1.19,27725
1.21,27742
1.22,27822
1.22,27823
1.23,27899
1.33,27903
1.33,27904
1.37,27911
1.49,27920
1.50,28032
1.52,28033
1.55,28051
1.57,28066
1.58,28067
1.59,28073
1.61,28148
1.66,28165
1.67,28223
1.85,28224
1.85,28225
1.87,28226
1.91,28316
1.92,28377
2.08,28385
2.08,28386
2.22,28392
2.39,28415
2.43,28416
3.33,28417
5.36,28418
5.36,28434
5.37,28533
5.37,28534
5.37,28589
5.38,28593
5.39,28619
5.81,28636
5.83,28650
5.84,28736
5.84,28754
5.87,28800
5.87,28859
5.90,28860
5.91,28865
5.91,28872
5.91,28926
5.92,28966
5.94,28999
5.94,29000
5.95,29007
5.96,29008
5.99,29016
5.99,29028
6.01,29060
6.01,29067
6.01,29123
6.01,29162
6.07,29212
6.07,29213
6.07,29280
6.08,29318
6.10,29329
6.18,29358
6.22,29359
6.23,29382
6.25,29495
6.32,29497
6.33,29507
6.33,29508
6.34,29548
6.38,29565
6.40,29566
6.40,29567
6.41,29582
6.43,29717
6.45,29718
6.48,29736
6.48,29737
6.54,29799
6.54,29821
6.59,29825
6.62,29826
6.65,29909
6.65,29910
6.71,29971
6.72,29972
6.75,30038
6.79,30092
6.88,30183
6.89,30184
7.04,30185
7.07,30209
7.12,30214
7.17,30215
7.21,30216
10.46,44024
10.47,44099
10.47,44100
10.47,44157
