0.00,0.0
0.00,1197
0.00,3359
0.00,4742
0.00,6363
0.00,8242
0.00,9176
0.00,9958
0.01,10097
0.01,10203
0.01,10291
0.01,10325
0.01,10365
0.02,10441
0.02,10558
0.03,10625
0.20,10686
0.21,10779
0.21,10780
0.21,10786
0.22,10893
0.22,10897
0.23,10933
0.24,11035
0.26,11055
0.26,11079
0.28,11137
0.29,11155
0.43,11212
0.44,11331
0.45,11442
0.47,11481
0.47,11534
0.49,11535
0.53,11578
0.54,11647
0.54,11648
0.57,11700
0.59,11739
0.60,11740
0.86,11755
0.86,11848
0.87,11849
0.92,11880
0.92,11898
0.99,11921
1.00,11922
1.04,11950
1.04,11961
1.04,12066
1.05,12115
1.07,12131
1.09,12167
1.09,12168
1.11,12190
1.12,12248
1.18,12249
1.19,12250
1.20,12266
1.20,12267
1.23,12269
7.91,17971
