0.00,0.0
0.00,1559
0.00,3316
0.00,4921
0.00,6908
0.00,9559
0.00,10970
0.00,13104
0.00,16159
0.00,18341
0.00,19691
0.00,21956
0.00,23455
0.00,25760
0.00,27612
0.00,29974
0.00,31604
0.00,34158
0.00,36551
0.00,38778
0.00,40642
0.00,42360
0.00,43900
0.00,44463
0.00,46245
0.00,47923
0.00,49834
0.00,50817
0.00,52393
0.00,53245
0.00,55549
0.00,57930
0.00,58576
0.01,59374
0.01,59510
0.03,59612
0.03,59717
0.03,59819
0.06,59891
0.06,60023
0.06,60194
0.06,60311
0.07,60406
0.07,60516
0.13,60517
0.18,60617
0.19,60719
0.19,60814
0.19,61109
0.20,61218
0.21,61319
0.22,61361
0.22,61503
0.23,61509
0.23,61608
0.23,61853
0.23,62113
0.24,62155
0.24,62263
0.24,62414
0.27,62519
0.28,62614
0.28,62717
0.31,62810
0.31,62914
0.31,63018
0.32,63098
0.32,63213
0.34,63256
0.34,63376
0.34,63495
0.35,63596
0.35,63712
0.37,63818
0.40,63900
0.41,64016
0.43,64112
0.45,64215
0.49,64319
0.51,64385
0.51,64491
0.52,64512
0.52,64614
0.53,64715
0.56,64744
0.56,64854
0.56,64966
0.56,65004
0.56,65109
0.57,65227
0.57,65347
0.57,65513
0.57,65618
0.58,65691
0.58,65800
0.59,65912
0.61,65913
0.62,66014
0.62,66073
0.62,66177
0.63,66287
0.63,66394
0.63,66515
0.64,66588
0.65,66715
0.66,66899
0.66,67000
0.66,67104
0.68,67203
0.70,67317
0.75,67318
0.78,67389
0.78,67518
0.79,67540
0.79,67704
0.81,67714
0.83,67815
0.85,67917
0.87,68015
1.01,68113
1.07,68216
1.08,68317
1.10,68416
1.13,68500
1.13,68619
1.15,68702
1.15,68809
1.19,68819
1.23,68839
1.23,68994
1.24,69113
1.38,69205
1.38,69319
1.56,69413
1.59,69414
1.61,69519
1.74,69618
1.82,69715
1.83,69816
1.93,69916
1.95,70018
2.01,70019
2.02,70079
2.02,70184
2.02,70306
2.03,70417
2.12,70419
3.05,70519
7.53,70523
7.53,70669
7.54,70773
7.54,70904
7.55,71021
7.55,71175
7.55,71298
7.55,71316
7.57,71402
7.57,71518
7.62,71644
7.62,71746
7.63,71842
7.63,71971
7.63,72106
7.64,72208
7.64,72318
7.65,72319
7.72,72468
7.73,72604
7.73,72674
7.73,72816
7.75,72919
7.77,72993
7.77,73117
7.79,73145
7.79,73296
7.79,73412
7.79,73517
7.80,73586
7.80,73709
7.81,73747
7.81,74016
7.83,74104
7.84,74119
7.93,74192
7.93,74301
7.93,74407
7.98,74505
7.98,74615
8.01,74712
8.03,74819
8.04,74856
8.04,74877
8.04,75011
8.05,75112
8.05,75218
8.06,75317
8.06,75410
8.06,75468
8.06,75618
8.10,75713
8.10,75818
8.11,75900
8.16,75972
8.16,76091
8.17,76205
8.17,76309
8.17,76332
8.17,76504
8.19,76618
8.25,76715
8.26,76813
8.28,76907
8.30,76911
8.32,77004
8.33,77111
8.35,77194
8.35,77317
8.39,77385
8.39,77491
8.39,77612
8.39,77716
8.43,77782
8.44,77886
8.44,78004
8.46,78008
8.46,78111
8.49,78116
8.50,78118
8.52,78189
8.53,78192
8.53,78210
8.58,78319
8.87,78407
8.88,78516
8.90,78619
15.63,146748
