0.00,0.0
0.00,1407
0.00,2677
0.00,3745
0.00,5938
0.00,7629
0.00,8503
0.00,8870
0.00,10262
0.00,11615
0.00,12816
0.00,14464
0.00,15862
0.00,16640
0.00,17367
0.00,19451
0.00,21100
0.00,23295
0.00,24156
0.00,26259
0.00,27785
0.00,29134
0.00,30975
0.00,32627
0.00,33899
0.00,36071
0.00,37502
0.00,39887
0.00,41023
0.00,43020
0.00,44284
0.00,45421
0.00,46790
0.00,48866
0.00,49568
0.01,49657
0.01,49658
0.01,49698
0.01,49699
0.01,49776
0.01,49777
0.02,49811
0.02,49829
0.02,49839
0.03,49861
0.03,49927
0.07,49981
0.07,50048
0.07,50064
0.07,50079
0.08,50215
0.08,50302
0.09,50364
0.09,50365
0.09,50384
0.09,50505
0.09,50649
0.09,50743
0.10,50782
0.10,50822
0.10,51020
0.12,51047
0.12,51074
0.16,51195
0.16,51196
0.26,51226
0.28,51268
0.28,51269
0.28,51270
0.28,51271
0.28,51315
0.29,51324
0.29,51370
0.29,51402
0.29,51486
0.31,51626
0.41,51636
0.41,51731
0.42,51823
0.61,51908
0.62,51921
0.68,51991
0.69,52081
0.70,52135
0.70,52227
0.70,52228
0.71,52256
0.71,52315
0.71,52333
0.72,52334
0.73,52375
0.88,52388
0.88,52479
0.89,52480
0.89,52481
0.90,52505
0.92,52511
0.92,52668
0.92,52744
0.92,52745
0.93,52746
0.93,52832
0.93,52901
0.95,52923
0.95,52925
0.98,53054
0.98,53067
0.98,53068
0.99,53074
0.99,53075
1.00,53216
1.00,53251
1.10,53261
1.11,53312
1.13,53369
1.13,53385
1.15,53437
1.15,53443
1.15,53444
1.19,53467
1.19,53468
1.19,53545
1.21,53643
1.21,53644
1.22,53678
1.24,53702
1.24,53709
1.24,53727
1.29,53802
1.31,53876
1.31,53920
1.33,53921
1.33,54015
1.34,54079
1.35,54080
1.39,54138
1.44,54154
1.45,54236
1.45,54345
1.47,54366
1.50,54367
1.52,54368
1.57,54457
1.61,54556
1.71,54652
1.71,54748
1.71,54871
1.75,54924
1.76,54925
1.76,54960
1.77,55041
1.80,55058
1.82,55089
1.84,55090
1.87,55091
1.88,55092
2.10,55093
2.22,55148
2.26,55149
2.26,55150
2.27,55249
2.34,55250
2.35,55251
2.35,55301
2.37,55302
2.60,55338
2.74,55399
2.79,55428
2.88,55453
3.04,55454
5.27,55469
5.27,55470
5.29,55529
5.32,55638
5.32,55639
5.32,55726
5.33,55727
5.34,55872
5.34,55873
5.36,55959
5.39,55992
5.40,55993
5.41,55994
5.41,55995
5.41,56033
5.42,56034
5.42,56035
5.46,56123
5.46,56124
5.50,56151
5.51,56161
5.51,56207
5.54,56214
5.57,56215
5.64,56265
5.65,56275
5.66,56304
5.67,56305
5.68,56350
5.69,56351
5.74,56374
5.80,56390
5.81,56391
5.81,56478
5.84,56479
5.84,56480
5.84,56481
5.86,56544
5.87,56545
5.87,56546
5.95,56547
5.98,56607
6.00,56685
6.02,56686
6.32,56693
6.36,56694
6.37,56695
6.57,56696
6.87,56697
8.36,89979
