0.00,0.0
0.00,1576
0.00,3665
0.00,5105
0.00,6399
0.00,7125
0.00,8087
0.00,8973
0.00,9740
0.00,9989
0.01,10049
0.01,10052
0.01,10053
0.02,10088
0.02,10089
0.05,10094
0.06,10228
0.06,10282
0.06,10349
0.06,10378
0.06,10467
0.06,10526
0.06,10527
0.11,10600
0.12,10601
0.12,10603
0.12,10682
0.12,10739
0.12,10885
0.13,10956
0.13,11023
0.13,11024
0.13,11025
0.14,11105
0.14,11106
0.14,11181
0.14,11211
0.18,11245
0.19,11338
0.19,11386
0.21,11471
0.22,11475
0.26,11476
0.27,11488
0.27,11545
0.27,11546
0.27,11547
0.34,11557
0.53,11578
0.53,11595
0.54,11653
0.56,11730
0.60,11739
0.62,11796
0.63,11819
0.63,11835
0.63,11836
0.64,11963
0.65,12053
0.68,12062
0.70,12164
0.70,12221
0.71,12222
0.73,12359
0.73,12360
0.73,12362
0.75,12381
0.77,12390
0.77,12502
0.78,12503
0.78,12514
0.82,12533
0.91,12572
0.92,12590
1.05,12600
1.18,12700
1.35,12722
1.52,12755
1.54,12756
4.61,12767
4.63,12771
4.63,12795
4.84,12801
4.85,12829
4.86,12999
4.93,13069
4.94,13087
5.01,13104
5.02,13163
5.05,13290
5.11,13291
5.20,13299
5.21,13300
5.23,13301
5.26,13311
5.28,13334
8.07,17990
