0.00,0.0
0.00,1304
0.00,2749
0.00,4278
0.00,6804
0.00,8074
0.00,9521
0.00,11088
0.00,12744
0.00,14579
0.00,16798
0.00,18377
0.00,20618
0.00,22982
0.00,24024
0.00,25260
0.00,26622
0.00,29168
0.00,30172
0.00,30237
0.00,30239
0.01,30450
0.01,30564
0.01,30704
0.01,30897
0.01,30994
0.01,31095
0.02,31147
0.02,31250
0.02,31273
0.02,31426
0.02,31530
0.02,31704
0.02,31852
0.02,31978
0.02,32093
0.02,32194
0.03,32212
0.03,32394
0.03,32502
0.04,32503
0.04,32669
0.04,32801
0.04,32905
0.04,33004
0.05,33134
0.05,33399
0.05,33502
0.05,33582
0.06,33689
0.06,33797
0.07,33899
0.08,33950
0.08,34087
0.09,34160
0.09,34289
0.09,34405
0.09,34485
0.09,34590
0.10,34693
0.11,34802
0.12,34830
0.12,34985
0.12,35092
0.12,35202
0.13,35258
0.13,35372
0.13,35499
0.16,35600
0.17,35601
0.19,35605
0.19,35696
0.20,35764
0.20,35885
0.21,35899
0.23,35974
0.23,36091
0.23,36191
0.24,36198
0.24,36274
0.24,36342
0.24,36537
0.25,36696
0.26,36799
0.26,36890
0.26,36995
0.27,36999
0.27,37078
0.27,37194
0.28,37278
0.29,37393
0.30,37397
0.30,37588
0.30,37603
0.34,37701
0.35,37791
0.35,37801
0.35,37802
0.36,37875
0.36,38000
0.38,38091
0.38,38133
0.39,38193
0.40,38301
0.42,38401
0.43,38499
0.45,38502
0.45,38503
0.46,38591
0.48,38692
0.50,38801
0.52,38901
0.54,38903
0.64,38904
0.76,39005
0.83,39102
0.95,39194
0.96,39298
0.97,39403
0.98,39504
5.04,39600
5.06,39700
5.07,39803
5.07,39919
5.08,39954
5.08,40008
5.08,40119
5.08,40273
5.09,40383
5.10,40385
5.10,40496
5.10,40603
5.11,40678
5.12,40762
5.12,40876
5.12,40878
5.12,40907
5.13,40982
5.13,40991
5.13,41104
5.20,41163
5.20,41212
5.20,41377
5.21,41386
5.21,41438
5.21,41566
5.22,41685
5.22,41689
5.22,41805
5.22,41837
5.23,41998
5.23,41999
5.31,42078
5.32,42100
5.34,42105
5.58,42194
5.59,42203
5.60,42304
5.61,42399
5.63,42403
5.70,42404
5.72,42497
5.74,42505
5.75,42599
5.77,42700
5.83,42703
5.85,42798
5.87,42905
5.93,43004
5.96,43105
10.31,72251
10.31,72503
