0.00,0.0
0.00,1081
0.00,3357
0.00,4342
0.00,5764
0.00,7611
0.00,8537
0.00,9653
0.00,11522
0.00,13546
0.00,14759
0.00,16236
0.00,17693
0.00,19626
0.00,21054
0.00,22306
0.00,24191
0.00,24898
0.00,26366
0.00,27576
0.00,28452
0.00,29693
0.00,31055
0.00,32883
0.00,33998
0.00,35580
0.00,36925
0.00,38377
0.00,38924
0.00,41103
0.00,41685
0.00,43394
0.00,43654
0.00,44878
0.00,46538
0.00,48795
0.00,50687
0.01,50774
0.01,51489
0.01,52067
0.01,52916
0.01,53412
0.01,53714
0.01,54251
0.01,55227
0.01,56065
0.02,56534
0.02,56615
0.02,56650
0.02,56756
0.02,57277
0.02,57547
0.02,57723
0.03,58081
0.03,58730
0.03,59234
0.03,59358
0.06,59674
0.06,60550
0.06,60628
0.06,61057
0.07,61108
0.08,61484
0.08,62105
0.08,62304
0.08,62388
0.08,62922
0.08,63051
0.09,63326
0.09,63816
0.09,64721
0.09,64891
0.09,65076
0.09,65472
0.09,65668
0.10,65995
0.10,66369
0.10,66547
0.10,67367
0.10,68002
0.10,68031
0.11,69018
0.11,69436
0.11,69919
0.11,70891
0.11,71333
0.11,71967
0.12,72039
0.12,72924
0.15,73510
0.16,73531
0.17,74133
0.17,75119
0.17,75757
0.18,76037
0.18,76411
0.19,77186
0.19,78176
0.20,78343
0.21,79055
0.21,79141
0.22,79789
0.22,79926
0.23,80137
0.23,80434
0.24,80977
0.25,81751
0.27,81974
0.27,82664
0.27,83177
0.28,83804
0.31,83882
0.31,84295
0.31,84894
0.31,85039
0.32,85114
0.32,85346
0.32,85647
0.32,86148
0.33,86433
0.33,86610
0.33,87192
0.36,87209
0.36,87918
0.37,88817
0.38,89468
0.38,90119
0.39,90362
0.39,91019
0.39,91049
0.39,91326
0.40,92214
0.42,92495
0.42,92977
0.42,93815
0.43,94614
0.43,95060
0.43,95537
0.43,95935
0.44,96153
0.46,96925
0.46,97638
0.46,98369
0.47,98556
0.48,99048
0.48,99747
0.48,99965
0.48,100441
0.48,100666
0.48,100725
0.48,101043
0.48,101625
0.48,101699
0.48,101992
0.48,102500
0.48,103178
0.49,103912
0.50,104335
0.50,104804
0.50,105487
0.51,106118
0.52,106385
0.52,107107
0.52,107773
0.52,108065
0.53,108586
0.53,108796
0.53,109293
0.53,110074
0.55,110394
0.55,110552
0.56,111061
0.57,112039
0.61,112518
0.64,113368
0.66,114054
0.70,114590
0.70,115279
0.72,115547
0.76,116120
0.79,116703
0.79,117248
0.80,118077
0.84,118802
0.84,119749
0.85,120347
0.85,120954
0.86,121299
0.86,121620
0.86,121654
0.86,122640
0.87,122861
0.88,123001
0.88,123287
0.90,123808
0.99,124391
1.02,124696
1.04,125074
1.04,125077
1.05,125237
1.06,125634
1.09,125960
1.09,126506
1.10,126590
1.10,126877
1.13,126928
1.14,127482
1.21,127766
1.21,128154
1.21,129096
1.21,129126
1.21,129451
1.21,130001
1.22,130785
1.23,130991
1.24,131152
1.24,131846
1.24,132830
1.24,133395
1.25,134314
1.25,135067
1.26,135236
1.27,136147
1.34,136385
1.35,136418
1.35,136653
1.35,136935
1.35,137667
1.35,138212
1.35,138647
1.35,139289
1.36,139509
1.37,139705
1.39,140057
1.50,140549
1.52,140783
1.52,141498
1.52,141680
1.52,141753
1.53,142116
1.76,142263
1.76,142652
1.76,143422
1.77,143581
1.77,144351
1.84,145029
2.03,145667
2.03,145741
2.03,146219
2.05,146719
2.07,146803
2.24,147141
2.27,148111
5.55,148509
5.56,149153
5.56,149952
5.56,150911
5.56,151801
5.57,152227
5.57,152336
5.60,152625
5.60,152770
5.60,153472
5.61,154141
5.61,154694
5.61,155059
5.63,155265
5.66,155440
5.66,155475
5.66,155686
5.67,156094
5.67,156096
5.67,156099
5.67,157041
5.69,157358
5.69,157486
5.75,158046
5.75,158049
5.76,158511
5.78,158643
5.78,159453
5.78,159801
5.78,160547
5.78,161131
5.78,161721
5.79,162160
5.79,162773
5.80,163162
5.81,164000
5.81,164938
5.81,165644
5.81,165676
5.81,166456
5.82,167342
5.82,167876
5.83,167905
5.83,168084
5.83,168841
5.85,168953
5.85,169492
5.85,169676
5.87,170266
5.89,170742
5.89,171190
5.89,171232
5.92,171345
5.93,171542
5.95,172227
5.96,172474
5.96,172895
5.97,173615
5.98,174517
5.99,175010
5.99,175967
6.03,176226
6.04,176904
6.04,176972
6.04,177495
6.04,178065
6.05,178848
6.05,178858
6.08,178894
6.09,179276
6.14,179284
6.14,179305
6.14,180098
6.18,180666
6.19,180669
6.19,181193
6.20,181776
6.22,182074
6.23,182794
6.30,182958
6.30,183329
6.31,184094
6.33,184805
6.34,185760
6.37,186021
6.37,186701
6.41,186736
6.45,187206
6.46,187298
6.46,187301
6.56,187610
6.58,187882
6.67,188028
6.68,188614
6.70,188784
6.81,189303
6.81,189457
6.81,190001
6.81,190170
6.96,190191
7.26,190242
7.51,190284
7.52,190320
7.55,190325
7.69,190409
11.10,562723
11.10,562888
11.10,562939
11.10,562989
