0.00,0.0
0.00,1585
0.00,2775
0.00,4607
0.00,5620
0.00,6673
0.00,8298
0.00,9769
0.00,11028
0.00,12470
0.00,13739
0.00,15911
0.00,16977
0.00,17880
0.00,20403
0.00,21973
0.00,23554
0.00,24766
0.00,26402
0.00,28482
0.00,29291
0.00,29797
0.00,30627
0.00,31624
0.00,32310
0.01,32959
0.01,33590
0.01,33968
0.01,34236
0.01,34402
0.01,35377
0.03,36055
0.03,36803
0.03,36960
0.03,37030
0.03,37904
0.03,37966
0.04,38012
0.04,38047
0.04,38521
0.04,39106
0.04,39752
0.04,40169
0.04,40960
0.04,41752
0.05,42715
0.05,43499
0.06,43668
0.06,43919
0.06,44143
0.06,45129
0.06,46043
0.07,46722
0.07,47087
0.07,48007
0.07,48504
0.07,49234
0.07,50004
0.07,50528
0.07,51030
0.07,51488
0.07,51696
0.08,52554
0.08,52620
0.08,53038
0.08,53784
0.08,54195
0.09,54640
0.09,54724
0.09,55365
0.10,55512
0.10,55544
0.10,55978
0.10,56435
0.10,56989
0.10,57894
0.11,57929
0.11,58841
0.11,59553
0.11,60074
0.11,60617
0.12,60898
0.12,61529
0.13,61814
0.14,62045
0.14,62628
0.14,62706
0.14,63372
0.14,64100
0.14,65084
0.14,65653
0.16,65725
0.16,65909
0.16,66595
0.17,67076
0.17,67329
0.17,67719
0.18,68587
0.18,68919
0.18,69137
0.18,69788
0.18,70674
0.21,70802
0.21,70807
0.21,71298
0.21,71717
0.21,72605
0.22,72608
0.23,73378
0.23,74287
0.24,74308
0.24,74363
0.24,74880
0.28,74972
0.28,75745
0.29,75829
0.29,76258
0.29,77169
0.29,78125
0.30,78629
0.31,79247
0.31,79938
0.34,80180
0.35,80349
0.36,80870
0.36,81016
0.36,81047
0.36,81512
0.36,81949
0.37,82444
0.37,82623
0.37,83328
0.37,84247
0.37,84752
0.37,84892
0.37,85851
0.37,85942
0.37,86333
0.37,86957
0.37,87620
0.38,87655
0.38,88044
0.38,88534
0.40,88964
0.40,89717
0.40,89935
0.40,89940
0.41,90392
0.42,91222
0.44,91605
0.44,92294
0.44,92356
0.44,92951
0.44,93345
0.45,93888
0.46,94747
0.51,94833
0.51,94935
0.52,95063
0.55,95098
0.56,95598
0.58,95649
0.59,96313
0.60,96876
0.60,97142
0.62,97570
0.66,97765
0.68,97934
0.81,97955
3.66,98196
3.66,98490
3.66,99409
3.66,100235
3.66,100305
3.67,100477
3.68,101171
3.70,101440
3.70,101654
3.70,102433
3.70,103235
3.70,103619
3.73,103830
3.74,104336
3.85,104600
3.85,105382
3.86,105794
3.86,106091
3.86,106881
3.87,107696
3.87,108250
3.89,108408
3.89,108573
3.89,108639
3.89,108690
3.91,109312
3.95,110032
3.98,110379
3.98,110852
3.98,111474
3.98,112381
4.07,112472
4.08,112556
4.08,112591
4.09,113074
4.10,113596
4.10,113765
4.10,113918
4.10,113923
4.11,114575
4.12,115150
4.12,115657
4.13,116300
4.13,116806
4.15,117439
4.15,117597
4.17,117780
4.19,118149
4.19,118170
4.19,119064
4.21,119499
4.21,119882
4.24,119966
4.24,120174
4.27,120604
4.37,120897
4.40,121618
4.44,121702
4.45,121753
4.53,122385
4.55,122412
4.60,123324
4.63,123821
4.65,123826
4.75,123877
4.99,123910
7.63,275421
7.63,275786
