0.00,0.0
0.00,2455
0.00,4270
0.00,5070
0.00,6191
0.00,7008
0.00,9308
0.00,9550
0.00,9551
0.00,9571
0.00,9670
0.01,9671
0.01,9700
0.03,9799
0.04,9810
0.04,9848
0.08,9885
0.08,9966
0.08,9967
0.08,9968
0.08,9969
0.09,10029
0.09,10046
0.22,10155
0.22,10161
0.22,10162
0.22,10260
0.23,10321
0.24,10453
0.24,10566
0.25,10691
0.26,10723
0.35,10789
0.36,10875
0.36,10980
0.37,11045
0.37,11121
0.37,11122
0.39,11144
0.39,11185
0.39,11254
0.40,11255
0.43,11285
0.44,11286
0.44,11304
0.44,11322
0.44,11323
0.45,11489
0.46,11591
0.48,11599
0.49,11617
0.50,11646
0.68,11679
0.69,11729
0.69,11871
0.71,11938
0.72,11987
0.72,11988
0.74,12052
0.78,12055
0.82,12062
0.86,12095
0.88,12176
0.88,12177
0.90,12194
0.90,12195
0.95,12204
0.97,12225
1.03,12277
1.05,12317
1.07,12318
1.13,12328
1.13,12329
1.14,12330
1.21,12367
4.16,12384
4.16,12460
4.19,12461
4.20,12508
4.21,12537
4.22,12538
4.24,12654
4.28,12658
4.37,12659
4.38,12718
4.38,12719
4.39,12747
4.44,12755
6.98,17722
6.98,17723
