0.00,0.0
0.00,1072
0.00,3118
0.00,3328
0.00,4184
0.00,4310
0.00,5080
0.00,5969
0.00,6412
0.01,6850
0.01,7245
0.01,7814
0.01,7889
0.01,8263
0.01,8483
0.01,8678
0.01,8769
0.02,9406
0.02,9948
0.02,10807
0.02,11275
0.02,11331
0.03,11504
0.03,12082
0.03,12277
0.03,12282
0.04,12647
0.05,12885
0.05,13175
0.05,13287
0.06,13850
0.08,14110
0.08,14531
0.08,15295
0.08,15336
0.08,15878
0.09,16556
0.09,16838
0.09,17792
0.09,18055
0.10,18346
0.11,18506
0.12,18654
0.12,18968
0.13,19094
0.13,19255
0.16,19269
0.17,19391
0.17,19824
0.17,20281
0.18,20557
0.18,20752
0.20,20754
0.23,21347
0.25,21438
0.27,21589
0.27,21691
0.27,22074
0.28,22176
0.33,22211
0.33,22617
3.38,22905
3.39,23276
3.39,23743
3.41,23907
3.41,24004
3.41,24009
3.41,24709
3.42,24778
3.43,25255
3.43,25381
6.63,28225
