0.00,0.0
0.00,1407
0.00,2677
0.00,3745
0.00,5938
0.00,7629
0.00,8503
0.00,8870
0.00,10262
0.00,11615
0.00,12816
0.00,14464
0.00,15862
0.00,16640
0.00,17367
0.00,19451
0.00,21100
0.00,23295
0.00,24156
0.00,26259
0.00,27785
0.00,29134
0.00,30975
0.00,32627
0.00,33899
0.00,36071
0.00,37502
0.00,39887
0.00,41023
0.00,43020
0.00,44284
0.00,45421
0.00,46790
0.00,48866
0.00,49568
0.01,49657
0.01,49658
0.01,49698
0.01,49699
0.02,49776
0.02,49777
0.02,49811
0.02,49829
0.03,49839
0.03,49861
0.04,49927
0.10,49981
0.10,50048
0.10,50064
0.10,50079
0.10,50215
0.11,50302
0.12,50364
0.12,50365
0.12,50384
0.12,50505
0.12,50649
0.13,50743
0.13,50782
0.13,50822
0.13,51020
0.15,51047
0.16,51074
0.21,51195
0.21,51196
0.35,51226
0.37,51268
0.37,51269
0.37,51270
0.38,51271
0.38,51315
0.38,51324
0.38,51370
0.38,51402
0.38,51486
0.42,51626
0.55,51636
0.56,51731
0.58,51823
0.88,51908
0.89,51921
0.99,51991
1.00,52081
1.01,52135
1.01,52227
1.02,52228
1.03,52256
1.03,52315
1.03,52333
1.04,52334
1.05,52375
1.29,52388
1.29,52479
1.29,52480
1.30,52481
1.30,52505
1.34,52511
1.35,52668
1.35,52744
1.35,52745
1.35,52746
1.35,52832
1.36,52901
1.38,52923
1.39,52925
1.44,53054
1.44,53067
1.44,53068
1.46,53074
1.47,53075
1.48,53216
1.48,53251
1.67,53261
1.68,53312
1.71,53369
1.71,53385
1.74,53437
1.74,53443
1.75,53444
1.82,53467
1.82,53468
1.83,53545
1.85,53643
1.86,53644
1.86,53678
1.89,53702
1.90,53709
1.90,53727
1.98,53802
1.99,53876
2.00,53920
2.03,53921
2.03,54015
2.04,54079
2.06,54080
2.12,54138
2.21,54154
2.21,54236
2.22,54345
2.26,54366
2.30,54367
2.33,54368
2.42,54457
2.50,54556
2.70,54652
2.70,54748
2.70,54871
2.74,54924
2.75,54925
2.75,54960
2.78,55041
2.81,55058
2.84,55089
2.87,55090
2.91,55091
2.92,55092
3.27,55093
3.44,55148
3.48,55149
3.48,55150
3.50,55249
3.61,55250
3.62,55251
3.62,55301
3.66,55302
4.12,55338
4.46,55399
4.57,55428
4.73,55453
5.06,55454
14.07,55469
14.08,55470
14.17,55529
14.39,55638
14.39,55639
14.40,55726
14.47,55727
14.51,55872
14.53,55873
14.59,55959
14.76,55992
14.80,55993
14.82,55994
14.83,55995
14.84,56033
14.85,56034
14.87,56035
14.99,56123
15.02,56124
15.14,56151
15.15,56161
15.17,56207
15.26,56214
15.33,56215
15.52,56265
15.56,56275
15.57,56304
15.59,56305
15.63,56350
15.65,56351
15.78,56374
15.91,56390
15.92,56391
15.93,56478
16.02,56479
16.03,56480
16.05,56481
16.14,56544
16.17,56545
16.20,56546
16.47,56547
16.56,56607
16.61,56685
16.69,56686
17.86,56693
18.05,56694
18.14,56695
18.96,56696
19.93,56697
24.71,89979
