0.00,0.0
0.00,747
0.00,2966
0.00,4099
0.00,6121
0.00,7569
0.00,9573
0.00,11432
0.00,12736
0.00,15230
0.00,17544
0.00,20059
0.00,22106
0.00,23429
0.00,24256
0.00,25505
0.00,27131
0.00,29074
0.00,31270
0.00,33611
0.00,34672
0.00,36611
0.00,38758
0.00,40593
0.00,42270
0.00,43179
0.00,44293
0.00,45107
0.00,46920
0.00,49301
0.00,50144
0.00,50988
0.01,50989
0.01,51018
0.01,51019
0.02,51028
0.02,51029
0.04,51059
0.07,51077
0.07,51083
0.07,51084
0.07,51085
0.07,51102
0.08,51160
0.08,51190
0.08,51191
0.09,51192
0.15,51214
0.15,51265
0.16,51373
0.16,51374
0.16,51407
0.16,51554
0.22,51667
0.23,51668
0.25,51702
0.25,51741
0.25,51758
0.26,51777
0.26,51836
0.28,51900
0.28,51925
0.28,52022
0.28,52055
0.28,52116
0.28,52126
0.28,52127
0.28,52234
0.29,52326
0.34,52343
0.34,52372
0.35,52373
0.35,52450
0.59,52454
0.59,52455
0.68,52467
0.74,52483
0.76,52518
0.79,52519
0.80,52520
0.83,52537
0.83,52568
0.84,52569
0.84,52654
1.09,52688
1.11,52769
1.14,52797
1.16,52931
1.22,52934
1.24,52949
1.24,53040
1.32,53070
1.33,53071
1.33,53111
1.33,53175
1.33,53244
1.41,53304
1.42,53305
1.45,53306
1.46,53340
1.47,53360
1.48,53406
1.48,53407
1.50,53419
1.54,53504
1.55,53591
1.56,53705
1.57,53732
1.60,53795
1.62,53796
1.65,53813
1.65,53814
1.69,53892
1.69,53893
1.70,53903
1.72,53904
1.76,53905
1.87,53910
1.87,53923
1.89,54059
1.89,54096
1.89,54097
1.90,54098
1.90,54185
1.98,54270
2.13,54292
2.20,54307
2.21,54443
2.23,54467
2.29,54575
2.29,54605
2.29,54606
2.34,54677
2.34,54678
2.36,54744
2.37,54830
2.38,54906
2.40,54907
2.43,54998
2.63,54999
2.77,55023
2.78,55093
2.89,55175
2.96,55265
2.97,55266
2.97,55267
3.02,55268
3.03,55269
3.04,55278
3.07,55304
3.10,55305
3.18,55363
3.22,55364
3.84,55365
4.61,55366
5.87,55431
5.96,55433
5.97,55496
5.97,55520
5.97,55577
5.98,55693
6.01,55771
6.03,55772
6.03,55773
6.03,55805
6.07,55863
6.07,55923
6.08,55949
6.10,56013
6.11,56014
6.12,56015
6.15,56016
6.20,56017
6.26,56074
6.27,56099
6.28,56186
6.28,56187
6.30,56254
6.32,56339
6.33,56415
6.34,56452
6.41,56489
6.41,56525
6.42,56555
6.44,56609
6.46,56633
6.46,56634
6.47,56710
6.47,56732
6.48,56817
6.49,56818
6.52,56863
6.62,56953
6.64,57053
6.64,57054
6.65,57062
6.75,57127
6.86,57238
6.87,57350
6.87,57351
6.88,57352
6.90,57353
6.92,57354
6.93,57355
6.94,57434
6.95,57435
6.96,57438
7.80,57475
9.69,90112
9.69,90157
