0.00,0.0
0.00,1550
0.00,3425
0.00,4865
0.00,4993
0.00,5069
0.01,5224
0.01,5291
0.02,5323
0.02,5350
0.04,5432
0.04,5433
0.04,5470
0.04,5471
0.04,5472
0.05,5509
0.05,5549
0.06,5612
0.06,5613
0.06,5667
0.07,5734
0.23,5769
0.23,5770
0.27,5829
0.27,5871
0.27,5883
0.29,5981
0.29,6037
0.32,6130
0.32,6131
0.32,6191
0.33,6257
0.33,6301
0.35,6305
0.35,6312
0.40,6374
0.41,6440
0.41,6520
0.43,6563
0.44,6589
0.44,6590
0.45,6614
0.46,6615
0.46,6616
0.54,6691
0.58,6734
0.60,6789
0.60,6801
0.60,6802
0.62,6807
0.63,6808
0.69,6830
0.70,6831
0.92,6871
6.59,8939
6.59,8940
