0.00,0.0
0.00,757
0.00,2128
0.00,2298
0.01,2438
0.01,2479
0.01,2480
0.01,2481
0.01,2598
0.01,2663
0.01,2664
0.01,2672
0.01,2673
0.01,2740
0.01,2816
0.02,2996
0.03,3052
0.12,3079
0.12,3134
0.12,3135
0.12,3145
0.13,3147
0.25,3154
0.26,3249
0.26,3250
0.26,3306
0.26,3361
0.27,3375
0.27,3408
0.29,3468
0.29,3513
0.30,3514
0.30,3515
0.30,3575
0.30,3576
0.32,3637
0.46,3672
0.47,3699
0.47,3700
0.47,3701
0.48,3705
0.48,3760
0.66,3769
0.66,3770
4.05,3792
4.13,3834
4.13,3835
4.18,3836
4.22,3837
4.36,3898
4.37,3899
6.84,4411
