0.00,0.0
0.00,2431
0.00,3925
0.00,5967
0.00,7932
0.00,9722
0.00,10713
0.00,12739
0.00,14255
0.00,15254
0.00,17143
0.00,18412
0.00,20941
0.00,22347
0.00,23479
0.00,24794
0.00,26145
0.00,27835
0.00,29092
0.00,30468
0.00,31169
0.00,33495
0.00,35309
0.00,37593
0.00,38549
0.00,40439
0.00,42178
0.00,43224
0.00,44483
0.00,45811
0.00,47126
0.00,48518
0.00,50135
0.00,50757
0.00,52279
0.01,53107
0.01,53653
0.01,53772
0.01,53991
0.01,54640
0.01,55018
0.02,55069
0.02,55720
0.02,56036
0.02,56623
0.02,57147
0.02,57460
0.03,58336
0.03,58826
0.03,59164
0.04,59555
0.04,59750
0.04,60589
0.04,60664
0.04,61024
0.04,61794
0.05,62089
0.05,62720
0.06,63224
0.06,63570
0.06,64443
0.06,65250
0.06,65435
0.06,66155
0.06,66995
0.07,67490
0.07,67758
0.08,68134
0.08,68161
0.08,68826
0.08,68991
0.08,69500
0.08,69916
0.08,70564
0.08,71395
0.08,72233
0.08,73152
0.08,74107
0.08,74276
0.08,74527
0.09,75337
0.09,75508
0.09,76451
0.09,77380
0.09,77546
0.09,77833
0.10,78553
0.10,78845
0.10,79342
0.10,79398
0.10,80194
0.11,80713
0.11,80901
0.11,81663
0.11,81687
0.11,82641
0.11,83387
0.12,83613
0.12,84236
0.12,84270
0.13,84823
0.13,84915
0.18,85617
0.19,85905
0.20,86250
0.20,86704
0.20,87398
0.21,88135
0.21,88319
0.21,89102
0.21,90070
0.21,91001
0.21,91516
0.22,91717
0.22,92403
0.22,92703
0.23,92751
0.25,93165
0.25,93219
0.25,94203
0.25,94724
0.25,95439
0.26,95939
0.26,96917
0.27,97590
0.28,98478
0.28,98975
0.28,99609
0.28,100441
0.28,101184
0.32,101349
0.32,102263
0.32,102897
0.32,103114
0.33,103400
0.39,104323
0.39,105197
0.40,105477
0.40,105561
0.40,105566
0.41,106247
0.41,107208
0.41,107483
0.41,108330
0.41,109103
0.41,109503
0.41,109522
0.41,110510
0.42,110803
0.42,111535
0.42,112236
0.42,112801
0.42,113516
0.42,113574
0.42,113972
0.42,114658
0.42,115581
0.42,116424
0.42,117120
0.42,117880
0.43,118669
0.43,118880
0.45,118961
0.46,119003
0.46,119597
0.46,119648
0.47,120184
0.47,120861
0.47,121528
0.47,122378
0.47,122799
0.47,123180
0.49,124080
0.49,124249
0.49,124386
0.51,124805
0.51,125420
0.53,126305
0.59,126988
0.61,127639
0.62,127835
0.65,128191
0.65,128576
0.67,129225
0.70,129537
0.70,130354
0.70,130682
0.73,131093
0.73,131541
0.73,132084
0.75,132566
0.83,133018
0.83,133929
0.86,134663
0.87,135304
0.87,136274
0.88,137177
0.88,137895
0.88,137930
0.88,138557
1.03,139200
1.04,139396
1.06,139447
1.25,139786
1.25,140518
1.25,140770
1.29,140939
1.30,141171
1.31,142087
1.32,142329
1.32,142703
1.37,143001
4.54,143142
4.54,143537
4.54,143971
4.70,144586
4.71,145095
4.71,145126
4.71,145382
4.71,146304
4.72,146902
4.72,147888
4.72,148851
4.72,149430
4.72,150048
4.73,150374
4.73,150547
4.74,151016
4.74,151290
4.74,152020
4.75,152188
4.75,152862
4.75,152988
4.75,153978
4.75,154426
4.76,154710
4.76,155649
4.76,155873
4.76,156504
4.76,157287
4.77,157692
4.77,158282
4.79,158472
4.79,158614
4.79,158756
4.79,158926
4.79,159020
4.79,159762
4.80,159894
4.80,160368
4.80,160382
4.80,160569
4.80,160932
4.80,160966
4.81,161456
4.81,161542
4.81,161893
4.81,162540
4.81,163101
4.82,163561
4.83,163879
4.83,164506
4.85,164955
4.85,164999
4.85,165370
4.85,165556
4.85,165669
4.85,166290
4.85,166826
4.86,166950
4.86,167551
4.86,168493
4.86,169005
4.86,169447
4.87,169681
4.87,170083
4.87,170920
4.88,171281
4.88,171846
4.88,172490
4.91,172881
4.92,173064
4.92,173347
4.93,173469
4.93,174455
4.93,175109
4.97,175754
4.97,176227
4.97,176453
4.99,176688
4.99,176955
5.00,177274
5.00,177492
5.01,177884
5.02,178092
5.02,178648
5.02,179101
5.03,179143
5.03,179658
5.04,179706
5.05,179978
5.06,180877
5.07,181625
5.12,182210
5.14,182532
5.14,182827
5.14,182988
5.17,183642
5.17,183860
5.19,184235
5.19,185209
5.19,185514
5.19,186330
5.31,186534
5.31,186769
5.31,187752
5.40,188430
5.45,188980
9.19,563176
