0.00,0.0
0.00,885
0.00,1978
0.00,2421
0.00,3373
0.00,4164
0.00,4455
0.01,4756
0.01,5233
0.01,5788
0.01,5890
0.01,6427
0.01,6430
0.01,7010
0.01,7552
0.01,7623
0.01,7649
0.01,8489
0.02,8721
0.02,9508
0.02,10132
0.02,10260
0.02,10984
0.02,11663
0.03,12232
0.03,12898
0.03,12962
0.03,12986
0.03,13679
0.03,13781
0.03,13846
0.03,13892
0.04,14362
0.04,15250
0.04,16161
0.04,17020
0.04,17066
0.05,17419
0.05,17532
0.05,17658
0.06,18164
0.09,18301
0.10,18419
0.12,18596
0.12,18924
0.12,19206
0.13,19552
0.13,20150
0.13,20563
0.14,20827
0.14,20955
0.14,21057
0.16,21094
0.16,21803
0.17,22249
0.18,22444
0.19,23146
0.22,23332
0.23,23386
0.23,23512
3.13,23791
3.14,23947
3.14,24806
3.16,24831
3.17,24836
3.17,24934
3.17,25062
3.18,25164
6.02,28043
