0.00,0.0
0.00,2202
0.00,3949
0.00,5160
0.00,6262
0.00,7531
0.00,8606
0.00,9638
0.00,11676
0.00,13508
0.00,15543
0.00,17575
0.00,18709
0.00,20166
0.00,21248
0.00,22512
0.00,23662
0.00,25255
0.00,25910
0.00,27159
0.00,29272
0.00,31362
0.00,33844
0.00,35651
0.00,37670
0.00,38435
0.00,39369
0.00,41378
0.00,42194
0.00,44018
0.00,46610
0.00,47559
0.00,49199
0.01,49502
0.01,49626
0.01,49642
0.02,49710
0.02,49711
0.02,49726
0.02,49811
0.02,49812
0.03,49861
0.03,49862
0.03,49863
0.05,49909
0.06,49991
0.06,50067
0.07,50159
0.08,50160
0.09,50260
0.09,50261
0.09,50298
0.12,50304
0.13,50461
0.13,50462
0.14,50479
0.14,50480
0.14,50481
0.14,50550
0.14,50551
0.14,50627
0.15,50736
0.16,50751
0.16,50841
0.16,50851
0.24,50877
0.32,50878
0.33,50897
0.33,51040
0.34,51041
0.34,51042
0.36,51079
0.36,51080
0.37,51081
0.38,51145
0.38,51174
0.40,51222
0.40,51247
0.41,51268
0.42,51269
0.42,51311
0.46,51378
0.46,51389
0.47,51397
0.47,51400
0.47,51451
0.49,51452
0.50,51487
0.50,51577
0.51,51625
0.58,51697
0.62,51742
0.62,51809
0.65,51905
0.65,51939
0.65,51940
0.66,52052
0.73,52083
0.74,52084
0.77,52100
0.78,52102
0.78,52103
0.92,52161
0.95,52201
0.96,52202
0.99,52289
1.07,52299
1.07,52384
1.07,52385
1.11,52433
1.13,52434
1.14,52450
1.22,52566
1.24,52583
1.38,52598
1.38,52609
1.38,52737
1.39,52738
1.40,52739
1.40,52740
1.40,52827
1.41,52867
1.41,52939
1.41,52940
1.42,53035
1.42,53062
1.43,53065
1.45,53069
1.47,53107
1.47,53133
1.58,53158
1.59,53239
1.61,53248
1.62,53320
1.72,53373
1.73,53406
1.73,53407
1.73,53408
1.75,53470
1.80,53471
1.82,53497
1.85,53546
1.86,53651
1.86,53680
1.93,53795
1.94,53796
1.94,53797
1.97,53863
1.97,53864
1.98,53938
1.98,54005
2.02,54014
2.03,54015
2.04,54025
2.23,54027
2.26,54088
2.26,54089
2.28,54090
2.30,54108
2.31,54109
2.38,54139
2.40,54234
2.51,54246
2.51,54278
2.53,54305
2.53,54306
2.54,54324
2.54,54437
2.55,54438
2.58,54482
2.60,54499
2.60,54500
2.61,54533
2.92,54544
2.94,54545
2.98,54546
3.07,54547
3.18,54608
3.22,54689
3.26,54690
3.49,54691
3.52,54692
3.55,54699
3.58,54700
3.60,54755
3.61,54827
3.67,54828
3.73,54856
3.73,54857
3.90,54885
3.94,54886
3.96,54887
4.42,54888
4.56,54889
4.62,54936
6.10,54937
6.22,55022
6.23,55093
6.23,55200
6.23,55201
6.26,55230
6.34,55248
6.34,55306
6.35,55350
6.36,55413
7.90,55414
7.90,55439
7.94,55440
7.97,55492
7.98,55493
8.00,55537
8.00,55621
8.02,55629
8.02,55741
8.04,55855
8.06,55856
8.09,55945
8.09,56073
8.09,56074
8.10,56075
8.12,56147
8.15,56180
8.22,56208
8.26,56248
8.26,56249
8.26,56250
8.26,56251
8.27,56252
8.31,56282
8.35,56283
8.61,56318
8.73,56335
8.75,56336
8.77,56337
8.87,56338
8.99,56339
8.99,56357
9.01,56423
9.02,56424
9.02,56496
9.03,56497
9.20,56589
9.23,56590
9.27,56685
9.27,56721
12.10,90090
12.10,90091
