0.00,0.0
0.00,757
0.00,2128
0.00,2298
0.00,2438
0.00,2479
0.00,2480
0.00,2481
0.00,2598
0.01,2663
0.01,2664
0.01,2672
0.01,2673
0.01,2740
0.01,2816
0.01,2996
0.01,3052
0.07,3079
0.07,3134
0.07,3135
0.07,3145
0.08,3147
0.14,3154
0.14,3249
0.14,3250
0.15,3306
0.15,3361
0.15,3375
0.15,3408
0.16,3468
0.16,3513
0.16,3514
0.16,3515
0.16,3575
0.16,3576
0.17,3637
0.28,3672
0.28,3699
0.28,3700
0.28,3701
0.28,3705
0.29,3760
0.39,3769
0.39,3770
2.82,3792
2.88,3834
2.88,3835
2.91,3836
2.93,3837
3.03,3898
3.03,3899
4.90,4411
