0.00,0.0
0.00,1646
0.00,3799
0.00,4925
0.00,6325
0.00,7312
0.00,9149
0.00,9203
0.00,9710
0.00,9928
0.01,10009
0.01,10010
0.01,10033
0.01,10099
0.02,10131
0.02,10158
0.02,10159
0.02,10228
0.02,10395
0.03,10396
0.09,10492
0.10,10497
0.10,10551
0.10,10668
0.19,10811
0.20,10812
0.21,10818
0.21,10819
0.21,10833
0.50,10850
0.51,10956
0.57,10969
0.76,11014
0.77,11032
0.77,11033
0.82,11112
0.82,11152
0.85,11168
0.85,11169
0.85,11187
0.99,11242
0.99,11251
1.01,11340
1.02,11341
1.04,11343
1.05,11344
1.05,11398
1.11,11422
1.11,11439
1.12,11440
1.12,11441
1.19,11442
1.26,11454
1.28,11465
1.28,11466
1.29,11477
1.29,11478
1.36,11497
1.38,11507
1.40,11575
1.40,11576
1.44,11610
1.51,11650
4.47,11658
4.47,11667
4.47,11766
4.83,11799
4.85,11899
4.85,11952
4.85,12011
4.87,12113
4.94,12139
4.95,12251
4.96,12302
4.97,12303
4.97,12342
5.01,12407
5.03,12510
5.03,12515
5.03,12585
5.07,12596
5.09,12649
5.09,12650
5.25,12667
8.04,17646
8.04,17699
8.04,17758
