0.00,0.0
0.00,342
0.00,2508
0.00,3615
0.00,5091
0.00,5476
0.00,7083
0.00,7873
0.01,8834
0.01,8890
0.01,9681
0.01,10000
0.01,10976
0.01,11171
0.01,11812
0.01,12526
0.01,12628
0.01,13398
0.01,13779
0.02,14680
0.02,14898
0.02,15192
0.02,15201
0.03,15592
0.03,16266
0.03,16884
0.03,17608
0.03,17734
0.04,18243
0.05,18467
0.05,18944
0.05,19165
0.05,19427
0.05,20119
0.05,21062
0.05,21146
0.07,21626
0.08,22181
0.08,22681
0.08,22764
0.08,23116
0.08,23916
0.08,23965
0.08,24293
0.09,24488
0.11,25169
0.11,25431
0.11,25904
0.11,25990
0.11,26912
0.11,26991
0.11,27099
0.12,27817
0.12,28371
0.13,28886
0.13,29757
0.13,30616
0.14,31066
0.14,31715
0.16,31872
0.16,32516
0.16,33352
0.16,33480
0.17,34026
0.17,34312
0.17,34560
0.18,34793
0.18,35014
0.18,35151
0.22,35457
0.22,35530
0.22,36438
0.23,36984
0.23,37982
0.23,38541
0.23,38616
0.23,39406
0.23,39551
0.23,40051
0.23,40422
0.24,40837
0.24,40983
0.24,41236
0.24,41295
0.24,41421
0.25,41975
0.25,42193
0.25,42622
0.26,42846
0.26,42893
0.29,42922
0.29,43180
0.29,43962
0.30,44504
0.30,44849
0.30,45191
0.31,45880
0.36,45894
0.36,46806
0.38,47416
0.40,47559
0.40,47734
0.41,48451
0.41,48605
0.41,49225
0.41,50144
0.41,50172
0.41,50963
0.42,51047
0.43,51271
0.50,51511
0.50,51756
0.50,52397
0.59,52708
0.59,52950
0.61,53372
0.63,53889
0.67,54621
0.67,54712
0.69,55623
0.91,55707
4.00,55894
4.00,56414
4.00,57033
4.00,57090
4.01,57312
4.01,57493
4.01,58401
4.02,59128
4.02,59161
4.02,59707
4.02,59960
4.03,60108
4.03,60404
4.04,60672
4.04,61417
4.04,62085
4.04,62209
4.04,62989
4.06,63628
4.06,63849
4.07,64001
4.14,64265
4.15,64348
4.15,64474
4.17,64517
4.45,64718
4.45,64929
4.50,65641
4.50,65762
4.51,66439
4.54,66540
4.54,66798
4.54,66924
4.55,67507
4.59,67893
4.76,68330
4.77,68527
8.77,109779
8.77,110420
