0.00,0.0
0.00,2459
0.00,4313
0.00,6165
0.00,8112
0.00,10704
0.00,13044
0.00,15258
0.00,17301
0.00,19021
0.00,20533
0.00,21974
0.00,23928
0.00,24883
0.00,26176
0.00,27583
0.00,29127
0.01,29542
0.01,29849
0.01,29959
0.01,30087
0.01,30194
0.01,30365
0.01,30481
0.02,30582
0.02,30697
0.02,30805
0.04,30904
0.06,31005
0.06,31039
0.06,31176
0.06,31301
0.07,31354
0.08,31462
0.08,31517
0.08,31627
0.08,31774
0.08,31883
0.08,31988
0.08,32105
0.10,32241
0.10,32400
0.11,32402
0.11,32407
0.12,32573
0.12,32659
0.12,32764
0.13,32887
0.13,32989
0.13,33099
0.16,33193
0.16,33297
0.17,33403
0.18,33504
0.20,33596
0.20,33705
0.21,33778
0.21,33903
0.24,34001
0.25,34089
0.26,34192
0.27,34303
0.28,34402
0.30,34503
0.38,34603
0.43,34687
0.44,34792
0.46,34804
0.48,34886
0.49,34992
0.50,35004
0.55,35042
0.55,35156
0.56,35288
0.56,35382
0.57,35471
0.57,35603
0.59,35705
0.63,35802
0.64,35890
0.65,35999
0.66,36003
0.67,36096
0.67,36197
0.67,36299
0.74,36302
0.75,36402
0.77,36504
0.84,36599
0.85,36698
0.91,36699
0.91,36804
0.94,36905
0.95,36956
0.95,37084
0.95,37203
0.96,37279
0.97,37380
0.97,37505
1.01,37604
1.24,37694
1.25,37801
1.29,37904
5.63,37983
5.63,38100
5.65,38106
5.65,38241
5.66,38317
5.66,38489
5.66,38591
5.66,38700
5.66,38703
5.67,38798
5.69,38800
5.70,38899
5.73,38901
5.73,38970
5.73,39086
5.75,39196
5.76,39267
5.76,39389
5.76,39505
5.77,39593
5.89,39600
5.89,39687
5.91,39695
6.01,39704
6.04,39881
6.04,39996
6.08,40104
6.09,40284
6.10,40305
6.15,40390
6.15,40399
6.18,40401
6.21,40493
6.23,40597
6.23,40699
6.63,40791
6.64,40799
6.64,40860
6.64,40904
6.69,40999
6.72,41080
6.72,41202
6.74,41304
6.85,41398
6.86,41504
6.92,41595
6.96,41600
6.99,41605
7.15,41705
11.56,72262
11.56,72488
