0.00,0.0
0.00,1303
0.00,2850
0.00,4999
0.00,5864
0.00,7846
0.00,9921
0.00,12256
0.00,13177
0.00,14506
0.00,16117
0.00,18233
0.00,19595
0.00,21817
0.00,23601
0.00,24813
0.00,26836
0.00,28912
0.00,30925
0.00,32946
0.00,34760
0.00,37496
0.00,39245
0.00,41730
0.00,43663
0.00,45470
0.00,47486
0.00,48481
0.00,49623
0.01,51502
0.01,53370
0.01,54974
0.01,56383
0.01,59009
0.01,59387
0.01,59561
0.01,59698
0.01,59814
0.03,59917
0.04,59997
0.04,60101
0.04,60301
0.04,60417
0.05,60510
0.05,60705
0.05,60807
0.06,60916
0.07,60996
0.07,61101
0.07,61252
0.08,61368
0.09,61498
0.09,61619
0.09,61681
0.09,61806
0.10,61908
0.10,62010
0.10,62111
0.11,62215
0.12,62271
0.12,62390
0.12,62511
0.14,62612
0.14,62713
0.14,62817
0.15,62819
0.16,62882
0.16,62904
0.17,63016
0.18,63172
0.18,63314
0.18,63412
0.21,63517
0.21,63595
0.22,63707
0.22,63809
0.23,63912
0.23,63989
0.25,64101
0.25,64216
0.26,64318
0.26,64412
0.27,64519
0.28,64595
0.29,64710
0.29,64817
0.29,64918
0.30,64919
0.32,65019
0.35,65115
0.39,65185
0.39,65286
0.39,65414
0.40,65485
0.41,65501
0.41,65533
0.41,65653
0.41,65819
0.43,65909
0.43,66019
0.49,66104
0.50,66203
0.51,66208
0.51,66318
0.52,66419
0.53,66517
0.64,66605
0.64,66616
0.65,66719
0.66,66818
0.75,66907
0.76,66908
0.76,67009
0.76,67101
0.76,67216
0.77,67319
0.77,67367
0.77,67496
0.77,67598
0.78,67699
0.78,67804
0.78,67914
0.80,68018
0.83,68099
0.84,68112
0.85,68215
0.86,68218
0.88,68305
0.90,68314
0.91,68418
0.93,68513
1.00,68518
1.21,68619
1.32,68710
1.32,68819
2.30,68915
2.39,69016
2.43,69119
6.74,69219
6.77,69296
6.77,69318
6.78,69502
6.78,69590
6.79,69595
6.79,69716
6.79,69818
6.80,69893
6.80,70001
6.81,70090
6.81,70207
6.81,70308
6.81,70416
6.82,70519
6.83,70705
6.86,70710
6.86,70759
6.86,70906
6.87,71013
6.87,71114
6.91,71117
6.91,71134
6.91,71264
6.91,71397
6.91,71508
6.92,71557
6.93,71661
6.93,71794
6.98,71798
6.98,71857
6.98,71984
6.99,72085
6.99,72209
6.99,72312
7.01,72413
7.01,72515
7.02,72518
7.06,72598
7.07,72706
7.07,72717
7.07,72846
7.07,73007
7.08,73118
7.09,73217
7.13,73319
7.14,73342
7.14,73499
7.14,73600
7.14,73710
7.16,73739
7.16,73881
7.17,73999
7.17,74008
7.17,74111
7.18,74188
7.18,74209
7.18,74320
7.18,74518
7.21,74617
7.22,74717
7.36,74818
7.36,74908
7.37,75019
7.43,75117
7.48,75214
7.48,75317
7.52,75318
7.64,75319
7.99,75418
8.30,75519
12.90,146697
