0.00,0.0
0.00,2069
0.00,3419
0.00,3697
0.00,4605
0.01,5172
0.01,5456
0.01,6247
0.01,6816
0.01,6944
0.01,7111
0.01,7336
0.01,8247
0.03,8476
0.03,8602
0.03,9458
0.03,9904
0.03,10631
0.04,11210
0.06,11258
0.06,12024
0.06,12430
0.06,13361
0.06,14220
0.07,14643
0.07,15089
0.09,15178
0.09,15373
0.09,15470
0.10,15482
0.10,16148
0.10,16591
0.10,16719
0.11,16902
0.11,16945
0.11,17071
0.11,17795
0.15,17946
0.15,18141
0.15,18269
0.15,19158
0.15,20017
0.18,20058
0.18,20946
0.19,21239
0.20,21521
0.21,22330
0.23,22494
0.23,22747
0.26,22853
0.28,23074
0.29,23327
0.30,23453
3.28,23537
3.30,23566
3.31,23761
3.34,24592
6.09,27978
