0.00,0.0
0.00,1818
0.00,3284
0.00,5044
0.00,7580
0.00,9909
0.00,11521
0.00,11624
0.00,11797
0.01,11915
0.01,12006
0.02,12117
0.02,12177
0.03,12309
0.03,12417
0.03,12499
0.03,12618
0.03,12619
0.04,12745
0.04,12903
0.04,13004
0.04,13114
0.05,13304
0.05,13475
0.05,13619
0.05,13715
0.05,13817
0.06,13908
0.06,13998
0.06,14105
0.06,14208
0.06,14315
0.07,14409
0.07,14773
0.07,14912
0.08,14913
0.09,14916
0.10,14967
0.10,15081
0.10,15087
0.11,15218
0.11,15377
0.11,15492
0.11,15542
0.11,15593
0.11,15717
0.11,15813
0.12,15867
0.12,15994
0.12,16114
0.12,16200
0.12,16216
0.16,16303
0.17,16411
0.17,16516
0.19,16601
0.19,16710
0.61,16711
0.67,16816
2.73,16891
2.74,16905
2.74,16911
2.74,17006
2.75,17009
2.75,17013
2.76,17014
2.77,17030
2.77,17155
2.77,17260
2.77,17387
2.77,17408
2.77,17519
2.79,17563
2.79,17605
2.79,17790
2.79,17897
2.79,18013
2.79,18094
2.80,18210
2.80,18318
2.81,18417
2.81,18424
2.81,18567
2.81,18712
2.81,18797
2.81,18916
2.90,18984
2.91,19001
3.02,19013
5.42,28713
