0.00,0.0
0.00,1732
0.00,3531
0.00,5050
0.00,6988
0.00,8494
0.00,10405
0.00,11543
0.00,11785
0.00,12633
0.00,12750
0.01,13649
0.01,14298
0.01,14786
0.02,15770
0.02,15958
0.02,16512
0.02,17201
0.02,17292
0.02,17323
0.02,17753
0.03,17815
0.03,18398
0.04,18680
0.04,18879
0.04,19351
0.04,19479
0.04,19690
0.04,19900
0.04,20822
0.04,21729
0.05,22600
0.06,22994
0.07,23600
0.07,24117
0.08,24545
0.08,25327
0.08,25559
0.09,26268
0.14,26434
0.14,26687
0.14,27297
0.15,27755
0.16,28297
0.16,28824
0.17,28969
0.17,29827
0.17,30092
0.17,30477
0.18,30934
0.19,31018
0.20,31320
0.23,31335
0.24,31880
0.24,32185
0.24,32452
0.24,32460
0.24,32684
0.24,33433
0.24,33442
0.24,34301
0.25,35094
0.30,35103
0.31,35744
0.33,36482
0.34,37310
0.34,37382
0.34,37478
0.34,37723
0.34,37836
0.35,38333
0.35,39081
0.36,39504
0.38,40339
0.38,41250
0.42,41434
0.42,42333
0.44,43247
0.45,43596
0.58,44509
0.58,45051
0.58,45164
0.59,45191
3.56,45942
3.57,46484
3.57,47370
3.62,47572
3.62,47674
3.62,47685
3.63,48123
3.63,48835
3.63,49029
3.64,49146
3.64,49614
3.64,50158
3.64,50474
3.64,51333
3.66,52108
3.66,52326
3.67,52968
3.67,53065
3.68,53487
3.68,53762
3.68,54010
3.68,54986
3.68,55154
3.69,55220
3.69,55880
3.69,56791
3.70,57153
3.70,57771
3.70,58460
3.71,58528
3.72,59084
3.72,59561
3.74,59789
3.74,59917
3.75,60152
3.76,60532
3.76,60575
3.77,60780
3.77,61326
3.78,61703
3.79,61802
3.79,61875
3.79,62577
3.79,63485
3.84,63967
3.86,64255
3.86,64271
3.87,64573
3.88,64678
3.93,64765
3.95,65410
4.00,65605
7.06,109540
7.06,109548
