0.00,0.0
0.00,1522
0.00,3416
0.00,3768
0.00,5236
0.00,7829
0.00,9261
0.00,9962
0.00,10003
0.00,10004
0.00,10040
0.00,10181
0.01,10255
0.01,10284
0.01,10409
0.01,10513
0.01,10580
0.01,10628
0.02,10629
0.26,10690
0.31,10756
0.32,10843
0.34,10846
0.34,10913
0.35,10956
0.35,10957
0.35,10960
0.36,11016
0.37,11043
0.37,11050
0.38,11051
0.38,11099
0.38,11100
0.38,11160
0.38,11161
0.38,11185
0.38,11223
0.39,11277
0.40,11310
0.41,11468
0.41,11611
0.41,11630
0.41,11730
0.42,11750
0.44,11790
0.44,11791
0.46,11820
0.49,11886
0.52,11947
0.53,11954
0.54,11958
0.54,11975
0.54,12084
0.54,12085
0.54,12086
0.55,12154
0.56,12207
0.57,12222
0.59,12315
0.60,12406
0.60,12418
0.67,12420
0.67,12421
0.68,12521
0.75,12551
0.76,12675
0.76,12676
0.89,12716
0.96,12717
0.98,12720
2.75,12750
5.46,17956
