0.00,0.0
0.00,1585
0.00,2775
0.00,4607
0.00,5620
0.00,6673
0.00,8298
0.00,9769
0.00,11028
0.00,12470
0.00,13739
0.00,15911
0.00,16977
0.00,17880
0.00,20403
0.00,21973
0.00,23554
0.00,24766
0.00,26402
0.00,28482
0.00,29291
0.01,29797
0.01,30627
0.01,31624
0.01,32310
0.01,32959
0.01,33590
0.01,33968
0.02,34236
0.02,34402
0.02,35377
0.05,36055
0.05,36803
0.06,36960
0.06,37030
0.06,37904
0.06,37966
0.08,38012
0.08,38047
0.08,38521
0.08,39106
0.08,39752
0.08,40169
0.08,40960
0.08,41752
0.09,42715
0.10,43499
0.11,43668
0.11,43919
0.11,44143
0.11,45129
0.12,46043
0.12,46722
0.12,47087
0.12,48007
0.13,48504
0.13,49234
0.13,50004
0.13,50528
0.13,51030
0.14,51488
0.14,51696
0.14,52554
0.14,52620
0.14,53038
0.14,53784
0.14,54195
0.16,54640
0.16,54724
0.17,55365
0.17,55512
0.18,55544
0.18,55978
0.18,56435
0.19,56989
0.19,57894
0.20,57929
0.20,58841
0.20,59553
0.20,60074
0.20,60617
0.21,60898
0.21,61529
0.23,61814
0.25,62045
0.25,62628
0.25,62706
0.25,63372
0.25,64100
0.25,65084
0.25,65653
0.27,65725
0.27,65909
0.28,66595
0.28,67076
0.28,67329
0.30,67719
0.30,68587
0.30,68919
0.30,69137
0.31,69788
0.31,70674
0.37,70802
0.38,70807
0.39,71298
0.39,71717
0.39,72605
0.41,72608
0.42,73378
0.43,74287
0.44,74308
0.44,74363
0.44,74880
0.52,74972
0.52,75745
0.53,75829
0.53,76258
0.54,77169
0.54,78125
0.55,78629
0.57,79247
0.57,79938
0.62,80180
0.64,80349
0.67,80870
0.68,81016
0.68,81047
0.68,81512
0.68,81949
0.68,82444
0.68,82623
0.68,83328
0.69,84247
0.69,84752
0.69,84892
0.69,85851
0.70,85942
0.70,86333
0.70,86957
0.70,87620
0.73,87655
0.73,88044
0.74,88534
0.78,88964
0.78,89717
0.79,89935
0.79,89940
0.80,90392
0.83,91222
0.87,91605
0.87,92294
0.88,92356
0.88,92951
0.88,93345
0.88,93888
0.90,94747
1.00,94833
1.00,94935
1.01,95063
1.05,95098
1.08,95598
1.11,95649
1.12,96313
1.13,96876
1.14,97142
1.18,97570
1.26,97765
1.29,97934
1.49,97955
5.65,98196
5.66,98490
5.66,99409
5.66,100235
5.66,100305
5.67,100477
5.68,101171
5.69,101440
5.70,101654
5.70,102433
5.70,103235
5.70,103619
5.71,103830
5.71,104336
5.87,104600
5.87,105382
5.87,105794
5.87,106091
5.88,106881
5.89,107696
5.89,108250
5.91,108408
5.91,108573
5.92,108639
5.92,108690
5.95,109312
5.98,110032
6.01,110379
6.01,110852
6.01,111474
6.01,112381
6.08,112472
6.08,112556
6.08,112591
6.10,113074
6.11,113596
6.11,113765
6.11,113918
6.12,113923
6.13,114575
6.15,115150
6.15,115657
6.16,116300
6.17,116806
6.19,117439
6.19,117597
6.22,117780
6.24,118149
6.24,118170
6.25,119064
6.26,119499
6.26,119882
6.29,119966
6.29,120174
6.32,120604
6.41,120897
6.45,121618
6.50,121702
6.52,121753
6.65,122385
6.66,122412
6.71,123324
6.74,123821
6.76,123826
6.91,123877
7.26,123910
11.13,275421
11.13,275786
