0.00,0.0
0.00,1152
0.00,2644
0.00,4061
0.00,5382
0.00,6168
0.00,6685
0.00,6865
0.01,6974
0.01,7077
0.01,7161
0.01,7270
0.01,7378
0.02,7379
0.02,7482
0.02,7595
0.02,7702
0.02,7778
0.03,7790
0.03,7956
0.03,8070
0.03,8075
0.03,8168
0.04,8390
0.04,8474
0.05,8560
0.05,8679
0.05,8683
0.05,8687
0.06,8732
0.06,8839
0.06,8877
0.06,8878
0.08,8918
0.08,9023
0.08,9183
0.08,9273
0.08,9388
0.14,9489
0.17,9535
0.17,9590
0.18,9763
0.18,9878
0.18,9965
0.18,9973
0.22,9988
0.35,9990
0.37,10080
0.38,10187
0.48,10290
3.89,10327
3.89,10348
3.89,10472
3.90,10487
7.28,14246
