0.00,0.0
0.00,1893
0.00,2358
0.00,3104
0.00,3745
0.00,3940
0.00,4606
0.01,4614
0.02,5443
0.02,5609
0.02,6520
0.02,6977
0.02,7089
0.02,7282
0.02,8225
0.02,8640
0.02,9410
0.02,9605
0.04,9904
0.04,10017
0.04,10777
0.05,10854
0.05,11064
0.05,11166
0.05,11292
0.05,11493
0.05,12159
0.05,12449
0.05,13240
0.06,13417
0.06,14015
0.06,14210
0.06,14653
0.06,14948
0.06,15143
0.09,15253
0.09,15314
0.10,15699
0.10,16469
0.10,16862
0.11,17195
0.11,17502
0.11,17725
0.11,17824
0.12,17874
0.14,18445
0.14,18712
0.14,18739
0.14,19141
0.15,19740
0.15,19866
0.25,19928
3.16,19960
3.16,20088
3.17,20630
3.18,20912
3.20,21462
3.21,21590
3.23,21785
3.24,22193
3.24,22477
3.28,22603
5.97,27873
5.98,27907
