0.00,0.0
0.00,2002
0.00,2656
0.00,3957
0.00,5443
0.00,6284
0.00,8184
0.00,9816
0.00,11409
0.00,12667
0.00,13726
0.00,15295
0.00,17132
0.00,19035
0.00,19758
0.00,21819
0.00,23284
0.00,25310
0.00,26353
0.00,26937
0.01,27734
0.03,28395
0.03,28977
0.04,29605
0.04,29865
0.04,30280
0.04,30899
0.04,31540
0.04,31590
0.05,31959
0.05,32027
0.05,32982
0.05,33198
0.06,33652
0.06,34582
0.06,34616
0.06,34791
0.07,35561
0.08,35914
0.08,36822
0.08,37552
0.08,38451
0.08,39005
0.08,39801
0.08,40490
0.08,40924
0.08,41180
0.09,41524
0.09,42007
0.09,42912
0.09,43626
0.09,43635
0.10,43742
0.10,43907
0.11,44258
0.11,45237
0.11,46179
0.11,46246
0.11,46683
0.11,47017
0.11,47902
0.11,48253
0.11,48797
0.11,49776
0.11,49867
0.11,49998
0.11,50333
0.13,51131
0.13,51138
0.13,51336
0.13,51754
0.13,52545
0.14,53011
0.14,53553
0.14,53862
0.14,54575
0.15,55048
0.15,55494
0.15,55869
0.16,55920
0.16,56410
0.16,57269
0.18,57353
0.18,57795
0.18,57964
0.21,58277
0.22,58361
0.23,58647
0.23,59604
0.24,59862
0.26,59954
0.26,60643
0.27,61072
0.27,61983
0.28,62004
0.29,62635
0.30,62933
0.30,63134
0.30,63285
0.30,63464
0.30,63781
0.30,64565
0.30,65276
0.30,65734
0.30,65952
0.30,66238
0.31,66723
0.31,67393
0.31,67789
0.31,68585
0.31,68867
0.33,69366
0.34,70090
0.35,70534
0.35,70607
0.35,71150
0.36,71667
0.36,71930
0.36,72578
0.36,72748
0.37,72777
0.37,73611
0.40,74442
0.41,75102
0.41,75692
0.41,75713
0.41,75777
0.41,76089
0.41,76975
0.42,77676
0.42,78544
0.42,78564
0.42,79148
0.42,79232
0.43,79497
0.43,79625
0.43,80513
0.43,81164
0.45,81900
0.45,82038
0.45,82932
0.45,83893
0.47,84762
0.49,85532
0.51,85892
0.56,86210
0.57,86231
0.57,86588
0.58,87551
0.58,87926
0.58,88602
0.58,89193
0.58,89647
0.58,90355
0.60,90623
0.60,90841
0.65,91705
0.65,92218
0.65,92821
0.65,93807
0.66,94683
0.75,95243
0.75,96163
0.75,96315
0.75,97106
0.77,97702
0.77,97934
0.77,98179
0.77,98674
0.77,98869
0.80,99621
0.81,99915
0.84,99933
0.84,100254
0.84,101036
0.87,101881
0.87,102065
0.87,102286
0.88,102313
0.89,102397
0.91,103247
0.95,103331
1.01,103980
1.01,103983
1.27,104863
1.27,105581
1.27,106186
1.28,106194
1.30,106906
1.31,106957
2.00,106978
5.34,106987
5.34,107776
5.35,107825
5.35,107947
5.35,108109
5.35,108811
5.35,109209
5.39,109779
5.39,109870
5.40,109871
5.42,109875
5.42,110126
5.43,111010
5.43,112007
5.43,112479
5.43,112804
5.44,112808
5.44,113106
5.44,113511
5.44,113608
5.45,114008
5.45,114570
5.45,114933
5.46,115509
5.46,115580
5.47,116060
5.48,116866
5.48,117021
5.48,117440
5.48,117744
5.49,118052
5.49,118751
5.50,119180
5.50,119972
5.50,120468
5.55,120801
5.57,121361
5.57,121871
5.57,121997
5.61,122277
5.61,122495
5.63,123049
5.65,123146
5.65,123701
5.65,124516
5.66,125307
5.68,125902
5.70,126297
5.71,127030
5.72,127579
5.73,127582
5.74,128205
5.74,128458
5.75,128525
5.76,128530
5.79,129130
5.82,129761
5.90,129782
5.92,129881
5.96,130452
6.00,130557
6.03,130560
6.06,130773
6.10,130794
6.42,130963
10.34,275421
10.34,275602
