0.00,0.0
0.00,1500
0.00,2392
0.00,3592
0.00,4699
0.00,6222
0.00,6906
0.00,9140
0.00,10542
0.00,12045
0.00,13066
0.00,13970
0.00,14997
0.00,16984
0.00,18620
0.00,20322
0.00,22685
0.00,24408
0.00,26474
0.00,28235
0.00,29642
0.00,31271
0.00,31937
0.00,34430
0.00,35748
0.00,37249
0.00,38856
0.00,40823
0.00,42804
0.00,44142
0.00,46004
0.00,47853
0.00,49869
0.00,51803
0.00,52419
0.00,53520
0.00,55882
0.01,56301
0.01,56599
0.01,57289
0.01,57317
0.01,57746
0.01,58248
0.01,58710
0.01,59212
0.01,59381
0.03,60059
0.04,60166
0.04,60934
0.04,61634
0.05,61920
0.05,62203
0.05,62331
0.05,62728
0.05,63515
0.05,63733
0.05,64286
0.05,64763
0.05,65220
0.08,65232
0.09,65565
0.09,66415
0.09,66919
0.12,67734
0.12,67888
0.12,68271
0.12,69205
0.12,70110
0.12,70578
0.12,70687
0.13,70995
0.13,71195
0.13,71842
0.13,71853
0.14,72494
0.14,72908
0.14,73183
0.14,73929
0.15,74155
0.15,74652
0.15,75063
0.15,76026
0.15,76707
0.16,76965
0.17,77543
0.18,77596
0.19,77852
0.19,77944
0.21,78004
0.21,78965
0.21,79772
0.21,79901
0.21,80000
0.21,80686
0.21,80732
0.21,81028
0.21,81588
0.21,82171
0.22,83083
0.22,83248
0.22,83766
0.22,84071
0.22,84489
0.23,85375
0.23,85459
0.25,85798
0.28,86776
0.28,87373
0.29,87457
0.30,87954
0.30,88275
0.30,88499
0.31,88548
0.32,89017
0.32,89600
0.32,90231
0.35,91070
0.35,91834
0.35,92380
0.37,92869
0.37,93495
0.41,94360
0.41,94601
0.41,94869
0.42,95502
0.42,95644
0.42,96198
0.43,96678
0.44,97320
0.44,97951
0.45,98620
0.45,99577
0.45,100175
0.45,100747
0.45,101310
0.45,101526
0.46,101549
0.46,102494
0.46,102499
0.46,103288
0.46,103358
0.46,103606
0.46,104250
0.47,104758
0.47,105444
0.48,105963
0.48,106470
0.48,106895
0.50,107193
0.50,107729
0.51,108244
0.51,108964
0.51,109919
0.52,110137
0.56,110511
0.58,111157
0.58,111487
0.58,112477
0.58,112715
0.59,113593
0.59,114212
0.59,114980
0.60,115418
0.60,115599
0.60,116446
0.66,117107
0.66,117532
0.67,118275
0.68,118926
0.68,119213
0.69,119264
0.72,119516
0.72,119790
0.72,119977
0.75,120347
0.78,120606
0.78,120624
0.78,120856
0.78,121118
0.78,121652
0.78,121984
0.80,122591
0.80,122778
0.81,123156
0.90,123346
0.90,123743
0.94,123781
0.94,124469
0.95,124969
1.10,125017
1.10,125355
1.11,125480
1.16,125935
1.17,126905
1.17,127836
1.19,128149
1.20,128152
1.35,128287
1.35,129271
1.35,129886
1.36,130771
1.46,131417
1.46,131613
2.01,131630
2.03,132364
2.93,132367
5.16,132540
5.16,133426
5.17,134052
5.17,134055
5.18,134130
5.19,134499
5.19,135164
5.19,135610
5.20,135618
5.20,136163
5.22,136365
5.22,136502
5.22,136946
5.22,137317
5.23,137600
5.24,137741
5.24,138600
5.24,138636
5.27,138737
5.29,138765
5.29,138942
5.29,139646
5.32,139883
5.32,140261
5.32,140677
5.32,141005
5.32,141019
5.33,141592
5.33,142052
5.33,142189
5.33,142208
5.33,142319
5.33,142573
5.34,142607
5.36,143025
5.36,143659
5.37,143818
5.37,144017
5.37,144408
5.37,144808
5.38,145095
5.41,145439
5.45,145520
5.45,146182
5.46,146814
5.46,147605
5.46,148275
5.50,148320
5.50,149077
5.53,149922
5.53,150405
5.56,150597
5.57,150654
5.58,150761
5.58,151129
5.58,151384
5.60,152001
5.60,152474
5.60,153170
5.63,153643
5.66,153840
5.66,154457
5.66,155117
5.66,155765
5.67,156288
5.67,157102
5.68,157673
5.68,158108
5.68,158187
5.68,158726
5.68,159481
5.68,160182
5.70,160185
5.70,160851
5.70,161262
5.70,161781
5.70,162232
5.70,162357
5.70,163268
5.73,163969
5.74,164564
5.74,164734
5.75,165235
5.75,165488
5.76,165769
5.76,166631
5.76,167467
5.76,167935
5.76,168218
5.77,168400
5.78,168789
5.78,169229
5.78,170215
5.79,171194
5.79,171877
5.81,172730
5.82,173017
5.88,173302
5.88,173837
5.88,174577
5.92,175337
5.93,176064
5.93,176261
5.95,176528
5.95,177023
6.01,177577
6.03,178476
6.06,178759
6.15,179133
6.39,179308
6.55,179356
6.57,179359
10.85,562547
10.86,562944
