0.00,0.0
0.00,1488
0.00,3060
0.00,3871
0.00,5728
0.00,7584
0.00,9202
0.00,10350
0.00,10506
0.00,10605
0.01,10617
0.01,10620
0.01,10681
0.02,10793
0.02,10849
0.02,10924
0.02,10958
0.18,10970
0.32,11001
0.32,11002
0.35,11025
0.36,11093
0.36,11094
0.36,11095
0.36,11164
0.38,11183
0.38,11212
0.38,11213
0.41,11260
0.41,11393
0.43,11421
0.44,11434
0.44,11463
0.44,11471
0.44,11493
0.45,11520
0.45,11521
0.46,11578
0.46,11595
0.47,11596
0.47,11611
0.47,11612
0.48,11613
0.50,11627
0.50,11667
0.50,11668
0.51,11691
0.51,11747
0.51,11806
0.52,11898
0.53,11899
0.57,11992
0.57,12016
0.57,12017
0.59,12050
0.59,12051
0.61,12060
0.69,12142
0.71,12160
0.74,12177
0.76,12229
0.77,12230
0.82,12337
0.88,12396
0.95,12414
1.01,12454
1.12,12456
1.20,12457
4.16,12511
4.21,12556
4.22,12609
4.22,12708
4.24,12725
4.25,12726
4.26,12727
4.27,12728
4.30,12769
4.33,12770
4.33,12771
4.44,12778
4.49,12815
4.49,12816
4.51,12947
4.51,12948
4.53,12981
4.62,12991
4.79,13033
4.84,13034
7.05,17675
7.05,17966
