0.00,0.0
0.00,1160
0.00,2306
0.00,3204
0.00,4678
0.00,6721
0.01,7524
0.01,7806
0.01,7861
0.01,8114
0.01,8928
0.01,9477
0.01,9603
0.01,10557
0.02,11087
0.02,11931
0.02,12460
0.02,13194
0.02,13942
0.02,14305
0.02,14946
0.02,15691
0.02,15936
0.02,16018
0.02,16448
0.02,16643
0.02,17532
0.02,17753
0.02,18001
0.02,18405
0.03,18431
0.03,18543
0.03,19054
0.03,19715
0.03,20398
0.03,20876
0.03,20917
0.03,21584
0.03,22004
0.04,22289
0.04,22317
0.04,23191
0.04,23555
0.04,23702
0.06,23914
0.06,24822
0.07,25242
0.07,25671
0.08,25957
0.08,26812
0.08,27544
0.08,27701
0.08,28560
0.09,29284
0.09,29975
0.09,30196
0.09,30765
0.10,30980
0.11,31157
0.11,31555
0.11,32215
0.11,32242
0.11,33033
0.12,33305
0.12,34281
0.12,34930
0.13,35340
0.13,35470
0.15,35826
0.16,35923
0.18,36330
0.25,36671
0.27,36896
0.27,37028
0.27,37694
0.27,37926
0.27,38491
0.28,38968
0.28,39414
0.42,39489
3.35,39670
3.36,39682
3.36,40590
3.37,40833
3.37,41493
3.39,41798
3.41,42182
3.42,42357
3.42,42454
3.43,42656
3.43,42810
3.44,43216
3.44,43673
3.44,43801
3.44,44054
3.45,44508
3.46,45073
3.46,45199
3.47,45481
3.53,45652
6.59,53920
6.59,54161
