0.00,0.0
0.00,1566
0.00,3130
0.00,5160
0.00,7593
0.00,9193
0.00,10767
0.00,13218
0.00,15122
0.00,16420
0.00,18481
0.00,20000
0.00,20430
0.00,22206
0.00,24398
0.00,26088
0.00,27451
0.00,29164
0.00,30181
0.00,31853
0.00,33922
0.00,35453
0.00,37176
0.00,38831
0.00,40017
0.00,41877
0.00,43977
0.00,45706
0.00,47207
0.00,47886
0.00,49822
0.00,52025
0.00,53632
0.00,54747
0.00,56591
0.00,59048
0.00,60141
0.01,60243
0.01,60503
0.01,60593
0.02,60703
0.03,60807
0.03,60908
0.03,60969
0.03,61104
0.05,61219
0.06,61292
0.06,61412
0.07,61505
0.08,61606
0.08,61718
0.08,61812
0.10,61912
0.10,62014
0.11,62116
0.12,62167
0.12,62297
0.12,62318
0.16,62412
0.16,62516
0.18,62602
0.18,62767
0.18,62793
0.18,62913
0.19,63014
0.21,63102
0.22,63207
0.23,63312
0.23,63417
0.24,63478
0.24,63587
0.24,63698
0.25,63803
0.25,63906
0.25,64009
0.26,64105
0.28,64217
0.29,64312
0.31,64409
0.32,64510
0.33,64583
0.34,64694
0.37,64698
0.38,64805
0.40,64917
0.41,65018
0.42,65160
0.42,65309
0.45,65419
0.50,65428
0.50,65578
0.50,65694
0.50,65803
0.51,65906
0.51,66019
0.52,66065
0.52,66197
0.52,66303
0.53,66419
0.55,66492
0.56,66516
0.59,66560
0.59,66709
0.59,66813
0.66,66906
0.69,67009
0.70,67012
0.70,67118
0.72,67214
0.74,67218
0.74,67251
0.74,67377
0.74,67382
0.74,67519
0.76,67612
0.76,67704
0.77,67806
0.77,67914
0.80,67915
0.81,68019
0.83,68095
0.83,68199
0.85,68306
0.86,68413
0.86,68519
0.92,68616
0.97,68716
0.97,68818
1.03,68915
1.05,68976
1.05,69092
1.06,69110
1.08,69219
1.14,69318
1.25,69418
1.27,69515
1.32,69614
1.33,69714
1.35,69809
1.38,69912
1.41,70003
1.42,70110
1.44,70117
1.70,70217
1.79,70319
1.95,70347
1.95,70474
1.95,70601
1.95,70708
1.96,70811
1.98,70817
2.01,70818
2.16,70819
2.69,70887
2.70,70996
2.70,71119
6.82,71207
6.82,71316
6.82,71371
6.83,71472
6.83,71596
6.83,71698
6.84,71703
6.84,71823
6.84,71969
6.84,72090
6.84,72205
6.84,72306
6.84,72333
6.85,72605
6.86,72759
6.86,72906
6.88,73018
6.91,73098
6.92,73193
6.92,73199
6.92,73312
6.98,73417
7.00,73448
7.00,73615
7.00,73617
7.01,73715
7.10,73719
7.10,73804
7.12,73809
7.13,73880
7.13,73997
7.13,73998
7.13,74131
7.13,74285
7.13,74386
7.13,74516
7.13,74606
7.16,74687
7.16,74716
7.19,74798
7.20,74913
7.25,74917
7.31,75013
7.33,75112
7.93,75117
7.98,75119
8.17,75211
8.17,75314
8.34,75418
8.42,75513
8.42,75619
13.37,146727
