0.00,0.0
0.00,2605
0.00,4051
0.00,5398
0.00,6156
0.00,6286
0.01,6380
0.01,6431
0.01,6583
0.02,6690
0.03,6784
0.03,6889
0.03,6982
0.03,7091
0.03,7282
0.03,7287
0.04,7384
0.04,7489
0.05,7598
0.05,7728
0.05,7888
0.06,7976
0.06,8083
0.07,8188
0.10,8284
0.10,8389
0.11,8489
0.12,8582
0.14,8687
0.15,8778
0.15,8888
0.30,8890
3.82,8970
3.83,9028
3.83,9111
3.83,9135
3.83,9180
3.84,9186
3.85,9364
3.85,9488
3.92,9507
3.92,9616
3.92,9786
3.92,9873
3.93,9887
3.94,9976
3.94,9990
3.97,10042
3.97,10156
3.97,10280
3.97,10388
4.03,10447
4.04,10577
4.04,10578
4.04,10588
4.14,10685
4.21,10689
4.30,10784
4.31,10887
7.07,14203
7.07,14280
