0.00,0.0
0.00,2787
0.00,4706
0.00,5104
0.00,5940
0.00,5999
0.00,6188
0.02,6253
0.02,6388
0.02,6421
0.02,6526
0.02,6670
0.02,6785
0.03,6869
0.03,6989
0.03,7175
0.04,7279
0.04,7284
0.04,7289
0.04,7483
0.04,7586
0.04,7670
0.04,7780
0.04,7788
0.07,7887
0.07,7972
0.07,7986
0.08,7988
0.08,8082
0.09,8284
0.09,8485
0.09,8513
0.09,8665
0.09,8785
0.10,8857
0.11,8883
0.11,8979
0.11,9075
0.12,9180
0.12,9273
0.12,9277
0.13,9352
0.13,9454
0.13,9480
0.13,9488
0.14,9536
0.14,9670
0.14,9690
0.15,9770
0.15,9873
0.30,9886
0.31,9974
0.31,10077
3.25,10079
3.26,10123
3.26,10273
3.26,10283
3.28,10362
3.28,10379
3.28,10463
3.33,10486
3.34,10563
3.38,10580
3.48,10588
3.50,10689
3.54,10784
3.55,10789
6.62,14229
