0.00,0.0
0.00,503
0.00,1874
0.00,3657
0.00,4789
0.00,4995
0.00,5036
0.00,5118
0.01,5290
0.01,5347
0.02,5380
0.02,5381
0.02,5393
0.03,5441
0.03,5442
0.14,5455
0.15,5468
0.15,5531
0.15,5566
0.16,5581
0.16,5582
0.16,5721
0.16,5803
0.18,5848
0.19,5925
0.19,6020
0.19,6058
0.19,6169
0.20,6204
0.23,6206
0.24,6270
0.29,6317
0.29,6431
0.29,6485
0.36,6575
0.37,6576
0.44,6588
0.44,6628
0.47,6645
0.48,6683
0.48,6684
0.56,6769
0.57,6780
0.57,6781
0.57,6799
0.58,6800
0.58,6801
0.59,6842
0.59,6854
0.61,6855
0.62,6909
0.63,6962
3.58,7000
3.59,7082
3.59,7083
3.60,7084
3.61,7087
3.66,7088
3.69,7133
3.69,7134
3.73,7204
3.74,7228
3.75,7239
3.75,7332
3.88,7333
6.43,9005
