0.00,0.0
0.00,471
0.00,2096
0.00,3472
0.00,5809
0.00,7327
0.00,7990
0.00,8862
0.00,9503
0.00,11476
0.00,13124
0.00,14305
0.00,15333
0.00,15626
0.00,17402
0.00,19594
0.00,21192
0.00,22858
0.00,23515
0.00,24289
0.00,24365
0.00,24478
0.01,24536
0.01,24537
0.01,24577
0.01,24578
0.01,24579
0.01,24580
0.01,24581
0.01,24672
0.04,24710
0.04,24719
0.04,24720
0.05,24721
0.07,24765
0.07,24845
0.08,24846
0.08,24968
0.08,25009
0.08,25025
0.08,25040
0.08,25041
0.08,25125
0.09,25216
0.09,25403
0.10,25452
0.10,25546
0.10,25547
0.10,25582
0.10,25626
0.10,25627
0.10,25628
0.11,25634
0.14,25643
0.14,25731
0.14,25822
0.14,25839
0.16,25938
0.16,26009
0.16,26178
0.17,26195
0.22,26256
0.22,26303
0.22,26349
0.22,26351
0.22,26362
0.22,26407
0.22,26408
0.22,26528
0.22,26529
0.22,26530
0.23,26630
0.23,26665
0.29,26680
0.36,26757
0.36,26781
0.36,26804
0.37,26837
0.37,26875
0.37,26876
0.38,26935
0.38,27004
0.40,27036
0.40,27061
0.41,27192
0.41,27224
0.42,27299
0.43,27314
0.46,27382
0.47,27416
0.47,27424
0.47,27514
0.48,27557
0.48,27558
0.50,27573
0.90,27586
0.95,27592
0.96,27601
0.96,27602
0.97,27693
1.01,27807
1.02,27808
1.03,27816
1.05,27826
1.07,27859
1.09,27885
1.13,27908
1.15,27973
1.15,27974
1.15,27975
1.15,28044
1.18,28059
1.19,28179
1.20,28180
1.21,28181
1.25,28182
1.28,28189
1.35,28239
1.35,28311
1.35,28312
1.35,28313
1.36,28314
1.38,28416
1.39,28507
1.42,28508
1.46,28561
1.48,28562
1.49,28567
1.51,28589
1.52,28590
1.54,28592
1.62,28605
1.67,28694
1.67,28695
1.70,28768
1.85,28784
1.86,28789
1.86,28816
1.96,28817
2.23,28922
4.43,28972
4.43,29030
4.44,29077
4.44,29078
4.44,29155
4.44,29266
5.22,29267
5.22,29286
5.22,29312
5.23,29327
5.24,29356
5.24,29363
5.24,29364
5.25,29365
5.25,29377
5.28,29386
5.28,29410
5.28,29427
5.28,29572
5.30,29705
5.35,29800
5.35,29801
5.35,29802
5.36,29803
5.37,29864
5.38,29885
5.38,30042
5.38,30043
5.46,30130
5.47,30153
5.49,30193
5.49,30316
5.49,30317
5.78,30326
5.78,30327
5.89,30383
5.90,30384
5.93,30393
5.95,30462
5.99,30463
8.69,44202
8.70,44203
