0.00,0.0
0.00,503
0.00,1874
0.00,3657
0.00,4789
0.00,4995
0.00,5036
0.00,5118
0.01,5290
0.01,5347
0.02,5380
0.02,5381
0.02,5393
0.03,5441
0.03,5442
0.11,5455
0.12,5468
0.12,5531
0.12,5566
0.13,5581
0.13,5582
0.13,5721
0.13,5803
0.15,5848
0.15,5925
0.15,6020
0.15,6058
0.15,6169
0.16,6204
0.19,6206
0.19,6270
0.24,6317
0.24,6431
0.24,6485
0.30,6575
0.30,6576
0.37,6588
0.38,6628
0.40,6645
0.40,6683
0.40,6684
0.47,6769
0.47,6780
0.47,6781
0.47,6799
0.48,6800
0.48,6801
0.48,6842
0.49,6854
0.50,6855
0.50,6909
0.51,6962
2.84,7000
2.84,7082
2.84,7083
2.85,7084
2.87,7087
2.90,7088
2.92,7133
2.93,7134
2.96,7204
2.97,7228
2.98,7239
2.98,7332
3.08,7333
5.25,9005
