0.00,0.0
0.00,810
0.00,2385
0.00,3180
0.00,5050
0.00,5480
0.00,5597
0.01,6022
0.01,6275
0.01,7186
0.01,7592
0.01,8362
0.01,8724
0.01,9170
0.01,9267
0.02,9426
0.02,9478
0.02,10196
0.03,10305
0.04,10395
0.04,10742
0.04,11542
0.04,12208
0.04,12446
0.04,13087
0.04,13667
0.04,14575
0.04,15021
0.04,15323
0.04,15971
0.05,16710
0.05,17329
0.05,17576
0.05,17786
0.05,18518
0.05,18894
0.06,18964
0.06,18987
0.08,19160
0.08,19871
0.08,20669
0.08,21219
0.08,21364
0.09,22299
0.09,22742
0.09,23718
0.10,23737
0.11,23764
0.14,24269
0.14,24360
0.15,24581
0.15,24917
0.16,25394
0.16,25931
0.18,26416
0.18,27034
0.18,27731
0.20,28380
0.22,28518
0.22,28715
0.23,29604
0.26,30026
0.26,30247
0.30,30439
0.34,31129
0.34,31403
0.34,31709
0.34,31919
0.34,32140
0.35,32215
0.36,32252
0.36,32286
0.37,32412
0.39,32450
0.39,33071
0.39,33959
3.42,34440
3.42,35438
3.42,35911
3.42,36106
3.43,36394
3.43,37265
3.43,37486
3.43,37885
3.43,38245
3.43,38947
3.48,39363
3.50,39368
3.55,39371
3.55,39608
3.56,40037
3.56,40064
3.57,40066
3.59,40261
3.62,40725
3.62,40934
3.67,41493
3.67,41595
6.71,54294
