0.00,0.0
0.00,1967
0.00,2803
0.00,4523
0.00,5720
0.00,6482
0.00,7698
0.00,9917
0.00,10884
0.00,11421
0.00,12884
0.00,14757
0.00,16733
0.00,17502
0.00,18681
0.00,19884
0.00,21504
0.00,23580
0.00,25717
0.00,28015
0.00,29412
0.01,30053
0.01,30074
0.02,30542
0.02,31295
0.02,31499
0.02,31916
0.02,32783
0.02,33240
0.03,33313
0.03,33868
0.03,34708
0.03,35317
0.03,35698
0.03,35893
0.04,36292
0.04,37017
0.05,37119
0.05,37377
0.06,38296
0.06,38647
0.06,39119
0.06,39888
0.06,40266
0.06,41134
0.06,41581
0.06,42024
0.06,42104
0.07,42720
0.07,43701
0.07,44348
0.07,44902
0.09,45331
0.09,45334
0.09,46061
0.10,46129
0.13,46494
0.13,47029
0.13,47718
0.15,47911
0.15,48164
0.16,48453
0.16,49209
0.16,49455
0.16,49682
0.17,50342
0.17,50417
0.18,50465
0.18,50520
0.20,50718
0.20,50945
0.21,51203
0.21,52201
0.21,52971
0.21,53741
0.21,54440
0.22,54652
0.22,55076
0.22,55828
0.23,56132
0.24,56548
0.24,56632
0.24,57219
0.26,57589
0.26,58546
0.26,59431
0.26,60095
0.26,60316
0.26,60769
0.27,61147
0.27,61833
0.27,62306
0.28,62608
0.29,63174
0.29,63188
0.29,64064
0.31,64105
0.32,64817
0.32,65731
0.34,66016
0.35,66300
0.35,67136
0.36,67613
0.36,68520
0.36,69311
0.37,69663
0.37,69877
0.37,70355
0.37,70840
0.37,71252
0.38,71273
0.39,71893
0.39,72108
0.39,72910
0.39,73356
0.39,74110
0.39,74840
0.40,75182
0.40,75377
0.40,75909
0.40,76595
0.41,77279
0.41,77844
0.41,78242
0.41,78856
0.41,78864
0.43,78972
0.43,79621
0.48,80162
0.48,81138
0.49,81436
0.49,81459
0.50,82438
0.54,83336
0.54,83363
0.54,83684
0.57,84184
0.60,84392
0.63,84476
0.66,85030
0.66,85849
0.66,85952
0.66,86057
0.66,86314
0.66,86988
0.66,87690
0.68,88151
0.68,88641
0.68,88670
0.70,89241
0.70,89752
0.74,90266
0.74,90613
0.74,91305
0.74,91361
0.85,92242
0.86,93130
0.86,93835
0.88,93870
0.94,94521
1.21,94769
1.23,94772
1.34,95421
2.12,95587
4.96,95748
4.97,95825
4.97,96617
4.97,96980
4.98,97309
4.99,97323
4.99,97502
4.99,97818
4.99,97824
4.99,98074
4.99,98737
5.00,99381
5.00,99436
5.01,99745
5.02,100023
5.02,100414
5.02,101300
5.03,101509
5.07,101537
5.07,101630
5.07,101775
5.07,101874
5.08,101935
5.09,102790
5.09,103058
5.09,103106
5.09,103188
5.09,103222
5.09,103627
5.09,103952
5.11,104081
5.11,104781
5.13,105044
5.13,106020
5.14,106629
5.14,107592
5.14,107618
5.14,108618
5.15,108855
5.15,109047
5.16,109831
5.16,110442
5.17,111429
5.17,111955
5.17,112866
5.18,113130
5.18,113592
5.18,113965
5.19,114263
5.19,115182
5.19,115438
5.20,115672
5.20,115883
5.21,115985
5.21,116069
5.21,116767
5.21,117430
5.22,117826
5.23,118311
5.24,118484
5.25,119190
5.25,119408
5.27,119462
5.27,120423
5.27,120426
5.28,121097
5.28,121597
5.29,122287
5.29,122471
5.32,122565
5.32,122784
5.32,123262
5.32,123668
5.33,123763
5.36,124200
5.38,124295
5.39,124825
5.41,125091
5.43,125112
5.44,125801
5.46,126277
5.47,126687
5.47,127039
5.47,127042
5.49,127264
5.60,127896
5.60,128049
5.62,128196
5.69,128417
9.43,275708
