0.00,0.0
0.00,1072
0.00,3118
0.00,3328
0.00,4184
0.00,4310
0.00,5080
0.00,5969
0.00,6412
0.00,6850
0.00,7245
0.00,7814
0.01,7889
0.01,8263
0.01,8483
0.01,8678
0.01,8769
0.02,9406
0.02,9948
0.02,10807
0.02,11275
0.02,11331
0.02,11504
0.02,12082
0.03,12277
0.03,12282
0.03,12647
0.04,12885
0.04,13175
0.04,13287
0.04,13850
0.06,14110
0.06,14531
0.06,15295
0.06,15336
0.06,15878
0.06,16556
0.06,16838
0.06,17792
0.07,18055
0.07,18346
0.08,18506
0.09,18654
0.09,18968
0.09,19094
0.09,19255
0.12,19269
0.12,19391
0.12,19824
0.12,20281
0.13,20557
0.14,20752
0.14,20754
0.17,21347
0.18,21438
0.19,21589
0.19,21691
0.20,22074
0.21,22176
0.25,22211
0.25,22617
2.77,22905
2.77,23276
2.78,23743
2.79,23907
2.79,24004
2.79,24009
2.79,24709
2.80,24778
2.80,25255
2.81,25381
5.09,28225
