0.00,0.0
0.00,1143
0.00,2727
0.00,4418
0.00,5967
0.00,8125
0.00,10616
0.00,11235
0.00,11363
0.00,12270
0.00,12948
0.01,13169
0.01,13810
0.01,14003
0.01,14120
0.01,14350
0.01,15209
0.01,16120
0.03,16277
0.04,16816
0.04,17476
0.05,18146
0.05,18848
0.05,19492
0.05,20210
0.05,20327
0.06,20364
0.06,20705
0.06,21000
0.07,21899
0.07,22047
0.07,22265
0.07,22904
0.07,23239
0.08,23341
0.08,23771
0.08,23798
0.08,24700
0.09,25254
0.10,25757
0.10,26483
0.10,26716
0.10,27057
0.10,27781
0.12,28107
0.13,28171
0.14,29022
0.14,29457
0.17,29906
0.17,30865
0.17,31144
0.17,31612
0.17,32450
0.17,33249
0.18,33463
0.18,34417
0.18,35106
0.18,35896
0.19,35912
0.19,36112
0.20,36815
0.20,37563
0.20,37796
0.20,38584
0.21,39354
0.21,39782
0.21,40573
0.21,41233
0.21,41973
0.21,42445
0.22,43288
0.22,43903
0.25,43978
0.26,44385
0.26,44508
0.28,44705
0.30,45289
0.31,45334
0.31,46192
0.31,46247
0.31,46375
0.31,46999
0.31,47838
0.32,47917
0.34,48082
0.34,48222
0.35,48515
0.39,48583
0.39,48733
0.39,49503
0.40,50086
0.40,50736
0.42,50864
0.45,51012
0.46,51039
0.47,51592
0.47,51737
0.47,52306
0.49,53009
0.49,53803
0.56,53922
0.57,54713
3.37,54925
3.38,55516
3.42,55712
3.42,56500
3.42,56552
3.47,56603
3.48,56731
3.50,57326
3.50,58019
3.51,58719
3.51,59173
3.52,59275
3.52,59513
3.52,59514
3.53,59626
3.54,60088
3.54,60214
3.55,60842
3.55,61370
3.55,61988
3.57,62078
3.57,62181
3.59,62309
3.61,62605
3.62,62906
3.62,63460
3.63,63823
3.64,63873
3.65,63957
3.66,64078
3.66,64415
3.66,64541
3.66,64903
3.66,65145
3.67,65675
3.67,66170
3.68,66372
3.69,67230
3.69,67756
3.70,68014
3.75,68877
3.75,69022
3.78,69127
3.81,69409
3.93,70097
7.38,110133
