0.00,0.0
0.00,1787
0.00,2537
0.00,4416
0.00,4966
0.00,7011
0.00,8041
0.00,9317
0.00,10915
0.00,12577
0.00,13927
0.00,15063
0.00,16935
0.00,19119
0.00,20609
0.00,22028
0.00,23531
0.00,25643
0.00,25868
0.00,27436
0.00,28417
0.00,29634
0.00,30742
0.00,32206
0.00,33949
0.00,34510
0.00,35268
0.00,35780
0.00,38099
0.00,39831
0.00,41989
0.00,43110
0.00,43715
0.00,44091
0.01,44898
0.01,45797
0.01,46366
0.02,46401
0.03,46934
0.03,47552
0.04,48296
0.05,48617
0.05,49443
0.05,50050
0.05,50739
0.05,51046
0.05,51687
0.06,52665
0.06,53314
0.06,53700
0.06,54348
0.06,54884
0.07,55325
0.07,55853
0.07,56220
0.07,56595
0.08,56702
0.08,57308
0.08,57342
0.09,57739
0.09,58318
0.09,58868
0.09,59272
0.10,59782
0.10,60383
0.10,61130
0.10,61695
0.10,61877
0.10,62096
0.11,63070
0.11,63558
0.11,64399
0.11,64411
0.11,64564
0.11,64615
0.12,65142
0.12,66116
0.12,66240
0.12,66658
0.12,66708
0.12,67225
0.13,67734
0.14,68528
0.14,68908
0.14,69433
0.14,70084
0.14,70970
0.15,71218
0.15,72054
0.15,73015
0.16,73505
0.16,73775
0.16,74221
0.16,75083
0.16,75150
0.17,75272
0.17,75623
0.17,76121
0.17,76912
0.17,77827
0.17,78165
0.17,78486
0.18,78800
0.18,79286
0.18,79669
0.18,80349
0.18,80998
0.19,81942
0.23,82628
0.25,82881
0.25,82955
0.25,83263
0.26,83662
0.26,84240
0.26,84467
0.26,85326
0.26,86066
0.26,86112
0.27,86176
0.27,87133
0.29,87698
0.29,88139
0.29,88607
0.31,88665
0.31,89113
0.31,89922
0.31,90482
0.32,91074
0.32,91658
0.34,92336
0.37,92439
0.37,92696
0.37,93527
0.37,93909
0.37,94456
0.37,94788
0.37,95270
0.37,95839
0.37,96429
0.37,97056
0.38,97853
0.38,98475
0.38,99154
0.38,99448
0.38,99545
0.39,99622
0.39,100237
0.42,100990
0.43,101621
0.44,101937
0.45,102195
0.47,102877
0.47,103098
0.47,103919
0.47,104561
0.47,104740
0.47,104754
0.47,105679
0.47,106254
0.48,106476
0.48,106753
0.48,107001
0.48,107085
0.50,107458
0.51,108326
0.51,109323
0.52,110190
0.52,110760
0.52,111257
0.52,111638
0.52,112526
0.52,113376
0.52,113754
0.54,114128
0.55,114682
0.61,114950
0.67,115148
0.68,115495
0.68,115772
0.68,116008
0.68,116122
0.69,116348
0.78,117109
0.84,117870
0.85,117932
0.85,118466
0.91,119380
0.91,120108
0.93,120629
0.99,120644
0.99,121117
1.03,121735
1.03,121872
1.05,122068
1.12,122732
1.13,122938
1.14,123318
1.15,123676
1.15,124370
1.15,124718
1.15,125450
1.17,125645
1.23,126542
1.24,126827
1.24,126832
1.28,126887
1.28,127182
1.30,127865
1.34,128784
1.38,128978
1.40,129276
1.40,129859
1.41,130097
1.51,130592
1.51,131170
1.51,132138
1.65,132784
1.70,133754
2.25,134605
2.45,135057
2.45,135515
2.48,135733
2.51,135754
2.61,136488
2.81,136834
2.81,137452
2.92,137988
5.57,138387
5.57,139003
5.57,139944
5.57,140355
5.58,140622
5.58,141149
5.58,141482
5.58,142335
5.64,142522
5.64,142620
5.64,143312
5.64,144184
5.65,145082
5.65,145122
5.65,145994
5.66,146043
5.66,146428
5.66,147358
5.66,147779
5.66,147949
5.67,148346
5.68,148363
5.68,148470
5.69,148730
5.69,148926
5.69,148949
5.69,149513
5.70,149849
5.70,150533
5.70,150691
5.70,151529
5.70,152491
5.70,152882
5.70,153750
5.70,154020
5.70,154852
5.70,155599
5.70,156521
5.70,156555
5.73,156623
5.73,156990
5.73,157081
5.73,157618
5.73,158189
5.73,158455
5.77,158773
5.78,159736
5.79,160011
5.80,160389
5.81,161037
5.81,161052
5.83,161788
5.83,161805
5.83,161992
5.84,162200
5.84,162697
5.86,162886
5.87,163123
5.87,163798
5.87,164782
5.88,164877
5.88,165427
5.88,166157
5.88,167063
5.88,167873
5.89,168419
5.89,168589
5.91,168772
5.91,168856
5.91,169626
5.92,170104
5.92,170196
5.97,170942
5.98,171500
5.98,171886
5.98,172669
5.99,173208
5.99,173886
5.99,174543
6.00,174740
6.01,174983
6.02,174993
6.02,175403
6.02,176165
6.02,177070
6.02,177954
6.02,178913
6.05,179882
6.05,180316
6.05,181202
6.06,181749
6.07,182645
6.07,183462
6.08,184333
6.08,184860
6.08,185728
6.08,186275
6.08,186726
6.09,186787
6.10,187071
6.10,187555
6.10,187736
6.21,188161
6.28,188427
6.37,188946
6.51,189263
6.56,189266
6.57,189287
7.19,189780
7.22,190500
7.67,190551
7.73,191084
10.76,562821
