0.00,0.0
0.00,849
0.00,3055
0.00,4097
0.00,5502
0.00,7420
0.00,9089
0.00,10060
0.00,11369
0.00,13089
0.00,15014
0.00,17949
0.00,19406
0.00,20765
0.00,21976
0.00,22775
0.00,23720
0.01,24658
0.01,24879
0.01,25970
0.01,26407
0.01,26436
0.02,26437
0.06,26452
0.06,26510
0.11,26514
0.11,26541
0.12,26621
0.12,26630
0.13,26636
0.13,26637
0.22,26654
0.22,26701
0.22,26702
0.23,26801
0.38,26837
0.38,26942
0.39,26952
0.39,26953
0.40,26983
0.40,26984
0.40,27005
0.41,27031
0.41,27053
0.68,27121
0.70,27250
0.70,27266
0.70,27267
0.71,27279
0.73,27359
0.74,27455
0.74,27574
0.74,27653
0.75,27654
0.76,27684
0.76,27757
0.76,27758
0.77,27759
0.77,27760
0.77,27761
0.78,27796
0.79,27797
0.79,27908
0.81,27932
0.82,27943
0.82,27958
0.82,27990
0.82,28004
0.84,28011
0.84,28096
0.86,28106
0.89,28107
0.89,28108
0.90,28183
0.90,28203
0.91,28315
0.98,28372
0.99,28462
1.01,28534
1.01,28535
1.01,28585
1.06,28595
1.07,28596
1.09,28597
1.11,28608
1.13,28676
1.17,28685
1.18,28725
1.28,28739
1.32,28744
1.33,28812
1.33,28841
1.35,28842
1.35,28953
1.36,28989
1.39,29033
1.45,29034
1.48,29046
1.51,29079
1.52,29080
1.52,29081
1.54,29119
1.56,29120
1.56,29121
1.57,29122
1.60,29123
1.62,29150
1.62,29151
1.68,29152
1.69,29199
1.86,29222
1.90,29223
1.95,29228
1.97,29229
1.99,29238
2.02,29239
2.02,29255
2.06,29285
2.10,29286
2.22,29292
2.28,29293
2.32,29338
2.35,29339
2.61,29340
2.81,29341
2.93,29344
3.03,29345
4.63,29375
4.63,29465
4.63,29466
4.64,29547
5.60,29553
5.60,29554
5.64,29575
5.64,29639
5.64,29755
5.65,29813
5.65,29867
5.66,29881
5.66,29946
5.66,30036
5.69,30037
5.76,30059
5.84,30062
5.85,30130
6.00,30131
6.03,30192
6.04,30193
6.06,30218
6.12,30219
6.13,30246
6.21,30299
6.31,30309
6.32,30310
6.56,30311
8.97,44252
