0.00,0.0
0.00,538
0.00,2471
0.00,3272
0.00,4260
0.00,4413
0.01,4422
0.01,5186
0.01,5592
0.01,5718
0.01,5830
0.01,6493
0.01,7153
0.01,8009
0.02,8017
0.02,8518
0.02,8713
0.02,8896
0.02,9577
0.02,10436
0.02,11101
0.02,11137
0.02,12048
0.02,12494
0.02,12747
0.03,12942
0.03,13522
0.03,13846
0.04,13956
0.04,14082
0.04,14449
0.04,14515
0.04,14939
0.04,15318
0.04,15409
0.04,15537
0.05,15953
0.05,16723
0.05,17332
0.06,17413
0.09,17721
0.10,17815
0.10,17968
0.10,18516
0.10,19427
0.14,20102
0.15,20829
0.31,20905
3.26,20927
3.45,21178
3.47,21373
3.48,21866
3.48,21918
3.54,22201
6.31,27891
