0.00,0.0
0.00,1865
0.00,3337
0.00,4644
0.00,6159
0.00,8369
0.00,10263
0.00,12150
0.00,13796
0.00,14401
0.00,16490
0.00,18446
0.00,19843
0.00,20959
0.00,22309
0.00,24618
0.00,26656
0.00,29707
0.00,31536
0.00,33599
0.00,34879
0.00,37161
0.00,38710
0.00,40685
0.00,41370
0.00,42921
0.00,45437
0.00,47461
0.00,48307
0.00,50046
0.00,51341
0.00,53114
0.00,54354
0.00,56069
0.00,58438
0.00,59685
0.00,59982
0.01,60125
0.01,60285
0.01,60397
0.02,60435
0.02,60538
0.02,60683
0.02,60788
0.03,60911
0.04,61017
0.04,61081
0.04,61208
0.04,61318
0.05,61419
0.06,61515
0.06,61594
0.06,61703
0.07,61819
0.08,61861
0.08,61968
0.08,62211
0.08,62310
0.08,62415
0.10,62491
0.10,62609
0.11,62691
0.11,62817
0.13,62919
0.14,63062
0.14,63167
0.14,63309
0.15,63415
0.15,63497
0.15,63613
0.15,63774
0.16,63863
0.16,64007
0.17,64013
0.17,64051
0.17,64159
0.17,64317
0.18,64357
0.18,64420
0.18,64548
0.19,64667
0.19,64773
0.19,64889
0.19,65017
0.20,65019
0.21,65056
0.21,65170
0.21,65282
0.21,65407
0.21,65513
0.23,65616
0.25,65698
0.25,65813
0.27,65815
0.27,65936
0.27,66195
0.27,66314
0.28,66391
0.28,66527
0.28,66647
0.28,66802
0.29,66819
0.29,67014
0.30,67018
0.31,67194
0.31,67309
0.32,67419
0.33,67486
0.34,67589
0.34,67706
0.35,67895
0.35,67996
0.35,68119
0.41,68208
0.41,68309
0.41,68416
0.41,68519
0.44,68598
0.46,68618
0.46,68719
0.47,68878
0.47,69012
0.48,69017
0.50,69111
0.51,69216
0.52,69293
0.54,69409
0.55,69483
0.55,69591
0.56,69716
0.57,69819
0.64,69900
0.65,70015
0.65,70019
0.66,70111
0.67,70212
0.68,70298
0.69,70410
0.71,70414
0.72,70518
0.76,70618
0.80,70693
0.81,70816
0.84,70853
0.84,70981
0.85,71087
0.85,71191
0.86,71310
0.87,71418
0.87,71513
0.90,71616
0.91,71717
0.93,71786
0.94,71889
0.94,72006
0.94,72087
0.95,72208
0.97,72309
0.98,72409
1.01,72511
1.01,72615
1.09,72618
1.09,72719
1.28,72810
1.30,72813
1.31,72915
1.35,73018
1.39,73113
1.50,73215
1.68,73317
1.73,73318
1.95,73411
1.96,73519
10.57,73622
10.57,73761
10.58,73889
10.58,73993
10.59,74118
10.61,74215
10.63,74379
10.64,74503
10.65,74618
10.68,74795
10.69,74910
10.70,75008
10.71,75015
10.77,75016
10.79,75069
10.79,75211
10.81,75318
10.90,75374
10.90,75384
10.91,75398
10.91,75500
10.91,75599
10.93,75700
10.94,75787
10.94,75894
10.95,75979
10.95,75988
10.95,76115
11.18,76118
11.19,76303
11.19,76417
11.24,76508
11.25,76619
11.27,76683
11.27,76815
11.28,76917
11.33,77009
11.33,77019
11.44,77087
11.45,77208
11.48,77306
11.50,77386
11.51,77512
11.51,77617
11.60,77670
11.60,77796
11.60,77910
11.61,78019
11.72,78119
11.97,78210
12.06,78214
12.08,78313
12.08,78417
12.09,78472
12.10,78587
12.10,78692
12.10,78716
12.11,78798
12.11,78809
12.17,78912
12.22,79017
12.32,79113
12.32,79216
12.41,79219
12.57,79318
12.85,79419
21.22,146749
