0.00,0.0
0.00,1218
0.00,2767
0.00,4624
0.00,6391
0.00,6793
0.00,8366
0.00,9790
0.00,10155
0.01,10277
0.01,10296
0.01,10297
0.02,10326
0.02,10389
0.02,10453
0.06,10502
0.07,10611
0.07,10616
0.07,10618
0.08,10658
0.09,10765
0.10,10800
0.21,10820
0.21,10821
0.22,10858
0.23,10976
0.23,11070
0.23,11079
0.24,11082
0.24,11135
0.24,11136
0.24,11205
0.30,11227
0.44,11256
0.44,11272
0.45,11273
0.45,11274
0.45,11393
0.45,11394
0.46,11425
0.47,11468
0.51,11503
0.61,11528
0.63,11617
0.63,11646
0.63,11647
0.64,11736
0.66,11784
0.69,11861
0.70,11862
0.70,11891
0.76,11930
0.80,11992
0.80,12009
0.97,12043
0.97,12054
0.99,12128
1.00,12250
1.00,12330
1.03,12399
1.15,12465
1.26,12466
1.45,12505
1.45,12523
1.46,12615
1.53,12616
4.85,12695
4.92,12795
4.94,12871
4.97,12909
5.01,12913
5.06,12930
5.09,12947
5.10,13070
5.13,13077
5.14,13094
5.14,13169
5.14,13170
5.14,13264
5.25,13309
5.30,13315
5.30,13316
5.30,13317
5.33,13339
5.33,13340
5.38,13341
5.39,13458
5.64,13469
8.72,17620
8.72,17643
