0.00,0.0
0.00,2431
0.00,3925
0.00,5967
0.00,7932
0.00,9722
0.00,10713
0.00,12739
0.00,14255
0.00,15254
0.00,17143
0.00,18412
0.00,20941
0.00,22347
0.00,23479
0.00,24794
0.00,26145
0.00,27835
0.00,29092
0.00,30468
0.00,31169
0.00,33495
0.00,35309
0.00,37593
0.00,38549
0.00,40439
0.00,42178
0.00,43224
0.00,44483
0.00,45811
0.00,47126
0.00,48518
0.00,50135
0.00,50757
0.00,52279
0.01,53107
0.01,53653
0.01,53772
0.01,53991
0.01,54640
0.01,55018
0.01,55069
0.02,55720
0.02,56036
0.02,56623
0.02,57147
0.02,57460
0.03,58336
0.03,58826
0.04,59164
0.04,59555
0.04,59750
0.04,60589
0.04,60664
0.05,61024
0.05,61794
0.05,62089
0.06,62720
0.06,63224
0.07,63570
0.07,64443
0.07,65250
0.07,65435
0.07,66155
0.07,66995
0.08,67490
0.08,67758
0.09,68134
0.09,68161
0.09,68826
0.09,68991
0.09,69500
0.09,69916
0.09,70564
0.09,71395
0.09,72233
0.09,73152
0.09,74107
0.09,74276
0.10,74527
0.10,75337
0.10,75508
0.10,76451
0.10,77380
0.10,77546
0.11,77833
0.11,78553
0.11,78845
0.11,79342
0.12,79398
0.12,80194
0.12,80713
0.13,80901
0.13,81663
0.13,81687
0.13,82641
0.13,83387
0.14,83613
0.14,84236
0.14,84270
0.15,84823
0.15,84915
0.20,85617
0.22,85905
0.23,86250
0.23,86704
0.23,87398
0.24,88135
0.24,88319
0.24,89102
0.25,90070
0.25,91001
0.25,91516
0.25,91717
0.26,92403
0.26,92703
0.28,92751
0.29,93165
0.29,93219
0.29,94203
0.29,94724
0.30,95439
0.31,95939
0.31,96917
0.33,97590
0.34,98478
0.34,98975
0.34,99609
0.34,100441
0.35,101184
0.39,101349
0.39,102263
0.39,102897
0.40,103114
0.40,103400
0.47,104323
0.47,105197
0.47,105477
0.47,105561
0.48,105566
0.49,106247
0.49,107208
0.49,107483
0.49,108330
0.49,109103
0.49,109503
0.49,109522
0.50,110510
0.51,110803
0.51,111535
0.51,112236
0.51,112801
0.51,113516
0.51,113574
0.51,113972
0.51,114658
0.51,115581
0.51,116424
0.51,117120
0.51,117880
0.52,118669
0.52,118880
0.55,118961
0.55,119003
0.56,119597
0.57,119648
0.57,120184
0.58,120861
0.58,121528
0.58,122378
0.58,122799
0.58,123180
0.60,124080
0.61,124249
0.61,124386
0.64,124805
0.64,125420
0.66,126305
0.71,126988
0.73,127639
0.74,127835
0.77,128191
0.77,128576
0.79,129225
0.81,129537
0.81,130354
0.81,130682
0.84,131093
0.84,131541
0.84,132084
0.85,132566
0.92,133018
0.92,133929
0.94,134663
0.95,135304
0.95,136274
0.96,137177
0.96,137895
0.96,137930
0.97,138557
1.15,139200
1.16,139396
1.19,139447
1.43,139786
1.43,140518
1.43,140770
1.48,140939
1.49,141171
1.51,142087
1.51,142329
1.51,142703
1.58,143001
5.45,143142
5.45,143537
5.45,143971
5.62,144586
5.64,145095
5.64,145126
5.64,145382
5.64,146304
5.64,146902
5.64,147888
5.65,148851
5.65,149430
5.65,150048
5.66,150374
5.66,150547
5.67,151016
5.67,151290
5.68,152020
5.68,152188
5.68,152862
5.68,152988
5.68,153978
5.68,154426
5.69,154710
5.69,155649
5.69,155873
5.70,156504
5.70,157287
5.70,157692
5.71,158282
5.73,158472
5.73,158614
5.73,158756
5.73,158926
5.73,159020
5.74,159762
5.75,159894
5.75,160368
5.75,160382
5.75,160569
5.75,160932
5.75,160966
5.76,161456
5.76,161542
5.76,161893
5.76,162540
5.77,163101
5.78,163561
5.79,163879
5.79,164506
5.80,164955
5.80,164999
5.80,165370
5.81,165556
5.81,165669
5.81,166290
5.81,166826
5.81,166950
5.82,167551
5.82,168493
5.82,169005
5.82,169447
5.83,169681
5.83,170083
5.84,170920
5.84,171281
5.85,171846
5.85,172490
5.88,172881
5.90,173064
5.90,173347
5.90,173469
5.90,174455
5.90,175109
5.95,175754
5.95,176227
5.96,176453
5.98,176688
5.98,176955
5.98,177274
5.99,177492
6.00,177884
6.01,178092
6.02,178648
6.02,179101
6.02,179143
6.02,179658
6.03,179706
6.04,179978
6.04,180877
6.05,181625
6.10,182210
6.12,182532
6.12,182827
6.12,182988
6.16,183642
6.16,183860
6.18,184235
6.18,185209
6.18,185514
6.18,186330
6.31,186534
6.31,186769
6.32,187752
6.44,188430
6.51,188980
10.83,563176
