0.00,0.0
0.00,2232
0.00,3109
0.00,4927
0.00,5767
0.00,6513
0.00,8294
0.00,9801
0.00,11359
0.00,13252
0.00,14160
0.00,14914
0.00,16542
0.00,18342
0.00,19522
0.00,20864
0.01,21653
0.01,22567
0.01,23050
0.01,23333
0.01,23979
0.01,24758
0.01,25447
0.01,25915
0.01,26622
0.02,27334
0.03,27445
0.04,28303
0.05,28354
0.05,28672
0.05,28824
0.05,29536
0.05,30455
0.05,30894
0.05,31622
0.05,32527
0.06,32658
0.06,33288
0.06,34084
0.06,34295
0.06,34892
0.06,35765
0.06,36639
0.06,37626
0.06,38514
0.06,39057
0.07,39762
0.07,40036
0.07,40503
0.07,41409
0.07,42366
0.09,42520
0.09,43206
0.09,43584
0.10,43587
0.10,43740
0.10,44354
0.10,44573
0.10,44884
0.11,45535
0.11,45589
0.11,46302
0.11,46377
0.11,47051
0.12,47152
0.12,48050
0.12,48469
0.12,49079
0.12,49474
0.14,49587
0.14,50542
0.15,51110
0.15,51111
0.15,51757
0.15,52616
0.15,53361
0.15,53369
0.16,53810
0.16,53815
0.16,53906
0.17,54426
0.17,55380
0.17,55935
0.18,56138
0.18,56988
0.19,57525
0.19,58439
0.19,58634
0.19,59540
0.20,60072
0.20,60869
0.20,61615
0.21,62020
0.22,62264
0.23,63027
0.24,63688
0.24,63744
0.24,64092
0.24,64686
0.24,64942
0.24,65689
0.24,65731
0.24,66695
0.24,67642
0.25,68572
0.25,69033
0.26,69857
0.26,70017
0.26,70044
0.27,70778
0.27,71010
0.27,71651
0.27,72346
0.27,72846
0.27,73370
0.28,74140
0.28,74224
0.28,74442
0.28,75166
0.29,75357
0.29,76354
0.29,76952
0.30,77743
0.31,78499
0.31,78887
0.31,79314
0.31,79844
0.31,80807
0.31,80842
0.32,80990
0.32,81894
0.33,82069
0.33,82090
0.35,82395
0.35,82977
0.36,83597
0.37,84262
0.38,84375
0.38,84769
0.40,85063
0.42,85377
0.43,85961
0.43,86860
0.43,86951
0.43,87192
0.44,87461
0.44,88123
0.44,88817
0.46,89027
0.52,89032
0.55,89200
0.55,89209
0.55,89816
0.55,90704
0.57,91474
0.57,91683
0.64,91975
0.66,92574
0.67,93488
0.69,93732
0.71,94053
0.74,94590
0.75,94692
0.76,95341
0.82,96125
0.83,96617
0.85,96701
0.89,96776
0.89,97188
1.04,97882
1.17,97931
1.87,98485
5.00,99321
5.00,100189
5.00,100794
5.00,101015
5.00,101668
5.00,101951
5.00,102337
5.00,102521
5.01,102985
5.01,103603
5.01,103992
5.02,104163
5.02,104917
5.03,105244
5.06,105476
5.06,105497
5.10,105910
5.10,106608
5.10,107005
5.11,107806
5.11,108264
5.11,109100
5.19,109133
5.22,109782
5.23,110339
5.23,110592
5.28,110864
5.29,111698
5.29,112583
5.30,113232
5.39,113290
5.39,113770
5.40,114065
5.41,114601
5.42,114604
5.42,114967
5.43,115620
5.43,116018
5.43,116400
5.48,116528
5.48,117233
5.49,117922
5.51,118242
5.53,118495
5.53,119493
5.58,119529
5.80,119995
5.80,120275
5.81,121186
5.82,121395
5.83,121819
5.83,122230
5.87,122994
5.93,123663
5.93,123981
5.93,124199
5.94,124523
5.99,125314
6.18,125362
6.34,125365
6.57,125630
6.76,125693
10.65,275725
10.65,275900
