0.00,0.0
0.00,932
0.00,1481
0.00,3333
0.00,4922
0.00,6586
0.00,8229
0.00,9796
0.00,10802
0.00,10928
0.01,11043
0.01,11449
0.01,12090
0.02,12769
0.02,13568
0.02,14213
0.02,14862
0.02,15819
0.02,16178
0.02,16373
0.02,16772
0.02,17461
0.03,17548
0.03,17815
0.03,18210
0.03,19132
0.04,19933
0.04,20154
0.06,20239
0.06,20484
0.06,20711
0.06,21360
0.06,21623
0.06,21631
0.06,22297
0.07,23088
0.07,23645
0.07,23689
0.08,24188
0.08,24408
0.08,25054
0.08,25199
0.08,25443
0.08,26109
0.08,27015
0.08,27077
0.08,27295
0.08,27423
0.08,27960
0.09,27987
0.09,28182
0.09,28519
0.09,29064
0.09,29296
0.09,29524
0.10,29859
0.10,30191
0.10,30473
0.12,30493
0.12,31312
0.12,31399
0.12,31623
0.12,31838
0.12,31940
0.12,32798
0.13,33439
0.13,33869
0.13,34433
0.14,35165
0.14,35618
0.14,36215
0.14,36321
0.14,37045
0.15,37599
0.15,37683
0.16,37716
0.17,37995
0.17,38288
0.17,38770
0.17,39465
0.17,39640
0.18,40062
0.18,40491
0.19,40946
0.19,41510
0.19,42177
0.20,42578
0.20,43466
0.21,44464
0.21,44981
0.21,45751
0.22,46208
0.24,46298
0.24,46762
0.24,47208
0.27,47485
0.27,48215
0.27,48433
0.27,49392
0.27,50206
0.30,50488
0.33,50525
0.36,50760
0.37,51413
0.39,51904
0.41,52784
0.41,53241
0.41,53369
0.43,53453
0.53,53849
0.54,54833
0.54,55115
0.57,55364
3.59,55483
3.59,56207
3.59,57167
3.59,57776
3.63,58188
3.65,58395
3.65,58409
3.65,58610
3.66,58828
3.70,59379
3.73,59910
3.73,60561
3.73,60938
3.75,60963
3.75,61127
3.75,62070
3.76,62754
3.76,63274
3.76,64065
3.77,64085
3.77,64673
3.78,64891
3.79,65182
3.79,65611
3.86,66313
3.87,66405
3.90,66530
3.90,67318
3.96,67344
3.99,67735
3.99,68165
7.28,109344
