0.00,0.0
0.00,729
0.00,1560
0.00,3213
0.00,5078
0.00,6603
0.00,7910
0.00,9002
0.00,9857
0.00,11055
0.00,12672
0.00,13617
0.00,14914
0.00,16556
0.00,17583
0.00,18066
0.00,20565
0.00,21389
0.00,23185
0.00,25040
0.00,27336
0.00,29167
0.00,30726
0.00,32193
0.00,33937
0.00,34969
0.00,36033
0.00,37467
0.00,39081
0.00,40056
0.00,40853
0.00,42509
0.00,43628
0.00,44001
0.00,44873
0.00,47033
0.00,48413
0.00,50100
0.01,50147
0.01,50148
0.01,50261
0.01,50347
0.01,50348
0.01,50447
0.02,50483
0.02,50535
0.02,50536
0.04,50554
0.04,50621
0.04,50739
0.04,50740
0.04,50769
0.05,50770
0.05,50855
0.06,50867
0.06,50908
0.06,51036
0.06,51073
0.06,51084
0.07,51090
0.07,51164
0.08,51228
0.08,51264
0.08,51336
0.08,51348
0.08,51399
0.08,51400
0.11,51410
0.11,51411
0.11,51444
0.11,51449
0.14,51519
0.14,51615
0.15,51636
0.15,51698
0.15,51699
0.15,51771
0.15,51772
0.15,51831
0.16,51962
0.16,51978
0.16,51979
0.21,51987
0.21,51988
0.21,52047
0.21,52097
0.28,52193
0.28,52292
0.29,52331
0.29,52395
0.29,52464
0.29,52472
0.30,52473
0.36,52496
0.36,52527
0.36,52606
0.38,52674
0.38,52745
0.38,52847
0.43,52912
0.45,53024
0.45,53085
0.46,53123
0.47,53181
0.48,53267
0.49,53349
0.49,53366
0.50,53367
0.51,53368
0.51,53370
0.51,53371
0.51,53420
0.52,53456
0.52,53510
0.52,53524
0.53,53580
0.53,53647
0.57,53732
0.58,53733
0.58,53759
0.58,53821
0.59,53822
0.59,53897
0.59,53898
0.60,53915
0.60,53952
0.60,53953
0.65,53958
0.66,53991
0.70,53997
0.70,54089
0.78,54115
0.79,54122
0.79,54147
0.80,54148
0.80,54149
0.81,54150
0.86,54195
0.87,54210
0.87,54246
0.88,54308
0.88,54317
0.89,54318
0.90,54352
0.94,54465
0.97,54532
1.00,54578
1.01,54665
1.01,54741
1.09,54749
1.20,54793
1.23,54827
1.23,54828
1.23,54901
1.23,54918
1.25,55036
1.30,55140
1.30,55141
1.31,55157
1.31,55158
1.32,55274
1.32,55282
1.34,55369
1.37,55374
1.38,55426
1.39,55445
1.40,55512
1.41,55548
1.42,55549
1.43,55553
1.52,55597
1.54,55598
1.69,55614
1.70,55615
1.70,55616
1.72,55627
1.72,55723
1.72,55740
1.79,55741
1.82,55745
1.82,55829
1.83,55830
1.94,55896
1.94,55954
1.97,56072
1.97,56073
1.99,56074
2.01,56101
2.04,56102
2.26,56107
2.27,56132
2.34,56133
2.35,56134
2.36,56188
2.36,56217
2.37,56257
2.38,56259
2.39,56260
2.40,56346
2.73,56347
2.76,56446
4.96,56517
4.96,56553
4.96,56698
4.96,56699
4.96,56700
4.98,56720
4.98,56721
4.98,56859
4.98,56952
5.01,57031
5.02,57046
5.02,57136
5.03,57147
5.04,57186
5.05,57203
5.05,57204
5.13,57212
5.13,57252
6.11,57268
6.17,57288
6.19,57289
6.19,57290
6.19,57357
6.21,57419
6.26,57423
6.26,57430
6.28,57515
6.28,57516
6.29,57592
6.29,57667
6.33,57674
6.33,57675
6.37,57676
6.40,57777
6.40,57860
6.41,57861
6.41,57922
6.42,57978
6.42,57979
6.43,57980
6.49,58033
6.51,58062
6.52,58063
6.52,58087
6.56,58109
6.56,58207
6.57,58208
6.58,58209
6.60,58281
6.61,58327
6.64,58328
6.69,58357
6.70,58399
6.70,58400
6.80,58438
6.83,58439
7.02,58440
7.24,58469
10.01,89898
