0.00,0.0
0.00,2051
0.00,3174
0.00,4992
0.00,5850
0.00,6151
0.00,6254
0.00,6389
0.01,6626
0.01,6767
0.01,6861
0.01,6964
0.01,7084
0.02,7174
0.02,7362
0.02,7383
0.03,7482
0.03,7586
0.05,7662
0.05,7767
0.05,7883
0.05,7885
0.06,7983
0.06,8090
0.07,8186
0.08,8204
0.08,8385
0.08,8482
0.09,8554
0.09,8687
0.09,8737
0.09,8832
0.09,8993
0.10,9082
0.10,9083
0.16,9090
0.16,9187
0.17,9280
0.17,9389
0.17,9475
0.17,9486
0.18,9585
0.18,9664
0.19,9762
0.19,9872
0.19,9909
0.19,10026
0.19,10133
0.19,10254
0.20,10264
0.21,10268
0.21,10275
0.22,10377
0.22,10483
0.26,10490
0.29,10584
0.34,10675
0.47,10782
2.70,10865
2.70,10968
2.71,10969
2.71,11087
2.72,11089
2.77,11166
2.78,11183
2.78,11286
5.09,14244
