0.00,0.0
0.00,1656
0.00,3214
0.00,4139
0.00,5467
0.00,6253
0.00,6373
0.01,6480
0.01,6589
0.01,6686
0.02,6788
0.02,6826
0.02,6956
0.02,7090
0.03,7184
0.04,7287
0.05,7290
0.07,7390
0.11,7464
0.11,7590
0.13,7613
0.13,7721
0.13,7779
0.13,7884
0.14,7987
0.14,8021
0.14,8036
0.14,8100
0.14,8176
0.14,8281
0.15,8374
0.16,8381
0.16,8489
0.16,8597
0.17,8761
0.17,8870
0.17,8877
0.17,8909
0.17,8950
0.17,9078
0.18,9129
0.18,9174
0.20,9190
0.21,9269
0.22,9284
0.22,9296
0.22,9478
0.23,9480
0.24,9567
0.36,9570
0.37,9590
0.39,9679
0.43,9689
0.46,9772
0.47,9781
0.48,9890
3.51,9980
3.51,10085
3.82,10089
3.83,10170
3.83,10185
3.83,10250
3.83,10379
3.84,10455
3.84,10571
3.97,10589
4.05,10590
7.51,14177
7.51,14245
