0.00,0.0
0.00,1309
0.00,3355
0.00,5643
0.00,7333
0.00,8076
0.01,8974
0.01,9511
0.01,9729
0.01,9753
0.01,10342
0.01,10991
0.01,11739
0.02,11934
0.02,12061
0.02,12787
0.02,12950
0.03,13101
0.03,13129
0.07,13629
0.07,13874
0.07,14828
0.07,14846
0.08,15638
0.08,15665
0.09,15891
0.09,16226
0.09,16317
0.09,16962
0.09,17641
0.09,18344
0.09,18790
0.09,19247
0.09,19631
0.09,20629
0.09,20741
0.09,20869
0.09,20912
0.09,21399
0.09,21884
0.10,22078
0.10,22199
0.10,22469
0.10,22760
0.10,23309
0.11,23715
0.11,23779
0.11,24535
0.11,25446
0.13,25797
0.14,26208
0.17,27044
0.17,27792
0.17,28074
0.17,28095
0.17,28797
0.20,28924
0.23,29047
0.26,29482
0.26,29864
0.26,30634
0.27,30663
0.27,30881
0.27,31007
0.27,31369
0.27,31564
0.27,31591
0.28,32306
0.28,32786
0.28,33227
0.29,33355
0.29,34004
0.31,34519
0.33,34606
0.34,34827
3.68,34837
3.68,35569
3.68,35871
3.68,36674
3.68,36723
3.68,37420
3.68,37702
3.85,38337
3.86,38772
3.90,39256
3.91,39475
3.91,39532
3.91,39989
3.91,40352
3.92,40654
3.92,40872
3.93,41320
3.94,41515
4.00,41743
4.03,42212
4.05,42465
4.15,42656
7.04,53247
7.04,53925
