0.00,0.0
0.00,1093
0.00,1589
0.00,3286
0.00,3925
0.00,6353
0.00,8213
0.00,10190
0.00,10332
0.00,11031
0.00,12855
0.00,13729
0.00,13913
0.01,14482
0.02,14909
0.02,15222
0.02,15915
0.02,16595
0.02,17454
0.02,18353
0.02,19298
0.02,19742
0.02,20223
0.03,20882
0.03,21248
0.03,21466
0.03,22085
0.03,22734
0.03,23194
0.04,24143
0.04,24643
0.04,24937
0.04,25068
0.05,25714
0.05,25859
0.05,25976
0.06,26864
0.06,26990
0.06,27272
0.06,27887
0.07,27971
0.07,28558
0.07,28840
0.08,28984
0.08,29011
0.08,29299
0.08,29315
0.08,29583
0.08,30500
0.08,31075
0.08,31417
0.09,31549
0.09,32128
0.09,32581
0.09,33244
0.09,33885
0.09,33997
0.10,34615
0.10,35042
0.10,35328
0.11,35885
0.11,36651
0.11,36768
0.11,37567
0.11,37571
0.12,38119
0.12,38673
0.12,39397
0.12,39468
0.12,39759
0.12,40507
0.13,40828
0.14,40896
0.14,41424
0.14,41643
0.14,42434
0.15,43204
0.15,43798
0.17,43894
0.17,44436
0.17,44562
0.18,45145
0.18,45875
0.20,46304
0.21,46316
0.21,46632
0.23,46738
0.24,46920
0.32,47396
0.34,47692
0.35,47776
0.41,47783
0.41,48411
0.41,49395
0.41,49852
0.41,50118
0.42,50400
0.42,50983
0.46,51733
0.46,52485
0.49,52585
0.50,53368
0.51,53563
0.55,53883
0.66,53984
3.91,54450
3.98,54459
3.99,54734
4.00,54929
4.01,55298
4.01,56089
4.01,56319
4.02,57073
4.02,57187
4.02,57967
4.02,58318
4.02,59020
4.02,59661
4.03,59819
4.05,59912
4.05,60843
4.05,60945
4.06,61300
4.06,62041
4.06,62703
4.06,63132
4.17,63256
4.17,63584
4.20,64141
4.20,64871
4.20,65091
4.22,65100
4.25,65315
4.26,66085
4.27,66597
4.28,67557
4.47,68500
4.54,68602
7.61,109381
