0.00,0.0
0.00,608
0.00,3480
0.00,5725
0.00,8497
0.00,9960
0.00,10613
0.00,12217
0.00,14273
0.00,15516
0.00,16496
0.00,18661
0.00,20181
0.00,22958
0.00,25213
0.00,28056
0.00,29426
0.01,29578
0.01,29737
0.01,29842
0.01,29997
0.01,30098
0.02,30169
0.02,30276
0.02,30386
0.03,30487
0.03,30591
0.03,30696
0.04,30799
0.04,30902
0.04,31003
0.05,31046
0.05,31246
0.05,31354
0.05,31491
0.06,31505
0.07,31532
0.07,31704
0.08,31772
0.08,31891
0.09,32000
0.09,32105
0.12,32131
0.12,32294
0.12,32395
0.12,32505
0.12,32584
0.12,32700
0.13,32800
0.14,32866
0.14,32901
0.17,32988
0.17,33102
0.18,33204
0.20,33298
0.24,33392
0.24,33501
0.24,33605
0.27,33686
0.27,33695
0.27,33801
0.28,33900
0.29,33952
0.29,34102
0.31,34103
0.31,34195
0.31,34302
0.32,34316
0.32,34482
0.32,34598
0.33,34661
0.33,34777
0.34,34892
0.35,34896
0.35,34899
0.37,35000
0.39,35102
0.41,35200
0.45,35205
0.49,35303
0.51,35404
0.55,35489
0.55,35504
0.59,35601
0.59,35773
0.60,35784
0.61,35889
0.62,36004
0.63,36100
0.63,36203
0.63,36304
0.64,36401
0.65,36405
0.66,36504
0.70,36505
1.04,36604
1.18,36605
1.22,36697
1.23,36802
1.23,36892
1.24,37001
1.30,37104
1.36,37105
4.94,37118
4.94,37286
4.94,37402
4.98,37499
4.98,37659
4.98,37760
4.98,37793
4.99,37900
4.99,37991
5.00,38000
5.01,38002
5.03,38004
5.05,38012
5.05,38059
5.05,38187
5.05,38201
5.09,38293
5.10,38302
5.18,38310
5.18,38451
5.18,38602
5.20,38620
5.20,38772
5.21,38797
5.23,38882
5.24,38990
5.25,39053
5.25,39240
5.25,39378
5.25,39498
5.27,39499
5.28,39600
5.34,39668
5.35,39803
5.38,39889
5.38,40005
5.40,40100
5.47,40102
5.47,40105
5.51,40199
5.54,40302
5.56,40387
5.58,40491
5.58,40501
5.62,40531
5.62,40686
5.62,40703
5.64,40805
5.66,40904
5.72,40987
5.73,41102
5.77,41196
5.79,41304
5.85,41305
5.88,41395
5.89,41396
5.92,41402
5.94,41503
6.17,41604
6.25,41705
10.47,72253
