0.00,0.0
0.00,1881
0.00,3834
0.00,5454
0.00,7111
0.00,9368
0.00,12000
0.00,14220
0.00,16150
0.00,17085
0.00,19491
0.00,20904
0.00,22857
0.00,24455
0.00,25377
0.00,26299
0.00,27954
0.00,29470
0.00,29821
0.01,29976
0.01,30150
0.01,30290
0.01,30396
0.01,30471
0.01,30586
0.01,30695
0.01,30744
0.01,30877
0.02,30986
0.02,31102
0.03,31203
0.03,31391
0.04,31467
0.04,31669
0.04,31685
0.04,31793
0.04,31994
0.04,32011
0.04,32197
0.04,32299
0.05,32401
0.07,32466
0.07,32585
0.07,32692
0.07,32793
0.07,32804
0.08,32872
0.08,33003
0.10,33049
0.10,33187
0.10,33303
0.11,33361
0.11,33497
0.12,33604
0.12,33645
0.13,33796
0.13,33899
0.14,34002
0.14,34103
0.16,34188
0.16,34291
0.16,34352
0.16,34467
0.16,34576
0.17,34692
0.17,34802
0.17,34904
0.19,35000
0.19,35006
0.19,35148
0.19,35299
0.19,35378
0.19,35479
0.19,35598
0.20,35703
0.20,35871
0.21,35989
0.21,36090
0.21,36197
0.22,36286
0.22,36400
0.22,36504
0.23,36560
0.23,36679
0.24,36792
0.25,36845
0.25,36980
0.25,37094
0.27,37129
0.27,37295
0.28,37304
0.31,37387
0.31,37499
0.31,37600
0.32,37603
0.33,37700
0.35,37805
0.35,37903
0.39,37945
0.39,38083
0.40,38092
0.40,38096
0.40,38100
0.41,38203
0.42,38285
0.43,38368
0.43,38496
0.43,38600
0.45,38605
0.89,38701
0.90,38802
0.96,38904
0.97,39005
1.01,39103
1.02,39198
1.03,39300
1.04,39405
1.11,39489
1.14,39601
1.18,39703
1.49,39804
4.61,39894
4.61,39903
4.75,39951
4.75,40002
4.77,40004
4.84,40037
4.84,40141
4.84,40264
4.84,40274
4.84,40395
4.85,40496
4.86,40497
4.87,40500
4.87,40553
4.87,40661
4.88,40768
4.91,40793
4.91,40903
4.93,41001
4.94,41085
4.94,41098
4.94,41202
4.95,41302
4.96,41393
4.97,41491
4.97,41605
4.98,41677
4.98,41801
4.98,41873
5.00,42001
5.01,42102
5.02,42202
5.04,42258
5.04,42295
5.04,42405
5.06,42501
5.08,42596
5.09,42701
5.09,42802
5.12,42891
5.12,42993
5.16,43000
5.24,43003
5.26,43005
5.30,43080
5.30,43196
5.31,43305
5.33,43396
5.35,43400
5.36,43405
9.73,72252
9.73,72495
