0.00,0.0
0.00,1549
0.00,3348
0.00,3964
0.00,5970
0.00,6638
0.00,7370
0.01,7496
0.01,8355
0.01,8533
0.01,9525
0.02,9861
0.04,10278
0.04,10420
0.04,10989
0.04,11469
0.04,12400
0.05,12937
0.06,13586
0.08,14189
0.09,14722
0.09,14749
0.09,15249
0.10,15844
0.12,16326
0.12,16689
0.13,17111
0.14,17179
0.14,17300
0.14,17510
0.14,18390
0.15,18624
0.15,18906
0.17,19014
0.17,19961
0.17,20513
0.18,20957
0.18,21652
0.19,22034
0.19,22336
0.19,22470
0.20,22497
0.20,23039
0.21,23898
0.21,24261
0.21,25097
0.21,25574
0.23,26330
0.23,26458
0.24,27040
0.24,27659
0.24,27907
0.25,28236
0.25,28339
0.25,29247
0.28,29706
0.29,29717
0.29,30383
0.30,30601
0.31,30761
0.31,30887
0.31,31382
0.32,32327
0.32,32365
0.32,32618
0.32,33124
0.33,33319
0.34,33871
3.45,34312
3.45,34515
3.45,35171
3.45,36075
3.45,36570
3.45,36767
3.56,37156
3.56,37282
3.56,37534
3.57,37635
3.57,37747
3.57,38094
3.60,38248
3.60,38380
3.60,38971
3.60,38979
3.60,39520
3.60,39822
3.61,40534
3.63,40649
3.63,41381
3.63,42065
3.64,42167
3.65,42289
3.65,42824
3.65,43043
3.67,43187
3.67,43353
3.68,43873
3.71,44190
3.80,44330
3.80,44693
6.84,53070
6.84,53237
