0.00,0.0
0.00,2277
0.00,4219
0.00,5696
0.00,7108
0.00,8519
0.00,9785
0.00,11646
0.00,11921
0.00,12041
0.00,12174
0.01,12293
0.01,12306
0.01,12416
0.02,12496
0.02,12611
0.03,12704
0.03,12792
0.04,12908
0.04,13009
0.04,13112
0.04,13183
0.04,13301
0.05,13418
0.05,13519
0.10,13618
0.11,13653
0.11,13786
0.11,13918
0.12,14007
0.13,14016
0.13,14089
0.14,14192
0.14,14299
0.14,14416
0.15,14531
0.15,14675
0.15,14807
0.17,14808
0.17,14913
0.18,14917
0.18,15032
0.18,15295
0.18,15313
0.20,15319
0.25,15465
0.25,15597
0.37,15710
0.37,15719
0.40,15811
0.41,15916
0.43,15966
0.43,16085
0.43,16218
0.49,16219
0.49,16290
0.50,16407
0.50,16512
0.50,16613
0.52,16703
0.53,16708
0.53,16709
0.54,16815
0.57,16816
0.58,16914
0.59,17017
0.81,17019
0.97,17117
4.05,17212
4.05,17254
4.06,17371
4.06,17416
4.06,17417
4.07,17419
4.08,17463
4.08,17580
4.08,17687
4.08,17697
4.11,17705
4.12,17788
4.12,17804
4.14,17913
4.15,17914
4.19,18019
4.20,18113
4.30,18203
4.31,18263
4.31,18374
4.31,18401
4.32,18481
4.32,18497
4.33,18502
4.36,18508
4.42,18615
4.44,18617
4.48,18716
4.49,18718
4.53,18816
4.55,18917
8.02,28646
8.02,28649
8.02,28830
