0.00,0.0
0.00,2128
0.00,2369
0.00,4159
0.00,6113
0.00,7039
0.00,7456
0.00,8713
0.00,9790
0.00,11092
0.00,12135
0.00,13691
0.00,16009
0.00,17392
0.00,19217
0.00,20106
0.00,21956
0.00,24241
0.00,25690
0.00,25883
0.00,26023
0.02,26026
0.02,26027
0.03,26127
0.03,26128
0.03,26204
0.04,26217
0.04,26347
0.04,26452
0.08,26455
0.08,26530
0.08,26576
0.25,26614
0.26,26615
0.30,26626
0.35,26650
0.41,26721
0.41,26867
0.41,26912
0.44,26915
0.44,26926
0.56,27015
0.57,27037
0.57,27101
0.57,27102
0.57,27119
0.60,27166
0.61,27170
0.63,27174
0.63,27241
0.64,27255
0.65,27269
0.65,27440
0.66,27441
0.67,27442
0.68,27487
0.69,27527
0.69,27549
0.72,27625
0.72,27626
0.75,27672
0.75,27673
0.77,27679
0.77,27716
0.79,27755
0.79,27764
0.79,27791
0.80,27887
0.80,27888
0.81,27996
0.81,28051
0.83,28105
0.84,28172
0.84,28173
0.86,28178
0.90,28215
0.90,28331
0.91,28344
0.92,28353
0.93,28354
0.94,28472
0.95,28488
0.95,28489
0.96,28490
0.97,28530
0.97,28531
0.97,28532
0.99,28579
1.00,28688
1.01,28717
1.04,28862
1.06,28879
1.07,28894
1.07,28940
1.08,28988
1.08,28999
1.10,29006
1.14,29048
1.15,29135
1.19,29138
1.20,29150
1.21,29151
1.21,29152
1.25,29153
1.34,29154
1.35,29193
1.40,29194
1.42,29268
1.44,29269
1.48,29274
1.49,29393
1.52,29416
1.58,29506
1.63,29507
1.64,29508
1.70,29509
1.71,29510
1.98,29526
2.04,29527
2.05,29528
2.37,29529
2.51,29530
2.95,29531
5.79,29532
5.86,29558
5.98,29591
5.99,29592
6.50,29593
8.63,44105
8.63,44159
8.63,44197
