0.00,0.0
0.00,2298
0.00,3928
0.00,5088
0.00,6235
0.00,8221
0.00,9493
0.00,11267
0.00,11887
0.00,13780
0.00,14765
0.00,16201
0.00,17087
0.00,19190
0.00,20577
0.00,21938
0.00,23409
0.00,24562
0.00,25128
0.00,27298
0.00,28818
0.00,29632
0.00,30304
0.00,31333
0.00,32776
0.00,35110
0.00,36593
0.00,37995
0.00,39725
0.00,40785
0.00,42083
0.00,43673
0.00,44424
0.00,46466
0.00,47696
0.00,49306
0.01,49366
0.01,49367
0.01,49368
0.01,49369
0.01,49372
0.02,49384
0.02,49445
0.02,49543
0.09,49624
0.10,49684
0.10,49711
0.10,49759
0.10,49760
0.10,49776
0.10,49777
0.11,49868
0.11,49903
0.12,49927
0.13,49931
0.13,49940
0.13,49961
0.23,49975
0.23,50063
0.25,50085
0.25,50165
0.25,50201
0.32,50263
0.32,50354
0.35,50400
0.35,50422
0.36,50514
0.38,50595
0.38,50596
0.45,50618
0.46,50671
0.46,50739
0.47,50782
0.47,50783
0.47,50868
0.48,50950
0.49,50965
0.49,51064
0.49,51065
0.53,51089
0.59,51119
0.61,51214
0.61,51215
0.62,51216
0.63,51247
0.63,51276
0.65,51301
0.66,51385
0.66,51441
0.66,51525
0.67,51526
0.70,51554
0.71,51594
0.72,51666
0.72,51667
0.73,51685
0.74,51738
0.75,51788
0.75,51826
0.75,51827
0.76,51861
0.77,51916
0.77,51917
0.80,51987
0.81,52011
0.81,52108
0.82,52202
0.85,52302
0.87,52383
0.88,52384
0.88,52432
0.88,52433
0.89,52434
0.89,52435
0.90,52467
0.90,52562
0.90,52575
0.91,52598
0.91,52639
0.93,52711
0.93,52795
0.93,52807
1.00,52809
1.02,52890
1.03,52951
1.03,53020
1.03,53082
1.03,53095
1.04,53153
1.05,53154
1.07,53178
1.07,53309
1.08,53345
1.09,53439
1.09,53440
1.09,53549
1.13,53563
1.14,53640
1.15,53744
1.15,53745
1.15,53774
1.16,53775
1.16,53776
1.18,53892
1.19,53971
1.19,53998
1.25,54010
1.26,54011
1.31,54012
1.31,54044
1.33,54109
1.38,54136
1.39,54162
1.40,54251
1.41,54307
1.43,54308
1.43,54379
1.44,54460
1.44,54461
1.45,54491
1.47,54494
1.47,54495
1.51,54603
1.63,54641
1.64,54642
1.70,54742
1.74,54809
1.79,54898
1.96,54914
1.99,54931
2.00,54949
2.03,54950
2.06,54951
2.08,55037
2.09,55123
2.09,55179
2.18,55186
2.19,55187
2.22,55188
2.40,55205
2.46,55206
2.56,55207
2.72,55291
2.73,55292
2.75,55293
2.78,55361
2.79,55413
2.85,55414
3.07,55415
4.92,55469
4.92,55470
4.93,55526
4.93,55551
6.01,55565
6.01,55566
6.02,55647
6.04,55701
6.06,55702
6.07,55766
6.08,55783
6.09,55784
6.12,55810
6.13,55811
6.13,55812
6.13,55901
6.13,55909
6.14,55949
6.14,55950
6.22,55979
6.23,56009
6.23,56088
6.26,56089
6.34,56176
6.35,56270
6.39,56392
6.42,56466
6.43,56474
6.43,56589
6.43,56600
6.45,56601
6.49,56667
6.50,56668
6.51,56669
6.52,56732
6.64,56758
6.65,56759
6.65,56760
6.68,56819
6.82,56820
6.86,56821
6.89,56838
6.89,56839
6.94,56884
7.12,56991
7.13,56992
7.15,57064
7.16,57065
7.17,57066
7.26,57067
7.50,57068
8.05,57069
9.69,90070
9.69,90071
