0.00,0.0
0.00,1540
0.00,1980
0.00,2633
0.00,3311
0.00,3730
0.01,4232
0.01,4884
0.01,5065
0.01,5954
0.01,6496
0.01,7355
0.01,7944
0.01,8046
0.01,8977
0.02,9094
0.02,9220
0.02,9496
0.03,10133
0.03,11021
0.03,11975
0.03,12070
0.03,13022
0.03,13500
0.03,13505
0.04,13608
0.04,13690
0.04,13885
0.04,13997
0.05,14105
0.05,14187
0.05,15113
0.05,15477
0.05,16042
0.05,16076
0.05,16922
0.06,17697
0.06,17773
0.07,18255
0.07,18302
0.07,19072
0.08,19766
0.12,19826
0.13,20021
0.14,20124
0.14,20300
0.14,20743
0.16,20929
0.16,21220
0.17,21309
0.18,21371
0.24,21434
0.27,21436
3.24,21461
3.24,21587
3.25,21824
3.36,21931
6.09,28552
