0.00,0.0
0.00,639
0.00,2745
0.00,3640
0.00,5796
0.00,7520
0.00,9341
0.00,10843
0.00,12799
0.00,14718
0.00,15756
0.00,17189
0.00,18840
0.00,20579
0.00,22685
0.00,24624
0.00,26187
0.00,27347
0.00,29172
0.00,30467
0.00,31750
0.01,32546
0.01,33194
0.03,33485
0.03,34255
0.03,34906
0.03,35357
0.03,35486
0.04,35986
0.05,36284
0.05,36920
0.05,37384
0.05,38355
0.05,38998
0.05,39842
0.05,40460
0.05,40705
0.06,41435
0.06,41989
0.06,42207
0.06,42750
0.06,43662
0.06,44087
0.06,44429
0.06,44768
0.07,44894
0.07,45526
0.07,46057
0.08,46325
0.08,47201
0.08,47367
0.08,47849
0.08,48596
0.08,48964
0.08,49669
0.08,49724
0.08,50099
0.08,50317
0.09,50425
0.09,50867
0.10,51503
0.10,51532
0.11,52015
0.12,52038
0.12,52698
0.12,53171
0.12,53198
0.12,53817
0.13,54565
0.13,54856
0.13,55272
0.14,55567
0.14,56216
0.14,56982
0.14,57503
0.15,57565
0.16,57714
0.17,58092
0.17,58747
0.17,59349
0.17,60304
0.18,61132
0.22,61266
0.22,61345
0.22,61512
0.25,61758
0.25,62301
0.25,62306
0.25,62545
0.25,63185
0.25,63788
0.26,64536
0.26,65204
0.27,65582
0.28,66106
0.30,66827
0.30,67468
0.30,67786
0.30,68136
0.30,68660
0.31,69445
0.31,69928
0.32,70399
0.32,71316
0.32,71573
0.32,72504
0.33,72555
0.33,73469
0.33,74132
0.33,74542
0.33,75426
0.33,76077
0.34,76567
0.34,77076
0.34,77964
0.35,78120
0.36,78171
0.37,78255
0.37,78946
0.37,78973
0.38,79008
0.39,79142
0.40,79360
0.40,79363
0.40,80079
0.40,80159
0.40,81053
0.40,81434
0.42,82290
0.42,82953
0.42,83891
0.42,84681
0.42,84839
0.42,85455
0.42,86009
0.45,86525
0.47,87166
0.47,87439
0.47,88381
0.47,88680
0.47,89554
0.47,90552
0.48,91109
0.50,91595
0.52,92109
0.52,92277
0.52,93146
0.52,93450
0.53,93809
0.54,94495
0.54,95219
0.56,95330
0.56,95451
0.56,95909
0.56,96165
0.56,97084
0.59,97524
0.59,97779
0.59,97872
0.59,98125
0.60,98672
0.63,98693
0.63,98811
0.64,99109
0.67,99719
0.67,100676
0.78,100722
0.78,100917
0.83,101099
0.83,101984
0.98,102319
0.98,103294
0.98,103818
0.98,104408
1.39,104592
1.52,104676
5.17,104838
5.17,105261
5.17,106240
5.17,106571
5.18,107371
5.18,108073
5.19,108545
5.19,108850
5.19,109639
5.19,109714
5.19,110065
5.19,110626
5.19,110878
5.20,110986
5.21,111811
5.21,112408
5.21,112936
5.21,113058
5.22,113748
5.22,113972
5.22,114439
5.25,114557
5.26,114814
5.26,114954
5.26,115432
5.27,115558
5.27,116467
5.33,116994
5.33,117786
5.33,118164
5.33,118589
5.34,119377
5.34,120067
5.34,120685
5.34,121415
5.38,121881
5.38,122050
5.41,122443
5.41,123173
5.41,124117
5.41,124818
5.41,125309
5.41,126154
5.41,126845
5.42,127094
5.42,127806
5.48,128270
5.48,128652
5.49,128866
5.50,129676
5.50,129734
5.52,130211
5.52,130244
5.53,130783
5.53,131764
5.54,131785
5.54,131806
5.56,132405
5.56,132456
5.58,132693
5.60,133569
5.61,133596
5.71,134116
5.73,134178
5.73,134266
5.73,134599
5.73,134620
5.73,134802
5.74,134863
5.74,135568
5.74,135647
5.75,135903
5.86,135969
5.86,136053
5.86,136274
5.87,136568
5.90,136786
5.90,136870
6.09,137114
6.14,137765
6.60,137786
10.02,275718
