0.00,0.0
0.00,1259
0.00,1980
0.00,3298
0.00,5040
0.00,6433
0.00,8376
0.00,10331
0.00,10876
0.00,12905
0.00,13273
0.01,13962
0.01,14820
0.01,15065
0.01,15584
0.01,15884
0.02,16138
0.02,16754
0.02,17323
0.02,17931
0.02,18055
0.02,18954
0.02,19724
0.02,20241
0.02,20535
0.03,20601
0.03,20948
0.03,21032
0.03,21214
0.03,21895
0.03,22536
0.03,22618
0.03,23391
0.03,23956
0.03,24333
0.03,25087
0.03,25991
0.03,26880
0.04,27017
0.04,27326
0.04,28162
0.04,28521
0.04,28641
0.04,29330
0.05,29439
0.05,30141
0.07,30667
0.07,31467
0.08,31754
0.09,31843
0.09,32496
0.09,32939
0.09,33208
0.10,33891
0.10,34531
0.10,34772
0.10,34903
0.10,34988
0.10,35090
0.11,35121
0.12,35249
0.12,35572
0.13,35966
0.13,36754
0.13,37032
0.13,37986
0.13,38892
0.14,39366
0.14,39543
0.14,40254
0.14,40408
0.14,41392
0.15,41925
0.15,42614
0.15,43441
0.15,44280
0.16,44726
0.17,45620
0.17,46252
0.17,46418
0.19,47013
0.19,47329
0.19,47860
0.19,48084
0.19,48229
0.20,48564
0.20,48621
0.20,49532
0.21,49683
0.21,50240
0.21,50283
0.21,50501
0.22,51190
0.22,51316
0.22,51938
0.24,52849
0.25,53322
0.25,53839
0.27,54315
0.27,54958
0.28,54985
0.29,55279
0.29,55298
0.29,55580
0.33,56202
0.36,56843
0.38,57343
0.39,57534
0.45,57729
3.69,57893
3.72,58522
3.72,59042
3.73,59815
3.73,60214
3.75,60739
3.76,61253
3.76,61616
3.80,61743
3.80,62308
3.81,63163
3.89,63523
3.91,63607
4.00,64083
7.51,109745
