0.00,0.0
0.00,1665
0.00,3582
0.00,5078
0.00,7188
0.00,8214
0.00,9722
0.00,11710
0.00,13475
0.00,14790
0.00,16130
0.00,18592
0.00,20386
0.00,21962
0.00,22594
0.00,23962
0.00,24666
0.00,25291
0.01,25607
0.01,26298
0.01,26939
0.01,27001
0.02,27886
0.03,28316
0.03,29029
0.03,29958
0.03,30657
0.03,30676
0.03,31250
0.05,32084
0.05,32374
0.06,33015
0.08,33024
0.09,33415
0.09,34185
0.09,34955
0.10,35461
0.11,36191
0.12,36443
0.12,36531
0.12,36896
0.12,37872
0.12,38696
0.12,39425
0.12,39548
0.12,40255
0.13,41056
0.14,41704
0.15,41869
0.16,42694
0.16,43151
0.17,43395
0.17,43918
0.17,44345
0.17,44961
0.17,45715
0.17,46013
0.17,46484
0.17,47389
0.17,48051
0.19,48172
0.19,48351
0.19,48435
0.19,48864
0.19,49157
0.19,49440
0.19,50063
0.19,51050
0.20,51481
0.21,51650
0.22,52299
0.23,52545
0.23,52559
0.23,53409
0.24,53998
0.27,54129
0.27,54803
0.27,55098
0.27,55749
0.28,55878
0.28,56146
0.40,56781
0.41,57026
0.42,57500
0.43,57966
0.43,58832
0.43,59415
0.43,59668
0.43,59951
0.44,60159
0.44,60853
0.44,61343
0.46,61992
0.47,62762
0.47,63445
0.48,63666
0.48,64222
0.48,64343
0.48,64378
0.49,65019
0.49,65378
0.50,65731
0.51,66421
0.51,67107
0.52,67325
0.52,67360
0.53,67397
0.53,68137
0.53,68808
0.53,69599
0.54,69674
0.54,70458
0.56,71230
0.56,71574
0.56,72028
0.56,72157
0.57,72702
0.58,72834
0.58,73714
0.58,74435
0.58,75194
0.58,75413
0.60,76010
0.60,76094
0.60,76511
0.60,77152
0.60,78059
0.61,78870
0.61,79629
0.62,80425
0.63,80656
0.65,80778
0.68,81657
0.69,81720
0.69,82491
0.69,83008
0.69,83454
0.69,84159
0.70,84776
0.70,85427
0.72,85805
0.72,86388
0.72,86888
0.83,87656
0.84,87659
0.85,87957
0.86,88511
0.94,88668
1.08,89315
1.10,89684
1.10,90665
1.10,90767
1.11,91130
1.18,91921
1.32,91942
4.75,92042
4.75,92852
4.75,92969
4.75,93194
4.75,93325
4.75,94164
4.76,94657
4.76,94771
4.77,95755
4.77,96211
4.79,96685
4.79,96771
4.79,96774
4.80,96903
4.80,97903
4.82,98023
4.83,98132
4.83,98593
4.89,99192
4.89,99606
4.90,100104
4.91,100136
4.91,100142
4.91,100401
4.92,100429
4.94,100796
4.94,100941
4.94,101122
4.94,101251
4.94,102182
4.94,102819
4.95,103259
4.96,103265
4.96,103944
4.96,104072
4.96,104271
4.96,104917
4.98,105339
4.98,105908
4.98,105992
4.98,106613
4.98,107107
4.99,107854
4.99,107857
4.99,108195
4.99,108988
5.00,109379
5.01,110267
5.02,110639
5.02,111223
5.02,111912
5.02,111933
5.03,112921
5.03,113830
5.03,113905
5.04,114625
5.04,115357
5.05,116196
5.05,116236
5.05,116865
5.05,117664
5.05,118563
5.05,118765
5.05,119557
5.05,119946
5.06,120287
5.08,120522
5.08,120723
5.09,120944
5.14,120995
5.16,121743
5.20,122546
5.23,122591
5.24,123387
5.24,123669
5.25,124212
5.26,124343
5.26,124472
5.32,124700
5.32,124928
5.32,125016
5.32,125169
5.33,125584
5.35,126154
5.36,126627
5.37,127442
5.40,127513
5.40,127683
5.40,127767
5.40,128441
5.41,128662
5.43,129619
5.43,130285
5.44,130290
5.46,130931
5.67,131426
5.74,131641
8.87,275713
