0.00,0.0
0.00,2069
0.00,3453
0.00,5133
0.00,5697
0.00,6973
0.00,8622
0.00,9828
0.00,12172
0.00,12995
0.00,14436
0.00,16616
0.00,17988
0.00,20053
0.00,21616
0.00,22952
0.00,24398
0.00,26069
0.00,27659
0.00,28572
0.00,30099
0.00,31523
0.00,33297
0.00,34980
0.00,37449
0.00,37939
0.00,39507
0.00,40868
0.00,43057
0.00,44809
0.00,46333
0.00,48136
0.00,48792
0.00,49429
0.01,49430
0.01,49518
0.01,49556
0.01,49687
0.01,49727
0.01,49814
0.02,49815
0.05,49877
0.06,49944
0.06,50000
0.07,50013
0.07,50014
0.09,50068
0.15,50327
0.16,50328
0.16,50329
0.17,50455
0.21,50482
0.21,50483
0.22,50522
0.22,50618
0.22,50630
0.22,50631
0.22,50632
0.36,50673
0.38,50728
0.38,50729
0.40,50751
0.41,50753
0.41,50865
0.41,50884
0.50,50993
0.50,51059
0.50,51103
0.50,51169
0.50,51170
0.51,51317
0.51,51338
0.51,51468
0.52,51484
0.52,51510
0.52,51569
0.62,51603
0.62,51604
0.62,51605
0.62,51656
0.72,51698
0.73,51779
0.73,51846
0.73,51921
0.76,51968
0.77,51969
0.82,51973
0.90,51984
0.91,51985
0.94,52075
0.94,52100
0.96,52133
0.96,52159
0.96,52160
0.97,52246
0.97,52257
0.98,52333
1.01,52385
1.01,52435
1.03,52483
1.20,52502
1.21,52591
1.22,52659
1.23,52698
1.26,52716
1.30,52788
1.31,52803
1.31,52846
1.32,52847
1.41,52931
1.41,52932
1.44,53006
1.44,53047
1.51,53128
1.52,53218
1.56,53219
1.58,53319
1.60,53352
1.63,53383
1.64,53403
1.66,53465
1.66,53466
1.67,53556
1.68,53557
1.68,53585
1.69,53586
1.71,53615
1.71,53662
1.72,53680
1.72,53719
1.73,53780
1.76,53781
1.80,53807
2.13,53863
2.13,53864
2.18,53923
2.21,53990
2.22,54045
2.38,54126
2.38,54187
2.39,54188
2.48,54246
2.71,54332
2.72,54333
2.74,54334
2.74,54335
2.79,54352
2.83,54353
2.87,54442
2.89,54544
2.93,54545
3.01,54546
3.32,54553
3.38,54554
5.43,54611
5.43,54635
5.43,54736
5.45,54762
5.47,54793
5.47,54794
6.42,54815
6.44,54831
6.56,54845
6.65,54879
6.66,54956
6.67,54957
6.68,54981
6.68,55015
6.71,55016
6.74,55041
6.75,55059
6.76,55149
6.78,55171
6.78,55172
6.81,55173
6.88,55191
6.93,55195
6.93,55196
6.96,55232
7.01,55311
7.03,55427
7.04,55456
7.06,55546
7.06,55547
7.08,55574
7.11,55631
7.13,55640
7.13,55641
7.27,55685
7.29,55706
7.29,55782
7.42,55817
7.42,55893
7.43,55894
7.47,55942
7.52,56031
7.53,56038
7.65,56112
7.74,56113
7.86,56231
7.90,56232
7.99,56362
8.02,56363
8.05,56364
8.45,56365
8.46,56366
8.99,56390
11.22,90081
