0.00,0.0
0.00,808
0.00,1771
0.00,3193
0.00,4664
0.00,6157
0.00,8196
0.00,9850
0.00,10934
0.00,11809
0.00,12580
0.00,13933
0.00,15029
0.00,16412
0.00,18346
0.00,20492
0.00,22194
0.00,24318
0.00,25199
0.00,25633
0.11,25666
0.11,25700
0.11,25722
0.12,25723
0.12,25740
0.13,25800
0.13,25813
0.13,25814
0.17,25823
0.17,25901
0.17,25902
0.17,25903
0.17,25904
0.19,25971
0.22,26005
0.24,26030
0.24,26031
0.25,26118
0.26,26125
0.26,26214
0.26,26269
0.27,26318
0.28,26319
0.28,26331
0.29,26338
0.37,26438
0.37,26517
0.42,26563
0.44,26617
0.45,26669
0.45,26696
0.45,26697
0.47,26817
0.48,26856
0.48,26857
0.48,26912
0.48,26916
0.48,27027
0.53,27177
0.53,27185
0.53,27204
0.53,27211
0.53,27217
0.54,27233
0.57,27237
0.57,27261
0.59,27325
0.59,27350
0.60,27399
0.79,27419
0.79,27480
0.80,27496
0.81,27497
0.89,27523
0.91,27534
0.96,27552
0.96,27553
0.96,27639
0.98,27647
0.98,27801
0.98,27802
1.05,27823
1.06,27830
1.06,27878
1.08,27889
1.08,27890
1.17,27892
1.17,27893
1.17,27986
1.18,28077
1.19,28117
1.20,28161
1.20,28162
1.21,28210
1.22,28211
1.22,28270
1.22,28419
1.22,28429
1.22,28435
1.22,28436
1.23,28467
1.24,28478
1.24,28479
1.24,28480
1.24,28481
1.25,28498
1.31,28517
1.32,28534
1.34,28535
1.39,28571
1.39,28690
1.40,28713
1.40,28721
1.42,28804
1.43,28813
1.43,28814
1.44,28823
1.45,28881
1.46,28970
1.46,28971
1.47,29027
1.50,29028
1.50,29029
1.52,29116
1.54,29117
1.55,29119
1.56,29120
1.58,29121
1.63,29132
1.63,29133
1.63,29134
1.66,29190
1.67,29273
1.72,29274
1.73,29275
1.79,29384
1.79,29385
1.84,29386
1.97,29395
2.00,29399
2.02,29400
2.03,29468
2.08,29478
2.10,29479
2.16,29486
2.22,29487
2.28,29488
2.34,29489
4.36,29578
5.26,29628
5.27,29686
5.28,29796
5.28,29797
5.28,29798
5.30,29850
5.31,29851
5.32,29852
5.32,29854
5.33,29976
5.34,30083
5.35,30084
5.35,30085
5.37,30152
5.37,30153
5.37,30169
5.42,30236
5.42,30237
5.50,30238
5.51,30239
5.51,30240
5.52,30261
5.60,30297
5.65,30370
5.71,30371
5.72,30372
5.74,30373
5.75,30452
5.76,30462
5.77,30463
5.80,30464
6.29,30465
6.30,30466
6.74,30467
6.81,30468
8.34,44098
8.34,44152
