0.00,0.0
0.00,1630
0.00,2355
0.00,3865
0.00,5233
0.00,6548
0.00,7220
0.00,9282
0.00,10359
0.00,11908
0.00,12590
0.00,13693
0.00,15217
0.00,16105
0.00,17926
0.00,19945
0.00,21305
0.00,22043
0.00,23115
0.00,24561
0.00,25777
0.00,26923
0.00,28314
0.00,30217
0.00,31760
0.00,33012
0.00,35158
0.00,37324
0.00,38886
0.00,40759
0.00,42271
0.00,43946
0.00,45147
0.00,46687
0.00,47227
0.00,48992
0.00,49985
0.01,50167
0.04,50172
0.04,50284
0.05,50389
0.05,50445
0.06,50465
0.06,50510
0.06,50601
0.06,50648
0.08,50766
0.09,50889
0.09,50890
0.09,50936
0.09,50937
0.11,50955
0.11,50956
0.14,50966
0.14,51193
0.14,51374
0.15,51375
0.15,51376
0.15,51468
0.21,51488
0.24,51511
0.30,51554
0.30,51572
0.30,51573
0.30,51673
0.32,51697
0.46,51717
0.46,51718
0.49,51742
0.49,51796
0.49,51797
0.49,51798
0.50,51867
0.51,51911
0.51,51912
0.51,51997
0.51,52052
0.52,52053
0.56,52134
0.57,52275
0.57,52276
0.58,52303
0.59,52354
0.59,52389
0.65,52412
0.66,52413
0.84,52429
0.84,52451
0.84,52501
0.84,52502
0.86,52503
0.87,52569
0.87,52604
0.88,52701
0.90,52709
0.90,52776
0.91,52799
0.92,52800
0.92,52853
0.92,52936
0.92,52975
0.93,53027
0.93,53028
0.94,53115
0.95,53173
0.95,53240
0.95,53266
0.96,53360
0.99,53363
0.99,53430
1.00,53431
1.01,53432
1.06,53437
1.06,53447
1.09,53475
1.12,53514
1.12,53526
1.14,53551
1.15,53602
1.21,53642
1.22,53695
1.23,53755
1.24,53823
1.26,53891
1.26,53976
1.28,54021
1.32,54057
1.33,54174
1.33,54175
1.33,54176
1.34,54186
1.34,54187
1.35,54306
1.45,54327
1.46,54328
1.54,54386
1.58,54483
1.58,54522
1.59,54523
1.67,54544
1.69,54591
1.69,54598
1.70,54599
1.74,54657
1.74,54749
1.75,54750
1.75,54789
1.76,54915
1.77,54927
1.77,54928
1.98,54930
2.04,55015
2.05,55016
2.08,55102
2.10,55207
2.38,55228
2.38,55229
2.38,55306
2.44,55307
2.46,55380
2.46,55444
2.49,55445
3.08,55459
3.12,55460
3.17,55461
6.98,55481
6.98,55501
7.00,55547
7.05,55575
7.08,55628
7.08,55629
7.09,55630
7.10,55631
7.26,55632
7.35,55633
7.56,55634
7.61,55635
7.74,55636
7.87,55637
9.79,90173
