0.00,0.0
0.00,1428
0.00,2566
0.00,2769
0.00,3666
0.00,4768
0.00,5986
0.00,8112
0.00,9514
0.00,11637
0.00,12244
0.00,13639
0.00,15833
0.00,17228
0.00,19007
0.00,20068
0.00,21946
0.00,22997
0.00,25005
0.00,25885
0.01,26207
0.01,26405
0.01,26435
0.01,27390
0.01,28080
0.01,28302
0.01,28731
0.01,29362
0.01,29864
0.01,30449
0.01,30618
0.02,30841
0.03,31564
0.03,32527
0.03,32768
0.03,33480
0.03,33564
0.04,33671
0.04,34169
0.04,35167
0.04,35823
0.04,36579
0.04,37124
0.04,37502
0.04,37891
0.05,37914
0.05,38056
0.05,38533
0.05,38670
0.05,38891
0.05,39316
0.05,39644
0.05,40558
0.06,41083
0.06,41341
0.07,42226
0.07,42804
0.08,43654
0.09,44000
0.09,44360
0.10,45177
0.10,45835
0.10,46133
0.10,46351
0.11,47021
0.11,47792
0.12,48689
0.12,48886
0.12,49216
0.12,49857
0.12,49884
0.13,50244
0.13,51175
0.14,51670
0.15,51691
0.15,52079
0.16,52437
0.16,52693
0.17,53128
0.17,53130
0.17,53378
0.17,53766
0.17,54533
0.17,54909
0.17,55662
0.17,56042
0.18,56971
0.18,57303
0.18,57487
0.18,58041
0.18,58903
0.18,59098
0.18,60050
0.19,60259
0.19,60934
0.19,61544
0.19,62336
0.19,62652
0.19,63638
0.19,64549
0.20,64767
0.20,65429
0.20,65442
0.20,65456
0.21,66225
0.21,67124
0.22,67434
0.22,68052
0.22,68940
0.22,69645
0.22,70235
0.24,70279
0.24,70497
0.24,71428
0.24,71749
0.25,72504
0.25,73362
0.26,73945
0.29,74661
0.29,74758
0.29,74934
0.30,75048
0.30,75256
0.32,75777
0.33,76045
0.33,76528
0.34,76763
0.34,76886
0.34,77808
0.35,78510
0.35,79141
0.36,79666
0.36,80623
0.37,81113
0.40,81866
0.40,82752
0.41,83013
0.41,83183
0.42,83401
0.42,83560
0.42,83688
0.45,84084
0.46,84295
0.47,85085
0.47,85842
0.47,86040
0.47,86658
0.48,87428
0.48,88174
0.52,88188
0.53,88874
0.55,89231
0.55,89282
0.59,89901
0.61,90534
0.61,90585
0.69,90914
0.69,91644
0.70,92435
0.71,92456
0.71,92461
0.76,92956
0.92,93589
0.93,93887
1.17,93905
4.13,94808
4.13,95061
4.13,95318
4.15,95739
4.15,96197
4.16,96662
4.16,97550
4.17,97981
4.17,98079
4.17,98937
4.19,99456
4.20,99598
4.20,99777
4.20,99900
4.21,100167
4.21,100722
4.21,100942
4.21,101353
4.21,102101
4.21,102359
4.22,102440
4.22,102527
4.22,102539
4.23,102573
4.23,102624
4.24,102888
4.25,103186
4.25,104092
4.25,104799
4.25,104991
4.25,105000
4.26,105796
4.26,106266
4.27,107117
4.28,107270
4.28,107393
4.29,107722
4.30,108231
4.32,108898
4.32,109857
4.33,110134
4.34,110705
4.34,110964
4.35,111011
4.35,111509
4.35,111992
4.35,112211
4.35,112567
4.35,113272
4.35,113437
4.35,113440
4.36,114173
4.36,114230
4.37,114265
4.37,114789
4.37,115577
4.37,116063
4.37,116270
4.38,116328
4.39,116826
4.40,116901
4.40,117777
4.40,117798
4.42,118110
4.42,118667
4.42,119526
4.44,120271
4.46,120776
4.48,120779
4.48,121427
4.56,121492
4.59,121608
4.59,121876
4.63,121883
4.65,122712
4.65,122715
4.69,123217
4.69,123857
4.91,123993
4.92,124291
5.38,124310
8.71,276028
8.71,276209
