0.00,0.0
0.00,2437
0.00,4010
0.00,5311
0.00,6902
0.00,8564
0.00,10754
0.00,13145
0.00,14745
0.00,16655
0.00,16785
0.00,17925
0.00,19426
0.00,20450
0.00,22814
0.00,24649
0.01,24690
0.01,24781
0.01,24867
0.01,24868
0.01,24906
0.01,24976
0.01,24977
0.02,25020
0.02,25070
0.03,25071
0.05,25094
0.05,25142
0.05,25312
0.05,25313
0.05,25340
0.05,25389
0.06,25489
0.06,25600
0.08,25654
0.08,25655
0.08,25656
0.08,25689
0.09,25733
0.14,25735
0.16,25772
0.16,25773
0.17,25819
0.17,25894
0.18,25961
0.19,25969
0.19,26009
0.24,26014
0.25,26111
0.26,26112
0.26,26113
0.29,26118
0.29,26119
0.39,26169
0.40,26229
0.40,26345
0.40,26361
0.40,26362
0.41,26387
0.42,26544
0.42,26577
0.43,26584
0.43,26678
0.48,26729
0.49,26746
0.49,26891
0.49,26901
0.51,26928
0.52,26935
0.55,27035
0.55,27103
0.56,27104
0.56,27105
0.59,27114
0.60,27181
0.61,27185
0.61,27315
0.61,27370
0.67,27454
0.69,27456
0.69,27457
0.69,27458
0.70,27459
0.72,27483
0.72,27484
0.72,27485
0.73,27562
0.74,27649
0.74,27655
0.75,27710
0.75,27830
0.79,27853
0.79,27862
0.80,27962
0.82,28021
0.83,28054
0.85,28150
0.86,28155
0.87,28156
0.91,28203
0.91,28239
0.92,28242
0.93,28250
0.94,28293
0.96,28348
0.97,28349
1.00,28350
1.02,28356
1.06,28398
1.07,28465
1.07,28519
1.19,28525
1.19,28526
1.25,28615
1.25,28623
1.26,28706
1.30,28787
1.34,28833
1.37,28834
1.41,28929
1.44,28931
1.45,28941
1.45,28942
1.45,28960
1.47,29033
1.49,29038
1.50,29043
1.59,29057
1.59,29058
1.67,29086
1.69,29087
1.70,29188
1.70,29200
1.78,29202
1.87,29203
2.06,29204
2.11,29205
2.14,29214
2.18,29227
2.21,29250
2.35,29265
2.41,29266
2.63,29272
2.66,29273
9.30,44144
