0.00,0.0
0.00,2179
0.00,3510
0.00,6267
0.00,7569
0.00,9259
0.00,10614
0.00,13082
0.00,15714
0.00,17397
0.00,19402
0.00,21350
0.00,23092
0.00,25178
0.00,26833
0.00,28812
0.01,29310
0.01,29495
0.01,29596
0.01,29700
0.02,29774
0.02,29890
0.03,30003
0.03,30105
0.03,30239
0.04,30366
0.04,30481
0.04,30598
0.04,30686
0.05,30795
0.05,30877
0.06,30993
0.06,31101
0.07,31103
0.08,31205
0.10,31214
0.10,31349
0.11,31404
0.14,31494
0.14,31597
0.15,31637
0.15,31768
0.15,31892
0.15,32001
0.17,32105
0.20,32151
0.20,32271
0.20,32390
0.20,32491
0.21,32605
0.23,32700
0.23,32794
0.24,32897
0.24,33005
0.26,33093
0.26,33200
0.27,33267
0.27,33389
0.28,33493
0.35,33590
0.39,33600
0.39,33693
0.40,33701
0.42,33800
0.52,33803
0.56,33898
0.56,33904
0.60,33991
0.60,34116
0.60,34300
0.63,34388
0.63,34489
0.63,34600
0.64,34685
0.64,34799
0.64,34905
0.64,34930
0.65,35088
0.65,35201
0.66,35302
0.67,35305
0.94,35400
0.95,35404
0.99,35493
1.00,35595
1.01,35601
1.04,35604
1.18,35692
1.18,35796
1.21,35805
1.57,35900
1.72,35993
1.74,36097
1.77,36104
1.92,36205
2.10,36304
2.46,36405
6.46,36461
6.47,36590
6.53,36603
6.56,36668
6.56,36740
6.57,36890
6.58,36903
6.59,36996
6.59,37086
6.60,37198
6.61,37285
6.61,37393
6.63,37497
6.64,37501
6.65,37564
6.65,37685
6.66,37792
6.66,37897
6.66,37998
6.67,38314
6.68,38432
6.68,38578
6.69,38697
6.70,38704
6.75,38801
6.76,38903
6.82,38978
6.82,39097
6.82,39098
6.83,39104
6.98,39202
6.99,39298
7.04,39395
7.05,39496
7.10,39500
7.15,39596
7.15,39701
7.19,39792
7.21,39794
7.22,39803
7.22,39904
7.29,39991
7.31,40102
7.34,40203
7.37,40289
7.38,40396
7.44,40397
7.62,40398
7.65,40474
7.65,40600
7.76,40705
7.91,40805
13.34,72330
