0.00,0.0
0.00,1615
0.00,2761
0.00,3618
0.00,4820
0.00,5653
0.00,7094
0.00,8444
0.00,10508
0.00,11503
0.00,12774
0.00,14283
0.00,15862
0.00,17816
0.00,19212
0.00,20019
0.00,20710
0.00,22859
0.00,24491
0.00,25432
0.00,25595
0.01,25629
0.01,25630
0.02,25696
0.09,25819
0.15,25874
0.15,25890
0.15,25935
0.15,25995
0.15,26024
0.16,26032
0.16,26033
0.16,26060
0.17,26219
0.17,26277
0.17,26278
0.19,26291
0.20,26343
0.20,26358
0.20,26377
0.22,26410
0.22,26411
0.22,26421
0.25,26459
0.25,26460
0.25,26461
0.25,26501
0.25,26550
0.39,26570
0.40,26571
0.40,26572
0.40,26573
0.41,26610
0.56,26728
0.60,26733
0.65,26753
0.66,26760
0.66,26761
0.66,26843
0.66,26880
0.66,26898
0.67,26954
0.71,26966
0.75,26987
0.76,27017
0.76,27072
0.78,27083
0.79,27140
0.79,27180
0.82,27259
0.82,27267
0.82,27268
0.85,27276
0.88,27366
0.90,27367
0.93,27390
0.93,27521
0.93,27551
0.94,27679
0.95,27685
0.95,27696
0.96,27729
0.96,27730
0.96,27761
0.96,27762
1.00,27830
1.00,27871
1.00,27962
1.02,27963
1.03,28059
1.04,28060
1.08,28086
1.12,28134
1.15,28208
1.17,28245
1.24,28261
1.24,28277
1.29,28296
1.30,28330
1.32,28351
1.32,28369
1.37,28370
1.37,28371
1.40,28441
1.41,28442
1.45,28458
1.64,28481
1.65,28565
1.65,28685
1.65,28686
1.67,28722
1.67,28735
1.86,28789
1.90,28812
1.96,28819
1.98,28837
2.01,28838
2.02,28839
2.21,28840
2.43,28841
2.45,28842
6.19,28852
6.24,28967
6.25,28968
6.25,28978
6.27,29033
6.29,29080
6.34,29085
6.34,29086
6.36,29164
6.37,29187
6.37,29188
6.39,29189
6.42,29272
6.43,29273
6.51,29291
6.53,29306
6.53,29316
6.55,29373
6.59,29439
6.62,29486
6.83,29487
7.11,29511
7.24,29512
7.41,29513
7.96,29514
9.95,44279
