0.00,0.0
0.00,1276
0.00,2570
0.00,4157
0.00,6718
0.00,7734
0.00,9139
0.00,10478
0.00,12630
0.00,13857
0.00,15505
0.00,16320
0.00,17534
0.00,17966
0.00,19804
0.00,20797
0.00,21203
0.00,22800
0.00,23527
0.01,24114
0.01,25025
0.02,25666
0.03,26423
0.03,26952
0.03,27641
0.03,27770
0.03,28148
0.04,28565
0.04,29540
0.04,29749
0.05,29949
0.05,30042
0.05,30226
0.05,30603
0.05,31040
0.06,31262
0.06,31592
0.07,31722
0.07,32336
0.08,33224
0.08,33969
0.09,34967
0.10,35018
0.10,35540
0.10,35545
0.10,35942
0.13,36146
0.14,36221
0.14,37105
0.14,37633
0.14,37914
0.15,38098
0.15,38449
0.15,38577
0.15,39060
0.16,39691
0.16,39806
0.16,40790
0.16,40799
0.16,41635
0.16,42511
0.16,43410
0.17,43445
0.17,43657
0.17,43678
0.17,44617
0.18,44921
0.18,45607
0.18,46001
0.19,46097
0.19,47059
0.19,47943
0.19,48533
0.19,48627
0.19,49579
0.19,50526
0.20,51104
0.20,51268
0.20,51626
0.20,51680
0.20,52131
0.21,52519
0.21,52944
0.21,53089
0.21,53775
0.21,54474
0.21,55134
0.21,55775
0.22,55859
0.22,56443
0.22,57051
0.22,58008
0.22,58922
0.22,59178
0.23,59971
0.23,60353
0.23,60993
0.23,61789
0.23,62744
0.23,63328
0.23,64131
0.23,64777
0.23,65691
0.23,66549
0.23,66925
0.23,67186
0.23,67978
0.23,68412
0.23,69044
0.23,69319
0.23,69381
0.23,69894
0.23,70534
0.23,70747
0.25,71130
0.25,72109
0.25,72822
0.26,73471
0.27,73720
0.27,73878
0.27,74465
0.28,74536
0.28,74789
0.28,75351
0.28,75763
0.29,75965
0.29,76529
0.29,76833
0.29,77051
0.30,77541
0.30,78504
0.31,78583
0.31,79296
0.31,79630
0.32,80213
0.32,80397
0.33,80481
0.33,81400
0.33,81969
0.34,82596
0.35,83537
0.35,83659
0.35,84201
0.35,84551
0.35,85437
0.36,85788
0.36,86009
0.36,86120
0.37,86222
0.37,86292
0.37,86963
0.37,87142
0.37,87179
0.37,87200
0.38,88059
0.38,88357
0.39,88708
0.39,89351
0.39,90128
0.39,90742
0.39,91581
0.39,92077
0.40,92489
0.41,93201
0.45,93749
0.47,94345
0.47,94697
0.48,94740
0.51,95673
0.51,96584
0.52,97301
0.53,97977
0.53,98172
0.54,98308
0.54,98989
0.54,99489
0.57,100219
0.69,100930
0.69,101841
0.69,102358
0.69,102528
0.71,102549
0.73,102912
0.73,102996
0.78,103846
0.87,104295
0.88,104316
0.90,105100
1.31,105233
1.31,105414
1.31,106368
1.31,106925
1.31,107446
1.33,107451
1.50,107719
4.30,107739
4.31,107909
4.32,108114
4.33,108481
4.33,109468
4.38,109865
4.38,110753
4.41,110924
4.41,111680
4.41,112349
4.41,112958
4.41,113014
4.42,113377
4.43,113410
4.43,113975
4.43,114724
4.44,114853
4.45,115132
4.45,116130
4.45,116771
4.46,116899
4.46,117094
4.49,117392
4.50,117646
4.50,118267
4.50,118340
4.51,119214
4.51,119416
4.51,119552
4.51,119843
4.52,120347
4.59,120635
4.60,120794
4.62,120820
4.62,121365
4.62,121419
4.62,121422
4.63,122216
4.65,122263
4.66,123016
4.68,123067
4.68,123716
4.72,123758
4.72,124540
4.74,125016
4.77,125648
4.79,125945
4.80,126746
4.80,127172
4.83,127977
4.83,128666
4.84,129462
4.84,129825
4.84,130043
4.87,130928
5.69,131593
5.70,132556
5.75,132721
5.77,132724
8.49,275755
