0.00,0.0
0.00,1907
0.00,3638
0.00,4648
0.00,5422
0.00,5652
0.00,5778
0.01,6221
0.01,6870
0.01,7461
0.01,8225
0.01,8654
0.01,8896
0.01,8901
0.01,9184
0.01,9849
0.01,9876
0.02,10835
0.02,11265
0.02,12013
0.02,12104
0.02,12582
0.02,13534
0.03,14319
0.03,15036
0.03,15958
0.03,16321
0.03,16603
0.03,16813
0.03,17115
0.04,17776
0.04,18233
0.04,18871
0.04,19269
0.04,19560
0.05,19833
0.05,20721
0.05,21211
0.05,21722
0.06,21918
0.06,22311
0.07,22729
0.09,23032
0.09,23116
0.09,23137
0.09,24003
0.09,24049
0.09,24306
0.10,25148
0.10,25850
0.11,26181
0.11,26658
0.11,27517
0.12,27935
0.12,28145
0.12,28439
0.12,29008
0.14,29010
0.14,29604
0.14,30027
0.14,30167
0.14,30864
0.15,31456
0.15,31738
0.15,32462
0.16,33011
0.16,33891
0.17,33943
0.18,34897
0.18,35021
0.19,35134
0.19,35142
0.19,35912
0.19,36107
0.20,36771
0.22,37130
0.22,37989
0.24,38009
0.24,38372
0.25,38474
0.26,38922
0.31,39143
0.34,39180
0.34,39301
0.37,40137
3.56,40602
3.57,40797
3.58,40917
3.58,41244
3.59,41267
3.62,41291
3.67,41831
3.67,41858
3.69,41960
3.72,42296
6.68,53476
