0.00,0.0
0.00,1094
0.00,2778
0.00,4649
0.00,5068
0.00,5185
0.01,5198
0.02,5208
0.02,5209
0.02,5250
0.04,5295
0.04,5296
0.04,5379
0.04,5420
0.05,5444
0.05,5445
0.11,5462
0.11,5502
0.19,5513
0.20,5580
0.20,5794
0.20,5929
0.20,5965
0.20,5966
0.20,5967
0.25,5994
0.29,6019
0.29,6037
0.32,6090
0.33,6209
0.34,6213
0.34,6226
0.34,6255
0.34,6301
0.53,6302
0.55,6412
0.56,6535
0.62,6618
0.62,6619
0.62,6620
0.65,6631
0.67,6674
0.71,6693
0.77,6714
1.02,6781
3.61,6837
3.61,6838
3.62,6875
3.63,6876
3.71,6879
3.71,6984
3.71,7089
3.72,7113
3.72,7142
3.72,7143
3.78,7155
3.80,7212
3.84,7300
4.05,7303
6.49,8951
6.49,8973
