0.00,0.0
0.00,2327
0.00,4716
0.00,5979
0.00,8202
0.00,9834
0.00,11332
0.00,12559
0.00,14112
0.00,15821
0.00,17340
0.00,18063
0.00,19620
0.00,22178
0.00,23457
0.00,25051
0.00,26534
0.00,27775
0.00,29562
0.00,30488
0.01,30598
0.01,30702
0.02,30846
0.02,30997
0.03,31098
0.05,31174
0.05,31302
0.05,31379
0.06,31391
0.06,31540
0.06,31689
0.06,31773
0.07,31798
0.07,31903
0.08,32005
0.09,32046
0.10,32080
0.10,32192
0.10,32295
0.10,32400
0.11,32501
0.11,32605
0.11,32699
0.11,32899
0.11,33026
0.11,33162
0.11,33266
0.12,33383
0.12,33503
0.12,33582
0.13,33704
0.13,33870
0.13,33998
0.13,34157
0.13,34281
0.13,34290
0.13,34399
0.13,34481
0.14,34585
0.14,34704
0.14,34801
0.15,34886
0.16,34904
0.19,35001
0.19,35102
0.19,35203
0.20,35269
0.21,35274
0.22,35328
0.22,35444
0.22,35603
0.23,35701
0.26,35781
0.26,35888
0.26,35936
0.26,36083
0.26,36181
0.27,36289
0.27,36392
0.28,36405
0.30,36480
0.30,36590
0.30,36705
0.33,36781
0.33,36898
0.36,36999
0.37,37099
0.39,37189
0.41,37196
0.41,37304
0.41,37387
0.41,37503
0.43,37505
0.49,37581
0.49,37704
0.52,37798
0.53,37814
0.53,37861
0.53,37968
0.53,38082
0.53,38192
0.55,38300
0.56,38363
0.56,38385
0.56,38502
0.64,38594
0.67,38685
0.67,38801
0.68,38805
1.02,38903
1.08,38998
1.09,39099
1.33,39204
5.91,39299
5.97,39392
6.01,39504
6.02,39660
6.03,39748
6.03,39867
6.03,39890
6.03,39904
6.14,39965
6.14,40092
6.14,40258
6.14,40391
6.16,40481
6.18,40502
6.18,40603
6.24,40702
6.29,40797
6.30,40801
6.39,40894
6.40,40903
6.44,41003
6.57,41004
6.61,41081
6.61,41195
6.64,41198
6.65,41205
6.84,41298
6.86,41391
6.87,41402
6.92,41504
7.25,41605
11.42,72307
