0.00,0.0
0.00,1042
0.00,3068
0.00,5337
0.00,6327
0.00,7772
0.00,9101
0.00,10604
0.00,12675
0.00,13817
0.00,15685
0.00,17621
0.00,19224
0.00,20175
0.00,21595
0.00,22770
0.00,24391
0.00,26998
0.00,28299
0.00,29841
0.00,30453
0.00,31764
0.00,33109
0.00,35862
0.00,37745
0.00,39683
0.00,41868
0.00,43575
0.00,45586
0.00,46863
0.00,47845
0.00,50161
0.00,50765
0.00,52433
0.00,53570
0.00,55566
0.00,57501
0.00,57618
0.00,58585
0.00,60087
0.00,60697
0.01,60811
0.01,60941
0.01,61062
0.01,61192
0.02,61300
0.02,61316
0.02,61417
0.02,61614
0.02,61710
0.03,61814
0.03,61867
0.03,61993
0.03,62094
0.03,62210
0.04,62314
0.05,62418
0.06,62597
0.06,62706
0.06,62809
0.06,62910
0.07,63016
0.08,63062
0.08,63178
0.08,63360
0.08,63482
0.08,63607
0.08,63713
0.09,63770
0.09,63879
0.09,63901
0.09,64017
0.10,64115
0.11,64159
0.11,64311
0.12,64414
0.12,64485
0.12,64496
0.12,64514
0.12,64689
0.13,64816
0.17,64882
0.17,64940
0.17,65111
0.18,65212
0.18,65313
0.20,65414
0.21,65515
0.22,65618
0.22,65691
0.24,65817
0.25,65911
0.26,66013
0.26,66119
0.27,66210
0.28,66311
0.28,66368
0.28,66497
0.28,66614
0.31,66711
0.32,66813
0.32,66916
0.32,67075
0.33,67095
0.33,67210
0.34,67217
0.35,67319
0.36,67408
0.36,67511
0.38,67518
0.38,67591
0.39,67706
0.39,67811
0.40,67912
0.40,68019
0.42,68119
0.45,68214
0.46,68319
0.47,68473
0.47,68615
0.48,68716
0.55,68818
0.59,68912
0.61,68913
0.65,69007
0.66,69109
0.66,69160
0.66,69207
0.67,69306
0.68,69412
0.69,69514
0.70,69590
0.70,69708
0.70,69811
0.72,69894
0.72,70004
0.74,70019
0.84,70116
0.84,70218
0.87,70319
1.12,70406
1.13,70516
1.16,70618
1.26,70705
1.26,70814
1.27,70919
1.28,70964
1.28,71077
1.28,71182
1.29,71298
1.29,71408
1.29,71513
1.42,71618
1.45,71717
1.48,71811
1.49,71916
1.52,72012
1.54,72113
1.56,72202
1.57,72318
1.58,72419
6.62,72615
6.62,72617
6.62,72670
6.63,72809
6.63,72906
6.63,73008
6.63,73207
6.63,73315
6.64,73418
6.65,73499
6.66,73514
6.67,73537
6.67,73662
6.67,73813
6.68,73876
6.68,73940
6.68,74093
6.68,74218
6.72,74302
6.72,74404
6.72,74512
6.73,74603
6.73,74678
6.73,74814
6.74,74898
6.75,74916
6.75,75031
6.75,75175
6.75,75279
6.75,75407
6.76,75510
6.81,75611
6.82,75718
6.84,75814
6.86,75819
6.88,75903
6.89,76030
6.89,76218
6.93,76306
6.93,76416
6.93,76476
6.93,76618
6.97,76715
6.98,76718
7.00,76796
7.00,76906
7.02,77013
7.02,77113
7.02,77215
7.05,77216
7.06,77218
7.07,77293
7.07,77412
7.09,77515
7.11,77516
7.14,77518
7.18,77616
7.25,77714
7.26,77719
7.27,77785
7.27,77919
7.29,78007
7.30,78017
7.32,78108
7.35,78118
7.45,78219
7.47,78315
7.56,78418
7.61,78518
7.65,78548
7.65,78682
7.65,78694
7.66,78812
7.70,78918
7.73,79015
7.79,79017
7.82,79119
7.92,79218
8.01,79319
13.71,146729
