0.00,0.0
0.00,796
0.00,2467
0.00,3732
0.00,6102
0.00,7028
0.00,8696
0.00,9494
0.00,10831
0.00,12580
0.00,13679
0.00,14450
0.00,15672
0.00,17126
0.00,18665
0.00,20503
0.00,22075
0.00,23856
0.00,25683
0.00,27189
0.00,29843
0.00,31912
0.00,32681
0.00,34425
0.00,36024
0.00,38381
0.00,40642
0.00,42396
0.00,44000
0.00,45425
0.00,47410
0.00,48331
0.00,49305
0.00,50289
0.01,50484
0.01,50537
0.01,50538
0.01,50539
0.02,50760
0.02,50778
0.04,50805
0.04,50806
0.04,50814
0.05,50815
0.06,51051
0.06,51115
0.06,51116
0.07,51149
0.07,51229
0.07,51319
0.14,51334
0.16,51378
0.17,51425
0.18,51426
0.66,51432
0.66,51465
0.69,51472
0.69,51567
0.70,51624
0.71,51684
0.72,51751
0.72,51835
0.73,51836
0.73,51872
0.75,51887
0.75,51898
0.78,51937
0.79,52005
0.80,52092
0.80,52184
0.81,52283
0.84,52331
0.87,52424
0.90,52427
0.93,52457
0.95,52467
0.98,52504
1.04,52508
1.04,52554
1.04,52593
1.05,52633
1.05,52652
1.07,52653
1.07,52714
1.08,52773
1.08,52774
1.10,52775
1.12,52802
1.12,52803
1.13,52829
1.16,52906
1.17,52907
1.17,52940
1.18,53004
1.18,53044
1.22,53125
1.22,53167
1.23,53175
1.23,53225
1.24,53237
1.25,53323
1.25,53324
1.25,53417
1.27,53443
1.27,53474
1.28,53548
1.28,53662
1.31,53702
1.31,53800
1.31,53869
1.32,53903
1.32,53904
1.33,53921
1.37,53946
1.39,53963
1.40,53964
1.40,53965
1.47,53978
1.47,53979
1.48,53995
1.48,54021
1.48,54022
1.49,54043
1.49,54125
1.53,54126
1.53,54127
1.55,54164
1.56,54250
1.57,54306
1.59,54396
1.59,54460
1.60,54513
1.71,54656
1.72,54657
1.73,54663
1.78,54682
1.83,54747
1.84,54862
1.84,54863
1.89,54864
1.95,54865
1.96,54866
2.04,54912
2.07,55010
2.09,55083
2.12,55174
2.23,55208
2.25,55209
2.38,55210
2.38,55294
2.41,55299
2.46,55300
2.49,55334
2.60,55431
2.73,55435
2.76,55436
5.50,55473
5.50,55537
5.50,55538
5.52,55577
5.52,55627
5.53,55628
5.54,55629
5.57,55730
5.57,55731
5.58,55733
5.58,55734
5.58,55778
5.59,55796
5.59,55797
5.61,55804
5.61,55805
5.64,55852
5.65,55992
5.65,55993
5.66,56039
5.66,56040
5.67,56201
5.69,56202
5.87,56343
5.88,56344
5.88,56345
5.89,56438
5.90,56446
5.95,56471
5.97,56539
5.97,56608
5.99,56633
5.99,56634
6.01,56635
6.01,56636
6.02,56637
6.03,56680
6.03,56681
6.03,56743
6.03,56744
6.11,56764
6.11,56765
6.12,56812
6.13,56853
6.13,56854
6.14,56930
6.20,56968
6.24,57007
6.24,57008
6.26,57013
6.27,57014
6.33,57015
6.36,57064
6.37,57091
6.40,57164
6.43,57165
6.48,57166
6.48,57185
6.49,57228
6.50,57229
6.57,57230
6.60,57299
6.60,57300
6.88,57313
6.88,57314
9.40,90014
9.40,90028
