0.00,0.0
0.00,1713
0.00,2734
0.00,4514
0.00,7257
0.00,9771
0.00,11541
0.00,12681
0.00,14945
0.00,17050
0.00,19364
0.00,22502
0.00,24554
0.00,25591
0.00,28091
0.00,28152
0.00,29388
0.01,29504
0.03,29604
0.03,29642
0.03,29798
0.06,29902
0.06,29940
0.06,30051
0.07,30165
0.07,30281
0.07,30405
0.07,30558
0.07,30742
0.08,30905
0.08,31061
0.08,31179
0.09,31284
0.10,31397
0.12,31498
0.12,31601
0.12,31669
0.13,31801
0.13,31867
0.13,31992
0.15,32000
0.16,32077
0.16,32197
0.17,32302
0.18,32401
0.19,32451
0.19,32522
0.19,32662
0.19,32781
0.20,32884
0.20,32991
0.20,33184
0.21,33296
0.21,33335
0.21,33487
0.22,33579
0.23,33592
0.24,33596
0.24,33703
0.26,33797
0.26,33852
0.26,33866
0.26,33890
0.27,33992
0.27,33999
0.28,34103
0.29,34168
0.29,34292
0.31,34400
0.32,34458
0.32,34588
0.32,34693
0.33,34764
0.33,34899
0.34,34983
0.35,35082
0.35,35199
0.37,35269
0.37,35391
0.38,35396
0.39,35399
0.40,35481
0.40,35587
0.40,35704
0.41,35805
0.44,35904
0.47,35995
0.47,35999
0.49,36090
0.50,36201
0.51,36284
0.51,36287
0.53,36304
0.60,36305
0.63,36390
0.63,36503
0.67,36578
0.67,36655
0.67,36771
0.67,36877
0.67,36992
0.68,37102
0.69,37175
0.69,37285
0.69,37401
0.71,37405
1.60,37505
6.60,37601
6.62,37703
6.65,37781
6.65,37897
6.65,37905
6.71,37993
6.71,38100
6.73,38196
6.75,38244
6.75,38387
6.75,38420
6.75,38611
6.75,38828
6.75,38951
6.75,39096
6.81,39097
6.84,39199
6.88,39201
6.89,39305
6.90,39479
6.90,39598
6.90,39600
7.00,39673
7.02,39686
7.05,39802
7.06,39892
7.06,40083
7.07,40160
7.07,40300
7.13,40359
7.13,40468
7.14,40589
7.15,40592
7.15,40704
7.16,40797
7.18,40901
7.19,40905
7.28,40983
7.29,41097
7.31,41200
7.32,41295
7.34,41396
7.38,41484
7.38,41601
7.40,41701
7.54,41783
7.55,41900
7.59,42002
7.65,42103
7.84,42200
7.95,42301
7.98,42404
8.63,42505
13.50,72302
