0.00,0.0
0.00,1357
0.00,3283
0.00,5465
0.00,6642
0.00,8165
0.00,10122
0.00,12250
0.00,14180
0.00,15603
0.00,16835
0.00,19255
0.00,21516
0.00,24158
0.00,26462
0.00,27166
0.00,27958
0.00,30126
0.00,31592
0.00,32770
0.00,34660
0.00,36744
0.00,38775
0.00,40411
0.00,42123
0.00,44428
0.00,45999
0.00,47708
0.00,49237
0.00,51026
0.00,52468
0.00,53181
0.00,54293
0.00,56158
0.00,58082
0.00,59272
0.00,59925
0.01,60431
0.01,60453
0.01,60616
0.02,60702
0.02,60818
0.02,60888
0.02,60995
0.02,61111
0.03,61214
0.04,61315
0.06,61342
0.06,61450
0.06,61592
0.06,61697
0.06,61807
0.07,61872
0.07,62018
0.07,62101
0.07,62212
0.08,62313
0.10,62418
0.10,62519
0.12,62717
0.12,62823
0.12,62951
0.12,62987
0.13,63108
0.13,63219
0.14,63317
0.14,63486
0.14,63612
0.18,63706
0.19,63818
0.19,63889
0.20,63992
0.20,64101
0.20,64204
0.21,64313
0.21,64423
0.21,64547
0.21,64672
0.22,64808
0.23,64873
0.23,65009
0.25,65109
0.26,65193
0.26,65314
0.28,65413
0.28,65517
0.30,65610
0.31,65719
0.32,65775
0.32,65911
0.37,65918
0.39,66006
0.41,66012
0.41,66117
0.52,66118
0.53,66290
0.54,66418
0.65,66515
0.66,66652
0.66,66815
0.69,66901
0.69,67007
0.70,67115
0.71,67217
0.72,67319
0.76,67412
0.77,67517
0.77,67518
0.79,67619
0.99,67717
1.02,67766
1.02,67867
1.03,67974
1.03,68078
1.03,68183
1.03,68312
1.04,68415
1.08,68418
1.10,68463
1.10,68599
1.10,68700
1.12,68817
1.15,68819
1.19,68911
1.20,69015
1.21,69117
1.22,69216
1.25,69219
1.31,69316
1.37,69319
1.43,69413
1.48,69417
1.51,69518
1.82,69519
1.95,69619
2.01,69719
2.54,69818
2.79,69919
6.71,69961
6.72,70105
6.72,70201
6.73,70309
6.74,70415
6.78,70514
6.78,70517
6.79,70618
6.81,70707
6.81,70803
6.82,70913
6.84,71007
6.85,71016
6.86,71115
6.87,71211
6.87,71318
6.87,71384
6.88,71512
6.88,71617
6.91,71689
6.92,71695
6.93,71702
6.94,71703
6.94,71819
6.97,71913
6.98,72013
6.99,72185
6.99,72301
7.00,72429
7.00,72432
7.00,72579
7.00,72704
7.10,72713
7.12,72809
7.15,72819
7.17,72918
7.19,72954
7.20,73107
7.22,73217
7.23,73313
7.28,73319
7.32,73383
7.36,73385
7.37,73500
7.38,73593
7.38,73714
7.39,73806
7.40,73910
7.41,73916
7.43,74010
7.50,74112
7.52,74119
7.65,74212
7.69,74317
7.74,74398
7.74,74506
7.75,74611
7.75,74719
7.76,74815
7.80,74817
8.13,74918
8.28,75017
8.29,75117
8.68,75215
8.69,75219
8.77,75318
9.05,75419
9.68,75519
15.82,146734
