0.00,0.0
0.00,1960
0.00,3328
0.00,4967
0.00,5962
0.01,6067
0.01,6184
0.01,6262
0.01,6372
0.01,6475
0.01,6633
0.01,6740
0.01,6867
0.01,6983
0.01,7078
0.02,7189
0.03,7265
0.03,7290
0.04,7396
0.04,7548
0.04,7657
0.04,7788
0.05,7836
0.05,7977
0.05,7989
0.06,8175
0.07,8278
0.07,8385
0.08,8454
0.08,8484
0.09,8588
0.09,8675
0.09,8778
0.09,8885
0.10,8985
0.10,9068
0.10,9177
0.10,9186
0.11,9349
0.11,9366
0.11,9475
0.11,9477
0.11,9651
0.11,9685
0.17,9788
0.17,9790
0.18,9845
0.18,9980
0.18,10042
0.19,10173
0.24,10180
0.30,10279
0.32,10381
3.28,10388
3.33,10487
3.33,10583
3.34,10586
3.48,10663
3.49,10784
3.58,10887
6.16,14188
6.16,14224
