0.00,0.0
0.00,1681
0.00,4024
0.00,4988
0.00,5759
0.00,5973
0.00,6300
0.00,6465
0.00,6570
0.00,6687
0.01,6736
0.01,6808
0.01,6912
0.01,7142
0.01,7290
0.01,7488
0.01,7490
0.01,7520
0.02,7686
0.02,7789
0.02,7876
0.02,7980
0.02,8085
0.02,8148
0.03,8159
0.05,8171
0.05,8278
0.05,8344
0.06,8449
0.06,8558
0.06,8573
0.08,8637
0.09,8638
0.09,8667
0.09,8770
0.09,8819
0.09,8926
0.09,9090
0.09,9164
0.10,9285
0.12,9352
0.12,9383
0.13,9485
0.13,9588
0.15,9590
0.15,9661
0.15,9673
0.15,9782
0.24,9851
0.24,9853
0.24,9879
0.25,9934
0.25,9978
0.25,10081
0.26,10190
0.26,10275
0.27,10288
0.34,10390
0.38,10472
0.39,10582
0.41,10588
0.45,10688
0.51,10786
3.25,10831
3.26,10841
3.26,10976
3.27,10980
3.46,10990
3.48,11082
3.49,11176
3.49,11186
3.50,11187
3.58,11188
3.70,11272
3.70,11386
6.53,14177
