0.00,0.0
0.00,2064
0.00,3002
0.00,5204
0.00,7530
0.00,9325
0.00,11044
0.00,13410
0.00,15075
0.00,16113
0.00,17738
0.00,19776
0.00,21012
0.00,22759
0.00,24381
0.00,25679
0.00,27790
0.00,28889
0.00,31107
0.00,33175
0.00,34364
0.00,35237
0.00,36577
0.00,37409
0.00,39151
0.00,41601
0.00,42176
0.00,45135
0.00,46587
0.00,47200
0.00,48910
0.00,50574
0.01,50582
0.01,50662
0.01,50668
0.02,50669
0.02,50670
0.03,50752
0.03,50753
0.04,50782
0.04,50796
0.05,50944
0.06,51059
0.07,51099
0.08,51100
0.13,51104
0.14,51121
0.18,51212
0.18,51443
0.18,51488
0.19,51519
0.19,51559
0.20,51574
0.26,51630
0.28,51684
0.30,51763
0.30,51818
0.34,51819
0.36,51853
0.36,51854
0.38,51899
0.38,51949
0.39,51950
0.40,51953
0.40,52022
0.41,52023
0.43,52066
0.44,52067
0.44,52147
0.44,52217
0.44,52282
0.44,52283
0.44,52296
0.54,52356
0.54,52479
0.56,52527
0.56,52554
0.62,52646
0.62,52657
0.62,52658
0.65,52671
0.66,52672
0.67,52749
0.68,52750
0.68,52752
0.68,52803
0.68,52891
0.68,52892
0.69,53007
0.69,53051
0.71,53094
0.74,53104
0.80,53150
0.80,53188
0.90,53194
0.90,53287
0.91,53288
0.92,53367
0.92,53368
0.93,53485
0.93,53486
0.93,53553
0.98,53572
1.01,53596
1.02,53661
1.08,53662
1.08,53691
1.09,53692
1.10,53720
1.13,53735
1.14,53749
1.15,53813
1.17,53888
1.17,53889
1.17,53962
1.17,53965
1.17,54057
1.18,54187
1.18,54225
1.19,54249
1.19,54276
1.19,54311
1.19,54380
1.21,54402
1.21,54414
1.21,54498
1.22,54607
1.24,54613
1.26,54681
1.26,54714
1.46,54735
1.78,54804
1.79,54805
1.87,54882
1.87,54894
1.87,54895
1.88,54995
1.93,55011
1.93,55035
1.93,55036
1.97,55129
1.98,55131
1.98,55148
1.98,55235
2.01,55295
2.13,55322
2.13,55339
2.15,55384
2.15,55385
2.19,55513
2.19,55514
2.22,55590
2.26,55616
2.26,55617
2.31,55668
2.32,55709
2.32,55826
2.33,55827
2.41,55859
2.54,55887
2.54,56000
2.61,56066
2.69,56141
2.70,56161
2.72,56169
2.75,56186
2.78,56187
2.79,56188
2.80,56189
3.07,56327
3.09,56343
3.19,56344
3.23,56345
3.25,56346
3.29,56355
3.32,56394
3.37,56428
3.50,56438
3.50,56439
3.52,56440
3.55,56499
3.68,56500
3.68,56506
3.70,56507
3.92,56591
4.18,56638
4.50,56639
4.57,56727
4.57,56728
4.64,56805
5.44,56806
5.52,56822
5.72,56823
9.61,56845
9.61,56899
9.62,56929
9.65,56949
9.65,56950
9.75,56951
9.79,56961
9.84,56998
9.90,56999
9.94,57070
9.95,57164
9.95,57165
9.95,57166
9.95,57167
10.03,57227
10.04,57312
10.05,57351
10.08,57418
10.21,57493
10.22,57554
10.26,57555
10.27,57632
10.29,57699
10.73,57700
11.17,57701
14.82,90089
14.82,90090
