0.00,0.0
0.00,1719
0.00,3358
0.00,4716
0.00,6801
0.00,9222
0.00,11286
0.00,11498
0.01,11775
0.01,11928
0.01,12064
0.01,12209
0.01,12312
0.01,12379
0.01,12489
0.01,12614
0.02,12717
0.03,12881
0.03,13016
0.03,13041
0.03,13156
0.03,13270
0.03,13402
0.04,13507
0.04,13688
0.04,13806
0.05,13916
0.05,13972
0.05,14093
0.05,14219
0.07,14315
0.07,14516
0.07,14517
0.07,14614
0.08,14651
0.08,14772
0.08,14880
0.09,14987
0.09,15115
0.11,15186
0.11,15351
0.11,15402
0.11,15504
0.12,15716
0.12,15732
0.12,15867
0.12,15883
0.12,15886
0.15,15902
0.15,15905
0.15,16013
0.17,16077
0.17,16089
0.18,16155
0.18,16314
0.18,16392
0.18,16518
0.18,16619
0.19,16676
0.19,16716
0.27,16801
0.28,16812
0.28,16816
0.29,16818
0.35,16819
0.48,16915
0.50,17003
0.53,17109
0.54,17219
0.76,17316
3.78,17351
3.78,17461
3.78,17593
3.79,17710
3.87,17717
3.89,17779
3.90,17808
3.91,17876
3.91,18009
3.91,18116
3.92,18126
3.92,18168
3.92,18242
3.92,18385
3.93,18396
3.93,18504
3.98,18518
4.16,18574
4.16,18689
4.17,18818
4.42,18917
7.79,28695
