0.00,0.0
0.00,2353
0.00,4192
0.00,6197
0.00,8141
0.00,10014
0.00,11363
0.01,11667
0.01,11797
0.01,11887
0.02,12011
0.02,12119
0.05,12215
0.06,12309
0.06,12414
0.06,12591
0.06,12709
0.06,12810
0.06,12893
0.06,13006
0.06,13279
0.06,13395
0.07,13510
0.08,13511
0.10,13606
0.10,13715
0.10,13813
0.11,13852
0.11,14015
0.11,14024
0.11,14189
0.11,14299
0.12,14417
0.17,14510
0.17,14513
0.18,14618
0.19,14686
0.19,14710
0.20,14817
0.20,14847
0.20,14930
0.20,15046
0.20,15210
0.21,15318
0.21,15411
0.21,15580
0.22,15688
0.22,15790
0.22,15793
0.23,15819
0.23,15908
0.26,15918
0.27,16019
0.30,16038
0.30,16190
0.30,16304
0.32,16317
0.33,16415
0.33,16518
0.35,16608
0.36,16717
0.36,16806
0.37,16904
0.37,16916
0.46,16918
0.50,17010
0.50,17019
0.51,17104
0.51,17211
0.52,17316
0.53,17384
0.54,17407
0.55,17517
0.58,17612
0.59,17614
0.61,17717
0.62,17718
0.64,17804
0.65,17917
0.69,18010
0.72,18013
0.76,18018
0.89,18116
4.00,18214
4.03,18233
4.03,18405
4.11,18518
4.13,18525
4.13,18665
4.13,18787
4.13,18811
4.14,18814
4.16,18913
4.17,19012
4.20,19082
4.20,19084
4.20,19214
4.62,19308
4.70,19418
8.12,28710
