0.00,0.0
0.00,1309
0.00,3355
0.00,5643
0.00,7333
0.00,8076
0.01,8974
0.01,9511
0.01,9729
0.01,9753
0.01,10342
0.01,10991
0.01,11739
0.01,11934
0.02,12061
0.02,12787
0.02,12950
0.02,13101
0.02,13129
0.07,13629
0.07,13874
0.07,14828
0.07,14846
0.07,15638
0.08,15665
0.08,15891
0.08,16226
0.08,16317
0.08,16962
0.08,17641
0.08,18344
0.08,18790
0.08,19247
0.09,19631
0.09,20629
0.09,20741
0.09,20869
0.09,20912
0.09,21399
0.09,21884
0.09,22078
0.10,22199
0.10,22469
0.10,22760
0.10,23309
0.10,23715
0.10,23779
0.11,24535
0.11,25446
0.11,25797
0.12,26208
0.14,27044
0.14,27792
0.14,28074
0.14,28095
0.14,28797
0.16,28924
0.18,29047
0.20,29482
0.20,29864
0.20,30634
0.21,30663
0.21,30881
0.21,31007
0.21,31369
0.21,31564
0.21,31591
0.22,32306
0.22,32786
0.22,33227
0.23,33355
0.23,34004
0.24,34519
0.26,34606
0.27,34827
2.79,34837
2.79,35569
2.79,35871
2.79,36674
2.79,36723
2.79,37420
2.79,37702
2.93,38337
2.94,38772
2.99,39256
2.99,39475
2.99,39532
2.99,39989
2.99,40352
3.01,40654
3.01,40872
3.02,41320
3.02,41515
3.07,41743
3.10,42212
3.11,42465
3.19,42656
5.63,53247
5.63,53925
