0.00,0.0
0.00,2103
0.00,4796
0.00,4834
0.00,5512
0.00,6046
0.01,6176
0.01,6286
0.02,6432
0.02,6565
0.02,6582
0.03,6685
0.03,6788
0.03,6884
0.04,6978
0.04,6979
0.04,7011
0.04,7120
0.04,7172
0.04,7288
0.05,7371
0.05,7451
0.05,7473
0.06,7582
0.06,7604
0.06,7657
0.06,7782
0.07,7887
0.08,7980
0.09,8073
0.09,8134
0.10,8241
0.10,8290
0.12,8378
0.12,8487
0.14,8556
0.14,8570
0.14,8678
0.15,8689
0.15,8772
0.15,8875
0.15,8964
0.15,8968
0.16,8970
0.17,9061
0.19,9083
0.19,9089
0.21,9182
0.23,9279
0.23,9357
0.24,9364
0.24,9458
0.25,9473
0.25,9561
0.25,9666
0.26,9769
0.26,9780
0.28,9789
0.39,9886
0.40,9890
3.45,9976
3.69,9985
3.69,10085
3.70,10089
3.77,10186
3.82,10286
3.89,10290
7.06,14254
