0.00,0.0
0.00,1337
0.00,3161
0.00,3710
0.00,4516
0.00,6013
0.00,6524
0.00,7383
0.00,8050
0.00,8691
0.01,8823
0.01,9085
0.01,9137
0.01,9282
0.01,9730
0.01,10230
0.01,10427
0.01,10870
0.02,11095
0.02,11865
0.02,12430
0.02,13066
0.02,13436
0.02,13654
0.02,14525
0.02,14965
0.03,15073
0.03,16049
0.03,16167
0.03,17074
0.03,17723
0.03,17849
0.03,18255
0.03,19091
0.04,19362
0.04,19581
0.04,19709
0.04,19788
0.04,20710
0.09,20715
0.09,20843
0.09,21101
0.09,21349
0.09,21475
0.09,21547
0.09,22089
0.10,22212
0.10,22450
0.10,23116
0.10,23602
0.10,24491
0.11,24928
0.12,25056
0.12,25309
0.12,25640
0.12,25796
0.13,25827
0.14,26476
0.14,27160
0.14,27706
0.14,28248
0.14,28972
0.14,29860
0.14,30078
0.16,30455
0.19,31056
0.21,31157
0.31,31200
0.32,31453
0.35,31970
0.48,31972
3.41,32192
3.41,32839
3.43,32956
3.43,33203
3.44,33480
3.44,33891
3.45,34123
3.46,34885
3.46,35110
3.48,35187
3.49,35271
3.49,36014
3.49,36235
3.50,36453
3.59,36871
3.59,36999
3.60,37194
3.60,37632
6.62,53561
