0.00,0.0
0.00,981
0.00,2614
0.00,3642
0.00,4012
0.00,4455
0.01,5047
0.01,5299
0.01,6244
0.01,6346
0.01,7116
0.01,8038
0.01,8829
0.02,9577
0.02,9905
0.02,10405
0.02,10851
0.02,11563
0.02,11689
0.03,11732
0.03,12047
0.04,12073
0.04,12402
0.04,12832
0.05,13735
0.05,14425
0.05,15284
0.06,15952
0.06,16381
0.06,16946
0.06,17737
0.06,18300
0.06,18764
0.06,19709
0.06,20369
0.06,20671
0.06,20890
0.06,21779
0.06,21952
0.06,22550
0.11,22980
0.12,22996
0.13,23100
0.13,23169
0.13,23836
0.15,23938
0.15,24362
0.15,24653
0.15,25066
0.18,25575
0.18,26117
0.19,26269
0.19,26514
0.19,27233
0.19,27634
0.19,28366
0.19,29320
0.19,30242
0.21,30437
0.21,30788
0.23,31288
0.31,31348
0.35,31350
0.60,31562
3.41,32312
3.41,32365
3.42,32714
3.42,33333
3.42,34255
3.42,34354
3.42,34448
3.42,34539
3.42,35419
3.42,36140
3.42,36234
3.43,36875
3.43,37198
3.43,37328
3.43,37994
3.43,38122
3.66,38270
3.66,38396
3.67,38524
3.68,38742
3.73,39220
3.73,39225
3.80,39583
3.80,39685
3.80,40521
3.84,40548
6.74,54256
