0.00,0.0
0.00,1470
0.00,2095
0.00,3475
0.00,4140
0.00,5136
0.00,7232
0.00,9334
0.00,11026
0.00,12149
0.00,13876
0.00,16648
0.00,17416
0.00,19452
0.00,21394
0.00,22268
0.00,23825
0.00,25982
0.00,27538
0.00,29490
0.00,31074
0.00,32264
0.00,33073
0.00,34472
0.00,35138
0.00,36794
0.00,37807
0.00,38581
0.00,39774
0.00,41160
0.00,42287
0.00,43605
0.01,44087
0.01,44728
0.01,45712
0.01,46007
0.01,46775
0.01,46966
0.01,47795
0.02,48742
0.02,49431
0.02,49547
0.04,50167
0.04,50669
0.04,50955
0.04,50989
0.04,51268
0.04,51888
0.04,52613
0.04,52841
0.04,52943
0.05,53523
0.05,54038
0.05,54427
0.05,55313
0.05,56232
0.06,56570
0.06,57204
0.12,57265
0.12,57906
0.13,58102
0.13,58364
0.13,59018
0.14,59259
0.14,59843
0.14,60042
0.14,60045
0.14,60844
0.14,61321
0.14,61502
0.14,62414
0.14,63021
0.14,63307
0.15,63417
0.15,63684
0.15,63853
0.15,64502
0.15,65077
0.15,65528
0.15,65965
0.16,66603
0.16,67086
0.16,67360
0.16,67459
0.16,67966
0.16,68629
0.17,69178
0.17,69967
0.18,70383
0.18,70497
0.18,70626
0.19,71135
0.19,71368
0.20,72027
0.20,73025
0.20,73724
0.21,74407
0.21,75154
0.21,75667
0.21,76573
0.22,77214
0.23,77265
0.23,78122
0.23,78978
0.23,79062
0.23,80052
0.25,80378
0.25,80875
0.25,81396
0.25,82281
0.25,82945
0.25,83166
0.25,83619
0.25,84597
0.26,84745
0.26,84791
0.26,85121
0.26,86009
0.26,86068
0.26,86821
0.27,87791
0.28,88525
0.28,88875
0.28,89395
0.28,90271
0.30,91121
0.30,91286
0.31,91822
0.31,92534
0.33,92662
0.33,93296
0.33,94180
0.33,94848
0.35,95517
0.36,95799
0.37,96037
0.37,96545
0.37,96865
0.37,96956
0.37,97020
0.40,97476
0.40,97600
0.41,98150
0.41,98623
0.41,99147
0.41,99542
0.43,100157
0.43,100515
0.43,101336
0.43,101983
0.44,102283
0.44,102747
0.44,102876
0.44,102985
0.44,103913
0.44,104322
0.44,104826
0.44,104951
0.45,105306
0.45,105775
0.45,106542
0.45,106943
0.46,107239
0.46,108098
0.46,109061
0.48,109193
0.48,110177
0.48,110965
0.48,111251
0.49,111745
0.49,111840
0.51,112383
0.51,113103
0.51,113625
0.51,114044
0.55,114065
0.56,114778
0.56,114933
0.56,115184
0.58,115633
0.58,116313
0.58,116407
0.61,116705
0.63,117459
0.63,118302
0.63,119058
0.63,119129
0.65,119163
0.65,119430
0.67,119710
0.67,120609
0.68,121592
0.68,122362
0.71,122733
0.72,122930
0.75,123492
0.75,124047
0.75,124730
0.76,124733
0.77,125294
0.80,126060
0.84,126711
0.84,126985
0.84,127164
0.86,127451
0.89,127828
0.89,128033
0.91,128422
0.95,128960
0.97,129557
0.97,129752
1.21,129836
1.36,130485
1.42,130753
1.55,130815
1.55,131398
1.55,131718
1.57,131753
2.33,131871
2.33,131913
2.33,132320
2.33,132423
2.33,133125
2.41,133522
2.88,134173
5.06,134315
5.06,135223
5.06,135322
5.06,135619
5.06,136393
5.06,136440
5.06,137164
5.07,137401
5.07,137858
5.07,138153
5.07,138183
5.07,138366
5.09,138686
5.10,138859
5.10,139463
5.10,140358
5.12,140797
5.12,141278
5.12,142008
5.12,142220
5.12,142994
5.13,143653
5.13,143710
5.15,143957
5.15,144037
5.15,144643
5.16,144676
5.16,145365
5.17,145689
5.17,145756
5.17,145919
5.17,146296
5.17,146972
5.17,147363
5.17,147423
5.17,147497
5.17,147860
5.18,148141
5.18,148810
5.18,149328
5.18,149816
5.18,150059
5.18,150238
5.19,150444
5.19,151122
5.21,152024
5.22,152563
5.22,152687
5.22,153301
5.22,153906
5.22,154111
5.23,154363
5.23,155100
5.23,155456
5.23,155665
5.24,156620
5.24,156943
5.24,157522
5.24,158197
5.24,158975
5.24,159600
5.24,160588
5.25,161041
5.26,161352
5.27,162138
5.28,162560
5.28,163334
5.28,163852
5.29,164206
5.29,164654
5.29,165171
5.29,166082
5.31,166605
5.33,166663
5.33,166871
5.33,166944
5.33,167552
5.33,167674
5.34,168226
5.35,168464
5.35,169128
5.35,169433
5.36,169881
5.37,170341
5.40,170432
5.42,170551
5.42,171193
5.43,171588
5.46,171744
5.53,171746
5.53,172109
5.56,172541
5.57,173049
5.57,173929
5.57,174320
5.57,175025
5.58,175913
5.60,176339
5.60,177164
5.61,177382
5.67,178153
5.70,179089
5.70,179482
5.70,180187
5.70,180494
5.73,181123
5.77,181450
5.77,181728
5.77,182143
5.77,182432
5.81,183103
5.82,183833
5.86,184581
5.88,185473
5.88,185565
5.92,186009
6.05,186101
6.11,186561
6.32,186583
6.62,186881
6.88,187219
10.13,562822
