0.00,0.0
0.00,1974
0.00,3529
0.00,5030
0.00,6760
0.00,7332
0.00,8571
0.00,10078
0.00,10800
0.00,12501
0.00,14872
0.00,17689
0.00,19473
0.00,20755
0.00,22298
0.00,23613
0.00,24917
0.01,25399
0.01,25523
0.01,25581
0.02,25664
0.02,25765
0.02,25766
0.03,25794
0.03,25830
0.04,25831
0.05,25833
0.05,25859
0.06,25860
0.06,25889
0.08,25900
0.08,25975
0.09,26021
0.10,26090
0.10,26121
0.10,26215
0.11,26361
0.12,26396
0.12,26397
0.12,26419
0.16,26429
0.18,26474
0.18,26475
0.20,26508
0.22,26512
0.23,26591
0.23,26714
0.23,26715
0.25,26828
0.25,26829
0.25,26842
0.26,26910
0.26,26917
0.27,26933
0.27,26934
0.30,26948
0.31,26976
0.32,26977
0.85,27011
0.86,27026
0.86,27127
0.86,27155
0.87,27222
0.88,27342
0.88,27343
0.88,27451
0.88,27452
1.00,27542
1.01,27562
1.02,27637
1.02,27696
1.04,27768
1.04,27784
1.07,27824
1.09,27826
1.10,27827
1.11,27844
1.13,27845
1.13,27872
1.15,27925
1.20,27928
1.21,27971
1.23,27972
1.23,27973
1.25,27983
1.26,27994
1.35,28017
1.38,28035
1.42,28081
1.43,28135
1.44,28247
1.44,28248
1.60,28249
1.61,28250
1.86,28331
1.88,28332
1.88,28333
1.98,28354
2.03,28355
2.05,28361
2.54,28362
4.66,28380
5.10,28441
5.10,28489
5.27,28662
5.28,28775
5.29,28879
5.29,28880
5.31,28928
5.31,28944
5.31,28945
5.32,29075
5.32,29076
5.32,29106
5.36,29115
5.37,29141
5.37,29142
5.37,29143
5.37,29221
5.37,29259
5.39,29327
5.40,29328
5.41,29400
5.42,29421
5.42,29422
5.42,29474
5.44,29554
5.44,29555
5.46,29659
5.46,29660
5.49,29678
5.51,29760
5.52,29797
5.53,29865
5.54,29866
5.54,29867
5.55,29923
5.55,29941
5.56,29966
5.57,30050
5.59,30133
5.62,30206
5.64,30228
5.64,30319
5.65,30320
5.67,30347
5.69,30348
5.72,30437
5.74,30504
5.92,30564
5.95,30623
6.10,30696
6.11,30697
6.18,30705
6.18,30706
6.42,30751
6.43,30758
6.44,30760
6.45,30804
6.57,30805
6.73,30806
6.75,30829
6.77,30973
6.86,30974
9.09,44192
