0.00,0.0
0.00,664
0.00,1916
0.00,3387
0.00,5413
0.00,7182
0.00,8478
0.00,9776
0.00,9817
0.01,9917
0.01,9976
0.01,9993
0.06,9996
0.06,10115
0.06,10122
0.07,10256
0.07,10295
0.08,10300
0.09,10406
0.09,10446
0.10,10623
0.11,10638
0.11,10726
0.12,10847
0.12,10917
0.12,10918
0.62,10934
0.62,10935
0.63,10963
0.63,10974
0.63,11050
0.64,11061
0.64,11062
0.65,11102
0.66,11103
0.67,11119
0.68,11142
0.71,11166
0.73,11194
0.73,11206
0.74,11296
0.74,11350
0.75,11425
0.76,11479
0.82,11586
0.82,11587
0.84,11641
0.85,11642
0.92,11681
1.01,11806
1.01,11807
1.02,11808
1.02,11810
1.09,11869
1.36,11960
4.54,12017
4.54,12018
4.55,12041
4.57,12048
4.60,12067
4.61,12143
4.61,12298
4.61,12325
4.62,12365
4.63,12530
4.64,12596
4.65,12624
4.75,12632
4.80,12689
4.81,12693
4.81,12696
4.82,12736
4.82,12780
4.82,12781
4.85,12805
4.89,12819
4.89,12820
4.93,12854
5.04,12893
5.07,12971
5.17,12972
5.33,12973
5.82,12975
8.18,17953
