0.00,0.0
0.00,619
0.00,2209
0.00,3701
0.00,4986
0.00,7379
0.00,9009
0.00,11464
0.00,13892
0.00,15615
0.00,16563
0.00,17419
0.00,19198
0.00,20140
0.00,22623
0.00,23699
0.00,25046
0.00,26413
0.00,27541
0.00,29064
0.00,30381
0.01,30616
0.01,30766
0.01,30888
0.01,31004
0.03,31086
0.03,31200
0.04,31301
0.04,31405
0.05,31484
0.05,31636
0.05,31792
0.06,31893
0.07,32005
0.08,32009
0.08,32118
0.08,32270
0.08,32405
0.09,32542
0.09,32677
0.09,32722
0.10,32744
0.11,32805
0.14,32838
0.14,33029
0.14,33149
0.14,33274
0.15,33390
0.17,33399
0.17,33500
0.18,33531
0.18,33652
0.18,33733
0.18,33868
0.18,33892
0.19,33996
0.20,34097
0.20,34205
0.21,34261
0.21,34366
0.21,34373
0.21,34395
0.22,34400
0.22,34403
0.23,34665
0.23,34691
0.23,34819
0.23,34943
0.23,34990
0.23,35003
0.24,35005
0.24,35080
0.24,35195
0.25,35293
0.26,35369
0.26,35494
0.26,35574
0.26,35679
0.27,35803
0.28,35886
0.28,36005
0.31,36093
0.31,36189
0.31,36209
0.31,36375
0.32,36489
0.32,36490
0.33,36499
0.35,36603
0.35,36698
0.36,36702
0.37,36787
0.37,36892
0.37,36919
0.37,37070
0.37,37171
0.37,37201
0.39,37298
0.40,37327
0.40,37452
0.40,37566
0.40,37696
0.41,37799
0.42,37891
0.43,37892
0.43,37993
0.44,38003
0.44,38088
0.48,38205
0.50,38275
0.50,38290
0.52,38398
0.63,38402
0.87,38499
0.88,38564
0.89,38701
0.90,38797
0.93,38803
1.09,38805
1.12,38871
1.13,38993
1.13,38995
1.18,39100
1.19,39201
1.22,39303
1.24,39389
1.25,39496
1.25,39605
5.28,39645
5.28,39781
5.29,39885
5.29,40005
5.30,40099
5.30,40118
5.30,40276
5.32,40291
5.33,40379
5.33,40468
5.33,40495
5.36,40499
5.36,40534
5.36,40562
5.36,40678
5.37,40796
5.37,40897
5.37,41002
5.38,41051
5.38,41105
5.39,41185
5.39,41196
5.40,41292
5.41,41382
5.41,41500
5.45,41569
5.46,41701
5.46,41854
5.46,42105
5.52,42198
5.53,42300
5.53,42403
5.68,42433
5.69,42476
5.69,42593
5.72,42603
5.90,42691
5.90,42792
5.94,42804
5.95,42893
5.97,43000
6.02,43001
6.03,43005
10.07,72337
