0.00,0.0
0.00,1206
0.00,1970
0.00,3859
0.00,6457
0.00,7680
0.00,9974
0.00,9975
0.01,10190
0.01,10257
0.01,10337
0.01,10366
0.01,10367
0.04,10379
0.07,10490
0.07,10598
0.07,10626
0.10,10692
0.10,10774
0.10,10840
0.10,10934
0.10,11002
0.10,11019
0.11,11031
0.12,11070
0.12,11071
0.13,11134
0.18,11170
0.18,11363
0.18,11374
0.18,11433
0.19,11457
0.19,11514
0.19,11618
0.36,11645
0.37,11694
0.37,11813
0.40,11834
0.42,11891
0.45,11892
0.45,11963
0.68,11977
0.69,12043
0.69,12046
0.70,12176
0.72,12187
0.74,12292
0.81,12380
0.81,12381
0.83,12382
0.83,12399
0.92,12451
0.92,12475
1.08,12482
1.11,12511
1.16,12512
1.18,12568
1.24,12602
1.29,12618
1.38,12619
4.62,12637
4.66,12654
4.84,12677
7.32,17618
7.32,17641
7.32,17650
7.32,17816
