0.00,0.0
0.00,1818
0.00,3284
0.00,5044
0.00,7580
0.00,9909
0.00,11521
0.01,11624
0.01,11797
0.02,11915
0.02,12006
0.03,12117
0.03,12177
0.03,12309
0.04,12417
0.04,12499
0.04,12618
0.04,12619
0.05,12745
0.05,12903
0.05,13004
0.05,13114
0.06,13304
0.06,13475
0.06,13619
0.07,13715
0.07,13817
0.07,13908
0.08,13998
0.08,14105
0.08,14208
0.09,14315
0.10,14409
0.10,14773
0.10,14912
0.12,14913
0.14,14916
0.17,14967
0.17,15081
0.17,15087
0.17,15218
0.18,15377
0.18,15492
0.18,15542
0.19,15593
0.19,15717
0.19,15813
0.20,15867
0.20,15994
0.20,16114
0.21,16200
0.21,16216
0.27,16303
0.29,16411
0.30,16516
0.33,16601
0.33,16710
0.95,16711
1.03,16816
3.66,16891
3.67,16905
3.67,16911
3.68,17006
3.68,17009
3.69,17013
3.69,17014
3.71,17030
3.71,17155
3.71,17260
3.71,17387
3.71,17408
3.71,17519
3.73,17563
3.73,17605
3.74,17790
3.74,17897
3.74,18013
3.74,18094
3.75,18210
3.75,18318
3.76,18417
3.76,18424
3.76,18567
3.76,18712
3.76,18797
3.77,18916
3.88,18984
3.88,19001
4.03,19013
6.99,28713
